<?xml version="1.0" encoding="UTF-8"?>
<testsuites name="Login Scenarios" time="162.22" tests="5" failures="3" errors="0">
   <testsuite name="Login Scenarios" tests="5" failures="3" errors="0" time="162.22" skipped="0" timestamp="13-08-2024T01:03:30" hostname="krupa - Krupal_Chavda.bbrouter" id="Test Suites/Login Scenarios">
      <properties>
         <property name="deviceName" value=""/>
         <property name="devicePlatform"/>
         <property name="logFolder" value="K:\\Krupal_QA\\Katalon\\Projects\\Git Katalon Projects\\KatalonProject01\\Reports\\20240813_010321\\Login Scenarios\\20240813_010322"/>
         <property name="logFiles" value="K:\\Krupal_QA\\Katalon\\Projects\\Git Katalon Projects\\KatalonProject01\\Reports\\20240813_010321\\Login Scenarios\\20240813_010322\\execution0.log"/>
         <property name="attachments" value=""/>
         <property name="hostName" value="krupa - Krupal_Chavda.bbrouter"/>
         <property name="os" value="Windows 11 64bit"/>
         <property name="katalonVersion" value="9.5.0.217"/>
         <property name="browser" value="Chrome 127.0.0.0"/>
         <property name="hostAddress" value="192.168.1.7"/>
         <property name="sessionId" value="2106851be2275be32f33fdd761de9ce1"/>
         <property name="seleniumVersion" value="3.141.59"/>
         <property name="proxyInformation" value="ProxyInformation { proxyOption=NO_PROXY, proxyServerType=HTTP, username=, password=********, proxyServerAddress=, proxyServerPort=0, executionList=&quot;&quot;, isApplyToDesiredCapabilities=true }"/>
         <property name="platform" value="Windows 11"/>
      </properties>
      <testcase name="Test Cases/Login/L001_Register User" time="61.513" classname="Test Cases/Login/L001_Register User" status="PASSED">
         <system-out><![CDATA[13-08-2024T01:03:30 - [TEST_CASE][PASSED] - Test Cases/Login/L001_Register User: Test Cases/Login/L001_Register User

13-08-2024T01:03:30 - [TEST_STEP][PASSED] - file = new java.io.FileInputStream(new java.io.File((java.lang.System.getProperty(user.dir) + \Data Files\dataFile.xlsx))): null

13-08-2024T01:03:30 - [TEST_STEP][PASSED] - workbook = new org.apache.poi.xssf.usermodel.XSSFWorkbook(file): null

13-08-2024T01:03:31 - [TEST_STEP][PASSED] - sheet = workbook.getSheetAt(0): null

13-08-2024T01:03:31 - [TEST_STEP][PASSED] - openBrowser(""): Browser is opened with url: ''

13-08-2024T01:03:31 - [MESSAGE][INFO] - Opening browser

13-08-2024T01:03:31 - [MESSAGE][INFO] - Starting 'Chrome' driver

13-08-2024T01:03:31 - [MESSAGE][INFO] - Action delay is set to 0 milliseconds

13-08-2024T01:03:33 - [MESSAGE][PASSED] - Browser is opened with url: ''

13-08-2024T01:03:33 - [TEST_STEP][PASSED] - navigateToUrl("http://automationexercise.com/"): Navigate to 'http://automationexercise.com/' successfully

13-08-2024T01:03:33 - [MESSAGE][INFO] - Checking url

13-08-2024T01:03:33 - [MESSAGE][INFO] - Navigating to 'http://automationexercise.com/'

13-08-2024T01:03:37 - [MESSAGE][PASSED] - Navigate to 'http://automationexercise.com/' successfully

13-08-2024T01:03:37 - [TEST_STEP][PASSED] - waitForElementVisible(findTestObject("Object Repository/Login/Menu_Home"), Long_Timeout): Object 'Object Repository/Login/Menu_Home' is visible

13-08-2024T01:03:37 - [MESSAGE][INFO] - Finding Test Object 'Object Repository/Login/Menu_Home'

13-08-2024T01:03:37 - [MESSAGE][INFO] - Checking object

13-08-2024T01:03:37 - [MESSAGE][INFO] - Checking timeout

13-08-2024T01:03:37 - [MESSAGE][INFO] - Finding web element from Test Object's properties

13-08-2024T01:03:37 - [MESSAGE][INFO] - Checking timeout

13-08-2024T01:03:37 - [MESSAGE][INFO] - Finding web element with id: 'Object Repository/Login/Menu_Home' located by 'By.xpath: //a[@href="/" and contains(.,'Home')]' in '60' second(s)

13-08-2024T01:03:37 - [MESSAGE][INFO] - Smart Wait Function is triggered

13-08-2024T01:03:38 - [MESSAGE][INFO] - Found 1 web elements with id: 'Object Repository/Login/Menu_Home' located by 'By.xpath: //a[@href="/" and contains(.,'Home')]' in '60' second(s)

13-08-2024T01:03:38 - [MESSAGE][PASSED] - Object 'Object Repository/Login/Menu_Home' is visible

13-08-2024T01:03:38 - [TEST_STEP][PASSED] - verifyElementAttributeValue(findTestObject("Object Repository/Login/Menu_Home"), "style", "color: orange;", Short_Timeout): Object 'Object Repository/Login/Menu_Home' has attribute 'style' with value 'color: orange;'

13-08-2024T01:03:38 - [MESSAGE][INFO] - Finding Test Object 'Object Repository/Login/Menu_Home'

13-08-2024T01:03:38 - [MESSAGE][INFO] - Checking object

13-08-2024T01:03:38 - [MESSAGE][INFO] - Checking attribute name

13-08-2024T01:03:38 - [MESSAGE][INFO] - Checking timeout

13-08-2024T01:03:38 - [MESSAGE][INFO] - Finding web element from Test Object's properties

13-08-2024T01:03:38 - [MESSAGE][INFO] - Checking timeout

13-08-2024T01:03:38 - [MESSAGE][INFO] - Finding web element with id: 'Object Repository/Login/Menu_Home' located by 'By.xpath: //a[@href="/" and contains(.,'Home')]' in '30' second(s)

13-08-2024T01:03:38 - [MESSAGE][INFO] - Smart Wait Function is triggered

13-08-2024T01:03:39 - [MESSAGE][INFO] - Found 1 web elements with id: 'Object Repository/Login/Menu_Home' located by 'By.xpath: //a[@href="/" and contains(.,'Home')]' in '30' second(s)

13-08-2024T01:03:39 - [MESSAGE][PASSED] - Object 'Object Repository/Login/Menu_Home' has attribute 'style' with value 'color: orange;'

13-08-2024T01:03:39 - [TEST_STEP][PASSED] - verifyElementVisible(findTestObject("Object Repository/Login/img_Home"), OPTIONAL): Object 'Object Repository/Login/img_Home' is visible

13-08-2024T01:03:39 - [MESSAGE][INFO] - Finding Test Object 'Object Repository/Login/img_Home'

13-08-2024T01:03:39 - [MESSAGE][INFO] - Checking object

13-08-2024T01:03:39 - [MESSAGE][INFO] - Finding web element from Test Object's properties

13-08-2024T01:03:39 - [MESSAGE][INFO] - Checking timeout

13-08-2024T01:03:39 - [MESSAGE][INFO] - Finding web element with id: 'Object Repository/Login/img_Home' located by 'By.xpath: //a[@href="/" ]//img' in '30' second(s)

13-08-2024T01:03:39 - [MESSAGE][INFO] - Smart Wait Function is triggered

13-08-2024T01:03:39 - [MESSAGE][INFO] - Found 1 web elements with id: 'Object Repository/Login/img_Home' located by 'By.xpath: //a[@href="/" ]//img' in '30' second(s)

13-08-2024T01:03:39 - [MESSAGE][PASSED] - Object 'Object Repository/Login/img_Home' is visible

13-08-2024T01:03:39 - [TEST_STEP][PASSED] - click(findTestObject("Object Repository/Login/btn_Signup-Login")): Object: 'Object Repository/Login/btn_Signup-Login' is clicked on

13-08-2024T01:03:39 - [MESSAGE][INFO] - Finding Test Object 'Object Repository/Login/btn_Signup-Login'

13-08-2024T01:03:39 - [MESSAGE][INFO] - Checking object

13-08-2024T01:03:39 - [MESSAGE][INFO] - Checking timeout

13-08-2024T01:03:39 - [MESSAGE][INFO] - Finding web element from Test Object's properties

13-08-2024T01:03:39 - [MESSAGE][INFO] - Checking timeout

13-08-2024T01:03:39 - [MESSAGE][INFO] - Finding web element with id: 'Object Repository/Login/btn_Signup-Login' located by 'By.xpath: //a[@href="/login" and contains(.,'Signup / Login')]' in '30' second(s)

13-08-2024T01:03:39 - [MESSAGE][INFO] - Smart Wait Function is triggered

13-08-2024T01:03:39 - [MESSAGE][INFO] - Found 1 web elements with id: 'Object Repository/Login/btn_Signup-Login' located by 'By.xpath: //a[@href="/login" and contains(.,'Signup / Login')]' in '30' second(s)

13-08-2024T01:03:39 - [MESSAGE][INFO] - Clicking on object: 'Object Repository/Login/btn_Signup-Login'

13-08-2024T01:03:43 - [MESSAGE][PASSED] - Object: 'Object Repository/Login/btn_Signup-Login' is clicked on

13-08-2024T01:03:43 - [TEST_STEP][PASSED] - verifyElementText(findTestObject("Object Repository/Login/Verify_NewUserSignup"), "New User Signup!"): Actual text and expected text of test object 'Object Repository/Login/Verify_NewUserSignup' are matched.

13-08-2024T01:03:43 - [MESSAGE][INFO] - Finding Test Object 'Object Repository/Login/Verify_NewUserSignup'

13-08-2024T01:03:43 - [MESSAGE][INFO] - Checking object

13-08-2024T01:03:43 - [MESSAGE][INFO] - Finding web element from Test Object's properties

13-08-2024T01:03:43 - [MESSAGE][INFO] - Checking timeout

13-08-2024T01:03:43 - [MESSAGE][INFO] - Finding web element with id: 'Object Repository/Login/Verify_NewUserSignup' located by 'By.xpath: //h2[text()='New User Signup!']' in '30' second(s)

13-08-2024T01:03:43 - [MESSAGE][INFO] - Smart Wait Function is triggered

13-08-2024T01:03:43 - [MESSAGE][INFO] - Found 1 web elements with id: 'Object Repository/Login/Verify_NewUserSignup' located by 'By.xpath: //h2[text()='New User Signup!']' in '30' second(s)

13-08-2024T01:03:43 - [MESSAGE][PASSED] - Actual text and expected text of test object 'Object Repository/Login/Verify_NewUserSignup' are matched.

13-08-2024T01:03:44 - [TEST_STEP][PASSED] - setText(findTestObject("Object Repository/Login/txt_Name"), "KBC Automation"): Text 'KBC Automation' is set on object 'Object Repository/Login/txt_Name'

13-08-2024T01:03:44 - [MESSAGE][INFO] - Finding Test Object 'Object Repository/Login/txt_Name'

13-08-2024T01:03:44 - [MESSAGE][INFO] - Checking object

13-08-2024T01:03:44 - [MESSAGE][INFO] - Checking text

13-08-2024T01:03:44 - [MESSAGE][INFO] - Finding web element from Test Object's properties

13-08-2024T01:03:44 - [MESSAGE][INFO] - Checking timeout

13-08-2024T01:03:44 - [MESSAGE][INFO] - Finding web element with id: 'Object Repository/Login/txt_Name' located by 'By.xpath: //input[@name='name']' in '30' second(s)

13-08-2024T01:03:44 - [MESSAGE][INFO] - Smart Wait Function is triggered

13-08-2024T01:03:44 - [MESSAGE][INFO] - Found 1 web elements with id: 'Object Repository/Login/txt_Name' located by 'By.xpath: //input[@name='name']' in '30' second(s)

13-08-2024T01:03:44 - [MESSAGE][INFO] - Clearing text of object 'Object Repository/Login/txt_Name'

13-08-2024T01:03:44 - [MESSAGE][INFO] - Finding web element from Test Object's properties

13-08-2024T01:03:44 - [MESSAGE][INFO] - Checking timeout

13-08-2024T01:03:44 - [MESSAGE][INFO] - Finding web element with id: 'Object Repository/Login/txt_Name' located by 'By.xpath: //input[@name='name']' in '30' second(s)

13-08-2024T01:03:44 - [MESSAGE][INFO] - Smart Wait Function is triggered

13-08-2024T01:03:44 - [MESSAGE][INFO] - Found 1 web elements with id: 'Object Repository/Login/txt_Name' located by 'By.xpath: //input[@name='name']' in '30' second(s)

13-08-2024T01:03:44 - [MESSAGE][INFO] - Setting text of object 'Object Repository/Login/txt_Name' to value 'KBC Automation'

13-08-2024T01:03:44 - [MESSAGE][PASSED] - Text 'KBC Automation' is set on object 'Object Repository/Login/txt_Name'

13-08-2024T01:03:44 - [TEST_STEP][PASSED] - random = Math.random() * 1000: null

13-08-2024T01:03:44 - [TEST_STEP][PASSED] - myDateObj = LocalDateTime.now(): null

13-08-2024T01:03:44 - [TEST_STEP][PASSED] - out.println("Before formatting: " + myDateObj): null

13-08-2024T01:03:44 - [TEST_STEP][PASSED] - myFormatObj = DateTimeFormatter.ofPattern("ddMMyyyy"): null

13-08-2024T01:03:44 - [TEST_STEP][PASSED] - formattedDate = myDateObj.format(myFormatObj): null

13-08-2024T01:03:44 - [TEST_STEP][PASSED] - setText(findTestObject("Object Repository/Login/txt_Email"), "Test" + formattedDate + "@" + random + ".com"): Text 'Test13082024@763.com' is set on object 'Object Repository/Login/txt_Email'

13-08-2024T01:03:44 - [MESSAGE][INFO] - Finding Test Object 'Object Repository/Login/txt_Email'

13-08-2024T01:03:44 - [MESSAGE][INFO] - Checking object

13-08-2024T01:03:44 - [MESSAGE][INFO] - Checking text

13-08-2024T01:03:44 - [MESSAGE][INFO] - Finding web element from Test Object's properties

13-08-2024T01:03:44 - [MESSAGE][INFO] - Checking timeout

13-08-2024T01:03:44 - [MESSAGE][INFO] - Finding web element with id: 'Object Repository/Login/txt_Email' located by 'By.xpath: //input[@name='email' and @data-qa='signup-email']' in '30' second(s)

13-08-2024T01:03:44 - [MESSAGE][INFO] - Smart Wait Function is triggered

13-08-2024T01:03:45 - [MESSAGE][INFO] - Found 1 web elements with id: 'Object Repository/Login/txt_Email' located by 'By.xpath: //input[@name='email' and @data-qa='signup-email']' in '30' second(s)

13-08-2024T01:03:45 - [MESSAGE][INFO] - Clearing text of object 'Object Repository/Login/txt_Email'

13-08-2024T01:03:45 - [MESSAGE][INFO] - Finding web element from Test Object's properties

13-08-2024T01:03:45 - [MESSAGE][INFO] - Checking timeout

13-08-2024T01:03:45 - [MESSAGE][INFO] - Finding web element with id: 'Object Repository/Login/txt_Email' located by 'By.xpath: //input[@name='email' and @data-qa='signup-email']' in '30' second(s)

13-08-2024T01:03:45 - [MESSAGE][INFO] - Smart Wait Function is triggered

13-08-2024T01:03:45 - [MESSAGE][INFO] - Found 1 web elements with id: 'Object Repository/Login/txt_Email' located by 'By.xpath: //input[@name='email' and @data-qa='signup-email']' in '30' second(s)

13-08-2024T01:03:45 - [MESSAGE][INFO] - Setting text of object 'Object Repository/Login/txt_Email' to value 'Test13082024@763.com'

13-08-2024T01:03:45 - [MESSAGE][PASSED] - Text 'Test13082024@763.com' is set on object 'Object Repository/Login/txt_Email'

13-08-2024T01:03:45 - [TEST_STEP][PASSED] - createCell(0).setCellValue("Test" + formattedDate + "@" + random + ".com"): null

13-08-2024T01:03:45 - [TEST_STEP][PASSED] - click(findTestObject("Object Repository/Login/btn_SignUp")): Object: 'Object Repository/Login/btn_SignUp' is clicked on

13-08-2024T01:03:45 - [MESSAGE][INFO] - Finding Test Object 'Object Repository/Login/btn_SignUp'

13-08-2024T01:03:45 - [MESSAGE][INFO] - Checking object

13-08-2024T01:03:45 - [MESSAGE][INFO] - Checking timeout

13-08-2024T01:03:45 - [MESSAGE][INFO] - Finding web element from Test Object's properties

13-08-2024T01:03:45 - [MESSAGE][INFO] - Checking timeout

13-08-2024T01:03:45 - [MESSAGE][INFO] - Finding web element with id: 'Object Repository/Login/btn_SignUp' located by 'By.xpath: //button[@data-qa='signup-button']' in '30' second(s)

13-08-2024T01:03:45 - [MESSAGE][INFO] - Smart Wait Function is triggered

13-08-2024T01:03:46 - [MESSAGE][INFO] - Found 1 web elements with id: 'Object Repository/Login/btn_SignUp' located by 'By.xpath: //button[@data-qa='signup-button']' in '30' second(s)

13-08-2024T01:03:46 - [MESSAGE][INFO] - Clicking on object: 'Object Repository/Login/btn_SignUp'

13-08-2024T01:03:48 - [MESSAGE][PASSED] - Object: 'Object Repository/Login/btn_SignUp' is clicked on

13-08-2024T01:03:48 - [TEST_STEP][PASSED] - verifyElementAttributeValue(findTestObject("Object Repository/Login/txt_Name"), "value", "KBC Automation", Short_Timeout): Object 'Object Repository/Login/txt_Name' has attribute 'value' with value 'KBC Automation'

13-08-2024T01:03:48 - [MESSAGE][INFO] - Finding Test Object 'Object Repository/Login/txt_Name'

13-08-2024T01:03:48 - [MESSAGE][INFO] - Checking object

13-08-2024T01:03:48 - [MESSAGE][INFO] - Checking attribute name

13-08-2024T01:03:48 - [MESSAGE][INFO] - Checking timeout

13-08-2024T01:03:48 - [MESSAGE][INFO] - Finding web element from Test Object's properties

13-08-2024T01:03:48 - [MESSAGE][INFO] - Checking timeout

13-08-2024T01:03:48 - [MESSAGE][INFO] - Finding web element with id: 'Object Repository/Login/txt_Name' located by 'By.xpath: //input[@name='name']' in '30' second(s)

13-08-2024T01:03:48 - [MESSAGE][INFO] - Smart Wait Function is triggered

13-08-2024T01:03:49 - [MESSAGE][INFO] - Found 1 web elements with id: 'Object Repository/Login/txt_Name' located by 'By.xpath: //input[@name='name']' in '30' second(s)

13-08-2024T01:03:49 - [MESSAGE][PASSED] - Object 'Object Repository/Login/txt_Name' has attribute 'value' with value 'KBC Automation'

13-08-2024T01:03:49 - [TEST_STEP][PASSED] - verifyElementAttributeValue(findTestObject("Object Repository/Account Info/verify_Email"), "value", "Test" + formattedDate + "@" + random + ".com", Short_Timeout): Object 'Object Repository/Account Info/verify_Email' has attribute 'value' with value 'Test13082024@763.com'

13-08-2024T01:03:49 - [MESSAGE][INFO] - Finding Test Object 'Object Repository/Account Info/verify_Email'

13-08-2024T01:03:49 - [MESSAGE][INFO] - Checking object

13-08-2024T01:03:49 - [MESSAGE][INFO] - Checking attribute name

13-08-2024T01:03:49 - [MESSAGE][INFO] - Checking timeout

13-08-2024T01:03:49 - [MESSAGE][INFO] - Finding web element from Test Object's properties

13-08-2024T01:03:49 - [MESSAGE][INFO] - Checking timeout

13-08-2024T01:03:49 - [MESSAGE][INFO] - Finding web element with id: 'Object Repository/Account Info/verify_Email' located by 'By.xpath: //input[@name='email']' in '30' second(s)

13-08-2024T01:03:49 - [MESSAGE][INFO] - Smart Wait Function is triggered

13-08-2024T01:03:49 - [MESSAGE][INFO] - Found 1 web elements with id: 'Object Repository/Account Info/verify_Email' located by 'By.xpath: //input[@name='email']' in '30' second(s)

13-08-2024T01:03:49 - [MESSAGE][PASSED] - Object 'Object Repository/Account Info/verify_Email' has attribute 'value' with value 'Test13082024@763.com'

13-08-2024T01:03:49 - [TEST_STEP][PASSED] - check(findTestObject("Object Repository/Account Info/radiobtn_Title")): Object 'Object Repository/Account Info/radiobtn_Title' is checked

13-08-2024T01:03:49 - [MESSAGE][INFO] - Finding Test Object 'Object Repository/Account Info/radiobtn_Title'

13-08-2024T01:03:49 - [MESSAGE][INFO] - Checking object

13-08-2024T01:03:49 - [MESSAGE][INFO] - Finding web element from Test Object's properties

13-08-2024T01:03:49 - [MESSAGE][INFO] - Checking timeout

13-08-2024T01:03:49 - [MESSAGE][INFO] - Finding web element with id: 'Object Repository/Account Info/radiobtn_Title' located by 'By.xpath: //input[@id='id_gender1']' in '30' second(s)

13-08-2024T01:03:49 - [MESSAGE][INFO] - Smart Wait Function is triggered

13-08-2024T01:03:50 - [MESSAGE][INFO] - Found 1 web elements with id: 'Object Repository/Account Info/radiobtn_Title' located by 'By.xpath: //input[@id='id_gender1']' in '30' second(s)

13-08-2024T01:03:50 - [MESSAGE][INFO] - Checking on bject 'Object Repository/Account Info/radiobtn_Title'

13-08-2024T01:03:50 - [MESSAGE][PASSED] - Object 'Object Repository/Account Info/radiobtn_Title' is checked

13-08-2024T01:03:50 - [TEST_STEP][PASSED] - setText(findTestObject("Object Repository/Account Info/txt_Password"), "Test" + formattedDate + "@" + random): Text 'Test13082024@763' is set on object 'Object Repository/Account Info/txt_Password'

13-08-2024T01:03:50 - [MESSAGE][INFO] - Finding Test Object 'Object Repository/Account Info/txt_Password'

13-08-2024T01:03:50 - [MESSAGE][INFO] - Checking object

13-08-2024T01:03:50 - [MESSAGE][INFO] - Checking text

13-08-2024T01:03:50 - [MESSAGE][INFO] - Finding web element from Test Object's properties

13-08-2024T01:03:50 - [MESSAGE][INFO] - Checking timeout

13-08-2024T01:03:50 - [MESSAGE][INFO] - Finding web element with id: 'Object Repository/Account Info/txt_Password' located by 'By.xpath: //input[@name="password"]' in '30' second(s)

13-08-2024T01:03:50 - [MESSAGE][INFO] - Smart Wait Function is triggered

13-08-2024T01:03:50 - [MESSAGE][INFO] - Found 1 web elements with id: 'Object Repository/Account Info/txt_Password' located by 'By.xpath: //input[@name="password"]' in '30' second(s)

13-08-2024T01:03:50 - [MESSAGE][INFO] - Clearing text of object 'Object Repository/Account Info/txt_Password'

13-08-2024T01:03:50 - [MESSAGE][INFO] - Finding web element from Test Object's properties

13-08-2024T01:03:50 - [MESSAGE][INFO] - Checking timeout

13-08-2024T01:03:50 - [MESSAGE][INFO] - Finding web element with id: 'Object Repository/Account Info/txt_Password' located by 'By.xpath: //input[@name="password"]' in '30' second(s)

13-08-2024T01:03:50 - [MESSAGE][INFO] - Smart Wait Function is triggered

13-08-2024T01:03:50 - [MESSAGE][INFO] - Found 1 web elements with id: 'Object Repository/Account Info/txt_Password' located by 'By.xpath: //input[@name="password"]' in '30' second(s)

13-08-2024T01:03:50 - [MESSAGE][INFO] - Setting text of object 'Object Repository/Account Info/txt_Password' to value 'Test13082024@763'

13-08-2024T01:03:51 - [MESSAGE][PASSED] - Text 'Test13082024@763' is set on object 'Object Repository/Account Info/txt_Password'

13-08-2024T01:03:51 - [TEST_STEP][PASSED] - createCell(1).setCellValue("Test" + formattedDate + "@" + random): null

13-08-2024T01:03:51 - [TEST_STEP][PASSED] - selectOptionByValue(findTestObject("Object Repository/Account Info/drp_days"), "21", false): All options with value '21' are selected in object 'Object Repository/Account Info/drp_days' 

13-08-2024T01:03:51 - [MESSAGE][INFO] - Finding Test Object 'Object Repository/Account Info/drp_days'

13-08-2024T01:03:51 - [MESSAGE][INFO] - Checking object

13-08-2024T01:03:51 - [MESSAGE][INFO] - Checking value parameter

13-08-2024T01:03:51 - [MESSAGE][INFO] - Finding web element from Test Object's properties

13-08-2024T01:03:51 - [MESSAGE][INFO] - Checking timeout

13-08-2024T01:03:51 - [MESSAGE][INFO] - Finding web element with id: 'Object Repository/Account Info/drp_days' located by 'By.xpath: //select[@name="days"]' in '30' second(s)

13-08-2024T01:03:51 - [MESSAGE][INFO] - Smart Wait Function is triggered

13-08-2024T01:03:51 - [MESSAGE][INFO] - Found 1 web elements with id: 'Object Repository/Account Info/drp_days' located by 'By.xpath: //select[@name="days"]' in '30' second(s)

13-08-2024T01:03:51 - [MESSAGE][INFO] - Selecting options on object 'Object Repository/Account Info/drp_days' with value '21'

13-08-2024T01:03:51 - [MESSAGE][INFO] - Smart Wait Function is triggered

13-08-2024T01:03:51 - [MESSAGE][PASSED] - All options with value '21' are selected in object 'Object Repository/Account Info/drp_days' 

13-08-2024T01:03:51 - [TEST_STEP][PASSED] - waitForElementVisible(findTestObject("Object Repository/Account Info/drp_Month"), Short_Timeout): Object 'Object Repository/Account Info/drp_Month' is visible

13-08-2024T01:03:51 - [MESSAGE][INFO] - Finding Test Object 'Object Repository/Account Info/drp_Month'

13-08-2024T01:03:51 - [MESSAGE][INFO] - Checking object

13-08-2024T01:03:51 - [MESSAGE][INFO] - Checking timeout

13-08-2024T01:03:51 - [MESSAGE][INFO] - Finding web element from Test Object's properties

13-08-2024T01:03:51 - [MESSAGE][INFO] - Checking timeout

13-08-2024T01:03:51 - [MESSAGE][INFO] - Finding web element with id: 'Object Repository/Account Info/drp_Month' located by 'By.xpath: //select[@name="months"]' in '30' second(s)

13-08-2024T01:03:51 - [MESSAGE][INFO] - Smart Wait Function is triggered

13-08-2024T01:03:52 - [MESSAGE][INFO] - Found 1 web elements with id: 'Object Repository/Account Info/drp_Month' located by 'By.xpath: //select[@name="months"]' in '30' second(s)

13-08-2024T01:03:52 - [MESSAGE][PASSED] - Object 'Object Repository/Account Info/drp_Month' is visible

13-08-2024T01:03:52 - [TEST_STEP][PASSED] - selectOptionByValue(findTestObject("Object Repository/Account Info/drp_Month"), "3", false): All options with value '3' are selected in object 'Object Repository/Account Info/drp_Month' 

13-08-2024T01:03:52 - [MESSAGE][INFO] - Finding Test Object 'Object Repository/Account Info/drp_Month'

13-08-2024T01:03:52 - [MESSAGE][INFO] - Checking object

13-08-2024T01:03:52 - [MESSAGE][INFO] - Checking value parameter

13-08-2024T01:03:52 - [MESSAGE][INFO] - Finding web element from Test Object's properties

13-08-2024T01:03:52 - [MESSAGE][INFO] - Checking timeout

13-08-2024T01:03:52 - [MESSAGE][INFO] - Finding web element with id: 'Object Repository/Account Info/drp_Month' located by 'By.xpath: //select[@name="months"]' in '30' second(s)

13-08-2024T01:03:52 - [MESSAGE][INFO] - Smart Wait Function is triggered

13-08-2024T01:03:52 - [MESSAGE][INFO] - Found 1 web elements with id: 'Object Repository/Account Info/drp_Month' located by 'By.xpath: //select[@name="months"]' in '30' second(s)

13-08-2024T01:03:52 - [MESSAGE][INFO] - Selecting options on object 'Object Repository/Account Info/drp_Month' with value '3'

13-08-2024T01:03:52 - [MESSAGE][INFO] - Smart Wait Function is triggered

13-08-2024T01:03:52 - [MESSAGE][PASSED] - All options with value '3' are selected in object 'Object Repository/Account Info/drp_Month' 

13-08-2024T01:03:52 - [TEST_STEP][PASSED] - selectOptionByValue(findTestObject("Object Repository/Account Info/drp_Year"), "2002", false): All options with value '2002' are selected in object 'Object Repository/Account Info/drp_Year' 

13-08-2024T01:03:52 - [MESSAGE][INFO] - Finding Test Object 'Object Repository/Account Info/drp_Year'

13-08-2024T01:03:52 - [MESSAGE][INFO] - Checking object

13-08-2024T01:03:52 - [MESSAGE][INFO] - Checking value parameter

13-08-2024T01:03:52 - [MESSAGE][INFO] - Finding web element from Test Object's properties

13-08-2024T01:03:52 - [MESSAGE][INFO] - Checking timeout

13-08-2024T01:03:52 - [MESSAGE][INFO] - Finding web element with id: 'Object Repository/Account Info/drp_Year' located by 'By.xpath: //select[@name="years"]' in '30' second(s)

13-08-2024T01:03:52 - [MESSAGE][INFO] - Smart Wait Function is triggered

13-08-2024T01:03:53 - [MESSAGE][INFO] - Found 1 web elements with id: 'Object Repository/Account Info/drp_Year' located by 'By.xpath: //select[@name="years"]' in '30' second(s)

13-08-2024T01:03:53 - [MESSAGE][INFO] - Selecting options on object 'Object Repository/Account Info/drp_Year' with value '2002'

13-08-2024T01:03:53 - [MESSAGE][INFO] - Smart Wait Function is triggered

13-08-2024T01:03:53 - [MESSAGE][PASSED] - All options with value '2002' are selected in object 'Object Repository/Account Info/drp_Year' 

13-08-2024T01:03:53 - [TEST_STEP][PASSED] - scrollToElement(findTestObject("Object Repository/Account Info/checkbox_signUpNews"), Short_Timeout): Scroll to object 'Object Repository/Account Info/checkbox_signUpNews' successfully

13-08-2024T01:03:53 - [MESSAGE][INFO] - Finding Test Object 'Object Repository/Account Info/checkbox_signUpNews'

13-08-2024T01:03:53 - [MESSAGE][INFO] - Checking object

13-08-2024T01:03:53 - [MESSAGE][INFO] - Checking timeout

13-08-2024T01:03:53 - [MESSAGE][INFO] - Finding web element from Test Object's properties

13-08-2024T01:03:53 - [MESSAGE][INFO] - Checking timeout

13-08-2024T01:03:53 - [MESSAGE][INFO] - Finding web element with id: 'Object Repository/Account Info/checkbox_signUpNews' located by 'By.xpath: //label[@for="newsletter"]' in '30' second(s)

13-08-2024T01:03:53 - [MESSAGE][INFO] - Smart Wait Function is triggered

13-08-2024T01:03:53 - [MESSAGE][INFO] - Found 1 web elements with id: 'Object Repository/Account Info/checkbox_signUpNews' located by 'By.xpath: //label[@for="newsletter"]' in '30' second(s)

13-08-2024T01:03:53 - [MESSAGE][INFO] - Scrolling to object 'Object Repository/Account Info/checkbox_signUpNews'

13-08-2024T01:03:53 - [MESSAGE][PASSED] - Scroll to object 'Object Repository/Account Info/checkbox_signUpNews' successfully

13-08-2024T01:03:53 - [TEST_STEP][PASSED] - click(findTestObject("Object Repository/Account Info/checkbox_signUpNews")): Object: 'Object Repository/Account Info/checkbox_signUpNews' is clicked on

13-08-2024T01:03:53 - [MESSAGE][INFO] - Finding Test Object 'Object Repository/Account Info/checkbox_signUpNews'

13-08-2024T01:03:53 - [MESSAGE][INFO] - Checking object

13-08-2024T01:03:53 - [MESSAGE][INFO] - Checking timeout

13-08-2024T01:03:53 - [MESSAGE][INFO] - Finding web element from Test Object's properties

13-08-2024T01:03:53 - [MESSAGE][INFO] - Checking timeout

13-08-2024T01:03:53 - [MESSAGE][INFO] - Finding web element with id: 'Object Repository/Account Info/checkbox_signUpNews' located by 'By.xpath: //label[@for="newsletter"]' in '30' second(s)

13-08-2024T01:03:53 - [MESSAGE][INFO] - Smart Wait Function is triggered

13-08-2024T01:03:54 - [MESSAGE][INFO] - Found 1 web elements with id: 'Object Repository/Account Info/checkbox_signUpNews' located by 'By.xpath: //label[@for="newsletter"]' in '30' second(s)

13-08-2024T01:03:54 - [MESSAGE][INFO] - Clicking on object: 'Object Repository/Account Info/checkbox_signUpNews'

13-08-2024T01:03:54 - [MESSAGE][PASSED] - Object: 'Object Repository/Account Info/checkbox_signUpNews' is clicked on

13-08-2024T01:03:54 - [TEST_STEP][PASSED] - click(findTestObject("Object Repository/Account Info/checkbox_option")): Object: 'Object Repository/Account Info/checkbox_option' is clicked on

13-08-2024T01:03:54 - [MESSAGE][INFO] - Finding Test Object 'Object Repository/Account Info/checkbox_option'

13-08-2024T01:03:54 - [MESSAGE][INFO] - Checking object

13-08-2024T01:03:54 - [MESSAGE][INFO] - Checking timeout

13-08-2024T01:03:54 - [MESSAGE][INFO] - Finding web element from Test Object's properties

13-08-2024T01:03:54 - [MESSAGE][INFO] - Checking timeout

13-08-2024T01:03:54 - [MESSAGE][INFO] - Finding web element with id: 'Object Repository/Account Info/checkbox_option' located by 'By.xpath: //label[@for="optin"]' in '30' second(s)

13-08-2024T01:03:54 - [MESSAGE][INFO] - Smart Wait Function is triggered

13-08-2024T01:03:54 - [MESSAGE][INFO] - Found 1 web elements with id: 'Object Repository/Account Info/checkbox_option' located by 'By.xpath: //label[@for="optin"]' in '30' second(s)

13-08-2024T01:03:54 - [MESSAGE][INFO] - Clicking on object: 'Object Repository/Account Info/checkbox_option'

13-08-2024T01:03:54 - [MESSAGE][PASSED] - Object: 'Object Repository/Account Info/checkbox_option' is clicked on

13-08-2024T01:03:54 - [TEST_STEP][PASSED] - scrollToElement(findTestObject("Object Repository/Account Info/txt_first_name"), Short_Timeout): Scroll to object 'Object Repository/Account Info/txt_first_name' successfully

13-08-2024T01:03:54 - [MESSAGE][INFO] - Finding Test Object 'Object Repository/Account Info/txt_first_name'

13-08-2024T01:03:54 - [MESSAGE][INFO] - Checking object

13-08-2024T01:03:54 - [MESSAGE][INFO] - Checking timeout

13-08-2024T01:03:54 - [MESSAGE][INFO] - Finding web element from Test Object's properties

13-08-2024T01:03:54 - [MESSAGE][INFO] - Checking timeout

13-08-2024T01:03:54 - [MESSAGE][INFO] - Finding web element with id: 'Object Repository/Account Info/txt_first_name' located by 'By.xpath: //input[@name="first_name"]' in '30' second(s)

13-08-2024T01:03:54 - [MESSAGE][INFO] - Smart Wait Function is triggered

13-08-2024T01:03:54 - [MESSAGE][INFO] - Found 1 web elements with id: 'Object Repository/Account Info/txt_first_name' located by 'By.xpath: //input[@name="first_name"]' in '30' second(s)

13-08-2024T01:03:54 - [MESSAGE][INFO] - Scrolling to object 'Object Repository/Account Info/txt_first_name'

13-08-2024T01:03:54 - [MESSAGE][PASSED] - Scroll to object 'Object Repository/Account Info/txt_first_name' successfully

13-08-2024T01:03:54 - [TEST_STEP][PASSED] - setText(findTestObject("Object Repository/Account Info/txt_first_name"), "KBC"): Text 'KBC' is set on object 'Object Repository/Account Info/txt_first_name'

13-08-2024T01:03:54 - [MESSAGE][INFO] - Finding Test Object 'Object Repository/Account Info/txt_first_name'

13-08-2024T01:03:54 - [MESSAGE][INFO] - Checking object

13-08-2024T01:03:54 - [MESSAGE][INFO] - Checking text

13-08-2024T01:03:54 - [MESSAGE][INFO] - Finding web element from Test Object's properties

13-08-2024T01:03:54 - [MESSAGE][INFO] - Checking timeout

13-08-2024T01:03:54 - [MESSAGE][INFO] - Finding web element with id: 'Object Repository/Account Info/txt_first_name' located by 'By.xpath: //input[@name="first_name"]' in '30' second(s)

13-08-2024T01:03:54 - [MESSAGE][INFO] - Smart Wait Function is triggered

13-08-2024T01:03:55 - [MESSAGE][INFO] - Found 1 web elements with id: 'Object Repository/Account Info/txt_first_name' located by 'By.xpath: //input[@name="first_name"]' in '30' second(s)

13-08-2024T01:03:55 - [MESSAGE][INFO] - Clearing text of object 'Object Repository/Account Info/txt_first_name'

13-08-2024T01:03:55 - [MESSAGE][INFO] - Finding web element from Test Object's properties

13-08-2024T01:03:55 - [MESSAGE][INFO] - Checking timeout

13-08-2024T01:03:55 - [MESSAGE][INFO] - Finding web element with id: 'Object Repository/Account Info/txt_first_name' located by 'By.xpath: //input[@name="first_name"]' in '30' second(s)

13-08-2024T01:03:55 - [MESSAGE][INFO] - Smart Wait Function is triggered

13-08-2024T01:03:55 - [MESSAGE][INFO] - Found 1 web elements with id: 'Object Repository/Account Info/txt_first_name' located by 'By.xpath: //input[@name="first_name"]' in '30' second(s)

13-08-2024T01:03:55 - [MESSAGE][INFO] - Setting text of object 'Object Repository/Account Info/txt_first_name' to value 'KBC'

13-08-2024T01:03:55 - [MESSAGE][PASSED] - Text 'KBC' is set on object 'Object Repository/Account Info/txt_first_name'

13-08-2024T01:03:55 - [TEST_STEP][PASSED] - setText(findTestObject("Object Repository/Account Info/txt_last_name"), "Automation"): Text 'Automation' is set on object 'Object Repository/Account Info/txt_last_name'

13-08-2024T01:03:55 - [MESSAGE][INFO] - Finding Test Object 'Object Repository/Account Info/txt_last_name'

13-08-2024T01:03:55 - [MESSAGE][INFO] - Checking object

13-08-2024T01:03:55 - [MESSAGE][INFO] - Checking text

13-08-2024T01:03:55 - [MESSAGE][INFO] - Finding web element from Test Object's properties

13-08-2024T01:03:55 - [MESSAGE][INFO] - Checking timeout

13-08-2024T01:03:55 - [MESSAGE][INFO] - Finding web element with id: 'Object Repository/Account Info/txt_last_name' located by 'By.xpath: //input[@name="last_name"]' in '30' second(s)

13-08-2024T01:03:55 - [MESSAGE][INFO] - Smart Wait Function is triggered

13-08-2024T01:03:55 - [MESSAGE][INFO] - Found 1 web elements with id: 'Object Repository/Account Info/txt_last_name' located by 'By.xpath: //input[@name="last_name"]' in '30' second(s)

13-08-2024T01:03:55 - [MESSAGE][INFO] - Clearing text of object 'Object Repository/Account Info/txt_last_name'

13-08-2024T01:03:55 - [MESSAGE][INFO] - Finding web element from Test Object's properties

13-08-2024T01:03:55 - [MESSAGE][INFO] - Checking timeout

13-08-2024T01:03:55 - [MESSAGE][INFO] - Finding web element with id: 'Object Repository/Account Info/txt_last_name' located by 'By.xpath: //input[@name="last_name"]' in '30' second(s)

13-08-2024T01:03:55 - [MESSAGE][INFO] - Smart Wait Function is triggered

13-08-2024T01:03:56 - [MESSAGE][INFO] - Found 1 web elements with id: 'Object Repository/Account Info/txt_last_name' located by 'By.xpath: //input[@name="last_name"]' in '30' second(s)

13-08-2024T01:03:56 - [MESSAGE][INFO] - Setting text of object 'Object Repository/Account Info/txt_last_name' to value 'Automation'

13-08-2024T01:03:56 - [MESSAGE][PASSED] - Text 'Automation' is set on object 'Object Repository/Account Info/txt_last_name'

13-08-2024T01:03:56 - [TEST_STEP][PASSED] - setText(findTestObject("Object Repository/Account Info/txt_Company"), "Automation"): Text 'Automation' is set on object 'Object Repository/Account Info/txt_Company'

13-08-2024T01:03:56 - [MESSAGE][INFO] - Finding Test Object 'Object Repository/Account Info/txt_Company'

13-08-2024T01:03:56 - [MESSAGE][INFO] - Checking object

13-08-2024T01:03:56 - [MESSAGE][INFO] - Checking text

13-08-2024T01:03:56 - [MESSAGE][INFO] - Finding web element from Test Object's properties

13-08-2024T01:03:56 - [MESSAGE][INFO] - Checking timeout

13-08-2024T01:03:56 - [MESSAGE][INFO] - Finding web element with id: 'Object Repository/Account Info/txt_Company' located by 'By.xpath: //input[@name="company"]' in '30' second(s)

13-08-2024T01:03:56 - [MESSAGE][INFO] - Smart Wait Function is triggered

13-08-2024T01:03:56 - [MESSAGE][INFO] - Found 1 web elements with id: 'Object Repository/Account Info/txt_Company' located by 'By.xpath: //input[@name="company"]' in '30' second(s)

13-08-2024T01:03:56 - [MESSAGE][INFO] - Clearing text of object 'Object Repository/Account Info/txt_Company'

13-08-2024T01:03:56 - [MESSAGE][INFO] - Finding web element from Test Object's properties

13-08-2024T01:03:56 - [MESSAGE][INFO] - Checking timeout

13-08-2024T01:03:56 - [MESSAGE][INFO] - Finding web element with id: 'Object Repository/Account Info/txt_Company' located by 'By.xpath: //input[@name="company"]' in '30' second(s)

13-08-2024T01:03:56 - [MESSAGE][INFO] - Smart Wait Function is triggered

13-08-2024T01:03:56 - [MESSAGE][INFO] - Found 1 web elements with id: 'Object Repository/Account Info/txt_Company' located by 'By.xpath: //input[@name="company"]' in '30' second(s)

13-08-2024T01:03:56 - [MESSAGE][INFO] - Setting text of object 'Object Repository/Account Info/txt_Company' to value 'Automation'

13-08-2024T01:03:56 - [MESSAGE][PASSED] - Text 'Automation' is set on object 'Object Repository/Account Info/txt_Company'

13-08-2024T01:03:56 - [TEST_STEP][PASSED] - setText(findTestObject("Object Repository/Account Info/txt_Address"), "Test near test"): Text 'Test near test' is set on object 'Object Repository/Account Info/txt_Address'

13-08-2024T01:03:56 - [MESSAGE][INFO] - Finding Test Object 'Object Repository/Account Info/txt_Address'

13-08-2024T01:03:56 - [MESSAGE][INFO] - Checking object

13-08-2024T01:03:56 - [MESSAGE][INFO] - Checking text

13-08-2024T01:03:56 - [MESSAGE][INFO] - Finding web element from Test Object's properties

13-08-2024T01:03:56 - [MESSAGE][INFO] - Checking timeout

13-08-2024T01:03:56 - [MESSAGE][INFO] - Finding web element with id: 'Object Repository/Account Info/txt_Address' located by 'By.xpath: //input[@name="address1"]' in '30' second(s)

13-08-2024T01:03:56 - [MESSAGE][INFO] - Smart Wait Function is triggered

13-08-2024T01:03:57 - [MESSAGE][INFO] - Found 1 web elements with id: 'Object Repository/Account Info/txt_Address' located by 'By.xpath: //input[@name="address1"]' in '30' second(s)

13-08-2024T01:03:57 - [MESSAGE][INFO] - Clearing text of object 'Object Repository/Account Info/txt_Address'

13-08-2024T01:03:57 - [MESSAGE][INFO] - Finding web element from Test Object's properties

13-08-2024T01:03:57 - [MESSAGE][INFO] - Checking timeout

13-08-2024T01:03:57 - [MESSAGE][INFO] - Finding web element with id: 'Object Repository/Account Info/txt_Address' located by 'By.xpath: //input[@name="address1"]' in '30' second(s)

13-08-2024T01:03:57 - [MESSAGE][INFO] - Smart Wait Function is triggered

13-08-2024T01:03:57 - [MESSAGE][INFO] - Found 1 web elements with id: 'Object Repository/Account Info/txt_Address' located by 'By.xpath: //input[@name="address1"]' in '30' second(s)

13-08-2024T01:03:57 - [MESSAGE][INFO] - Setting text of object 'Object Repository/Account Info/txt_Address' to value 'Test near test'

13-08-2024T01:03:57 - [MESSAGE][PASSED] - Text 'Test near test' is set on object 'Object Repository/Account Info/txt_Address'

13-08-2024T01:03:57 - [TEST_STEP][PASSED] - setText(findTestObject("Object Repository/Account Info/txt_Address2"), "Address 2"): Text 'Address 2' is set on object 'Object Repository/Account Info/txt_Address2'

13-08-2024T01:03:57 - [MESSAGE][INFO] - Finding Test Object 'Object Repository/Account Info/txt_Address2'

13-08-2024T01:03:57 - [MESSAGE][INFO] - Checking object

13-08-2024T01:03:57 - [MESSAGE][INFO] - Checking text

13-08-2024T01:03:57 - [MESSAGE][INFO] - Finding web element from Test Object's properties

13-08-2024T01:03:57 - [MESSAGE][INFO] - Checking timeout

13-08-2024T01:03:57 - [MESSAGE][INFO] - Finding web element with id: 'Object Repository/Account Info/txt_Address2' located by 'By.xpath: //input[@name="address2"]' in '30' second(s)

13-08-2024T01:03:57 - [MESSAGE][INFO] - Smart Wait Function is triggered

13-08-2024T01:03:57 - [MESSAGE][INFO] - Found 1 web elements with id: 'Object Repository/Account Info/txt_Address2' located by 'By.xpath: //input[@name="address2"]' in '30' second(s)

13-08-2024T01:03:57 - [MESSAGE][INFO] - Clearing text of object 'Object Repository/Account Info/txt_Address2'

13-08-2024T01:03:57 - [MESSAGE][INFO] - Finding web element from Test Object's properties

13-08-2024T01:03:57 - [MESSAGE][INFO] - Checking timeout

13-08-2024T01:03:57 - [MESSAGE][INFO] - Finding web element with id: 'Object Repository/Account Info/txt_Address2' located by 'By.xpath: //input[@name="address2"]' in '30' second(s)

13-08-2024T01:03:57 - [MESSAGE][INFO] - Smart Wait Function is triggered

13-08-2024T01:03:58 - [MESSAGE][INFO] - Found 1 web elements with id: 'Object Repository/Account Info/txt_Address2' located by 'By.xpath: //input[@name="address2"]' in '30' second(s)

13-08-2024T01:03:58 - [MESSAGE][INFO] - Setting text of object 'Object Repository/Account Info/txt_Address2' to value 'Address 2'

13-08-2024T01:03:58 - [MESSAGE][PASSED] - Text 'Address 2' is set on object 'Object Repository/Account Info/txt_Address2'

13-08-2024T01:03:58 - [TEST_STEP][PASSED] - selectOptionByLabel(findTestObject("Object Repository/Account Info/drp_Country"), "Australia", false): All options with label 'Australia' are selected in object 'Object Repository/Account Info/drp_Country' 

13-08-2024T01:03:58 - [MESSAGE][INFO] - Finding Test Object 'Object Repository/Account Info/drp_Country'

13-08-2024T01:03:58 - [MESSAGE][INFO] - Checking object

13-08-2024T01:03:58 - [MESSAGE][INFO] - Checking label parameter

13-08-2024T01:03:58 - [MESSAGE][INFO] - Finding web element from Test Object's properties

13-08-2024T01:03:58 - [MESSAGE][INFO] - Checking timeout

13-08-2024T01:03:58 - [MESSAGE][INFO] - Finding web element with id: 'Object Repository/Account Info/drp_Country' located by 'By.xpath: //select[@name="country"]' in '30' second(s)

13-08-2024T01:03:58 - [MESSAGE][INFO] - Smart Wait Function is triggered

13-08-2024T01:03:58 - [MESSAGE][INFO] - Found 1 web elements with id: 'Object Repository/Account Info/drp_Country' located by 'By.xpath: //select[@name="country"]' in '30' second(s)

13-08-2024T01:03:58 - [MESSAGE][INFO] - Selecting options on object 'Object Repository/Account Info/drp_Country' with label 'Australia' 

13-08-2024T01:03:58 - [MESSAGE][INFO] - Smart Wait Function is triggered

13-08-2024T01:03:59 - [MESSAGE][PASSED] - All options with label 'Australia' are selected in object 'Object Repository/Account Info/drp_Country' 

13-08-2024T01:03:59 - [TEST_STEP][PASSED] - scrollToElement(findTestObject("Object Repository/Account Info/txt_State"), Short_Timeout): Scroll to object 'Object Repository/Account Info/txt_State' successfully

13-08-2024T01:03:59 - [MESSAGE][INFO] - Finding Test Object 'Object Repository/Account Info/txt_State'

13-08-2024T01:03:59 - [MESSAGE][INFO] - Checking object

13-08-2024T01:03:59 - [MESSAGE][INFO] - Checking timeout

13-08-2024T01:03:59 - [MESSAGE][INFO] - Finding web element from Test Object's properties

13-08-2024T01:03:59 - [MESSAGE][INFO] - Checking timeout

13-08-2024T01:03:59 - [MESSAGE][INFO] - Finding web element with id: 'Object Repository/Account Info/txt_State' located by 'By.xpath: //input[@name="state"]' in '30' second(s)

13-08-2024T01:03:59 - [MESSAGE][INFO] - Smart Wait Function is triggered

13-08-2024T01:03:59 - [MESSAGE][INFO] - Found 1 web elements with id: 'Object Repository/Account Info/txt_State' located by 'By.xpath: //input[@name="state"]' in '30' second(s)

13-08-2024T01:03:59 - [MESSAGE][INFO] - Scrolling to object 'Object Repository/Account Info/txt_State'

13-08-2024T01:03:59 - [MESSAGE][PASSED] - Scroll to object 'Object Repository/Account Info/txt_State' successfully

13-08-2024T01:03:59 - [TEST_STEP][PASSED] - setText(findTestObject("Object Repository/Account Info/txt_State"), "ACT"): Text 'ACT' is set on object 'Object Repository/Account Info/txt_State'

13-08-2024T01:03:59 - [MESSAGE][INFO] - Finding Test Object 'Object Repository/Account Info/txt_State'

13-08-2024T01:03:59 - [MESSAGE][INFO] - Checking object

13-08-2024T01:03:59 - [MESSAGE][INFO] - Checking text

13-08-2024T01:03:59 - [MESSAGE][INFO] - Finding web element from Test Object's properties

13-08-2024T01:03:59 - [MESSAGE][INFO] - Checking timeout

13-08-2024T01:03:59 - [MESSAGE][INFO] - Finding web element with id: 'Object Repository/Account Info/txt_State' located by 'By.xpath: //input[@name="state"]' in '30' second(s)

13-08-2024T01:03:59 - [MESSAGE][INFO] - Smart Wait Function is triggered

13-08-2024T01:03:59 - [MESSAGE][INFO] - Found 1 web elements with id: 'Object Repository/Account Info/txt_State' located by 'By.xpath: //input[@name="state"]' in '30' second(s)

13-08-2024T01:03:59 - [MESSAGE][INFO] - Clearing text of object 'Object Repository/Account Info/txt_State'

13-08-2024T01:03:59 - [MESSAGE][INFO] - Finding web element from Test Object's properties

13-08-2024T01:03:59 - [MESSAGE][INFO] - Checking timeout

13-08-2024T01:03:59 - [MESSAGE][INFO] - Finding web element with id: 'Object Repository/Account Info/txt_State' located by 'By.xpath: //input[@name="state"]' in '30' second(s)

13-08-2024T01:03:59 - [MESSAGE][INFO] - Smart Wait Function is triggered

13-08-2024T01:03:59 - [MESSAGE][INFO] - Found 1 web elements with id: 'Object Repository/Account Info/txt_State' located by 'By.xpath: //input[@name="state"]' in '30' second(s)

13-08-2024T01:03:59 - [MESSAGE][INFO] - Setting text of object 'Object Repository/Account Info/txt_State' to value 'ACT'

13-08-2024T01:04:00 - [MESSAGE][PASSED] - Text 'ACT' is set on object 'Object Repository/Account Info/txt_State'

13-08-2024T01:04:00 - [TEST_STEP][PASSED] - setText(findTestObject("Object Repository/Account Info/txt_City"), "Melbourne"): Text 'Melbourne' is set on object 'Object Repository/Account Info/txt_City'

13-08-2024T01:04:00 - [MESSAGE][INFO] - Finding Test Object 'Object Repository/Account Info/txt_City'

13-08-2024T01:04:00 - [MESSAGE][INFO] - Checking object

13-08-2024T01:04:00 - [MESSAGE][INFO] - Checking text

13-08-2024T01:04:00 - [MESSAGE][INFO] - Finding web element from Test Object's properties

13-08-2024T01:04:00 - [MESSAGE][INFO] - Checking timeout

13-08-2024T01:04:00 - [MESSAGE][INFO] - Finding web element with id: 'Object Repository/Account Info/txt_City' located by 'By.xpath: //input[@name="city"]' in '30' second(s)

13-08-2024T01:04:00 - [MESSAGE][INFO] - Smart Wait Function is triggered

13-08-2024T01:04:00 - [MESSAGE][INFO] - Found 1 web elements with id: 'Object Repository/Account Info/txt_City' located by 'By.xpath: //input[@name="city"]' in '30' second(s)

13-08-2024T01:04:00 - [MESSAGE][INFO] - Clearing text of object 'Object Repository/Account Info/txt_City'

13-08-2024T01:04:00 - [MESSAGE][INFO] - Finding web element from Test Object's properties

13-08-2024T01:04:00 - [MESSAGE][INFO] - Checking timeout

13-08-2024T01:04:00 - [MESSAGE][INFO] - Finding web element with id: 'Object Repository/Account Info/txt_City' located by 'By.xpath: //input[@name="city"]' in '30' second(s)

13-08-2024T01:04:00 - [MESSAGE][INFO] - Smart Wait Function is triggered

13-08-2024T01:04:00 - [MESSAGE][INFO] - Found 1 web elements with id: 'Object Repository/Account Info/txt_City' located by 'By.xpath: //input[@name="city"]' in '30' second(s)

13-08-2024T01:04:00 - [MESSAGE][INFO] - Setting text of object 'Object Repository/Account Info/txt_City' to value 'Melbourne'

13-08-2024T01:04:00 - [MESSAGE][PASSED] - Text 'Melbourne' is set on object 'Object Repository/Account Info/txt_City'

13-08-2024T01:04:00 - [TEST_STEP][PASSED] - setText(findTestObject("Object Repository/Account Info/txt_zipcode"), "2900"): Text '2900' is set on object 'Object Repository/Account Info/txt_zipcode'

13-08-2024T01:04:00 - [MESSAGE][INFO] - Finding Test Object 'Object Repository/Account Info/txt_zipcode'

13-08-2024T01:04:00 - [MESSAGE][INFO] - Checking object

13-08-2024T01:04:00 - [MESSAGE][INFO] - Checking text

13-08-2024T01:04:00 - [MESSAGE][INFO] - Finding web element from Test Object's properties

13-08-2024T01:04:00 - [MESSAGE][INFO] - Checking timeout

13-08-2024T01:04:00 - [MESSAGE][INFO] - Finding web element with id: 'Object Repository/Account Info/txt_zipcode' located by 'By.xpath: //input[@name="zipcode"]' in '30' second(s)

13-08-2024T01:04:00 - [MESSAGE][INFO] - Smart Wait Function is triggered

13-08-2024T01:04:01 - [MESSAGE][INFO] - Found 1 web elements with id: 'Object Repository/Account Info/txt_zipcode' located by 'By.xpath: //input[@name="zipcode"]' in '30' second(s)

13-08-2024T01:04:01 - [MESSAGE][INFO] - Clearing text of object 'Object Repository/Account Info/txt_zipcode'

13-08-2024T01:04:01 - [MESSAGE][INFO] - Finding web element from Test Object's properties

13-08-2024T01:04:01 - [MESSAGE][INFO] - Checking timeout

13-08-2024T01:04:01 - [MESSAGE][INFO] - Finding web element with id: 'Object Repository/Account Info/txt_zipcode' located by 'By.xpath: //input[@name="zipcode"]' in '30' second(s)

13-08-2024T01:04:01 - [MESSAGE][INFO] - Smart Wait Function is triggered

13-08-2024T01:04:01 - [MESSAGE][INFO] - Found 1 web elements with id: 'Object Repository/Account Info/txt_zipcode' located by 'By.xpath: //input[@name="zipcode"]' in '30' second(s)

13-08-2024T01:04:01 - [MESSAGE][INFO] - Setting text of object 'Object Repository/Account Info/txt_zipcode' to value '2900'

13-08-2024T01:04:01 - [MESSAGE][PASSED] - Text '2900' is set on object 'Object Repository/Account Info/txt_zipcode'

13-08-2024T01:04:01 - [TEST_STEP][PASSED] - setText(findTestObject("Object Repository/Account Info/num_Mobile"), "1236123612"): Text '1236123612' is set on object 'Object Repository/Account Info/num_Mobile'

13-08-2024T01:04:01 - [MESSAGE][INFO] - Finding Test Object 'Object Repository/Account Info/num_Mobile'

13-08-2024T01:04:01 - [MESSAGE][INFO] - Checking object

13-08-2024T01:04:01 - [MESSAGE][INFO] - Checking text

13-08-2024T01:04:01 - [MESSAGE][INFO] - Finding web element from Test Object's properties

13-08-2024T01:04:01 - [MESSAGE][INFO] - Checking timeout

13-08-2024T01:04:01 - [MESSAGE][INFO] - Finding web element with id: 'Object Repository/Account Info/num_Mobile' located by 'By.xpath: //input[@name="mobile_number"]' in '30' second(s)

13-08-2024T01:04:01 - [MESSAGE][INFO] - Smart Wait Function is triggered

13-08-2024T01:04:01 - [MESSAGE][INFO] - Found 1 web elements with id: 'Object Repository/Account Info/num_Mobile' located by 'By.xpath: //input[@name="mobile_number"]' in '30' second(s)

13-08-2024T01:04:01 - [MESSAGE][INFO] - Clearing text of object 'Object Repository/Account Info/num_Mobile'

13-08-2024T01:04:01 - [MESSAGE][INFO] - Finding web element from Test Object's properties

13-08-2024T01:04:01 - [MESSAGE][INFO] - Checking timeout

13-08-2024T01:04:01 - [MESSAGE][INFO] - Finding web element with id: 'Object Repository/Account Info/num_Mobile' located by 'By.xpath: //input[@name="mobile_number"]' in '30' second(s)

13-08-2024T01:04:01 - [MESSAGE][INFO] - Smart Wait Function is triggered

13-08-2024T01:04:02 - [MESSAGE][INFO] - Found 1 web elements with id: 'Object Repository/Account Info/num_Mobile' located by 'By.xpath: //input[@name="mobile_number"]' in '30' second(s)

13-08-2024T01:04:02 - [MESSAGE][INFO] - Setting text of object 'Object Repository/Account Info/num_Mobile' to value '1236123612'

13-08-2024T01:04:02 - [MESSAGE][PASSED] - Text '1236123612' is set on object 'Object Repository/Account Info/num_Mobile'

13-08-2024T01:04:02 - [TEST_STEP][PASSED] - scrollToElement(findTestObject("Object Repository/Account Info/btn_CreateAcc"), Short_Timeout): Scroll to object 'Object Repository/Account Info/btn_CreateAcc' successfully

13-08-2024T01:04:02 - [MESSAGE][INFO] - Finding Test Object 'Object Repository/Account Info/btn_CreateAcc'

13-08-2024T01:04:02 - [MESSAGE][INFO] - Checking object

13-08-2024T01:04:02 - [MESSAGE][INFO] - Checking timeout

13-08-2024T01:04:02 - [MESSAGE][INFO] - Finding web element from Test Object's properties

13-08-2024T01:04:02 - [MESSAGE][INFO] - Checking timeout

13-08-2024T01:04:02 - [MESSAGE][INFO] - Finding web element with id: 'Object Repository/Account Info/btn_CreateAcc' located by 'By.xpath: //button[@data-qa="create-account"]' in '30' second(s)

13-08-2024T01:04:02 - [MESSAGE][INFO] - Smart Wait Function is triggered

13-08-2024T01:04:02 - [MESSAGE][INFO] - Found 1 web elements with id: 'Object Repository/Account Info/btn_CreateAcc' located by 'By.xpath: //button[@data-qa="create-account"]' in '30' second(s)

13-08-2024T01:04:02 - [MESSAGE][INFO] - Scrolling to object 'Object Repository/Account Info/btn_CreateAcc'

13-08-2024T01:04:02 - [MESSAGE][PASSED] - Scroll to object 'Object Repository/Account Info/btn_CreateAcc' successfully

13-08-2024T01:04:02 - [TEST_STEP][PASSED] - click(findTestObject("Object Repository/Account Info/btn_CreateAcc")): Object: 'Object Repository/Account Info/btn_CreateAcc' is clicked on

13-08-2024T01:04:02 - [MESSAGE][INFO] - Finding Test Object 'Object Repository/Account Info/btn_CreateAcc'

13-08-2024T01:04:02 - [MESSAGE][INFO] - Checking object

13-08-2024T01:04:02 - [MESSAGE][INFO] - Checking timeout

13-08-2024T01:04:02 - [MESSAGE][INFO] - Finding web element from Test Object's properties

13-08-2024T01:04:02 - [MESSAGE][INFO] - Checking timeout

13-08-2024T01:04:02 - [MESSAGE][INFO] - Finding web element with id: 'Object Repository/Account Info/btn_CreateAcc' located by 'By.xpath: //button[@data-qa="create-account"]' in '30' second(s)

13-08-2024T01:04:02 - [MESSAGE][INFO] - Smart Wait Function is triggered

13-08-2024T01:04:02 - [MESSAGE][INFO] - Found 1 web elements with id: 'Object Repository/Account Info/btn_CreateAcc' located by 'By.xpath: //button[@data-qa="create-account"]' in '30' second(s)

13-08-2024T01:04:02 - [MESSAGE][INFO] - Clicking on object: 'Object Repository/Account Info/btn_CreateAcc'

13-08-2024T01:04:06 - [MESSAGE][PASSED] - Object: 'Object Repository/Account Info/btn_CreateAcc' is clicked on

13-08-2024T01:04:06 - [TEST_STEP][PASSED] - verifyElementText(findTestObject("Object Repository/Account Info/verify_AccountCreated"), "ACCOUNT CREATED!"): Actual text and expected text of test object 'Object Repository/Account Info/verify_AccountCreated' are matched.

13-08-2024T01:04:06 - [MESSAGE][INFO] - Finding Test Object 'Object Repository/Account Info/verify_AccountCreated'

13-08-2024T01:04:06 - [MESSAGE][INFO] - Checking object

13-08-2024T01:04:06 - [MESSAGE][INFO] - Finding web element from Test Object's properties

13-08-2024T01:04:06 - [MESSAGE][INFO] - Checking timeout

13-08-2024T01:04:06 - [MESSAGE][INFO] - Finding web element with id: 'Object Repository/Account Info/verify_AccountCreated' located by 'By.xpath: //b[text()='Account Created!']' in '30' second(s)

13-08-2024T01:04:06 - [MESSAGE][INFO] - Smart Wait Function is triggered

13-08-2024T01:04:06 - [MESSAGE][INFO] - Found 1 web elements with id: 'Object Repository/Account Info/verify_AccountCreated' located by 'By.xpath: //b[text()='Account Created!']' in '30' second(s)

13-08-2024T01:04:06 - [MESSAGE][PASSED] - Actual text and expected text of test object 'Object Repository/Account Info/verify_AccountCreated' are matched.

13-08-2024T01:04:06 - [TEST_STEP][PASSED] - click(findTestObject("Object Repository/Account Info/btn_Continue")): Object: 'Object Repository/Account Info/btn_Continue' is clicked on

13-08-2024T01:04:06 - [MESSAGE][INFO] - Finding Test Object 'Object Repository/Account Info/btn_Continue'

13-08-2024T01:04:06 - [MESSAGE][INFO] - Checking object

13-08-2024T01:04:06 - [MESSAGE][INFO] - Checking timeout

13-08-2024T01:04:06 - [MESSAGE][INFO] - Finding web element from Test Object's properties

13-08-2024T01:04:06 - [MESSAGE][INFO] - Checking timeout

13-08-2024T01:04:06 - [MESSAGE][INFO] - Finding web element with id: 'Object Repository/Account Info/btn_Continue' located by 'By.xpath: //a[text()='Continue']' in '30' second(s)

13-08-2024T01:04:06 - [MESSAGE][INFO] - Smart Wait Function is triggered

13-08-2024T01:04:07 - [MESSAGE][INFO] - Found 1 web elements with id: 'Object Repository/Account Info/btn_Continue' located by 'By.xpath: //a[text()='Continue']' in '30' second(s)

13-08-2024T01:04:07 - [MESSAGE][INFO] - Clicking on object: 'Object Repository/Account Info/btn_Continue'

13-08-2024T01:04:30 - [MESSAGE][PASSED] - Object: 'Object Repository/Account Info/btn_Continue' is clicked on

13-08-2024T01:04:30 - [TEST_STEP][PASSED] - verifyElementText(findTestObject("Object Repository/Account Info/verify_loggedinUser"), "KBC Automation"): Actual text and expected text of test object 'Object Repository/Account Info/verify_loggedinUser' are matched.

13-08-2024T01:04:30 - [MESSAGE][INFO] - Finding Test Object 'Object Repository/Account Info/verify_loggedinUser'

13-08-2024T01:04:30 - [MESSAGE][INFO] - Checking object

13-08-2024T01:04:30 - [MESSAGE][INFO] - Finding web element from Test Object's properties

13-08-2024T01:04:30 - [MESSAGE][INFO] - Checking timeout

13-08-2024T01:04:30 - [MESSAGE][INFO] - Finding web element with id: 'Object Repository/Account Info/verify_loggedinUser' located by 'By.xpath: //a[text()=' Logged in as ']/b' in '30' second(s)

13-08-2024T01:04:30 - [MESSAGE][INFO] - Smart Wait Function is triggered

13-08-2024T01:04:31 - [MESSAGE][INFO] - Found 1 web elements with id: 'Object Repository/Account Info/verify_loggedinUser' located by 'By.xpath: //a[text()=' Logged in as ']/b' in '30' second(s)

13-08-2024T01:04:31 - [MESSAGE][PASSED] - Actual text and expected text of test object 'Object Repository/Account Info/verify_loggedinUser' are matched.

13-08-2024T01:04:31 - [TEST_STEP][PASSED] - file.close(): null

13-08-2024T01:04:31 - [TEST_STEP][PASSED] - outFile = new java.io.FileOutputStream(new java.io.File((java.lang.System.getProperty(user.dir) + \Data Files\dataFile.xlsx))): null

13-08-2024T01:04:31 - [TEST_STEP][PASSED] - workbook.write(outFile): null

13-08-2024T01:04:31 - [TEST_STEP][PASSED] - outFile.close(): null

13-08-2024T01:04:31 - [TEST_STEP][PASSED] - closeBrowser(): Browser is closed

13-08-2024T01:04:31 - [MESSAGE][INFO] - Closing browser

13-08-2024T01:04:31 - [MESSAGE][PASSED] - Browser is closed]]></system-out>
         <system-err><![CDATA[]]></system-err>
      </testcase>
      <testcase name="Test Cases/Login/L002_Login" time="35.399" classname="Test Cases/Login/L002_Login" status="PASSED">
         <system-out><![CDATA[13-08-2024T01:04:31 - [TEST_CASE][PASSED] - Test Cases/Login/L002_Login: Test Cases/Login/L002_Login

13-08-2024T01:04:32 - [TEST_STEP][PASSED] - file = new java.io.FileInputStream(new java.io.File((java.lang.System.getProperty(user.dir) + \Data Files\dataFile.xlsx))): null

13-08-2024T01:04:32 - [TEST_STEP][PASSED] - workbook = new org.apache.poi.xssf.usermodel.XSSFWorkbook(file): null

13-08-2024T01:04:32 - [TEST_STEP][PASSED] - sheet = workbook.getSheetAt(0): null

13-08-2024T01:04:32 - [TEST_STEP][PASSED] - userEmail = getCell(0).getStringCellValue(): null

13-08-2024T01:04:32 - [TEST_STEP][PASSED] - password = getCell(1).getStringCellValue(): null

13-08-2024T01:04:32 - [TEST_STEP][PASSED] - UserEmail = userEmail: null

13-08-2024T01:04:32 - [TEST_STEP][PASSED] - Password = password: null

13-08-2024T01:04:32 - [TEST_STEP][PASSED] - openBrowser(""): Browser is opened with url: ''

13-08-2024T01:04:32 - [MESSAGE][INFO] - Opening browser

13-08-2024T01:04:32 - [MESSAGE][INFO] - Starting 'Chrome' driver

13-08-2024T01:04:32 - [MESSAGE][INFO] - Action delay is set to 0 milliseconds

13-08-2024T01:04:32 - [MESSAGE][PASSED] - Browser is opened with url: ''

13-08-2024T01:04:32 - [TEST_STEP][PASSED] - navigateToUrl("http://automationexercise.com/"): Navigate to 'http://automationexercise.com/' successfully

13-08-2024T01:04:32 - [MESSAGE][INFO] - Checking url

13-08-2024T01:04:32 - [MESSAGE][INFO] - Navigating to 'http://automationexercise.com/'

13-08-2024T01:04:35 - [MESSAGE][PASSED] - Navigate to 'http://automationexercise.com/' successfully

13-08-2024T01:04:35 - [TEST_STEP][PASSED] - waitForElementVisible(findTestObject("Object Repository/Login/Menu_Home"), Long_Timeout): Object 'Object Repository/Login/Menu_Home' is visible

13-08-2024T01:04:35 - [MESSAGE][INFO] - Finding Test Object 'Object Repository/Login/Menu_Home'

13-08-2024T01:04:36 - [MESSAGE][INFO] - Checking object

13-08-2024T01:04:36 - [MESSAGE][INFO] - Checking timeout

13-08-2024T01:04:36 - [MESSAGE][INFO] - Finding web element from Test Object's properties

13-08-2024T01:04:36 - [MESSAGE][INFO] - Checking timeout

13-08-2024T01:04:36 - [MESSAGE][INFO] - Finding web element with id: 'Object Repository/Login/Menu_Home' located by 'By.xpath: //a[@href="/" and contains(.,'Home')]' in '60' second(s)

13-08-2024T01:04:36 - [MESSAGE][INFO] - Smart Wait Function is triggered

13-08-2024T01:04:37 - [MESSAGE][INFO] - Found 1 web elements with id: 'Object Repository/Login/Menu_Home' located by 'By.xpath: //a[@href="/" and contains(.,'Home')]' in '60' second(s)

13-08-2024T01:04:37 - [MESSAGE][PASSED] - Object 'Object Repository/Login/Menu_Home' is visible

13-08-2024T01:04:37 - [TEST_STEP][PASSED] - verifyElementAttributeValue(findTestObject("Object Repository/Login/Menu_Home"), "style", "color: orange;", Short_Timeout): Object 'Object Repository/Login/Menu_Home' has attribute 'style' with value 'color: orange;'

13-08-2024T01:04:37 - [MESSAGE][INFO] - Finding Test Object 'Object Repository/Login/Menu_Home'

13-08-2024T01:04:37 - [MESSAGE][INFO] - Checking object

13-08-2024T01:04:37 - [MESSAGE][INFO] - Checking attribute name

13-08-2024T01:04:37 - [MESSAGE][INFO] - Checking timeout

13-08-2024T01:04:37 - [MESSAGE][INFO] - Finding web element from Test Object's properties

13-08-2024T01:04:37 - [MESSAGE][INFO] - Checking timeout

13-08-2024T01:04:37 - [MESSAGE][INFO] - Finding web element with id: 'Object Repository/Login/Menu_Home' located by 'By.xpath: //a[@href="/" and contains(.,'Home')]' in '30' second(s)

13-08-2024T01:04:37 - [MESSAGE][INFO] - Smart Wait Function is triggered

13-08-2024T01:04:37 - [MESSAGE][INFO] - Found 1 web elements with id: 'Object Repository/Login/Menu_Home' located by 'By.xpath: //a[@href="/" and contains(.,'Home')]' in '30' second(s)

13-08-2024T01:04:37 - [MESSAGE][PASSED] - Object 'Object Repository/Login/Menu_Home' has attribute 'style' with value 'color: orange;'

13-08-2024T01:04:37 - [TEST_STEP][PASSED] - verifyElementVisible(findTestObject("Object Repository/Login/img_Home"), OPTIONAL): Object 'Object Repository/Login/img_Home' is visible

13-08-2024T01:04:37 - [MESSAGE][INFO] - Finding Test Object 'Object Repository/Login/img_Home'

13-08-2024T01:04:37 - [MESSAGE][INFO] - Checking object

13-08-2024T01:04:37 - [MESSAGE][INFO] - Finding web element from Test Object's properties

13-08-2024T01:04:37 - [MESSAGE][INFO] - Checking timeout

13-08-2024T01:04:37 - [MESSAGE][INFO] - Finding web element with id: 'Object Repository/Login/img_Home' located by 'By.xpath: //a[@href="/" ]//img' in '30' second(s)

13-08-2024T01:04:37 - [MESSAGE][INFO] - Smart Wait Function is triggered

13-08-2024T01:04:37 - [MESSAGE][INFO] - Found 1 web elements with id: 'Object Repository/Login/img_Home' located by 'By.xpath: //a[@href="/" ]//img' in '30' second(s)

13-08-2024T01:04:37 - [MESSAGE][PASSED] - Object 'Object Repository/Login/img_Home' is visible

13-08-2024T01:04:37 - [TEST_STEP][PASSED] - click(findTestObject("Object Repository/Login/btn_Signup-Login")): Object: 'Object Repository/Login/btn_Signup-Login' is clicked on

13-08-2024T01:04:37 - [MESSAGE][INFO] - Finding Test Object 'Object Repository/Login/btn_Signup-Login'

13-08-2024T01:04:37 - [MESSAGE][INFO] - Checking object

13-08-2024T01:04:37 - [MESSAGE][INFO] - Checking timeout

13-08-2024T01:04:37 - [MESSAGE][INFO] - Finding web element from Test Object's properties

13-08-2024T01:04:37 - [MESSAGE][INFO] - Checking timeout

13-08-2024T01:04:37 - [MESSAGE][INFO] - Finding web element with id: 'Object Repository/Login/btn_Signup-Login' located by 'By.xpath: //a[@href="/login" and contains(.,'Signup / Login')]' in '30' second(s)

13-08-2024T01:04:37 - [MESSAGE][INFO] - Smart Wait Function is triggered

13-08-2024T01:04:38 - [MESSAGE][INFO] - Found 1 web elements with id: 'Object Repository/Login/btn_Signup-Login' located by 'By.xpath: //a[@href="/login" and contains(.,'Signup / Login')]' in '30' second(s)

13-08-2024T01:04:38 - [MESSAGE][INFO] - Clicking on object: 'Object Repository/Login/btn_Signup-Login'

13-08-2024T01:05:00 - [MESSAGE][PASSED] - Object: 'Object Repository/Login/btn_Signup-Login' is clicked on

13-08-2024T01:05:00 - [TEST_STEP][PASSED] - verifyElementText(findTestObject("Object Repository/Login/Verify_Logintoyouraccount"), "Login to your account"): Actual text and expected text of test object 'Object Repository/Login/Verify_Logintoyouraccount' are matched.

13-08-2024T01:05:00 - [MESSAGE][INFO] - Finding Test Object 'Object Repository/Login/Verify_Logintoyouraccount'

13-08-2024T01:05:00 - [MESSAGE][INFO] - Checking object

13-08-2024T01:05:00 - [MESSAGE][INFO] - Finding web element from Test Object's properties

13-08-2024T01:05:00 - [MESSAGE][INFO] - Checking timeout

13-08-2024T01:05:00 - [MESSAGE][INFO] - Finding web element with id: 'Object Repository/Login/Verify_Logintoyouraccount' located by 'By.xpath: //h2[text()='Login to your account']' in '30' second(s)

13-08-2024T01:05:00 - [MESSAGE][INFO] - Smart Wait Function is triggered

13-08-2024T01:05:01 - [MESSAGE][INFO] - Found 1 web elements with id: 'Object Repository/Login/Verify_Logintoyouraccount' located by 'By.xpath: //h2[text()='Login to your account']' in '30' second(s)

13-08-2024T01:05:01 - [MESSAGE][PASSED] - Actual text and expected text of test object 'Object Repository/Login/Verify_Logintoyouraccount' are matched.

13-08-2024T01:05:01 - [TEST_STEP][PASSED] - setText(findTestObject("Object Repository/Login/txt_EmailAddress"), UserEmail): Text 'Test13082024@763.com' is set on object 'Object Repository/Login/txt_EmailAddress'

13-08-2024T01:05:01 - [MESSAGE][INFO] - Finding Test Object 'Object Repository/Login/txt_EmailAddress'

13-08-2024T01:05:01 - [MESSAGE][INFO] - Checking object

13-08-2024T01:05:01 - [MESSAGE][INFO] - Checking text

13-08-2024T01:05:01 - [MESSAGE][INFO] - Finding web element from Test Object's properties

13-08-2024T01:05:01 - [MESSAGE][INFO] - Checking timeout

13-08-2024T01:05:01 - [MESSAGE][INFO] - Finding web element with id: 'Object Repository/Login/txt_EmailAddress' located by 'By.xpath: //input[@data-qa='login-email']' in '30' second(s)

13-08-2024T01:05:01 - [MESSAGE][INFO] - Smart Wait Function is triggered

13-08-2024T01:05:01 - [MESSAGE][INFO] - Found 1 web elements with id: 'Object Repository/Login/txt_EmailAddress' located by 'By.xpath: //input[@data-qa='login-email']' in '30' second(s)

13-08-2024T01:05:01 - [MESSAGE][INFO] - Clearing text of object 'Object Repository/Login/txt_EmailAddress'

13-08-2024T01:05:01 - [MESSAGE][INFO] - Finding web element from Test Object's properties

13-08-2024T01:05:01 - [MESSAGE][INFO] - Checking timeout

13-08-2024T01:05:01 - [MESSAGE][INFO] - Finding web element with id: 'Object Repository/Login/txt_EmailAddress' located by 'By.xpath: //input[@data-qa='login-email']' in '30' second(s)

13-08-2024T01:05:01 - [MESSAGE][INFO] - Smart Wait Function is triggered

13-08-2024T01:05:01 - [MESSAGE][INFO] - Found 1 web elements with id: 'Object Repository/Login/txt_EmailAddress' located by 'By.xpath: //input[@data-qa='login-email']' in '30' second(s)

13-08-2024T01:05:01 - [MESSAGE][INFO] - Setting text of object 'Object Repository/Login/txt_EmailAddress' to value 'Test13082024@763.com'

13-08-2024T01:05:02 - [MESSAGE][PASSED] - Text 'Test13082024@763.com' is set on object 'Object Repository/Login/txt_EmailAddress'

13-08-2024T01:05:02 - [TEST_STEP][PASSED] - setText(findTestObject("Object Repository/Login/txt_password"), Password): Text 'Test13082024@763' is set on object 'Object Repository/Login/txt_password'

13-08-2024T01:05:02 - [MESSAGE][INFO] - Finding Test Object 'Object Repository/Login/txt_password'

13-08-2024T01:05:02 - [MESSAGE][INFO] - Checking object

13-08-2024T01:05:02 - [MESSAGE][INFO] - Checking text

13-08-2024T01:05:02 - [MESSAGE][INFO] - Finding web element from Test Object's properties

13-08-2024T01:05:02 - [MESSAGE][INFO] - Checking timeout

13-08-2024T01:05:02 - [MESSAGE][INFO] - Finding web element with id: 'Object Repository/Login/txt_password' located by 'By.xpath: //input[@data-qa='login-password']' in '30' second(s)

13-08-2024T01:05:02 - [MESSAGE][INFO] - Smart Wait Function is triggered

13-08-2024T01:05:02 - [MESSAGE][INFO] - Found 1 web elements with id: 'Object Repository/Login/txt_password' located by 'By.xpath: //input[@data-qa='login-password']' in '30' second(s)

13-08-2024T01:05:02 - [MESSAGE][INFO] - Clearing text of object 'Object Repository/Login/txt_password'

13-08-2024T01:05:02 - [MESSAGE][INFO] - Finding web element from Test Object's properties

13-08-2024T01:05:02 - [MESSAGE][INFO] - Checking timeout

13-08-2024T01:05:02 - [MESSAGE][INFO] - Finding web element with id: 'Object Repository/Login/txt_password' located by 'By.xpath: //input[@data-qa='login-password']' in '30' second(s)

13-08-2024T01:05:02 - [MESSAGE][INFO] - Smart Wait Function is triggered

13-08-2024T01:05:02 - [MESSAGE][INFO] - Found 1 web elements with id: 'Object Repository/Login/txt_password' located by 'By.xpath: //input[@data-qa='login-password']' in '30' second(s)

13-08-2024T01:05:02 - [MESSAGE][INFO] - Setting text of object 'Object Repository/Login/txt_password' to value 'Test13082024@763'

13-08-2024T01:05:02 - [MESSAGE][PASSED] - Text 'Test13082024@763' is set on object 'Object Repository/Login/txt_password'

13-08-2024T01:05:02 - [TEST_STEP][PASSED] - click(findTestObject("Object Repository/Login/btn_Login")): Object: 'Object Repository/Login/btn_Login' is clicked on

13-08-2024T01:05:02 - [MESSAGE][INFO] - Finding Test Object 'Object Repository/Login/btn_Login'

13-08-2024T01:05:02 - [MESSAGE][INFO] - Checking object

13-08-2024T01:05:02 - [MESSAGE][INFO] - Checking timeout

13-08-2024T01:05:02 - [MESSAGE][INFO] - Finding web element from Test Object's properties

13-08-2024T01:05:02 - [MESSAGE][INFO] - Checking timeout

13-08-2024T01:05:02 - [MESSAGE][INFO] - Finding web element with id: 'Object Repository/Login/btn_Login' located by 'By.xpath: //button[@data-qa='login-button']' in '30' second(s)

13-08-2024T01:05:02 - [MESSAGE][INFO] - Smart Wait Function is triggered

13-08-2024T01:05:03 - [MESSAGE][INFO] - Found 1 web elements with id: 'Object Repository/Login/btn_Login' located by 'By.xpath: //button[@data-qa='login-button']' in '30' second(s)

13-08-2024T01:05:03 - [MESSAGE][INFO] - Clicking on object: 'Object Repository/Login/btn_Login'

13-08-2024T01:05:06 - [MESSAGE][PASSED] - Object: 'Object Repository/Login/btn_Login' is clicked on

13-08-2024T01:05:06 - [TEST_STEP][PASSED] - verifyElementText(findTestObject("Object Repository/Account Info/verify_loggedinUser"), "KBC Automation"): Actual text and expected text of test object 'Object Repository/Account Info/verify_loggedinUser' are matched.

13-08-2024T01:05:06 - [MESSAGE][INFO] - Finding Test Object 'Object Repository/Account Info/verify_loggedinUser'

13-08-2024T01:05:06 - [MESSAGE][INFO] - Checking object

13-08-2024T01:05:06 - [MESSAGE][INFO] - Finding web element from Test Object's properties

13-08-2024T01:05:06 - [MESSAGE][INFO] - Checking timeout

13-08-2024T01:05:06 - [MESSAGE][INFO] - Finding web element with id: 'Object Repository/Account Info/verify_loggedinUser' located by 'By.xpath: //a[text()=' Logged in as ']/b' in '30' second(s)

13-08-2024T01:05:06 - [MESSAGE][INFO] - Smart Wait Function is triggered

13-08-2024T01:05:07 - [MESSAGE][INFO] - Found 1 web elements with id: 'Object Repository/Account Info/verify_loggedinUser' located by 'By.xpath: //a[text()=' Logged in as ']/b' in '30' second(s)

13-08-2024T01:05:07 - [MESSAGE][PASSED] - Actual text and expected text of test object 'Object Repository/Account Info/verify_loggedinUser' are matched.

13-08-2024T01:05:07 - [TEST_STEP][PASSED] - closeBrowser(): Browser is closed

13-08-2024T01:05:07 - [MESSAGE][INFO] - Closing browser

13-08-2024T01:05:07 - [MESSAGE][PASSED] - Browser is closed]]></system-out>
         <system-err><![CDATA[]]></system-err>
      </testcase>
      <testcase name="Test Cases/Login/L005_Logout" time="14.063" classname="Test Cases/Login/L005_Logout" status="FAILED">
         <failure type="FAILED" message="Test Cases/Login/L005_Logout FAILED.&#xa;Reason:&#xa;com.kms.katalon.core.exception.StepFailedException: Unable to click on object 'Object Repository/Login/btn_Logout'&#xa;	at com.kms.katalon.core.webui.keyword.internal.WebUIKeywordMain.stepFailed(WebUIKeywordMain.groovy:64)&#xa;	at com.kms.katalon.core.webui.keyword.internal.WebUIKeywordMain.runKeyword(WebUIKeywordMain.groovy:26)&#xa;	at com.kms.katalon.core.webui.keyword.builtin.ClickKeyword.click(ClickKeyword.groovy:74)&#xa;	at com.kms.katalon.core.webui.keyword.builtin.ClickKeyword.execute(ClickKeyword.groovy:40)&#xa;	at com.kms.katalon.core.keyword.internal.KeywordExecutor.executeKeywordForPlatform(KeywordExecutor.groovy:74)&#xa;	at com.kms.katalon.core.webui.keyword.WebUiBuiltInKeywords.click(WebUiBuiltInKeywords.groovy:659)&#xa;	at L005_Logout.run(L005_Logout:36)&#xa;	at com.kms.katalon.core.main.ScriptEngine.run(ScriptEngine.java:194)&#xa;	at com.kms.katalon.core.main.ScriptEngine.runScriptAsRawText(ScriptEngine.java:119)&#xa;	at com.kms.katalon.core.main.TestCaseExecutor.runScript(TestCaseExecutor.java:448)&#xa;	at com.kms.katalon.core.main.TestCaseExecutor.doExecute(TestCaseExecutor.java:439)&#xa;	at com.kms.katalon.core.main.TestCaseExecutor.processExecutionPhase(TestCaseExecutor.java:418)&#xa;	at com.kms.katalon.core.main.TestCaseExecutor.accessMainPhase(TestCaseExecutor.java:410)&#xa;	at com.kms.katalon.core.main.TestCaseExecutor.execute(TestCaseExecutor.java:285)&#xa;	at com.kms.katalon.core.common.CommonExecutor.accessTestCaseMainPhase(CommonExecutor.java:65)&#xa;	at com.kms.katalon.core.main.TestSuiteExecutor.accessTestSuiteMainPhase(TestSuiteExecutor.java:150)&#xa;	at com.kms.katalon.core.main.TestSuiteExecutor.execute(TestSuiteExecutor.java:106)&#xa;	at com.kms.katalon.core.main.TestCaseMain.startTestSuite(TestCaseMain.java:180)&#xa;	at TempTestSuite1723491202827.run(TempTestSuite1723491202827.groovy:35)&#xa;	at java.base/jdk.internal.reflect.NativeMethodAccessorImpl.invoke0(Native Method)&#xa;	at java.base/jdk.internal.reflect.NativeMethodAccessorImpl.invoke(NativeMethodAccessorImpl.java:77)&#xa;	at java.base/jdk.internal.reflect.DelegatingMethodAccessorImpl.invoke(DelegatingMethodAccessorImpl.java:43)&#xa;Caused by: org.openqa.selenium.NoSuchSessionException: Session ID is null. Using WebDriver after calling quit()?&#xa;Build info: version: '3.141.59', revision: 'unknown', time: 'unknown'&#xa;System info: host: 'KRUPAL_CHAVDA', ip: '192.168.1.7', os.name: 'Windows 11', os.arch: 'amd64', os.version: '10.0', java.version: '17.0.7'&#xa;Driver info: driver.version: RemoteWebDriver&#xa;	at org.openqa.selenium.remote.HttpCommandExecutor.execute(HttpCommandExecutor.java:125)&#xa;	at org.openqa.selenium.remote.service.DriverCommandExecutor.execute(DriverCommandExecutor.java:83)&#xa;	at org.openqa.selenium.remote.RemoteWebDriver.execute(RemoteWebDriver.java:552)&#xa;	at com.kms.katalon.selenium.driver.CChromeDriver.execute(CChromeDriver.java:19)&#xa;	at org.openqa.selenium.remote.RemoteWebDriver.findElements(RemoteWebDriver.java:353)&#xa;	at org.openqa.selenium.remote.RemoteWebDriver.findElementsByXPath(RemoteWebDriver.java:432)&#xa;	at org.openqa.selenium.By$ByXPath.findElements(By.java:348)&#xa;	at org.openqa.selenium.remote.RemoteWebDriver.findElements(RemoteWebDriver.java:311)&#xa;	at com.kms.katalon.core.webui.common.WebUiCommonHelper.findElementByNormalMethods(WebUiCommonHelper.java:1036)&#xa;	at com.kms.katalon.core.webui.common.WebUiCommonHelper.findElementsBySelectedMethod(WebUiCommonHelper.java:921)&#xa;	at com.kms.katalon.core.webui.common.WebUiCommonHelper.findElementsBySelectedMethod(WebUiCommonHelper.java:902)&#xa;	at com.kms.katalon.core.webui.common.WebUiCommonHelper.findElementsBySelectedMethod(WebUiCommonHelper.java:897)&#xa;	at com.kms.katalon.core.webui.common.WebUiCommonHelper.findElementsByDefault(WebUiCommonHelper.java:893)&#xa;	at com.kms.katalon.core.webui.common.WebUiCommonHelper.findWebElements(WebUiCommonHelper.java:725)&#xa;	at com.kms.katalon.core.webui.common.WebUiCommonHelper.findWebElement(WebUiCommonHelper.java:1416)&#xa;	at com.kms.katalon.core.webui.keyword.internal.WebUIAbstractKeyword.findWebElement(WebUIAbstractKeyword.groovy:27)&#xa;	at com.kms.katalon.core.webui.keyword.builtin.ClickKeyword$_click_closure1.doCall(ClickKeyword.groovy:65)&#xa;	at com.kms.katalon.core.webui.keyword.builtin.ClickKeyword$_click_closure1.call(ClickKeyword.groovy)&#xa;	at com.kms.katalon.core.webui.keyword.internal.WebUIKeywordMain.runKeyword(WebUIKeywordMain.groovy:20)&#xa;	... 20 more&#xa;"/>
         <system-out><![CDATA[13-08-2024T01:05:07 - [TEST_CASE][FAILED] - Test Cases/Login/L005_Logout: Test Cases/Login/L005_Logout FAILED.
Reason:
com.kms.katalon.core.exception.StepFailedException: Unable to click on object 'Object Repository/Login/btn_Logout'
	at com.kms.katalon.core.webui.keyword.internal.WebUIKeywordMain.stepFailed(WebUIKeywordMain.groovy:64)
	at com.kms.katalon.core.webui.keyword.internal.WebUIKeywordMain.runKeyword(WebUIKeywordMain.groovy:26)
	at com.kms.katalon.core.webui.keyword.builtin.ClickKeyword.click(ClickKeyword.groovy:74)
	at com.kms.katalon.core.webui.keyword.builtin.ClickKeyword.execute(ClickKeyword.groovy:40)
	at com.kms.katalon.core.keyword.internal.KeywordExecutor.executeKeywordForPlatform(KeywordExecutor.groovy:74)
	at com.kms.katalon.core.webui.keyword.WebUiBuiltInKeywords.click(WebUiBuiltInKeywords.groovy:659)
	at L005_Logout.run(L005_Logout:36)
	at com.kms.katalon.core.main.ScriptEngine.run(ScriptEngine.java:194)
	at com.kms.katalon.core.main.ScriptEngine.runScriptAsRawText(ScriptEngine.java:119)
	at com.kms.katalon.core.main.TestCaseExecutor.runScript(TestCaseExecutor.java:448)
	at com.kms.katalon.core.main.TestCaseExecutor.doExecute(TestCaseExecutor.java:439)
	at com.kms.katalon.core.main.TestCaseExecutor.processExecutionPhase(TestCaseExecutor.java:418)
	at com.kms.katalon.core.main.TestCaseExecutor.accessMainPhase(TestCaseExecutor.java:410)
	at com.kms.katalon.core.main.TestCaseExecutor.execute(TestCaseExecutor.java:285)
	at com.kms.katalon.core.common.CommonExecutor.accessTestCaseMainPhase(CommonExecutor.java:65)
	at com.kms.katalon.core.main.TestSuiteExecutor.accessTestSuiteMainPhase(TestSuiteExecutor.java:150)
	at com.kms.katalon.core.main.TestSuiteExecutor.execute(TestSuiteExecutor.java:106)
	at com.kms.katalon.core.main.TestCaseMain.startTestSuite(TestCaseMain.java:180)
	at TempTestSuite1723491202827.run(TempTestSuite1723491202827.groovy:35)
	at java.base/jdk.internal.reflect.NativeMethodAccessorImpl.invoke0(Native Method)
	at java.base/jdk.internal.reflect.NativeMethodAccessorImpl.invoke(NativeMethodAccessorImpl.java:77)
	at java.base/jdk.internal.reflect.DelegatingMethodAccessorImpl.invoke(DelegatingMethodAccessorImpl.java:43)
Caused by: org.openqa.selenium.NoSuchSessionException: Session ID is null. Using WebDriver after calling quit()?
Build info: version: '3.141.59', revision: 'unknown', time: 'unknown'
System info: host: 'KRUPAL_CHAVDA', ip: '192.168.1.7', os.name: 'Windows 11', os.arch: 'amd64', os.version: '10.0', java.version: '17.0.7'
Driver info: driver.version: RemoteWebDriver
	at org.openqa.selenium.remote.HttpCommandExecutor.execute(HttpCommandExecutor.java:125)
	at org.openqa.selenium.remote.service.DriverCommandExecutor.execute(DriverCommandExecutor.java:83)
	at org.openqa.selenium.remote.RemoteWebDriver.execute(RemoteWebDriver.java:552)
	at com.kms.katalon.selenium.driver.CChromeDriver.execute(CChromeDriver.java:19)
	at org.openqa.selenium.remote.RemoteWebDriver.findElements(RemoteWebDriver.java:353)
	at org.openqa.selenium.remote.RemoteWebDriver.findElementsByXPath(RemoteWebDriver.java:432)
	at org.openqa.selenium.By$ByXPath.findElements(By.java:348)
	at org.openqa.selenium.remote.RemoteWebDriver.findElements(RemoteWebDriver.java:311)
	at com.kms.katalon.core.webui.common.WebUiCommonHelper.findElementByNormalMethods(WebUiCommonHelper.java:1036)
	at com.kms.katalon.core.webui.common.WebUiCommonHelper.findElementsBySelectedMethod(WebUiCommonHelper.java:921)
	at com.kms.katalon.core.webui.common.WebUiCommonHelper.findElementsBySelectedMethod(WebUiCommonHelper.java:902)
	at com.kms.katalon.core.webui.common.WebUiCommonHelper.findElementsBySelectedMethod(WebUiCommonHelper.java:897)
	at com.kms.katalon.core.webui.common.WebUiCommonHelper.findElementsByDefault(WebUiCommonHelper.java:893)
	at com.kms.katalon.core.webui.common.WebUiCommonHelper.findWebElements(WebUiCommonHelper.java:725)
	at com.kms.katalon.core.webui.common.WebUiCommonHelper.findWebElement(WebUiCommonHelper.java:1416)
	at com.kms.katalon.core.webui.keyword.internal.WebUIAbstractKeyword.findWebElement(WebUIAbstractKeyword.groovy:27)
	at com.kms.katalon.core.webui.keyword.builtin.ClickKeyword$_click_closure1.doCall(ClickKeyword.groovy:65)
	at com.kms.katalon.core.webui.keyword.builtin.ClickKeyword$_click_closure1.call(ClickKeyword.groovy)
	at com.kms.katalon.core.webui.keyword.internal.WebUIKeywordMain.runKeyword(WebUIKeywordMain.groovy:20)
	... 20 more


13-08-2024T01:05:07 - [TEST_STEP][PASSED] - file = new java.io.FileInputStream(new java.io.File((java.lang.System.getProperty(user.dir) + \Data Files\dataFile.xlsx))): null

13-08-2024T01:05:07 - [TEST_STEP][PASSED] - workbook = new org.apache.poi.xssf.usermodel.XSSFWorkbook(file): null

13-08-2024T01:05:07 - [TEST_STEP][PASSED] - sheet = workbook.getSheetAt(0): null

13-08-2024T01:05:07 - [TEST_STEP][PASSED] - userEmail = getCell(0).getStringCellValue(): null

13-08-2024T01:05:07 - [TEST_STEP][PASSED] - password = getCell(1).getStringCellValue(): null

13-08-2024T01:05:07 - [TEST_STEP][PASSED] - callTestCase(findTestCase("Login/L002_Login"), ["UserEmail":userEmail, "Password":password], STOP_ON_FAILURE): Call Test Case 'Test Cases/Login/L002_Login' successfully

13-08-2024T01:05:07 - [MESSAGE][INFO] - Checking called Test Case

13-08-2024T01:05:07 - [MESSAGE][INFO] - Starting to call Test Case 'Test Cases/Login/L002_Login'

13-08-2024T01:05:07 - [TEST_CASE][PASSED] - Test Cases/Login/L002_Login: Test Cases/Login/L002_Login

13-08-2024T01:05:07 - [TEST_STEP][PASSED] - file = new java.io.FileInputStream(new java.io.File((java.lang.System.getProperty(user.dir) + \Data Files\dataFile.xlsx))): null

13-08-2024T01:05:07 - [TEST_STEP][PASSED] - workbook = new org.apache.poi.xssf.usermodel.XSSFWorkbook(file): null

13-08-2024T01:05:07 - [TEST_STEP][PASSED] - sheet = workbook.getSheetAt(0): null

13-08-2024T01:05:07 - [TEST_STEP][PASSED] - userEmail = getCell(0).getStringCellValue(): null

13-08-2024T01:05:07 - [TEST_STEP][PASSED] - password = getCell(1).getStringCellValue(): null

13-08-2024T01:05:07 - [TEST_STEP][PASSED] - UserEmail = userEmail: null

13-08-2024T01:05:07 - [TEST_STEP][PASSED] - Password = password: null

13-08-2024T01:05:07 - [TEST_STEP][PASSED] - openBrowser(""): Browser is opened with url: ''

13-08-2024T01:05:07 - [MESSAGE][INFO] - Opening browser

13-08-2024T01:05:07 - [MESSAGE][INFO] - Starting 'Chrome' driver

13-08-2024T01:05:07 - [MESSAGE][INFO] - Action delay is set to 0 milliseconds

13-08-2024T01:05:08 - [MESSAGE][PASSED] - Browser is opened with url: ''

13-08-2024T01:05:08 - [TEST_STEP][PASSED] - navigateToUrl("http://automationexercise.com/"): Navigate to 'http://automationexercise.com/' successfully

13-08-2024T01:05:08 - [MESSAGE][INFO] - Checking url

13-08-2024T01:05:08 - [MESSAGE][INFO] - Navigating to 'http://automationexercise.com/'

13-08-2024T01:05:11 - [MESSAGE][PASSED] - Navigate to 'http://automationexercise.com/' successfully

13-08-2024T01:05:11 - [TEST_STEP][PASSED] - waitForElementVisible(findTestObject("Object Repository/Login/Menu_Home"), Long_Timeout): Object 'Object Repository/Login/Menu_Home' is visible

13-08-2024T01:05:11 - [MESSAGE][INFO] - Finding Test Object 'Object Repository/Login/Menu_Home'

13-08-2024T01:05:11 - [MESSAGE][INFO] - Checking object

13-08-2024T01:05:11 - [MESSAGE][INFO] - Checking timeout

13-08-2024T01:05:11 - [MESSAGE][INFO] - Finding web element from Test Object's properties

13-08-2024T01:05:11 - [MESSAGE][INFO] - Checking timeout

13-08-2024T01:05:11 - [MESSAGE][INFO] - Finding web element with id: 'Object Repository/Login/Menu_Home' located by 'By.xpath: //a[@href="/" and contains(.,'Home')]' in '60' second(s)

13-08-2024T01:05:11 - [MESSAGE][INFO] - Smart Wait Function is triggered

13-08-2024T01:05:12 - [MESSAGE][INFO] - Found 1 web elements with id: 'Object Repository/Login/Menu_Home' located by 'By.xpath: //a[@href="/" and contains(.,'Home')]' in '60' second(s)

13-08-2024T01:05:12 - [MESSAGE][PASSED] - Object 'Object Repository/Login/Menu_Home' is visible

13-08-2024T01:05:12 - [TEST_STEP][PASSED] - verifyElementAttributeValue(findTestObject("Object Repository/Login/Menu_Home"), "style", "color: orange;", Short_Timeout): Object 'Object Repository/Login/Menu_Home' has attribute 'style' with value 'color: orange;'

13-08-2024T01:05:12 - [MESSAGE][INFO] - Finding Test Object 'Object Repository/Login/Menu_Home'

13-08-2024T01:05:12 - [MESSAGE][INFO] - Checking object

13-08-2024T01:05:12 - [MESSAGE][INFO] - Checking attribute name

13-08-2024T01:05:12 - [MESSAGE][INFO] - Checking timeout

13-08-2024T01:05:12 - [MESSAGE][INFO] - Finding web element from Test Object's properties

13-08-2024T01:05:12 - [MESSAGE][INFO] - Checking timeout

13-08-2024T01:05:12 - [MESSAGE][INFO] - Finding web element with id: 'Object Repository/Login/Menu_Home' located by 'By.xpath: //a[@href="/" and contains(.,'Home')]' in '30' second(s)

13-08-2024T01:05:12 - [MESSAGE][INFO] - Smart Wait Function is triggered

13-08-2024T01:05:13 - [MESSAGE][INFO] - Found 1 web elements with id: 'Object Repository/Login/Menu_Home' located by 'By.xpath: //a[@href="/" and contains(.,'Home')]' in '30' second(s)

13-08-2024T01:05:13 - [MESSAGE][PASSED] - Object 'Object Repository/Login/Menu_Home' has attribute 'style' with value 'color: orange;'

13-08-2024T01:05:13 - [TEST_STEP][PASSED] - verifyElementVisible(findTestObject("Object Repository/Login/img_Home"), OPTIONAL): Object 'Object Repository/Login/img_Home' is visible

13-08-2024T01:05:13 - [MESSAGE][INFO] - Finding Test Object 'Object Repository/Login/img_Home'

13-08-2024T01:05:13 - [MESSAGE][INFO] - Checking object

13-08-2024T01:05:13 - [MESSAGE][INFO] - Finding web element from Test Object's properties

13-08-2024T01:05:13 - [MESSAGE][INFO] - Checking timeout

13-08-2024T01:05:13 - [MESSAGE][INFO] - Finding web element with id: 'Object Repository/Login/img_Home' located by 'By.xpath: //a[@href="/" ]//img' in '30' second(s)

13-08-2024T01:05:13 - [MESSAGE][INFO] - Smart Wait Function is triggered

13-08-2024T01:05:13 - [MESSAGE][INFO] - Found 1 web elements with id: 'Object Repository/Login/img_Home' located by 'By.xpath: //a[@href="/" ]//img' in '30' second(s)

13-08-2024T01:05:13 - [MESSAGE][PASSED] - Object 'Object Repository/Login/img_Home' is visible

13-08-2024T01:05:13 - [TEST_STEP][PASSED] - click(findTestObject("Object Repository/Login/btn_Signup-Login")): Object: 'Object Repository/Login/btn_Signup-Login' is clicked on

13-08-2024T01:05:13 - [MESSAGE][INFO] - Finding Test Object 'Object Repository/Login/btn_Signup-Login'

13-08-2024T01:05:13 - [MESSAGE][INFO] - Checking object

13-08-2024T01:05:13 - [MESSAGE][INFO] - Checking timeout

13-08-2024T01:05:13 - [MESSAGE][INFO] - Finding web element from Test Object's properties

13-08-2024T01:05:13 - [MESSAGE][INFO] - Checking timeout

13-08-2024T01:05:13 - [MESSAGE][INFO] - Finding web element with id: 'Object Repository/Login/btn_Signup-Login' located by 'By.xpath: //a[@href="/login" and contains(.,'Signup / Login')]' in '30' second(s)

13-08-2024T01:05:13 - [MESSAGE][INFO] - Smart Wait Function is triggered

13-08-2024T01:05:13 - [MESSAGE][INFO] - Found 1 web elements with id: 'Object Repository/Login/btn_Signup-Login' located by 'By.xpath: //a[@href="/login" and contains(.,'Signup / Login')]' in '30' second(s)

13-08-2024T01:05:13 - [MESSAGE][INFO] - Clicking on object: 'Object Repository/Login/btn_Signup-Login'

13-08-2024T01:05:15 - [MESSAGE][PASSED] - Object: 'Object Repository/Login/btn_Signup-Login' is clicked on

13-08-2024T01:05:15 - [TEST_STEP][PASSED] - verifyElementText(findTestObject("Object Repository/Login/Verify_Logintoyouraccount"), "Login to your account"): Actual text and expected text of test object 'Object Repository/Login/Verify_Logintoyouraccount' are matched.

13-08-2024T01:05:15 - [MESSAGE][INFO] - Finding Test Object 'Object Repository/Login/Verify_Logintoyouraccount'

13-08-2024T01:05:15 - [MESSAGE][INFO] - Checking object

13-08-2024T01:05:15 - [MESSAGE][INFO] - Finding web element from Test Object's properties

13-08-2024T01:05:15 - [MESSAGE][INFO] - Checking timeout

13-08-2024T01:05:15 - [MESSAGE][INFO] - Finding web element with id: 'Object Repository/Login/Verify_Logintoyouraccount' located by 'By.xpath: //h2[text()='Login to your account']' in '30' second(s)

13-08-2024T01:05:15 - [MESSAGE][INFO] - Smart Wait Function is triggered

13-08-2024T01:05:15 - [MESSAGE][INFO] - Found 1 web elements with id: 'Object Repository/Login/Verify_Logintoyouraccount' located by 'By.xpath: //h2[text()='Login to your account']' in '30' second(s)

13-08-2024T01:05:15 - [MESSAGE][PASSED] - Actual text and expected text of test object 'Object Repository/Login/Verify_Logintoyouraccount' are matched.

13-08-2024T01:05:15 - [TEST_STEP][PASSED] - setText(findTestObject("Object Repository/Login/txt_EmailAddress"), UserEmail): Text 'Test13082024@763.com' is set on object 'Object Repository/Login/txt_EmailAddress'

13-08-2024T01:05:15 - [MESSAGE][INFO] - Finding Test Object 'Object Repository/Login/txt_EmailAddress'

13-08-2024T01:05:15 - [MESSAGE][INFO] - Checking object

13-08-2024T01:05:15 - [MESSAGE][INFO] - Checking text

13-08-2024T01:05:15 - [MESSAGE][INFO] - Finding web element from Test Object's properties

13-08-2024T01:05:15 - [MESSAGE][INFO] - Checking timeout

13-08-2024T01:05:15 - [MESSAGE][INFO] - Finding web element with id: 'Object Repository/Login/txt_EmailAddress' located by 'By.xpath: //input[@data-qa='login-email']' in '30' second(s)

13-08-2024T01:05:15 - [MESSAGE][INFO] - Smart Wait Function is triggered

13-08-2024T01:05:16 - [MESSAGE][INFO] - Found 1 web elements with id: 'Object Repository/Login/txt_EmailAddress' located by 'By.xpath: //input[@data-qa='login-email']' in '30' second(s)

13-08-2024T01:05:16 - [MESSAGE][INFO] - Clearing text of object 'Object Repository/Login/txt_EmailAddress'

13-08-2024T01:05:16 - [MESSAGE][INFO] - Finding web element from Test Object's properties

13-08-2024T01:05:16 - [MESSAGE][INFO] - Checking timeout

13-08-2024T01:05:16 - [MESSAGE][INFO] - Finding web element with id: 'Object Repository/Login/txt_EmailAddress' located by 'By.xpath: //input[@data-qa='login-email']' in '30' second(s)

13-08-2024T01:05:16 - [MESSAGE][INFO] - Smart Wait Function is triggered

13-08-2024T01:05:16 - [MESSAGE][INFO] - Found 1 web elements with id: 'Object Repository/Login/txt_EmailAddress' located by 'By.xpath: //input[@data-qa='login-email']' in '30' second(s)

13-08-2024T01:05:16 - [MESSAGE][INFO] - Setting text of object 'Object Repository/Login/txt_EmailAddress' to value 'Test13082024@763.com'

13-08-2024T01:05:17 - [MESSAGE][PASSED] - Text 'Test13082024@763.com' is set on object 'Object Repository/Login/txt_EmailAddress'

13-08-2024T01:05:17 - [TEST_STEP][PASSED] - setText(findTestObject("Object Repository/Login/txt_password"), Password): Text 'Test13082024@763' is set on object 'Object Repository/Login/txt_password'

13-08-2024T01:05:17 - [MESSAGE][INFO] - Finding Test Object 'Object Repository/Login/txt_password'

13-08-2024T01:05:17 - [MESSAGE][INFO] - Checking object

13-08-2024T01:05:17 - [MESSAGE][INFO] - Checking text

13-08-2024T01:05:17 - [MESSAGE][INFO] - Finding web element from Test Object's properties

13-08-2024T01:05:17 - [MESSAGE][INFO] - Checking timeout

13-08-2024T01:05:17 - [MESSAGE][INFO] - Finding web element with id: 'Object Repository/Login/txt_password' located by 'By.xpath: //input[@data-qa='login-password']' in '30' second(s)

13-08-2024T01:05:17 - [MESSAGE][INFO] - Smart Wait Function is triggered

13-08-2024T01:05:17 - [MESSAGE][INFO] - Found 1 web elements with id: 'Object Repository/Login/txt_password' located by 'By.xpath: //input[@data-qa='login-password']' in '30' second(s)

13-08-2024T01:05:17 - [MESSAGE][INFO] - Clearing text of object 'Object Repository/Login/txt_password'

13-08-2024T01:05:17 - [MESSAGE][INFO] - Finding web element from Test Object's properties

13-08-2024T01:05:17 - [MESSAGE][INFO] - Checking timeout

13-08-2024T01:05:17 - [MESSAGE][INFO] - Finding web element with id: 'Object Repository/Login/txt_password' located by 'By.xpath: //input[@data-qa='login-password']' in '30' second(s)

13-08-2024T01:05:17 - [MESSAGE][INFO] - Smart Wait Function is triggered

13-08-2024T01:05:17 - [MESSAGE][INFO] - Found 1 web elements with id: 'Object Repository/Login/txt_password' located by 'By.xpath: //input[@data-qa='login-password']' in '30' second(s)

13-08-2024T01:05:17 - [MESSAGE][INFO] - Setting text of object 'Object Repository/Login/txt_password' to value 'Test13082024@763'

13-08-2024T01:05:17 - [MESSAGE][PASSED] - Text 'Test13082024@763' is set on object 'Object Repository/Login/txt_password'

13-08-2024T01:05:17 - [TEST_STEP][PASSED] - click(findTestObject("Object Repository/Login/btn_Login")): Object: 'Object Repository/Login/btn_Login' is clicked on

13-08-2024T01:05:17 - [MESSAGE][INFO] - Finding Test Object 'Object Repository/Login/btn_Login'

13-08-2024T01:05:17 - [MESSAGE][INFO] - Checking object

13-08-2024T01:05:17 - [MESSAGE][INFO] - Checking timeout

13-08-2024T01:05:17 - [MESSAGE][INFO] - Finding web element from Test Object's properties

13-08-2024T01:05:17 - [MESSAGE][INFO] - Checking timeout

13-08-2024T01:05:17 - [MESSAGE][INFO] - Finding web element with id: 'Object Repository/Login/btn_Login' located by 'By.xpath: //button[@data-qa='login-button']' in '30' second(s)

13-08-2024T01:05:17 - [MESSAGE][INFO] - Smart Wait Function is triggered

13-08-2024T01:05:18 - [MESSAGE][INFO] - Found 1 web elements with id: 'Object Repository/Login/btn_Login' located by 'By.xpath: //button[@data-qa='login-button']' in '30' second(s)

13-08-2024T01:05:18 - [MESSAGE][INFO] - Clicking on object: 'Object Repository/Login/btn_Login'

13-08-2024T01:05:19 - [MESSAGE][PASSED] - Object: 'Object Repository/Login/btn_Login' is clicked on

13-08-2024T01:05:19 - [TEST_STEP][PASSED] - verifyElementText(findTestObject("Object Repository/Account Info/verify_loggedinUser"), "KBC Automation"): Actual text and expected text of test object 'Object Repository/Account Info/verify_loggedinUser' are matched.

13-08-2024T01:05:19 - [MESSAGE][INFO] - Finding Test Object 'Object Repository/Account Info/verify_loggedinUser'

13-08-2024T01:05:19 - [MESSAGE][INFO] - Checking object

13-08-2024T01:05:19 - [MESSAGE][INFO] - Finding web element from Test Object's properties

13-08-2024T01:05:19 - [MESSAGE][INFO] - Checking timeout

13-08-2024T01:05:19 - [MESSAGE][INFO] - Finding web element with id: 'Object Repository/Account Info/verify_loggedinUser' located by 'By.xpath: //a[text()=' Logged in as ']/b' in '30' second(s)

13-08-2024T01:05:19 - [MESSAGE][INFO] - Smart Wait Function is triggered

13-08-2024T01:05:20 - [MESSAGE][INFO] - Found 1 web elements with id: 'Object Repository/Account Info/verify_loggedinUser' located by 'By.xpath: //a[text()=' Logged in as ']/b' in '30' second(s)

13-08-2024T01:05:20 - [MESSAGE][PASSED] - Actual text and expected text of test object 'Object Repository/Account Info/verify_loggedinUser' are matched.

13-08-2024T01:05:20 - [TEST_STEP][PASSED] - closeBrowser(): Browser is closed

13-08-2024T01:05:20 - [MESSAGE][INFO] - Closing browser

13-08-2024T01:05:21 - [MESSAGE][PASSED] - Browser is closed

13-08-2024T01:05:21 - [MESSAGE][PASSED] - Call Test Case 'Test Cases/Login/L002_Login' successfully

13-08-2024T01:05:21 - [TEST_STEP][FAILED] - click(findTestObject("Object Repository/Login/btn_Logout")): Unable to click on object 'Object Repository/Login/btn_Logout' (Root cause: com.kms.katalon.core.exception.StepFailedException: Unable to click on object 'Object Repository/Login/btn_Logout'
	at com.kms.katalon.core.webui.keyword.internal.WebUIKeywordMain.stepFailed(WebUIKeywordMain.groovy:64)
	at com.kms.katalon.core.webui.keyword.internal.WebUIKeywordMain.runKeyword(WebUIKeywordMain.groovy:26)
	at com.kms.katalon.core.webui.keyword.builtin.ClickKeyword.click(ClickKeyword.groovy:74)
	at com.kms.katalon.core.webui.keyword.builtin.ClickKeyword.execute(ClickKeyword.groovy:40)
	at com.kms.katalon.core.keyword.internal.KeywordExecutor.executeKeywordForPlatform(KeywordExecutor.groovy:74)
	at com.kms.katalon.core.webui.keyword.WebUiBuiltInKeywords.click(WebUiBuiltInKeywords.groovy:659)
	at L005_Logout.run(L005_Logout:36)
	at com.kms.katalon.core.main.ScriptEngine.run(ScriptEngine.java:194)
	at com.kms.katalon.core.main.ScriptEngine.runScriptAsRawText(ScriptEngine.java:119)
	at com.kms.katalon.core.main.TestCaseExecutor.runScript(TestCaseExecutor.java:448)
	at com.kms.katalon.core.main.TestCaseExecutor.doExecute(TestCaseExecutor.java:439)
	at com.kms.katalon.core.main.TestCaseExecutor.processExecutionPhase(TestCaseExecutor.java:418)
	at com.kms.katalon.core.main.TestCaseExecutor.accessMainPhase(TestCaseExecutor.java:410)
	at com.kms.katalon.core.main.TestCaseExecutor.execute(TestCaseExecutor.java:285)
	at com.kms.katalon.core.common.CommonExecutor.accessTestCaseMainPhase(CommonExecutor.java:65)
	at com.kms.katalon.core.main.TestSuiteExecutor.accessTestSuiteMainPhase(TestSuiteExecutor.java:150)
	at com.kms.katalon.core.main.TestSuiteExecutor.execute(TestSuiteExecutor.java:106)
	at com.kms.katalon.core.main.TestCaseMain.startTestSuite(TestCaseMain.java:180)
	at TempTestSuite1723491202827.run(TempTestSuite1723491202827.groovy:35)
	at java.base/jdk.internal.reflect.NativeMethodAccessorImpl.invoke0(Native Method)
	at java.base/jdk.internal.reflect.NativeMethodAccessorImpl.invoke(NativeMethodAccessorImpl.java:77)
	at java.base/jdk.internal.reflect.DelegatingMethodAccessorImpl.invoke(DelegatingMethodAccessorImpl.java:43)
Caused by: org.openqa.selenium.NoSuchSessionException: Session ID is null. Using WebDriver after calling quit()?
Build info: version: '3.141.59', revision: 'unknown', time: 'unknown'
System info: host: 'KRUPAL_CHAVDA', ip: '192.168.1.7', os.name: 'Windows 11', os.arch: 'amd64', os.version: '10.0', java.version: '17.0.7'
Driver info: driver.version: RemoteWebDriver
	at org.openqa.selenium.remote.HttpCommandExecutor.execute(HttpCommandExecutor.java:125)
	at org.openqa.selenium.remote.service.DriverCommandExecutor.execute(DriverCommandExecutor.java:83)
	at org.openqa.selenium.remote.RemoteWebDriver.execute(RemoteWebDriver.java:552)
	at com.kms.katalon.selenium.driver.CChromeDriver.execute(CChromeDriver.java:19)
	at org.openqa.selenium.remote.RemoteWebDriver.findElements(RemoteWebDriver.java:353)
	at org.openqa.selenium.remote.RemoteWebDriver.findElementsByXPath(RemoteWebDriver.java:432)
	at org.openqa.selenium.By$ByXPath.findElements(By.java:348)
	at org.openqa.selenium.remote.RemoteWebDriver.findElements(RemoteWebDriver.java:311)
	at com.kms.katalon.core.webui.common.WebUiCommonHelper.findElementByNormalMethods(WebUiCommonHelper.java:1036)
	at com.kms.katalon.core.webui.common.WebUiCommonHelper.findElementsBySelectedMethod(WebUiCommonHelper.java:921)
	at com.kms.katalon.core.webui.common.WebUiCommonHelper.findElementsBySelectedMethod(WebUiCommonHelper.java:902)
	at com.kms.katalon.core.webui.common.WebUiCommonHelper.findElementsBySelectedMethod(WebUiCommonHelper.java:897)
	at com.kms.katalon.core.webui.common.WebUiCommonHelper.findElementsByDefault(WebUiCommonHelper.java:893)
	at com.kms.katalon.core.webui.common.WebUiCommonHelper.findWebElements(WebUiCommonHelper.java:725)
	at com.kms.katalon.core.webui.common.WebUiCommonHelper.findWebElement(WebUiCommonHelper.java:1416)
	at com.kms.katalon.core.webui.keyword.internal.WebUIAbstractKeyword.findWebElement(WebUIAbstractKeyword.groovy:27)
	at com.kms.katalon.core.webui.keyword.builtin.ClickKeyword$_click_closure1.doCall(ClickKeyword.groovy:65)
	at com.kms.katalon.core.webui.keyword.builtin.ClickKeyword$_click_closure1.call(ClickKeyword.groovy)
	at com.kms.katalon.core.webui.keyword.internal.WebUIKeywordMain.runKeyword(WebUIKeywordMain.groovy:20)
	at com.kms.katalon.core.webui.keyword.builtin.ClickKeyword.click(ClickKeyword.groovy:74)
	at com.kms.katalon.core.webui.keyword.builtin.ClickKeyword.execute(ClickKeyword.groovy:40)
	at com.kms.katalon.core.keyword.internal.KeywordExecutor.executeKeywordForPlatform(KeywordExecutor.groovy:74)
	at com.kms.katalon.core.webui.keyword.WebUiBuiltInKeywords.click(WebUiBuiltInKeywords.groovy:659)
	at Script1723488728571.run(Script1723488728571.groovy:36)
	... 15 more
)

13-08-2024T01:05:21 - [MESSAGE][INFO] - Finding Test Object 'Object Repository/Login/btn_Logout'

13-08-2024T01:05:21 - [MESSAGE][INFO] - Checking object

13-08-2024T01:05:21 - [MESSAGE][INFO] - Checking timeout

13-08-2024T01:05:21 - [MESSAGE][INFO] - Finding web element from Test Object's properties

13-08-2024T01:05:21 - [MESSAGE][INFO] - Checking timeout

13-08-2024T01:05:21 - [MESSAGE][INFO] - Finding web element with id: 'Object Repository/Login/btn_Logout' located by 'By.xpath: //a[@href='/logout']' in '30' second(s)

13-08-2024T01:05:21 - [MESSAGE][WARNING] - Cannot take screenshot

13-08-2024T01:05:21 - [MESSAGE][FAILED] - Unable to click on object 'Object Repository/Login/btn_Logout' (Root cause: com.kms.katalon.core.exception.StepFailedException: Unable to click on object 'Object Repository/Login/btn_Logout'
	at com.kms.katalon.core.webui.keyword.internal.WebUIKeywordMain.stepFailed(WebUIKeywordMain.groovy:64)
	at com.kms.katalon.core.webui.keyword.internal.WebUIKeywordMain.runKeyword(WebUIKeywordMain.groovy:26)
	at com.kms.katalon.core.webui.keyword.builtin.ClickKeyword.click(ClickKeyword.groovy:74)
	at com.kms.katalon.core.webui.keyword.builtin.ClickKeyword.execute(ClickKeyword.groovy:40)
	at com.kms.katalon.core.keyword.internal.KeywordExecutor.executeKeywordForPlatform(KeywordExecutor.groovy:74)
	at com.kms.katalon.core.webui.keyword.WebUiBuiltInKeywords.click(WebUiBuiltInKeywords.groovy:659)
	at L005_Logout.run(L005_Logout:36)
	at com.kms.katalon.core.main.ScriptEngine.run(ScriptEngine.java:194)
	at com.kms.katalon.core.main.ScriptEngine.runScriptAsRawText(ScriptEngine.java:119)
	at com.kms.katalon.core.main.TestCaseExecutor.runScript(TestCaseExecutor.java:448)
	at com.kms.katalon.core.main.TestCaseExecutor.doExecute(TestCaseExecutor.java:439)
	at com.kms.katalon.core.main.TestCaseExecutor.processExecutionPhase(TestCaseExecutor.java:418)
	at com.kms.katalon.core.main.TestCaseExecutor.accessMainPhase(TestCaseExecutor.java:410)
	at com.kms.katalon.core.main.TestCaseExecutor.execute(TestCaseExecutor.java:285)
	at com.kms.katalon.core.common.CommonExecutor.accessTestCaseMainPhase(CommonExecutor.java:65)
	at com.kms.katalon.core.main.TestSuiteExecutor.accessTestSuiteMainPhase(TestSuiteExecutor.java:150)
	at com.kms.katalon.core.main.TestSuiteExecutor.execute(TestSuiteExecutor.java:106)
	at com.kms.katalon.core.main.TestCaseMain.startTestSuite(TestCaseMain.java:180)
	at TempTestSuite1723491202827.run(TempTestSuite1723491202827.groovy:35)
	at java.base/jdk.internal.reflect.NativeMethodAccessorImpl.invoke0(Native Method)
	at java.base/jdk.internal.reflect.NativeMethodAccessorImpl.invoke(NativeMethodAccessorImpl.java:77)
	at java.base/jdk.internal.reflect.DelegatingMethodAccessorImpl.invoke(DelegatingMethodAccessorImpl.java:43)
Caused by: org.openqa.selenium.NoSuchSessionException: Session ID is null. Using WebDriver after calling quit()?
Build info: version: '3.141.59', revision: 'unknown', time: 'unknown'
System info: host: 'KRUPAL_CHAVDA', ip: '192.168.1.7', os.name: 'Windows 11', os.arch: 'amd64', os.version: '10.0', java.version: '17.0.7'
Driver info: driver.version: RemoteWebDriver
	at org.openqa.selenium.remote.HttpCommandExecutor.execute(HttpCommandExecutor.java:125)
	at org.openqa.selenium.remote.service.DriverCommandExecutor.execute(DriverCommandExecutor.java:83)
	at org.openqa.selenium.remote.RemoteWebDriver.execute(RemoteWebDriver.java:552)
	at com.kms.katalon.selenium.driver.CChromeDriver.execute(CChromeDriver.java:19)
	at org.openqa.selenium.remote.RemoteWebDriver.findElements(RemoteWebDriver.java:353)
	at org.openqa.selenium.remote.RemoteWebDriver.findElementsByXPath(RemoteWebDriver.java:432)
	at org.openqa.selenium.By$ByXPath.findElements(By.java:348)
	at org.openqa.selenium.remote.RemoteWebDriver.findElements(RemoteWebDriver.java:311)
	at com.kms.katalon.core.webui.common.WebUiCommonHelper.findElementByNormalMethods(WebUiCommonHelper.java:1036)
	at com.kms.katalon.core.webui.common.WebUiCommonHelper.findElementsBySelectedMethod(WebUiCommonHelper.java:921)
	at com.kms.katalon.core.webui.common.WebUiCommonHelper.findElementsBySelectedMethod(WebUiCommonHelper.java:902)
	at com.kms.katalon.core.webui.common.WebUiCommonHelper.findElementsBySelectedMethod(WebUiCommonHelper.java:897)
	at com.kms.katalon.core.webui.common.WebUiCommonHelper.findElementsByDefault(WebUiCommonHelper.java:893)
	at com.kms.katalon.core.webui.common.WebUiCommonHelper.findWebElements(WebUiCommonHelper.java:725)
	at com.kms.katalon.core.webui.common.WebUiCommonHelper.findWebElement(WebUiCommonHelper.java:1416)
	at com.kms.katalon.core.webui.keyword.internal.WebUIAbstractKeyword.findWebElement(WebUIAbstractKeyword.groovy:27)
	at com.kms.katalon.core.webui.keyword.builtin.ClickKeyword$_click_closure1.doCall(ClickKeyword.groovy:65)
	at com.kms.katalon.core.webui.keyword.builtin.ClickKeyword$_click_closure1.call(ClickKeyword.groovy)
	at com.kms.katalon.core.webui.keyword.internal.WebUIKeywordMain.runKeyword(WebUIKeywordMain.groovy:20)
	at com.kms.katalon.core.webui.keyword.builtin.ClickKeyword.click(ClickKeyword.groovy:74)
	at com.kms.katalon.core.webui.keyword.builtin.ClickKeyword.execute(ClickKeyword.groovy:40)
	at com.kms.katalon.core.keyword.internal.KeywordExecutor.executeKeywordForPlatform(KeywordExecutor.groovy:74)
	at com.kms.katalon.core.webui.keyword.WebUiBuiltInKeywords.click(WebUiBuiltInKeywords.groovy:659)
	at Script1723488728571.run(Script1723488728571.groovy:36)
	... 15 more
)]]></system-out>
         <system-err><![CDATA[13-08-2024T01:05:07 - [TEST_CASE][FAILED] - Test Cases/Login/L005_Logout: Test Cases/Login/L005_Logout FAILED.
Reason:
com.kms.katalon.core.exception.StepFailedException: Unable to click on object 'Object Repository/Login/btn_Logout'
	at com.kms.katalon.core.webui.keyword.internal.WebUIKeywordMain.stepFailed(WebUIKeywordMain.groovy:64)
	at com.kms.katalon.core.webui.keyword.internal.WebUIKeywordMain.runKeyword(WebUIKeywordMain.groovy:26)
	at com.kms.katalon.core.webui.keyword.builtin.ClickKeyword.click(ClickKeyword.groovy:74)
	at com.kms.katalon.core.webui.keyword.builtin.ClickKeyword.execute(ClickKeyword.groovy:40)
	at com.kms.katalon.core.keyword.internal.KeywordExecutor.executeKeywordForPlatform(KeywordExecutor.groovy:74)
	at com.kms.katalon.core.webui.keyword.WebUiBuiltInKeywords.click(WebUiBuiltInKeywords.groovy:659)
	at L005_Logout.run(L005_Logout:36)
	at com.kms.katalon.core.main.ScriptEngine.run(ScriptEngine.java:194)
	at com.kms.katalon.core.main.ScriptEngine.runScriptAsRawText(ScriptEngine.java:119)
	at com.kms.katalon.core.main.TestCaseExecutor.runScript(TestCaseExecutor.java:448)
	at com.kms.katalon.core.main.TestCaseExecutor.doExecute(TestCaseExecutor.java:439)
	at com.kms.katalon.core.main.TestCaseExecutor.processExecutionPhase(TestCaseExecutor.java:418)
	at com.kms.katalon.core.main.TestCaseExecutor.accessMainPhase(TestCaseExecutor.java:410)
	at com.kms.katalon.core.main.TestCaseExecutor.execute(TestCaseExecutor.java:285)
	at com.kms.katalon.core.common.CommonExecutor.accessTestCaseMainPhase(CommonExecutor.java:65)
	at com.kms.katalon.core.main.TestSuiteExecutor.accessTestSuiteMainPhase(TestSuiteExecutor.java:150)
	at com.kms.katalon.core.main.TestSuiteExecutor.execute(TestSuiteExecutor.java:106)
	at com.kms.katalon.core.main.TestCaseMain.startTestSuite(TestCaseMain.java:180)
	at TempTestSuite1723491202827.run(TempTestSuite1723491202827.groovy:35)
	at java.base/jdk.internal.reflect.NativeMethodAccessorImpl.invoke0(Native Method)
	at java.base/jdk.internal.reflect.NativeMethodAccessorImpl.invoke(NativeMethodAccessorImpl.java:77)
	at java.base/jdk.internal.reflect.DelegatingMethodAccessorImpl.invoke(DelegatingMethodAccessorImpl.java:43)
Caused by: org.openqa.selenium.NoSuchSessionException: Session ID is null. Using WebDriver after calling quit()?
Build info: version: '3.141.59', revision: 'unknown', time: 'unknown'
System info: host: 'KRUPAL_CHAVDA', ip: '192.168.1.7', os.name: 'Windows 11', os.arch: 'amd64', os.version: '10.0', java.version: '17.0.7'
Driver info: driver.version: RemoteWebDriver
	at org.openqa.selenium.remote.HttpCommandExecutor.execute(HttpCommandExecutor.java:125)
	at org.openqa.selenium.remote.service.DriverCommandExecutor.execute(DriverCommandExecutor.java:83)
	at org.openqa.selenium.remote.RemoteWebDriver.execute(RemoteWebDriver.java:552)
	at com.kms.katalon.selenium.driver.CChromeDriver.execute(CChromeDriver.java:19)
	at org.openqa.selenium.remote.RemoteWebDriver.findElements(RemoteWebDriver.java:353)
	at org.openqa.selenium.remote.RemoteWebDriver.findElementsByXPath(RemoteWebDriver.java:432)
	at org.openqa.selenium.By$ByXPath.findElements(By.java:348)
	at org.openqa.selenium.remote.RemoteWebDriver.findElements(RemoteWebDriver.java:311)
	at com.kms.katalon.core.webui.common.WebUiCommonHelper.findElementByNormalMethods(WebUiCommonHelper.java:1036)
	at com.kms.katalon.core.webui.common.WebUiCommonHelper.findElementsBySelectedMethod(WebUiCommonHelper.java:921)
	at com.kms.katalon.core.webui.common.WebUiCommonHelper.findElementsBySelectedMethod(WebUiCommonHelper.java:902)
	at com.kms.katalon.core.webui.common.WebUiCommonHelper.findElementsBySelectedMethod(WebUiCommonHelper.java:897)
	at com.kms.katalon.core.webui.common.WebUiCommonHelper.findElementsByDefault(WebUiCommonHelper.java:893)
	at com.kms.katalon.core.webui.common.WebUiCommonHelper.findWebElements(WebUiCommonHelper.java:725)
	at com.kms.katalon.core.webui.common.WebUiCommonHelper.findWebElement(WebUiCommonHelper.java:1416)
	at com.kms.katalon.core.webui.keyword.internal.WebUIAbstractKeyword.findWebElement(WebUIAbstractKeyword.groovy:27)
	at com.kms.katalon.core.webui.keyword.builtin.ClickKeyword$_click_closure1.doCall(ClickKeyword.groovy:65)
	at com.kms.katalon.core.webui.keyword.builtin.ClickKeyword$_click_closure1.call(ClickKeyword.groovy)
	at com.kms.katalon.core.webui.keyword.internal.WebUIKeywordMain.runKeyword(WebUIKeywordMain.groovy:20)
	... 20 more]]></system-err>
      </testcase>
      <testcase name="Test Cases/Login/L003_Login User with correct email and password" time="15.623" classname="Test Cases/Login/L003_Login User with correct email and password" status="FAILED">
         <failure type="FAILED" message="Test Cases/Login/L003_Login User with correct email and password FAILED.&#xa;Reason:&#xa;com.kms.katalon.core.exception.StepFailedException: Verify element text of test object 'Object Repository/Account Info/verify_loggedinUser' FAILED.&#xa;	at com.kms.katalon.core.webui.keyword.internal.WebUIKeywordMain.stepFailed(WebUIKeywordMain.groovy:64)&#xa;	at com.kms.katalon.core.webui.keyword.internal.WebUIKeywordMain.runKeyword(WebUIKeywordMain.groovy:26)&#xa;	at com.kms.katalon.core.webui.keyword.builtin.VerifyElementTextKeyword.verifyElementText(VerifyElementTextKeyword.groovy:72)&#xa;	at com.kms.katalon.core.webui.keyword.builtin.VerifyElementTextKeyword.execute(VerifyElementTextKeyword.groovy:40)&#xa;	at com.kms.katalon.core.keyword.internal.KeywordExecutor.executeKeywordForPlatform(KeywordExecutor.groovy:74)&#xa;	at com.kms.katalon.core.webui.keyword.WebUiBuiltInKeywords.verifyElementText(WebUiBuiltInKeywords.groovy:4835)&#xa;	at L003_Login User with correct email and password.run(L003_Login User with correct email and password:23)&#xa;	at com.kms.katalon.core.main.ScriptEngine.run(ScriptEngine.java:194)&#xa;	at com.kms.katalon.core.main.ScriptEngine.runScriptAsRawText(ScriptEngine.java:119)&#xa;	at com.kms.katalon.core.main.TestCaseExecutor.runScript(TestCaseExecutor.java:448)&#xa;	at com.kms.katalon.core.main.TestCaseExecutor.doExecute(TestCaseExecutor.java:439)&#xa;	at com.kms.katalon.core.main.TestCaseExecutor.processExecutionPhase(TestCaseExecutor.java:418)&#xa;	at com.kms.katalon.core.main.TestCaseExecutor.accessMainPhase(TestCaseExecutor.java:410)&#xa;	at com.kms.katalon.core.main.TestCaseExecutor.execute(TestCaseExecutor.java:285)&#xa;	at com.kms.katalon.core.common.CommonExecutor.accessTestCaseMainPhase(CommonExecutor.java:65)&#xa;	at com.kms.katalon.core.main.TestSuiteExecutor.accessTestSuiteMainPhase(TestSuiteExecutor.java:150)&#xa;	at com.kms.katalon.core.main.TestSuiteExecutor.execute(TestSuiteExecutor.java:106)&#xa;	at com.kms.katalon.core.main.TestCaseMain.startTestSuite(TestCaseMain.java:180)&#xa;	at TempTestSuite1723491202827.run(TempTestSuite1723491202827.groovy:35)&#xa;	at java.base/jdk.internal.reflect.NativeMethodAccessorImpl.invoke0(Native Method)&#xa;	at java.base/jdk.internal.reflect.NativeMethodAccessorImpl.invoke(NativeMethodAccessorImpl.java:77)&#xa;	at java.base/jdk.internal.reflect.DelegatingMethodAccessorImpl.invoke(DelegatingMethodAccessorImpl.java:43)&#xa;Caused by: org.openqa.selenium.NoSuchSessionException: Session ID is null. Using WebDriver after calling quit()?&#xa;Build info: version: '3.141.59', revision: 'unknown', time: 'unknown'&#xa;System info: host: 'KRUPAL_CHAVDA', ip: '192.168.1.7', os.name: 'Windows 11', os.arch: 'amd64', os.version: '10.0', java.version: '17.0.7'&#xa;Driver info: driver.version: RemoteWebDriver&#xa;	at org.openqa.selenium.remote.HttpCommandExecutor.execute(HttpCommandExecutor.java:125)&#xa;	at org.openqa.selenium.remote.service.DriverCommandExecutor.execute(DriverCommandExecutor.java:83)&#xa;	at org.openqa.selenium.remote.RemoteWebDriver.execute(RemoteWebDriver.java:552)&#xa;	at com.kms.katalon.selenium.driver.CChromeDriver.execute(CChromeDriver.java:19)&#xa;	at org.openqa.selenium.remote.RemoteWebDriver.findElements(RemoteWebDriver.java:353)&#xa;	at org.openqa.selenium.remote.RemoteWebDriver.findElementsByXPath(RemoteWebDriver.java:432)&#xa;	at org.openqa.selenium.By$ByXPath.findElements(By.java:348)&#xa;	at org.openqa.selenium.remote.RemoteWebDriver.findElements(RemoteWebDriver.java:311)&#xa;	at com.kms.katalon.core.webui.common.WebUiCommonHelper.findElementByNormalMethods(WebUiCommonHelper.java:1036)&#xa;	at com.kms.katalon.core.webui.common.WebUiCommonHelper.findElementsBySelectedMethod(WebUiCommonHelper.java:921)&#xa;	at com.kms.katalon.core.webui.common.WebUiCommonHelper.findElementsBySelectedMethod(WebUiCommonHelper.java:902)&#xa;	at com.kms.katalon.core.webui.common.WebUiCommonHelper.findElementsBySelectedMethod(WebUiCommonHelper.java:897)&#xa;	at com.kms.katalon.core.webui.common.WebUiCommonHelper.findElementsByDefault(WebUiCommonHelper.java:893)&#xa;	at com.kms.katalon.core.webui.common.WebUiCommonHelper.findWebElements(WebUiCommonHelper.java:725)&#xa;	at com.kms.katalon.core.webui.common.WebUiCommonHelper.findWebElement(WebUiCommonHelper.java:1416)&#xa;	at com.kms.katalon.core.webui.keyword.internal.WebUIAbstractKeyword.findWebElement(WebUIAbstractKeyword.groovy:27)&#xa;	at com.kms.katalon.core.webui.keyword.builtin.VerifyElementTextKeyword$_verifyElementText_closure1.doCall(VerifyElementTextKeyword.groovy:52)&#xa;	at com.kms.katalon.core.webui.keyword.builtin.VerifyElementTextKeyword$_verifyElementText_closure1.call(VerifyElementTextKeyword.groovy)&#xa;	at com.kms.katalon.core.webui.keyword.internal.WebUIKeywordMain.runKeyword(WebUIKeywordMain.groovy:20)&#xa;	... 20 more&#xa;"/>
         <system-out><![CDATA[13-08-2024T01:05:21 - [TEST_CASE][FAILED] - Test Cases/Login/L003_Login User with correct email and password: Test Cases/Login/L003_Login User with correct email and password FAILED.
Reason:
com.kms.katalon.core.exception.StepFailedException: Verify element text of test object 'Object Repository/Account Info/verify_loggedinUser' FAILED.
	at com.kms.katalon.core.webui.keyword.internal.WebUIKeywordMain.stepFailed(WebUIKeywordMain.groovy:64)
	at com.kms.katalon.core.webui.keyword.internal.WebUIKeywordMain.runKeyword(WebUIKeywordMain.groovy:26)
	at com.kms.katalon.core.webui.keyword.builtin.VerifyElementTextKeyword.verifyElementText(VerifyElementTextKeyword.groovy:72)
	at com.kms.katalon.core.webui.keyword.builtin.VerifyElementTextKeyword.execute(VerifyElementTextKeyword.groovy:40)
	at com.kms.katalon.core.keyword.internal.KeywordExecutor.executeKeywordForPlatform(KeywordExecutor.groovy:74)
	at com.kms.katalon.core.webui.keyword.WebUiBuiltInKeywords.verifyElementText(WebUiBuiltInKeywords.groovy:4835)
	at L003_Login User with correct email and password.run(L003_Login User with correct email and password:23)
	at com.kms.katalon.core.main.ScriptEngine.run(ScriptEngine.java:194)
	at com.kms.katalon.core.main.ScriptEngine.runScriptAsRawText(ScriptEngine.java:119)
	at com.kms.katalon.core.main.TestCaseExecutor.runScript(TestCaseExecutor.java:448)
	at com.kms.katalon.core.main.TestCaseExecutor.doExecute(TestCaseExecutor.java:439)
	at com.kms.katalon.core.main.TestCaseExecutor.processExecutionPhase(TestCaseExecutor.java:418)
	at com.kms.katalon.core.main.TestCaseExecutor.accessMainPhase(TestCaseExecutor.java:410)
	at com.kms.katalon.core.main.TestCaseExecutor.execute(TestCaseExecutor.java:285)
	at com.kms.katalon.core.common.CommonExecutor.accessTestCaseMainPhase(CommonExecutor.java:65)
	at com.kms.katalon.core.main.TestSuiteExecutor.accessTestSuiteMainPhase(TestSuiteExecutor.java:150)
	at com.kms.katalon.core.main.TestSuiteExecutor.execute(TestSuiteExecutor.java:106)
	at com.kms.katalon.core.main.TestCaseMain.startTestSuite(TestCaseMain.java:180)
	at TempTestSuite1723491202827.run(TempTestSuite1723491202827.groovy:35)
	at java.base/jdk.internal.reflect.NativeMethodAccessorImpl.invoke0(Native Method)
	at java.base/jdk.internal.reflect.NativeMethodAccessorImpl.invoke(NativeMethodAccessorImpl.java:77)
	at java.base/jdk.internal.reflect.DelegatingMethodAccessorImpl.invoke(DelegatingMethodAccessorImpl.java:43)
Caused by: org.openqa.selenium.NoSuchSessionException: Session ID is null. Using WebDriver after calling quit()?
Build info: version: '3.141.59', revision: 'unknown', time: 'unknown'
System info: host: 'KRUPAL_CHAVDA', ip: '192.168.1.7', os.name: 'Windows 11', os.arch: 'amd64', os.version: '10.0', java.version: '17.0.7'
Driver info: driver.version: RemoteWebDriver
	at org.openqa.selenium.remote.HttpCommandExecutor.execute(HttpCommandExecutor.java:125)
	at org.openqa.selenium.remote.service.DriverCommandExecutor.execute(DriverCommandExecutor.java:83)
	at org.openqa.selenium.remote.RemoteWebDriver.execute(RemoteWebDriver.java:552)
	at com.kms.katalon.selenium.driver.CChromeDriver.execute(CChromeDriver.java:19)
	at org.openqa.selenium.remote.RemoteWebDriver.findElements(RemoteWebDriver.java:353)
	at org.openqa.selenium.remote.RemoteWebDriver.findElementsByXPath(RemoteWebDriver.java:432)
	at org.openqa.selenium.By$ByXPath.findElements(By.java:348)
	at org.openqa.selenium.remote.RemoteWebDriver.findElements(RemoteWebDriver.java:311)
	at com.kms.katalon.core.webui.common.WebUiCommonHelper.findElementByNormalMethods(WebUiCommonHelper.java:1036)
	at com.kms.katalon.core.webui.common.WebUiCommonHelper.findElementsBySelectedMethod(WebUiCommonHelper.java:921)
	at com.kms.katalon.core.webui.common.WebUiCommonHelper.findElementsBySelectedMethod(WebUiCommonHelper.java:902)
	at com.kms.katalon.core.webui.common.WebUiCommonHelper.findElementsBySelectedMethod(WebUiCommonHelper.java:897)
	at com.kms.katalon.core.webui.common.WebUiCommonHelper.findElementsByDefault(WebUiCommonHelper.java:893)
	at com.kms.katalon.core.webui.common.WebUiCommonHelper.findWebElements(WebUiCommonHelper.java:725)
	at com.kms.katalon.core.webui.common.WebUiCommonHelper.findWebElement(WebUiCommonHelper.java:1416)
	at com.kms.katalon.core.webui.keyword.internal.WebUIAbstractKeyword.findWebElement(WebUIAbstractKeyword.groovy:27)
	at com.kms.katalon.core.webui.keyword.builtin.VerifyElementTextKeyword$_verifyElementText_closure1.doCall(VerifyElementTextKeyword.groovy:52)
	at com.kms.katalon.core.webui.keyword.builtin.VerifyElementTextKeyword$_verifyElementText_closure1.call(VerifyElementTextKeyword.groovy)
	at com.kms.katalon.core.webui.keyword.internal.WebUIKeywordMain.runKeyword(WebUIKeywordMain.groovy:20)
	... 20 more


13-08-2024T01:05:21 - [TEST_STEP][PASSED] - file = new java.io.FileInputStream(new java.io.File((java.lang.System.getProperty(user.dir) + \Data Files\dataFile.xlsx))): null

13-08-2024T01:05:21 - [TEST_STEP][PASSED] - workbook = new org.apache.poi.xssf.usermodel.XSSFWorkbook(file): null

13-08-2024T01:05:21 - [TEST_STEP][PASSED] - sheet = workbook.getSheetAt(0): null

13-08-2024T01:05:21 - [TEST_STEP][PASSED] - userEmail = getCell(0).getStringCellValue(): null

13-08-2024T01:05:21 - [TEST_STEP][PASSED] - password = getCell(1).getStringCellValue(): null

13-08-2024T01:05:21 - [TEST_STEP][PASSED] - callTestCase(findTestCase("Login/L002_Login"), ["UserEmail":userEmail, "Password":password], STOP_ON_FAILURE): Call Test Case 'Test Cases/Login/L002_Login' successfully

13-08-2024T01:05:21 - [MESSAGE][INFO] - Checking called Test Case

13-08-2024T01:05:21 - [MESSAGE][INFO] - Starting to call Test Case 'Test Cases/Login/L002_Login'

13-08-2024T01:05:21 - [TEST_CASE][PASSED] - Test Cases/Login/L002_Login: Test Cases/Login/L002_Login

13-08-2024T01:05:21 - [TEST_STEP][PASSED] - file = new java.io.FileInputStream(new java.io.File((java.lang.System.getProperty(user.dir) + \Data Files\dataFile.xlsx))): null

13-08-2024T01:05:21 - [TEST_STEP][PASSED] - workbook = new org.apache.poi.xssf.usermodel.XSSFWorkbook(file): null

13-08-2024T01:05:21 - [TEST_STEP][PASSED] - sheet = workbook.getSheetAt(0): null

13-08-2024T01:05:21 - [TEST_STEP][PASSED] - userEmail = getCell(0).getStringCellValue(): null

13-08-2024T01:05:21 - [TEST_STEP][PASSED] - password = getCell(1).getStringCellValue(): null

13-08-2024T01:05:21 - [TEST_STEP][PASSED] - UserEmail = userEmail: null

13-08-2024T01:05:21 - [TEST_STEP][PASSED] - Password = password: null

13-08-2024T01:05:21 - [TEST_STEP][PASSED] - openBrowser(""): Browser is opened with url: ''

13-08-2024T01:05:21 - [MESSAGE][INFO] - Opening browser

13-08-2024T01:05:21 - [MESSAGE][INFO] - Starting 'Chrome' driver

13-08-2024T01:05:21 - [MESSAGE][INFO] - Action delay is set to 0 milliseconds

13-08-2024T01:05:22 - [MESSAGE][PASSED] - Browser is opened with url: ''

13-08-2024T01:05:22 - [TEST_STEP][PASSED] - navigateToUrl("http://automationexercise.com/"): Navigate to 'http://automationexercise.com/' successfully

13-08-2024T01:05:22 - [MESSAGE][INFO] - Checking url

13-08-2024T01:05:22 - [MESSAGE][INFO] - Navigating to 'http://automationexercise.com/'

13-08-2024T01:05:25 - [MESSAGE][PASSED] - Navigate to 'http://automationexercise.com/' successfully

13-08-2024T01:05:25 - [TEST_STEP][PASSED] - waitForElementVisible(findTestObject("Object Repository/Login/Menu_Home"), Long_Timeout): Object 'Object Repository/Login/Menu_Home' is visible

13-08-2024T01:05:25 - [MESSAGE][INFO] - Finding Test Object 'Object Repository/Login/Menu_Home'

13-08-2024T01:05:25 - [MESSAGE][INFO] - Checking object

13-08-2024T01:05:25 - [MESSAGE][INFO] - Checking timeout

13-08-2024T01:05:25 - [MESSAGE][INFO] - Finding web element from Test Object's properties

13-08-2024T01:05:25 - [MESSAGE][INFO] - Checking timeout

13-08-2024T01:05:25 - [MESSAGE][INFO] - Finding web element with id: 'Object Repository/Login/Menu_Home' located by 'By.xpath: //a[@href="/" and contains(.,'Home')]' in '60' second(s)

13-08-2024T01:05:25 - [MESSAGE][INFO] - Smart Wait Function is triggered

13-08-2024T01:05:26 - [MESSAGE][INFO] - Found 1 web elements with id: 'Object Repository/Login/Menu_Home' located by 'By.xpath: //a[@href="/" and contains(.,'Home')]' in '60' second(s)

13-08-2024T01:05:26 - [MESSAGE][PASSED] - Object 'Object Repository/Login/Menu_Home' is visible

13-08-2024T01:05:26 - [TEST_STEP][PASSED] - verifyElementAttributeValue(findTestObject("Object Repository/Login/Menu_Home"), "style", "color: orange;", Short_Timeout): Object 'Object Repository/Login/Menu_Home' has attribute 'style' with value 'color: orange;'

13-08-2024T01:05:26 - [MESSAGE][INFO] - Finding Test Object 'Object Repository/Login/Menu_Home'

13-08-2024T01:05:26 - [MESSAGE][INFO] - Checking object

13-08-2024T01:05:26 - [MESSAGE][INFO] - Checking attribute name

13-08-2024T01:05:26 - [MESSAGE][INFO] - Checking timeout

13-08-2024T01:05:26 - [MESSAGE][INFO] - Finding web element from Test Object's properties

13-08-2024T01:05:26 - [MESSAGE][INFO] - Checking timeout

13-08-2024T01:05:26 - [MESSAGE][INFO] - Finding web element with id: 'Object Repository/Login/Menu_Home' located by 'By.xpath: //a[@href="/" and contains(.,'Home')]' in '30' second(s)

13-08-2024T01:05:26 - [MESSAGE][INFO] - Smart Wait Function is triggered

13-08-2024T01:05:27 - [MESSAGE][INFO] - Found 1 web elements with id: 'Object Repository/Login/Menu_Home' located by 'By.xpath: //a[@href="/" and contains(.,'Home')]' in '30' second(s)

13-08-2024T01:05:27 - [MESSAGE][PASSED] - Object 'Object Repository/Login/Menu_Home' has attribute 'style' with value 'color: orange;'

13-08-2024T01:05:27 - [TEST_STEP][PASSED] - verifyElementVisible(findTestObject("Object Repository/Login/img_Home"), OPTIONAL): Object 'Object Repository/Login/img_Home' is visible

13-08-2024T01:05:27 - [MESSAGE][INFO] - Finding Test Object 'Object Repository/Login/img_Home'

13-08-2024T01:05:27 - [MESSAGE][INFO] - Checking object

13-08-2024T01:05:27 - [MESSAGE][INFO] - Finding web element from Test Object's properties

13-08-2024T01:05:27 - [MESSAGE][INFO] - Checking timeout

13-08-2024T01:05:27 - [MESSAGE][INFO] - Finding web element with id: 'Object Repository/Login/img_Home' located by 'By.xpath: //a[@href="/" ]//img' in '30' second(s)

13-08-2024T01:05:27 - [MESSAGE][INFO] - Smart Wait Function is triggered

13-08-2024T01:05:27 - [MESSAGE][INFO] - Found 1 web elements with id: 'Object Repository/Login/img_Home' located by 'By.xpath: //a[@href="/" ]//img' in '30' second(s)

13-08-2024T01:05:27 - [MESSAGE][PASSED] - Object 'Object Repository/Login/img_Home' is visible

13-08-2024T01:05:27 - [TEST_STEP][PASSED] - click(findTestObject("Object Repository/Login/btn_Signup-Login")): Object: 'Object Repository/Login/btn_Signup-Login' is clicked on

13-08-2024T01:05:27 - [MESSAGE][INFO] - Finding Test Object 'Object Repository/Login/btn_Signup-Login'

13-08-2024T01:05:27 - [MESSAGE][INFO] - Checking object

13-08-2024T01:05:27 - [MESSAGE][INFO] - Checking timeout

13-08-2024T01:05:27 - [MESSAGE][INFO] - Finding web element from Test Object's properties

13-08-2024T01:05:27 - [MESSAGE][INFO] - Checking timeout

13-08-2024T01:05:27 - [MESSAGE][INFO] - Finding web element with id: 'Object Repository/Login/btn_Signup-Login' located by 'By.xpath: //a[@href="/login" and contains(.,'Signup / Login')]' in '30' second(s)

13-08-2024T01:05:27 - [MESSAGE][INFO] - Smart Wait Function is triggered

13-08-2024T01:05:27 - [MESSAGE][INFO] - Found 1 web elements with id: 'Object Repository/Login/btn_Signup-Login' located by 'By.xpath: //a[@href="/login" and contains(.,'Signup / Login')]' in '30' second(s)

13-08-2024T01:05:27 - [MESSAGE][INFO] - Clicking on object: 'Object Repository/Login/btn_Signup-Login'

13-08-2024T01:05:30 - [MESSAGE][PASSED] - Object: 'Object Repository/Login/btn_Signup-Login' is clicked on

13-08-2024T01:05:30 - [TEST_STEP][PASSED] - verifyElementText(findTestObject("Object Repository/Login/Verify_Logintoyouraccount"), "Login to your account"): Actual text and expected text of test object 'Object Repository/Login/Verify_Logintoyouraccount' are matched.

13-08-2024T01:05:30 - [MESSAGE][INFO] - Finding Test Object 'Object Repository/Login/Verify_Logintoyouraccount'

13-08-2024T01:05:30 - [MESSAGE][INFO] - Checking object

13-08-2024T01:05:30 - [MESSAGE][INFO] - Finding web element from Test Object's properties

13-08-2024T01:05:30 - [MESSAGE][INFO] - Checking timeout

13-08-2024T01:05:30 - [MESSAGE][INFO] - Finding web element with id: 'Object Repository/Login/Verify_Logintoyouraccount' located by 'By.xpath: //h2[text()='Login to your account']' in '30' second(s)

13-08-2024T01:05:30 - [MESSAGE][INFO] - Smart Wait Function is triggered

13-08-2024T01:05:30 - [MESSAGE][INFO] - Found 1 web elements with id: 'Object Repository/Login/Verify_Logintoyouraccount' located by 'By.xpath: //h2[text()='Login to your account']' in '30' second(s)

13-08-2024T01:05:30 - [MESSAGE][PASSED] - Actual text and expected text of test object 'Object Repository/Login/Verify_Logintoyouraccount' are matched.

13-08-2024T01:05:30 - [TEST_STEP][PASSED] - setText(findTestObject("Object Repository/Login/txt_EmailAddress"), UserEmail): Text 'Test13082024@763.com' is set on object 'Object Repository/Login/txt_EmailAddress'

13-08-2024T01:05:30 - [MESSAGE][INFO] - Finding Test Object 'Object Repository/Login/txt_EmailAddress'

13-08-2024T01:05:30 - [MESSAGE][INFO] - Checking object

13-08-2024T01:05:30 - [MESSAGE][INFO] - Checking text

13-08-2024T01:05:30 - [MESSAGE][INFO] - Finding web element from Test Object's properties

13-08-2024T01:05:30 - [MESSAGE][INFO] - Checking timeout

13-08-2024T01:05:30 - [MESSAGE][INFO] - Finding web element with id: 'Object Repository/Login/txt_EmailAddress' located by 'By.xpath: //input[@data-qa='login-email']' in '30' second(s)

13-08-2024T01:05:30 - [MESSAGE][INFO] - Smart Wait Function is triggered

13-08-2024T01:05:31 - [MESSAGE][INFO] - Found 1 web elements with id: 'Object Repository/Login/txt_EmailAddress' located by 'By.xpath: //input[@data-qa='login-email']' in '30' second(s)

13-08-2024T01:05:31 - [MESSAGE][INFO] - Clearing text of object 'Object Repository/Login/txt_EmailAddress'

13-08-2024T01:05:31 - [MESSAGE][INFO] - Finding web element from Test Object's properties

13-08-2024T01:05:31 - [MESSAGE][INFO] - Checking timeout

13-08-2024T01:05:31 - [MESSAGE][INFO] - Finding web element with id: 'Object Repository/Login/txt_EmailAddress' located by 'By.xpath: //input[@data-qa='login-email']' in '30' second(s)

13-08-2024T01:05:31 - [MESSAGE][INFO] - Smart Wait Function is triggered

13-08-2024T01:05:31 - [MESSAGE][INFO] - Found 1 web elements with id: 'Object Repository/Login/txt_EmailAddress' located by 'By.xpath: //input[@data-qa='login-email']' in '30' second(s)

13-08-2024T01:05:31 - [MESSAGE][INFO] - Setting text of object 'Object Repository/Login/txt_EmailAddress' to value 'Test13082024@763.com'

13-08-2024T01:05:31 - [MESSAGE][PASSED] - Text 'Test13082024@763.com' is set on object 'Object Repository/Login/txt_EmailAddress'

13-08-2024T01:05:31 - [TEST_STEP][PASSED] - setText(findTestObject("Object Repository/Login/txt_password"), Password): Text 'Test13082024@763' is set on object 'Object Repository/Login/txt_password'

13-08-2024T01:05:31 - [MESSAGE][INFO] - Finding Test Object 'Object Repository/Login/txt_password'

13-08-2024T01:05:31 - [MESSAGE][INFO] - Checking object

13-08-2024T01:05:31 - [MESSAGE][INFO] - Checking text

13-08-2024T01:05:31 - [MESSAGE][INFO] - Finding web element from Test Object's properties

13-08-2024T01:05:31 - [MESSAGE][INFO] - Checking timeout

13-08-2024T01:05:31 - [MESSAGE][INFO] - Finding web element with id: 'Object Repository/Login/txt_password' located by 'By.xpath: //input[@data-qa='login-password']' in '30' second(s)

13-08-2024T01:05:31 - [MESSAGE][INFO] - Smart Wait Function is triggered

13-08-2024T01:05:31 - [MESSAGE][INFO] - Found 1 web elements with id: 'Object Repository/Login/txt_password' located by 'By.xpath: //input[@data-qa='login-password']' in '30' second(s)

13-08-2024T01:05:31 - [MESSAGE][INFO] - Clearing text of object 'Object Repository/Login/txt_password'

13-08-2024T01:05:32 - [MESSAGE][INFO] - Finding web element from Test Object's properties

13-08-2024T01:05:32 - [MESSAGE][INFO] - Checking timeout

13-08-2024T01:05:32 - [MESSAGE][INFO] - Finding web element with id: 'Object Repository/Login/txt_password' located by 'By.xpath: //input[@data-qa='login-password']' in '30' second(s)

13-08-2024T01:05:32 - [MESSAGE][INFO] - Smart Wait Function is triggered

13-08-2024T01:05:32 - [MESSAGE][INFO] - Found 1 web elements with id: 'Object Repository/Login/txt_password' located by 'By.xpath: //input[@data-qa='login-password']' in '30' second(s)

13-08-2024T01:05:32 - [MESSAGE][INFO] - Setting text of object 'Object Repository/Login/txt_password' to value 'Test13082024@763'

13-08-2024T01:05:32 - [MESSAGE][PASSED] - Text 'Test13082024@763' is set on object 'Object Repository/Login/txt_password'

13-08-2024T01:05:32 - [TEST_STEP][PASSED] - click(findTestObject("Object Repository/Login/btn_Login")): Object: 'Object Repository/Login/btn_Login' is clicked on

13-08-2024T01:05:32 - [MESSAGE][INFO] - Finding Test Object 'Object Repository/Login/btn_Login'

13-08-2024T01:05:32 - [MESSAGE][INFO] - Checking object

13-08-2024T01:05:32 - [MESSAGE][INFO] - Checking timeout

13-08-2024T01:05:32 - [MESSAGE][INFO] - Finding web element from Test Object's properties

13-08-2024T01:05:32 - [MESSAGE][INFO] - Checking timeout

13-08-2024T01:05:32 - [MESSAGE][INFO] - Finding web element with id: 'Object Repository/Login/btn_Login' located by 'By.xpath: //button[@data-qa='login-button']' in '30' second(s)

13-08-2024T01:05:32 - [MESSAGE][INFO] - Smart Wait Function is triggered

13-08-2024T01:05:32 - [MESSAGE][INFO] - Found 1 web elements with id: 'Object Repository/Login/btn_Login' located by 'By.xpath: //button[@data-qa='login-button']' in '30' second(s)

13-08-2024T01:05:32 - [MESSAGE][INFO] - Clicking on object: 'Object Repository/Login/btn_Login'

13-08-2024T01:05:35 - [MESSAGE][PASSED] - Object: 'Object Repository/Login/btn_Login' is clicked on

13-08-2024T01:05:35 - [TEST_STEP][PASSED] - verifyElementText(findTestObject("Object Repository/Account Info/verify_loggedinUser"), "KBC Automation"): Actual text and expected text of test object 'Object Repository/Account Info/verify_loggedinUser' are matched.

13-08-2024T01:05:35 - [MESSAGE][INFO] - Finding Test Object 'Object Repository/Account Info/verify_loggedinUser'

13-08-2024T01:05:35 - [MESSAGE][INFO] - Checking object

13-08-2024T01:05:35 - [MESSAGE][INFO] - Finding web element from Test Object's properties

13-08-2024T01:05:35 - [MESSAGE][INFO] - Checking timeout

13-08-2024T01:05:35 - [MESSAGE][INFO] - Finding web element with id: 'Object Repository/Account Info/verify_loggedinUser' located by 'By.xpath: //a[text()=' Logged in as ']/b' in '30' second(s)

13-08-2024T01:05:35 - [MESSAGE][INFO] - Smart Wait Function is triggered

13-08-2024T01:05:35 - [MESSAGE][INFO] - Found 1 web elements with id: 'Object Repository/Account Info/verify_loggedinUser' located by 'By.xpath: //a[text()=' Logged in as ']/b' in '30' second(s)

13-08-2024T01:05:35 - [MESSAGE][PASSED] - Actual text and expected text of test object 'Object Repository/Account Info/verify_loggedinUser' are matched.

13-08-2024T01:05:35 - [TEST_STEP][PASSED] - closeBrowser(): Browser is closed

13-08-2024T01:05:35 - [MESSAGE][INFO] - Closing browser

13-08-2024T01:05:36 - [MESSAGE][PASSED] - Browser is closed

13-08-2024T01:05:36 - [MESSAGE][PASSED] - Call Test Case 'Test Cases/Login/L002_Login' successfully

13-08-2024T01:05:36 - [TEST_STEP][FAILED] - verifyElementText(findTestObject("Object Repository/Account Info/verify_loggedinUser"), "KBC Automation"): Verify element text of test object 'Object Repository/Account Info/verify_loggedinUser' FAILED. (Root cause: com.kms.katalon.core.exception.StepFailedException: Verify element text of test object 'Object Repository/Account Info/verify_loggedinUser' FAILED.
	at com.kms.katalon.core.webui.keyword.internal.WebUIKeywordMain.stepFailed(WebUIKeywordMain.groovy:64)
	at com.kms.katalon.core.webui.keyword.internal.WebUIKeywordMain.runKeyword(WebUIKeywordMain.groovy:26)
	at com.kms.katalon.core.webui.keyword.builtin.VerifyElementTextKeyword.verifyElementText(VerifyElementTextKeyword.groovy:72)
	at com.kms.katalon.core.webui.keyword.builtin.VerifyElementTextKeyword.execute(VerifyElementTextKeyword.groovy:40)
	at com.kms.katalon.core.keyword.internal.KeywordExecutor.executeKeywordForPlatform(KeywordExecutor.groovy:74)
	at com.kms.katalon.core.webui.keyword.WebUiBuiltInKeywords.verifyElementText(WebUiBuiltInKeywords.groovy:4835)
	at L003_Login User with correct email and password.run(L003_Login User with correct email and password:23)
	at com.kms.katalon.core.main.ScriptEngine.run(ScriptEngine.java:194)
	at com.kms.katalon.core.main.ScriptEngine.runScriptAsRawText(ScriptEngine.java:119)
	at com.kms.katalon.core.main.TestCaseExecutor.runScript(TestCaseExecutor.java:448)
	at com.kms.katalon.core.main.TestCaseExecutor.doExecute(TestCaseExecutor.java:439)
	at com.kms.katalon.core.main.TestCaseExecutor.processExecutionPhase(TestCaseExecutor.java:418)
	at com.kms.katalon.core.main.TestCaseExecutor.accessMainPhase(TestCaseExecutor.java:410)
	at com.kms.katalon.core.main.TestCaseExecutor.execute(TestCaseExecutor.java:285)
	at com.kms.katalon.core.common.CommonExecutor.accessTestCaseMainPhase(CommonExecutor.java:65)
	at com.kms.katalon.core.main.TestSuiteExecutor.accessTestSuiteMainPhase(TestSuiteExecutor.java:150)
	at com.kms.katalon.core.main.TestSuiteExecutor.execute(TestSuiteExecutor.java:106)
	at com.kms.katalon.core.main.TestCaseMain.startTestSuite(TestCaseMain.java:180)
	at TempTestSuite1723491202827.run(TempTestSuite1723491202827.groovy:35)
	at java.base/jdk.internal.reflect.NativeMethodAccessorImpl.invoke0(Native Method)
	at java.base/jdk.internal.reflect.NativeMethodAccessorImpl.invoke(NativeMethodAccessorImpl.java:77)
	at java.base/jdk.internal.reflect.DelegatingMethodAccessorImpl.invoke(DelegatingMethodAccessorImpl.java:43)
Caused by: org.openqa.selenium.NoSuchSessionException: Session ID is null. Using WebDriver after calling quit()?
Build info: version: '3.141.59', revision: 'unknown', time: 'unknown'
System info: host: 'KRUPAL_CHAVDA', ip: '192.168.1.7', os.name: 'Windows 11', os.arch: 'amd64', os.version: '10.0', java.version: '17.0.7'
Driver info: driver.version: RemoteWebDriver
	at org.openqa.selenium.remote.HttpCommandExecutor.execute(HttpCommandExecutor.java:125)
	at org.openqa.selenium.remote.service.DriverCommandExecutor.execute(DriverCommandExecutor.java:83)
	at org.openqa.selenium.remote.RemoteWebDriver.execute(RemoteWebDriver.java:552)
	at com.kms.katalon.selenium.driver.CChromeDriver.execute(CChromeDriver.java:19)
	at org.openqa.selenium.remote.RemoteWebDriver.findElements(RemoteWebDriver.java:353)
	at org.openqa.selenium.remote.RemoteWebDriver.findElementsByXPath(RemoteWebDriver.java:432)
	at org.openqa.selenium.By$ByXPath.findElements(By.java:348)
	at org.openqa.selenium.remote.RemoteWebDriver.findElements(RemoteWebDriver.java:311)
	at com.kms.katalon.core.webui.common.WebUiCommonHelper.findElementByNormalMethods(WebUiCommonHelper.java:1036)
	at com.kms.katalon.core.webui.common.WebUiCommonHelper.findElementsBySelectedMethod(WebUiCommonHelper.java:921)
	at com.kms.katalon.core.webui.common.WebUiCommonHelper.findElementsBySelectedMethod(WebUiCommonHelper.java:902)
	at com.kms.katalon.core.webui.common.WebUiCommonHelper.findElementsBySelectedMethod(WebUiCommonHelper.java:897)
	at com.kms.katalon.core.webui.common.WebUiCommonHelper.findElementsByDefault(WebUiCommonHelper.java:893)
	at com.kms.katalon.core.webui.common.WebUiCommonHelper.findWebElements(WebUiCommonHelper.java:725)
	at com.kms.katalon.core.webui.common.WebUiCommonHelper.findWebElement(WebUiCommonHelper.java:1416)
	at com.kms.katalon.core.webui.keyword.internal.WebUIAbstractKeyword.findWebElement(WebUIAbstractKeyword.groovy:27)
	at com.kms.katalon.core.webui.keyword.builtin.VerifyElementTextKeyword$_verifyElementText_closure1.doCall(VerifyElementTextKeyword.groovy:52)
	at com.kms.katalon.core.webui.keyword.builtin.VerifyElementTextKeyword$_verifyElementText_closure1.call(VerifyElementTextKeyword.groovy)
	at com.kms.katalon.core.webui.keyword.internal.WebUIKeywordMain.runKeyword(WebUIKeywordMain.groovy:20)
	at com.kms.katalon.core.webui.keyword.builtin.VerifyElementTextKeyword.verifyElementText(VerifyElementTextKeyword.groovy:72)
	at com.kms.katalon.core.webui.keyword.builtin.VerifyElementTextKeyword.execute(VerifyElementTextKeyword.groovy:40)
	at com.kms.katalon.core.keyword.internal.KeywordExecutor.executeKeywordForPlatform(KeywordExecutor.groovy:74)
	at com.kms.katalon.core.webui.keyword.WebUiBuiltInKeywords.verifyElementText(WebUiBuiltInKeywords.groovy:4835)
	at Script1723488716106.run(Script1723488716106.groovy:23)
	... 15 more
)

13-08-2024T01:05:36 - [MESSAGE][INFO] - Finding Test Object 'Object Repository/Account Info/verify_loggedinUser'

13-08-2024T01:05:36 - [MESSAGE][INFO] - Checking object

13-08-2024T01:05:36 - [MESSAGE][INFO] - Finding web element from Test Object's properties

13-08-2024T01:05:36 - [MESSAGE][INFO] - Checking timeout

13-08-2024T01:05:36 - [MESSAGE][INFO] - Finding web element with id: 'Object Repository/Account Info/verify_loggedinUser' located by 'By.xpath: //a[text()=' Logged in as ']/b' in '30' second(s)

13-08-2024T01:05:36 - [MESSAGE][WARNING] - Cannot take screenshot

13-08-2024T01:05:36 - [MESSAGE][FAILED] - Verify element text of test object 'Object Repository/Account Info/verify_loggedinUser' FAILED. (Root cause: com.kms.katalon.core.exception.StepFailedException: Verify element text of test object 'Object Repository/Account Info/verify_loggedinUser' FAILED.
	at com.kms.katalon.core.webui.keyword.internal.WebUIKeywordMain.stepFailed(WebUIKeywordMain.groovy:64)
	at com.kms.katalon.core.webui.keyword.internal.WebUIKeywordMain.runKeyword(WebUIKeywordMain.groovy:26)
	at com.kms.katalon.core.webui.keyword.builtin.VerifyElementTextKeyword.verifyElementText(VerifyElementTextKeyword.groovy:72)
	at com.kms.katalon.core.webui.keyword.builtin.VerifyElementTextKeyword.execute(VerifyElementTextKeyword.groovy:40)
	at com.kms.katalon.core.keyword.internal.KeywordExecutor.executeKeywordForPlatform(KeywordExecutor.groovy:74)
	at com.kms.katalon.core.webui.keyword.WebUiBuiltInKeywords.verifyElementText(WebUiBuiltInKeywords.groovy:4835)
	at L003_Login User with correct email and password.run(L003_Login User with correct email and password:23)
	at com.kms.katalon.core.main.ScriptEngine.run(ScriptEngine.java:194)
	at com.kms.katalon.core.main.ScriptEngine.runScriptAsRawText(ScriptEngine.java:119)
	at com.kms.katalon.core.main.TestCaseExecutor.runScript(TestCaseExecutor.java:448)
	at com.kms.katalon.core.main.TestCaseExecutor.doExecute(TestCaseExecutor.java:439)
	at com.kms.katalon.core.main.TestCaseExecutor.processExecutionPhase(TestCaseExecutor.java:418)
	at com.kms.katalon.core.main.TestCaseExecutor.accessMainPhase(TestCaseExecutor.java:410)
	at com.kms.katalon.core.main.TestCaseExecutor.execute(TestCaseExecutor.java:285)
	at com.kms.katalon.core.common.CommonExecutor.accessTestCaseMainPhase(CommonExecutor.java:65)
	at com.kms.katalon.core.main.TestSuiteExecutor.accessTestSuiteMainPhase(TestSuiteExecutor.java:150)
	at com.kms.katalon.core.main.TestSuiteExecutor.execute(TestSuiteExecutor.java:106)
	at com.kms.katalon.core.main.TestCaseMain.startTestSuite(TestCaseMain.java:180)
	at TempTestSuite1723491202827.run(TempTestSuite1723491202827.groovy:35)
	at java.base/jdk.internal.reflect.NativeMethodAccessorImpl.invoke0(Native Method)
	at java.base/jdk.internal.reflect.NativeMethodAccessorImpl.invoke(NativeMethodAccessorImpl.java:77)
	at java.base/jdk.internal.reflect.DelegatingMethodAccessorImpl.invoke(DelegatingMethodAccessorImpl.java:43)
Caused by: org.openqa.selenium.NoSuchSessionException: Session ID is null. Using WebDriver after calling quit()?
Build info: version: '3.141.59', revision: 'unknown', time: 'unknown'
System info: host: 'KRUPAL_CHAVDA', ip: '192.168.1.7', os.name: 'Windows 11', os.arch: 'amd64', os.version: '10.0', java.version: '17.0.7'
Driver info: driver.version: RemoteWebDriver
	at org.openqa.selenium.remote.HttpCommandExecutor.execute(HttpCommandExecutor.java:125)
	at org.openqa.selenium.remote.service.DriverCommandExecutor.execute(DriverCommandExecutor.java:83)
	at org.openqa.selenium.remote.RemoteWebDriver.execute(RemoteWebDriver.java:552)
	at com.kms.katalon.selenium.driver.CChromeDriver.execute(CChromeDriver.java:19)
	at org.openqa.selenium.remote.RemoteWebDriver.findElements(RemoteWebDriver.java:353)
	at org.openqa.selenium.remote.RemoteWebDriver.findElementsByXPath(RemoteWebDriver.java:432)
	at org.openqa.selenium.By$ByXPath.findElements(By.java:348)
	at org.openqa.selenium.remote.RemoteWebDriver.findElements(RemoteWebDriver.java:311)
	at com.kms.katalon.core.webui.common.WebUiCommonHelper.findElementByNormalMethods(WebUiCommonHelper.java:1036)
	at com.kms.katalon.core.webui.common.WebUiCommonHelper.findElementsBySelectedMethod(WebUiCommonHelper.java:921)
	at com.kms.katalon.core.webui.common.WebUiCommonHelper.findElementsBySelectedMethod(WebUiCommonHelper.java:902)
	at com.kms.katalon.core.webui.common.WebUiCommonHelper.findElementsBySelectedMethod(WebUiCommonHelper.java:897)
	at com.kms.katalon.core.webui.common.WebUiCommonHelper.findElementsByDefault(WebUiCommonHelper.java:893)
	at com.kms.katalon.core.webui.common.WebUiCommonHelper.findWebElements(WebUiCommonHelper.java:725)
	at com.kms.katalon.core.webui.common.WebUiCommonHelper.findWebElement(WebUiCommonHelper.java:1416)
	at com.kms.katalon.core.webui.keyword.internal.WebUIAbstractKeyword.findWebElement(WebUIAbstractKeyword.groovy:27)
	at com.kms.katalon.core.webui.keyword.builtin.VerifyElementTextKeyword$_verifyElementText_closure1.doCall(VerifyElementTextKeyword.groovy:52)
	at com.kms.katalon.core.webui.keyword.builtin.VerifyElementTextKeyword$_verifyElementText_closure1.call(VerifyElementTextKeyword.groovy)
	at com.kms.katalon.core.webui.keyword.internal.WebUIKeywordMain.runKeyword(WebUIKeywordMain.groovy:20)
	at com.kms.katalon.core.webui.keyword.builtin.VerifyElementTextKeyword.verifyElementText(VerifyElementTextKeyword.groovy:72)
	at com.kms.katalon.core.webui.keyword.builtin.VerifyElementTextKeyword.execute(VerifyElementTextKeyword.groovy:40)
	at com.kms.katalon.core.keyword.internal.KeywordExecutor.executeKeywordForPlatform(KeywordExecutor.groovy:74)
	at com.kms.katalon.core.webui.keyword.WebUiBuiltInKeywords.verifyElementText(WebUiBuiltInKeywords.groovy:4835)
	at Script1723488716106.run(Script1723488716106.groovy:23)
	... 15 more
)]]></system-out>
         <system-err><![CDATA[13-08-2024T01:05:21 - [TEST_CASE][FAILED] - Test Cases/Login/L003_Login User with correct email and password: Test Cases/Login/L003_Login User with correct email and password FAILED.
Reason:
com.kms.katalon.core.exception.StepFailedException: Verify element text of test object 'Object Repository/Account Info/verify_loggedinUser' FAILED.
	at com.kms.katalon.core.webui.keyword.internal.WebUIKeywordMain.stepFailed(WebUIKeywordMain.groovy:64)
	at com.kms.katalon.core.webui.keyword.internal.WebUIKeywordMain.runKeyword(WebUIKeywordMain.groovy:26)
	at com.kms.katalon.core.webui.keyword.builtin.VerifyElementTextKeyword.verifyElementText(VerifyElementTextKeyword.groovy:72)
	at com.kms.katalon.core.webui.keyword.builtin.VerifyElementTextKeyword.execute(VerifyElementTextKeyword.groovy:40)
	at com.kms.katalon.core.keyword.internal.KeywordExecutor.executeKeywordForPlatform(KeywordExecutor.groovy:74)
	at com.kms.katalon.core.webui.keyword.WebUiBuiltInKeywords.verifyElementText(WebUiBuiltInKeywords.groovy:4835)
	at L003_Login User with correct email and password.run(L003_Login User with correct email and password:23)
	at com.kms.katalon.core.main.ScriptEngine.run(ScriptEngine.java:194)
	at com.kms.katalon.core.main.ScriptEngine.runScriptAsRawText(ScriptEngine.java:119)
	at com.kms.katalon.core.main.TestCaseExecutor.runScript(TestCaseExecutor.java:448)
	at com.kms.katalon.core.main.TestCaseExecutor.doExecute(TestCaseExecutor.java:439)
	at com.kms.katalon.core.main.TestCaseExecutor.processExecutionPhase(TestCaseExecutor.java:418)
	at com.kms.katalon.core.main.TestCaseExecutor.accessMainPhase(TestCaseExecutor.java:410)
	at com.kms.katalon.core.main.TestCaseExecutor.execute(TestCaseExecutor.java:285)
	at com.kms.katalon.core.common.CommonExecutor.accessTestCaseMainPhase(CommonExecutor.java:65)
	at com.kms.katalon.core.main.TestSuiteExecutor.accessTestSuiteMainPhase(TestSuiteExecutor.java:150)
	at com.kms.katalon.core.main.TestSuiteExecutor.execute(TestSuiteExecutor.java:106)
	at com.kms.katalon.core.main.TestCaseMain.startTestSuite(TestCaseMain.java:180)
	at TempTestSuite1723491202827.run(TempTestSuite1723491202827.groovy:35)
	at java.base/jdk.internal.reflect.NativeMethodAccessorImpl.invoke0(Native Method)
	at java.base/jdk.internal.reflect.NativeMethodAccessorImpl.invoke(NativeMethodAccessorImpl.java:77)
	at java.base/jdk.internal.reflect.DelegatingMethodAccessorImpl.invoke(DelegatingMethodAccessorImpl.java:43)
Caused by: org.openqa.selenium.NoSuchSessionException: Session ID is null. Using WebDriver after calling quit()?
Build info: version: '3.141.59', revision: 'unknown', time: 'unknown'
System info: host: 'KRUPAL_CHAVDA', ip: '192.168.1.7', os.name: 'Windows 11', os.arch: 'amd64', os.version: '10.0', java.version: '17.0.7'
Driver info: driver.version: RemoteWebDriver
	at org.openqa.selenium.remote.HttpCommandExecutor.execute(HttpCommandExecutor.java:125)
	at org.openqa.selenium.remote.service.DriverCommandExecutor.execute(DriverCommandExecutor.java:83)
	at org.openqa.selenium.remote.RemoteWebDriver.execute(RemoteWebDriver.java:552)
	at com.kms.katalon.selenium.driver.CChromeDriver.execute(CChromeDriver.java:19)
	at org.openqa.selenium.remote.RemoteWebDriver.findElements(RemoteWebDriver.java:353)
	at org.openqa.selenium.remote.RemoteWebDriver.findElementsByXPath(RemoteWebDriver.java:432)
	at org.openqa.selenium.By$ByXPath.findElements(By.java:348)
	at org.openqa.selenium.remote.RemoteWebDriver.findElements(RemoteWebDriver.java:311)
	at com.kms.katalon.core.webui.common.WebUiCommonHelper.findElementByNormalMethods(WebUiCommonHelper.java:1036)
	at com.kms.katalon.core.webui.common.WebUiCommonHelper.findElementsBySelectedMethod(WebUiCommonHelper.java:921)
	at com.kms.katalon.core.webui.common.WebUiCommonHelper.findElementsBySelectedMethod(WebUiCommonHelper.java:902)
	at com.kms.katalon.core.webui.common.WebUiCommonHelper.findElementsBySelectedMethod(WebUiCommonHelper.java:897)
	at com.kms.katalon.core.webui.common.WebUiCommonHelper.findElementsByDefault(WebUiCommonHelper.java:893)
	at com.kms.katalon.core.webui.common.WebUiCommonHelper.findWebElements(WebUiCommonHelper.java:725)
	at com.kms.katalon.core.webui.common.WebUiCommonHelper.findWebElement(WebUiCommonHelper.java:1416)
	at com.kms.katalon.core.webui.keyword.internal.WebUIAbstractKeyword.findWebElement(WebUIAbstractKeyword.groovy:27)
	at com.kms.katalon.core.webui.keyword.builtin.VerifyElementTextKeyword$_verifyElementText_closure1.doCall(VerifyElementTextKeyword.groovy:52)
	at com.kms.katalon.core.webui.keyword.builtin.VerifyElementTextKeyword$_verifyElementText_closure1.call(VerifyElementTextKeyword.groovy)
	at com.kms.katalon.core.webui.keyword.internal.WebUIKeywordMain.runKeyword(WebUIKeywordMain.groovy:20)
	... 20 more]]></system-err>
      </testcase>
      <testcase name="Test Cases/Login/L004_Login User with incorrect email and password" time="35.356" classname="Test Cases/Login/L004_Login User with incorrect email and password" status="FAILED">
         <failure type="FAILED" message="Test Cases/Login/L004_Login User with incorrect email and password FAILED.&#xa;Reason:&#xa;com.kms.katalon.core.exception.StepFailedException: Verify element text of test object 'Object Repository/Login/verify_invalidcreds' FAILED. (Root cause: com.kms.katalon.core.exception.StepFailedException: Verify element text of test object 'Object Repository/Login/verify_invalidcreds' FAILED.&#xa;	at com.kms.katalon.core.webui.keyword.internal.WebUIKeywordMain.stepFailed(WebUIKeywordMain.groovy:64)&#xa;	at com.kms.katalon.core.webui.keyword.internal.WebUIKeywordMain.runKeyword(WebUIKeywordMain.groovy:26)&#xa;	at com.kms.katalon.core.webui.keyword.builtin.VerifyElementTextKeyword.verifyElementText(VerifyElementTextKeyword.groovy:72)&#xa;	at com.kms.katalon.core.webui.keyword.builtin.VerifyElementTextKeyword.execute(VerifyElementTextKeyword.groovy:40)&#xa;	at com.kms.katalon.core.keyword.internal.KeywordExecutor.executeKeywordForPlatform(KeywordExecutor.groovy:74)&#xa;	at com.kms.katalon.core.webui.keyword.WebUiBuiltInKeywords.verifyElementText(WebUiBuiltInKeywords.groovy:4819)&#xa;	at L004_Login User with incorrect email and password.run(L004_Login User with incorrect email and password:25)&#xa;	at com.kms.katalon.core.main.ScriptEngine.run(ScriptEngine.java:194)&#xa;	at com.kms.katalon.core.main.ScriptEngine.runScriptAsRawText(ScriptEngine.java:119)&#xa;	at com.kms.katalon.core.main.TestCaseExecutor.runScript(TestCaseExecutor.java:448)&#xa;	at com.kms.katalon.core.main.TestCaseExecutor.doExecute(TestCaseExecutor.java:439)&#xa;	at com.kms.katalon.core.main.TestCaseExecutor.processExecutionPhase(TestCaseExecutor.java:418)&#xa;	at com.kms.katalon.core.main.TestCaseExecutor.accessMainPhase(TestCaseExecutor.java:410)&#xa;	at com.kms.katalon.core.main.TestCaseExecutor.execute(TestCaseExecutor.java:285)&#xa;	at com.kms.katalon.core.common.CommonExecutor.accessTestCaseMainPhase(CommonExecutor.java:65)&#xa;	at com.kms.katalon.core.main.TestSuiteExecutor.accessTestSuiteMainPhase(TestSuiteExecutor.java:150)&#xa;	at com.kms.katalon.core.main.TestSuiteExecutor.execute(TestSuiteExecutor.java:106)&#xa;	at com.kms.katalon.core.main.TestCaseMain.startTestSuite(TestCaseMain.java:180)&#xa;	at TempTestSuite1723491202827.run(TempTestSuite1723491202827.groovy:35)&#xa;	at java.base/jdk.internal.reflect.NativeMethodAccessorImpl.invoke0(Native Method)&#xa;	at java.base/jdk.internal.reflect.NativeMethodAccessorImpl.invoke(NativeMethodAccessorImpl.java:77)&#xa;	at java.base/jdk.internal.reflect.DelegatingMethodAccessorImpl.invoke(DelegatingMethodAccessorImpl.java:43)&#xa;Caused by: org.openqa.selenium.NoSuchSessionException: Session ID is null. Using WebDriver after calling quit()?&#xa;Build info: version: '3.141.59', revision: 'unknown', time: 'unknown'&#xa;System info: host: 'KRUPAL_CHAVDA', ip: '192.168.1.7', os.name: 'Windows 11', os.arch: 'amd64', os.version: '10.0', java.version: '17.0.7'&#xa;Driver info: driver.version: RemoteWebDriver&#xa;	at org.openqa.selenium.remote.HttpCommandExecutor.execute(HttpCommandExecutor.java:125)&#xa;	at org.openqa.selenium.remote.service.DriverCommandExecutor.execute(DriverCommandExecutor.java:83)&#xa;	at org.openqa.selenium.remote.RemoteWebDriver.execute(RemoteWebDriver.java:552)&#xa;	at com.kms.katalon.selenium.driver.CChromeDriver.execute(CChromeDriver.java:19)&#xa;	at org.openqa.selenium.remote.RemoteWebDriver.findElements(RemoteWebDriver.java:353)&#xa;	at org.openqa.selenium.remote.RemoteWebDriver.findElementsByXPath(RemoteWebDriver.java:432)&#xa;	at org.openqa.selenium.By$ByXPath.findElements(By.java:348)&#xa;	at org.openqa.selenium.remote.RemoteWebDriver.findElements(RemoteWebDriver.java:311)&#xa;	at com.kms.katalon.core.webui.common.WebUiCommonHelper.findElementByNormalMethods(WebUiCommonHelper.java:1036)&#xa;	at com.kms.katalon.core.webui.common.WebUiCommonHelper.findElementsBySelectedMethod(WebUiCommonHelper.java:921)&#xa;	at com.kms.katalon.core.webui.common.WebUiCommonHelper.findElementsBySelectedMethod(WebUiCommonHelper.java:902)&#xa;	at com.kms.katalon.core.webui.common.WebUiCommonHelper.findElementsBySelectedMethod(WebUiCommonHelper.java:897)&#xa;	at com.kms.katalon.core.webui.common.WebUiCommonHelper.findElementsByDefault(WebUiCommonHelper.java:893)&#xa;	at com.kms.katalon.core.webui.common.WebUiCommonHelper.findWebElements(WebUiCommonHelper.java:725)&#xa;	at com.kms.katalon.core.webui.common.WebUiCommonHelper.findWebElement(WebUiCommonHelper.java:1416)&#xa;	at com.kms.katalon.core.webui.keyword.internal.WebUIAbstractKeyword.findWebElement(WebUIAbstractKeyword.groovy:27)&#xa;	at com.kms.katalon.core.webui.keyword.builtin.VerifyElementTextKeyword$_verifyElementText_closure1.doCall(VerifyElementTextKeyword.groovy:52)&#xa;	at com.kms.katalon.core.webui.keyword.builtin.VerifyElementTextKeyword$_verifyElementText_closure1.call(VerifyElementTextKeyword.groovy)&#xa;	at com.kms.katalon.core.webui.keyword.internal.WebUIKeywordMain.runKeyword(WebUIKeywordMain.groovy:20)&#xa;	at com.kms.katalon.core.webui.keyword.builtin.VerifyElementTextKeyword.verifyElementText(VerifyElementTextKeyword.groovy:72)&#xa;	at com.kms.katalon.core.webui.keyword.builtin.VerifyElementTextKeyword.execute(VerifyElementTextKeyword.groovy:40)&#xa;	at com.kms.katalon.core.keyword.internal.KeywordExecutor.executeKeywordForPlatform(KeywordExecutor.groovy:74)&#xa;	at com.kms.katalon.core.webui.keyword.WebUiBuiltInKeywords.verifyElementText(WebUiBuiltInKeywords.groovy:4819)&#xa;	at Script1723488723876.run(Script1723488723876.groovy:25)&#xa;	... 15 more&#xa;)&#xa;	at com.kms.katalon.core.keyword.internal.KeywordMain.stepFailed(KeywordMain.groovy:39)&#xa;	at com.kms.katalon.core.webui.keyword.internal.WebUIKeywordMain.stepFailed(WebUIKeywordMain.groovy:64)&#xa;	at com.kms.katalon.core.webui.keyword.internal.WebUIKeywordMain.runKeyword(WebUIKeywordMain.groovy:26)&#xa;	at com.kms.katalon.core.webui.keyword.builtin.VerifyElementTextKeyword.verifyElementText(VerifyElementTextKeyword.groovy:72)&#xa;	at com.kms.katalon.core.webui.keyword.builtin.VerifyElementTextKeyword.execute(VerifyElementTextKeyword.groovy:40)&#xa;	at com.kms.katalon.core.keyword.internal.KeywordExecutor.executeKeywordForPlatform(KeywordExecutor.groovy:74)&#xa;	at com.kms.katalon.core.webui.keyword.WebUiBuiltInKeywords.verifyElementText(WebUiBuiltInKeywords.groovy:4819)&#xa;	at L004_Login User with incorrect email and password.run(L004_Login User with incorrect email and password:25)&#xa;	at com.kms.katalon.core.main.ScriptEngine.run(ScriptEngine.java:194)&#xa;	at com.kms.katalon.core.main.ScriptEngine.runScriptAsRawText(ScriptEngine.java:119)&#xa;	at com.kms.katalon.core.main.TestCaseExecutor.runScript(TestCaseExecutor.java:448)&#xa;	at com.kms.katalon.core.main.TestCaseExecutor.doExecute(TestCaseExecutor.java:439)&#xa;	at com.kms.katalon.core.main.TestCaseExecutor.processExecutionPhase(TestCaseExecutor.java:418)&#xa;	at com.kms.katalon.core.main.TestCaseExecutor.accessMainPhase(TestCaseExecutor.java:410)&#xa;	at com.kms.katalon.core.main.TestCaseExecutor.execute(TestCaseExecutor.java:285)&#xa;	at com.kms.katalon.core.common.CommonExecutor.accessTestCaseMainPhase(CommonExecutor.java:65)&#xa;	at com.kms.katalon.core.main.TestSuiteExecutor.accessTestSuiteMainPhase(TestSuiteExecutor.java:150)&#xa;	at com.kms.katalon.core.main.TestSuiteExecutor.execute(TestSuiteExecutor.java:106)&#xa;	at com.kms.katalon.core.main.TestCaseMain.startTestSuite(TestCaseMain.java:180)&#xa;	at TempTestSuite1723491202827.run(TempTestSuite1723491202827.groovy:35)&#xa;	at java.base/jdk.internal.reflect.NativeMethodAccessorImpl.invoke0(Native Method)&#xa;	at java.base/jdk.internal.reflect.NativeMethodAccessorImpl.invoke(NativeMethodAccessorImpl.java:77)&#xa;	at java.base/jdk.internal.reflect.DelegatingMethodAccessorImpl.invoke(DelegatingMethodAccessorImpl.java:43)&#xa;Caused by: com.kms.katalon.core.exception.StepFailedException: Verify element text of test object 'Object Repository/Login/verify_invalidcreds' FAILED.&#xa;	... 22 more&#xa;Caused by: org.openqa.selenium.NoSuchSessionException: Session ID is null. Using WebDriver after calling quit()?&#xa;Build info: version: '3.141.59', revision: 'unknown', time: 'unknown'&#xa;System info: host: 'KRUPAL_CHAVDA', ip: '192.168.1.7', os.name: 'Windows 11', os.arch: 'amd64', os.version: '10.0', java.version: '17.0.7'&#xa;Driver info: driver.version: RemoteWebDriver&#xa;	at org.openqa.selenium.remote.HttpCommandExecutor.execute(HttpCommandExecutor.java:125)&#xa;	at org.openqa.selenium.remote.service.DriverCommandExecutor.execute(DriverCommandExecutor.java:83)&#xa;	at org.openqa.selenium.remote.RemoteWebDriver.execute(RemoteWebDriver.java:552)&#xa;	at com.kms.katalon.selenium.driver.CChromeDriver.execute(CChromeDriver.java:19)&#xa;	at org.openqa.selenium.remote.RemoteWebDriver.findElements(RemoteWebDriver.java:353)&#xa;	at org.openqa.selenium.remote.RemoteWebDriver.findElementsByXPath(RemoteWebDriver.java:432)&#xa;	at org.openqa.selenium.By$ByXPath.findElements(By.java:348)&#xa;	at org.openqa.selenium.remote.RemoteWebDriver.findElements(RemoteWebDriver.java:311)&#xa;	at com.kms.katalon.core.webui.common.WebUiCommonHelper.findElementByNormalMethods(WebUiCommonHelper.java:1036)&#xa;	at com.kms.katalon.core.webui.common.WebUiCommonHelper.findElementsBySelectedMethod(WebUiCommonHelper.java:921)&#xa;	at com.kms.katalon.core.webui.common.WebUiCommonHelper.findElementsBySelectedMethod(WebUiCommonHelper.java:902)&#xa;	at com.kms.katalon.core.webui.common.WebUiCommonHelper.findElementsBySelectedMethod(WebUiCommonHelper.java:897)&#xa;	at com.kms.katalon.core.webui.common.WebUiCommonHelper.findElementsByDefault(WebUiCommonHelper.java:893)&#xa;	at com.kms.katalon.core.webui.common.WebUiCommonHelper.findWebElements(WebUiCommonHelper.java:725)&#xa;	at com.kms.katalon.core.webui.common.WebUiCommonHelper.findWebElement(WebUiCommonHelper.java:1416)&#xa;	at com.kms.katalon.core.webui.keyword.internal.WebUIAbstractKeyword.findWebElement(WebUIAbstractKeyword.groovy:27)&#xa;	at com.kms.katalon.core.webui.keyword.builtin.VerifyElementTextKeyword$_verifyElementText_closure1.doCall(VerifyElementTextKeyword.groovy:52)&#xa;	at com.kms.katalon.core.webui.keyword.builtin.VerifyElementTextKeyword$_verifyElementText_closure1.call(VerifyElementTextKeyword.groovy)&#xa;	at com.kms.katalon.core.webui.keyword.internal.WebUIKeywordMain.runKeyword(WebUIKeywordMain.groovy:20)&#xa;	... 20 more&#xa;"/>
         <system-out><![CDATA[13-08-2024T01:05:36 - [TEST_CASE][FAILED] - Test Cases/Login/L004_Login User with incorrect email and password: Test Cases/Login/L004_Login User with incorrect email and password FAILED.
Reason:
com.kms.katalon.core.exception.StepFailedException: Verify element text of test object 'Object Repository/Login/verify_invalidcreds' FAILED. (Root cause: com.kms.katalon.core.exception.StepFailedException: Verify element text of test object 'Object Repository/Login/verify_invalidcreds' FAILED.
	at com.kms.katalon.core.webui.keyword.internal.WebUIKeywordMain.stepFailed(WebUIKeywordMain.groovy:64)
	at com.kms.katalon.core.webui.keyword.internal.WebUIKeywordMain.runKeyword(WebUIKeywordMain.groovy:26)
	at com.kms.katalon.core.webui.keyword.builtin.VerifyElementTextKeyword.verifyElementText(VerifyElementTextKeyword.groovy:72)
	at com.kms.katalon.core.webui.keyword.builtin.VerifyElementTextKeyword.execute(VerifyElementTextKeyword.groovy:40)
	at com.kms.katalon.core.keyword.internal.KeywordExecutor.executeKeywordForPlatform(KeywordExecutor.groovy:74)
	at com.kms.katalon.core.webui.keyword.WebUiBuiltInKeywords.verifyElementText(WebUiBuiltInKeywords.groovy:4819)
	at L004_Login User with incorrect email and password.run(L004_Login User with incorrect email and password:25)
	at com.kms.katalon.core.main.ScriptEngine.run(ScriptEngine.java:194)
	at com.kms.katalon.core.main.ScriptEngine.runScriptAsRawText(ScriptEngine.java:119)
	at com.kms.katalon.core.main.TestCaseExecutor.runScript(TestCaseExecutor.java:448)
	at com.kms.katalon.core.main.TestCaseExecutor.doExecute(TestCaseExecutor.java:439)
	at com.kms.katalon.core.main.TestCaseExecutor.processExecutionPhase(TestCaseExecutor.java:418)
	at com.kms.katalon.core.main.TestCaseExecutor.accessMainPhase(TestCaseExecutor.java:410)
	at com.kms.katalon.core.main.TestCaseExecutor.execute(TestCaseExecutor.java:285)
	at com.kms.katalon.core.common.CommonExecutor.accessTestCaseMainPhase(CommonExecutor.java:65)
	at com.kms.katalon.core.main.TestSuiteExecutor.accessTestSuiteMainPhase(TestSuiteExecutor.java:150)
	at com.kms.katalon.core.main.TestSuiteExecutor.execute(TestSuiteExecutor.java:106)
	at com.kms.katalon.core.main.TestCaseMain.startTestSuite(TestCaseMain.java:180)
	at TempTestSuite1723491202827.run(TempTestSuite1723491202827.groovy:35)
	at java.base/jdk.internal.reflect.NativeMethodAccessorImpl.invoke0(Native Method)
	at java.base/jdk.internal.reflect.NativeMethodAccessorImpl.invoke(NativeMethodAccessorImpl.java:77)
	at java.base/jdk.internal.reflect.DelegatingMethodAccessorImpl.invoke(DelegatingMethodAccessorImpl.java:43)
Caused by: org.openqa.selenium.NoSuchSessionException: Session ID is null. Using WebDriver after calling quit()?
Build info: version: '3.141.59', revision: 'unknown', time: 'unknown'
System info: host: 'KRUPAL_CHAVDA', ip: '192.168.1.7', os.name: 'Windows 11', os.arch: 'amd64', os.version: '10.0', java.version: '17.0.7'
Driver info: driver.version: RemoteWebDriver
	at org.openqa.selenium.remote.HttpCommandExecutor.execute(HttpCommandExecutor.java:125)
	at org.openqa.selenium.remote.service.DriverCommandExecutor.execute(DriverCommandExecutor.java:83)
	at org.openqa.selenium.remote.RemoteWebDriver.execute(RemoteWebDriver.java:552)
	at com.kms.katalon.selenium.driver.CChromeDriver.execute(CChromeDriver.java:19)
	at org.openqa.selenium.remote.RemoteWebDriver.findElements(RemoteWebDriver.java:353)
	at org.openqa.selenium.remote.RemoteWebDriver.findElementsByXPath(RemoteWebDriver.java:432)
	at org.openqa.selenium.By$ByXPath.findElements(By.java:348)
	at org.openqa.selenium.remote.RemoteWebDriver.findElements(RemoteWebDriver.java:311)
	at com.kms.katalon.core.webui.common.WebUiCommonHelper.findElementByNormalMethods(WebUiCommonHelper.java:1036)
	at com.kms.katalon.core.webui.common.WebUiCommonHelper.findElementsBySelectedMethod(WebUiCommonHelper.java:921)
	at com.kms.katalon.core.webui.common.WebUiCommonHelper.findElementsBySelectedMethod(WebUiCommonHelper.java:902)
	at com.kms.katalon.core.webui.common.WebUiCommonHelper.findElementsBySelectedMethod(WebUiCommonHelper.java:897)
	at com.kms.katalon.core.webui.common.WebUiCommonHelper.findElementsByDefault(WebUiCommonHelper.java:893)
	at com.kms.katalon.core.webui.common.WebUiCommonHelper.findWebElements(WebUiCommonHelper.java:725)
	at com.kms.katalon.core.webui.common.WebUiCommonHelper.findWebElement(WebUiCommonHelper.java:1416)
	at com.kms.katalon.core.webui.keyword.internal.WebUIAbstractKeyword.findWebElement(WebUIAbstractKeyword.groovy:27)
	at com.kms.katalon.core.webui.keyword.builtin.VerifyElementTextKeyword$_verifyElementText_closure1.doCall(VerifyElementTextKeyword.groovy:52)
	at com.kms.katalon.core.webui.keyword.builtin.VerifyElementTextKeyword$_verifyElementText_closure1.call(VerifyElementTextKeyword.groovy)
	at com.kms.katalon.core.webui.keyword.internal.WebUIKeywordMain.runKeyword(WebUIKeywordMain.groovy:20)
	at com.kms.katalon.core.webui.keyword.builtin.VerifyElementTextKeyword.verifyElementText(VerifyElementTextKeyword.groovy:72)
	at com.kms.katalon.core.webui.keyword.builtin.VerifyElementTextKeyword.execute(VerifyElementTextKeyword.groovy:40)
	at com.kms.katalon.core.keyword.internal.KeywordExecutor.executeKeywordForPlatform(KeywordExecutor.groovy:74)
	at com.kms.katalon.core.webui.keyword.WebUiBuiltInKeywords.verifyElementText(WebUiBuiltInKeywords.groovy:4819)
	at Script1723488723876.run(Script1723488723876.groovy:25)
	... 15 more
)
	at com.kms.katalon.core.keyword.internal.KeywordMain.stepFailed(KeywordMain.groovy:39)
	at com.kms.katalon.core.webui.keyword.internal.WebUIKeywordMain.stepFailed(WebUIKeywordMain.groovy:64)
	at com.kms.katalon.core.webui.keyword.internal.WebUIKeywordMain.runKeyword(WebUIKeywordMain.groovy:26)
	at com.kms.katalon.core.webui.keyword.builtin.VerifyElementTextKeyword.verifyElementText(VerifyElementTextKeyword.groovy:72)
	at com.kms.katalon.core.webui.keyword.builtin.VerifyElementTextKeyword.execute(VerifyElementTextKeyword.groovy:40)
	at com.kms.katalon.core.keyword.internal.KeywordExecutor.executeKeywordForPlatform(KeywordExecutor.groovy:74)
	at com.kms.katalon.core.webui.keyword.WebUiBuiltInKeywords.verifyElementText(WebUiBuiltInKeywords.groovy:4819)
	at L004_Login User with incorrect email and password.run(L004_Login User with incorrect email and password:25)
	at com.kms.katalon.core.main.ScriptEngine.run(ScriptEngine.java:194)
	at com.kms.katalon.core.main.ScriptEngine.runScriptAsRawText(ScriptEngine.java:119)
	at com.kms.katalon.core.main.TestCaseExecutor.runScript(TestCaseExecutor.java:448)
	at com.kms.katalon.core.main.TestCaseExecutor.doExecute(TestCaseExecutor.java:439)
	at com.kms.katalon.core.main.TestCaseExecutor.processExecutionPhase(TestCaseExecutor.java:418)
	at com.kms.katalon.core.main.TestCaseExecutor.accessMainPhase(TestCaseExecutor.java:410)
	at com.kms.katalon.core.main.TestCaseExecutor.execute(TestCaseExecutor.java:285)
	at com.kms.katalon.core.common.CommonExecutor.accessTestCaseMainPhase(CommonExecutor.java:65)
	at com.kms.katalon.core.main.TestSuiteExecutor.accessTestSuiteMainPhase(TestSuiteExecutor.java:150)
	at com.kms.katalon.core.main.TestSuiteExecutor.execute(TestSuiteExecutor.java:106)
	at com.kms.katalon.core.main.TestCaseMain.startTestSuite(TestCaseMain.java:180)
	at TempTestSuite1723491202827.run(TempTestSuite1723491202827.groovy:35)
	at java.base/jdk.internal.reflect.NativeMethodAccessorImpl.invoke0(Native Method)
	at java.base/jdk.internal.reflect.NativeMethodAccessorImpl.invoke(NativeMethodAccessorImpl.java:77)
	at java.base/jdk.internal.reflect.DelegatingMethodAccessorImpl.invoke(DelegatingMethodAccessorImpl.java:43)
Caused by: com.kms.katalon.core.exception.StepFailedException: Verify element text of test object 'Object Repository/Login/verify_invalidcreds' FAILED.
	... 22 more
Caused by: org.openqa.selenium.NoSuchSessionException: Session ID is null. Using WebDriver after calling quit()?
Build info: version: '3.141.59', revision: 'unknown', time: 'unknown'
System info: host: 'KRUPAL_CHAVDA', ip: '192.168.1.7', os.name: 'Windows 11', os.arch: 'amd64', os.version: '10.0', java.version: '17.0.7'
Driver info: driver.version: RemoteWebDriver
	at org.openqa.selenium.remote.HttpCommandExecutor.execute(HttpCommandExecutor.java:125)
	at org.openqa.selenium.remote.service.DriverCommandExecutor.execute(DriverCommandExecutor.java:83)
	at org.openqa.selenium.remote.RemoteWebDriver.execute(RemoteWebDriver.java:552)
	at com.kms.katalon.selenium.driver.CChromeDriver.execute(CChromeDriver.java:19)
	at org.openqa.selenium.remote.RemoteWebDriver.findElements(RemoteWebDriver.java:353)
	at org.openqa.selenium.remote.RemoteWebDriver.findElementsByXPath(RemoteWebDriver.java:432)
	at org.openqa.selenium.By$ByXPath.findElements(By.java:348)
	at org.openqa.selenium.remote.RemoteWebDriver.findElements(RemoteWebDriver.java:311)
	at com.kms.katalon.core.webui.common.WebUiCommonHelper.findElementByNormalMethods(WebUiCommonHelper.java:1036)
	at com.kms.katalon.core.webui.common.WebUiCommonHelper.findElementsBySelectedMethod(WebUiCommonHelper.java:921)
	at com.kms.katalon.core.webui.common.WebUiCommonHelper.findElementsBySelectedMethod(WebUiCommonHelper.java:902)
	at com.kms.katalon.core.webui.common.WebUiCommonHelper.findElementsBySelectedMethod(WebUiCommonHelper.java:897)
	at com.kms.katalon.core.webui.common.WebUiCommonHelper.findElementsByDefault(WebUiCommonHelper.java:893)
	at com.kms.katalon.core.webui.common.WebUiCommonHelper.findWebElements(WebUiCommonHelper.java:725)
	at com.kms.katalon.core.webui.common.WebUiCommonHelper.findWebElement(WebUiCommonHelper.java:1416)
	at com.kms.katalon.core.webui.keyword.internal.WebUIAbstractKeyword.findWebElement(WebUIAbstractKeyword.groovy:27)
	at com.kms.katalon.core.webui.keyword.builtin.VerifyElementTextKeyword$_verifyElementText_closure1.doCall(VerifyElementTextKeyword.groovy:52)
	at com.kms.katalon.core.webui.keyword.builtin.VerifyElementTextKeyword$_verifyElementText_closure1.call(VerifyElementTextKeyword.groovy)
	at com.kms.katalon.core.webui.keyword.internal.WebUIKeywordMain.runKeyword(WebUIKeywordMain.groovy:20)
	... 20 more


13-08-2024T01:05:37 - [TEST_STEP][PASSED] - callTestCase(findTestCase("Login/L002_Login"), ["UserEmail":userEmail, "Password":password], STOP_ON_FAILURE): Call Test Case 'Test Cases/Login/L002_Login' successfully

13-08-2024T01:05:37 - [MESSAGE][INFO] - Checking called Test Case

13-08-2024T01:05:37 - [MESSAGE][INFO] - Starting to call Test Case 'Test Cases/Login/L002_Login'

13-08-2024T01:05:37 - [TEST_CASE][PASSED] - Test Cases/Login/L002_Login: Test Cases/Login/L002_Login

13-08-2024T01:05:37 - [TEST_STEP][PASSED] - file = new java.io.FileInputStream(new java.io.File((java.lang.System.getProperty(user.dir) + \Data Files\dataFile.xlsx))): null

13-08-2024T01:05:37 - [TEST_STEP][PASSED] - workbook = new org.apache.poi.xssf.usermodel.XSSFWorkbook(file): null

13-08-2024T01:05:37 - [TEST_STEP][PASSED] - sheet = workbook.getSheetAt(0): null

13-08-2024T01:05:37 - [TEST_STEP][PASSED] - userEmail = getCell(0).getStringCellValue(): null

13-08-2024T01:05:37 - [TEST_STEP][PASSED] - password = getCell(1).getStringCellValue(): null

13-08-2024T01:05:37 - [TEST_STEP][PASSED] - UserEmail = userEmail: null

13-08-2024T01:05:37 - [TEST_STEP][PASSED] - Password = password: null

13-08-2024T01:05:37 - [TEST_STEP][PASSED] - openBrowser(""): Browser is opened with url: ''

13-08-2024T01:05:37 - [MESSAGE][INFO] - Opening browser

13-08-2024T01:05:37 - [MESSAGE][INFO] - Starting 'Chrome' driver

13-08-2024T01:05:37 - [MESSAGE][INFO] - Action delay is set to 0 milliseconds

13-08-2024T01:05:37 - [MESSAGE][PASSED] - Browser is opened with url: ''

13-08-2024T01:05:37 - [TEST_STEP][PASSED] - navigateToUrl("http://automationexercise.com/"): Navigate to 'http://automationexercise.com/' successfully

13-08-2024T01:05:37 - [MESSAGE][INFO] - Checking url

13-08-2024T01:05:37 - [MESSAGE][INFO] - Navigating to 'http://automationexercise.com/'

13-08-2024T01:05:41 - [MESSAGE][PASSED] - Navigate to 'http://automationexercise.com/' successfully

13-08-2024T01:05:41 - [TEST_STEP][PASSED] - waitForElementVisible(findTestObject("Object Repository/Login/Menu_Home"), Long_Timeout): Object 'Object Repository/Login/Menu_Home' is visible

13-08-2024T01:05:41 - [MESSAGE][INFO] - Finding Test Object 'Object Repository/Login/Menu_Home'

13-08-2024T01:05:41 - [MESSAGE][INFO] - Checking object

13-08-2024T01:05:41 - [MESSAGE][INFO] - Checking timeout

13-08-2024T01:05:41 - [MESSAGE][INFO] - Finding web element from Test Object's properties

13-08-2024T01:05:41 - [MESSAGE][INFO] - Checking timeout

13-08-2024T01:05:41 - [MESSAGE][INFO] - Finding web element with id: 'Object Repository/Login/Menu_Home' located by 'By.xpath: //a[@href="/" and contains(.,'Home')]' in '60' second(s)

13-08-2024T01:05:41 - [MESSAGE][INFO] - Smart Wait Function is triggered

13-08-2024T01:05:43 - [MESSAGE][INFO] - Found 1 web elements with id: 'Object Repository/Login/Menu_Home' located by 'By.xpath: //a[@href="/" and contains(.,'Home')]' in '60' second(s)

13-08-2024T01:05:43 - [MESSAGE][PASSED] - Object 'Object Repository/Login/Menu_Home' is visible

13-08-2024T01:05:43 - [TEST_STEP][PASSED] - verifyElementAttributeValue(findTestObject("Object Repository/Login/Menu_Home"), "style", "color: orange;", Short_Timeout): Object 'Object Repository/Login/Menu_Home' has attribute 'style' with value 'color: orange;'

13-08-2024T01:05:43 - [MESSAGE][INFO] - Finding Test Object 'Object Repository/Login/Menu_Home'

13-08-2024T01:05:43 - [MESSAGE][INFO] - Checking object

13-08-2024T01:05:43 - [MESSAGE][INFO] - Checking attribute name

13-08-2024T01:05:43 - [MESSAGE][INFO] - Checking timeout

13-08-2024T01:05:43 - [MESSAGE][INFO] - Finding web element from Test Object's properties

13-08-2024T01:05:43 - [MESSAGE][INFO] - Checking timeout

13-08-2024T01:05:43 - [MESSAGE][INFO] - Finding web element with id: 'Object Repository/Login/Menu_Home' located by 'By.xpath: //a[@href="/" and contains(.,'Home')]' in '30' second(s)

13-08-2024T01:05:43 - [MESSAGE][INFO] - Smart Wait Function is triggered

13-08-2024T01:05:45 - [MESSAGE][INFO] - Found 1 web elements with id: 'Object Repository/Login/Menu_Home' located by 'By.xpath: //a[@href="/" and contains(.,'Home')]' in '30' second(s)

13-08-2024T01:05:45 - [MESSAGE][PASSED] - Object 'Object Repository/Login/Menu_Home' has attribute 'style' with value 'color: orange;'

13-08-2024T01:05:45 - [TEST_STEP][PASSED] - verifyElementVisible(findTestObject("Object Repository/Login/img_Home"), OPTIONAL): Object 'Object Repository/Login/img_Home' is visible

13-08-2024T01:05:45 - [MESSAGE][INFO] - Finding Test Object 'Object Repository/Login/img_Home'

13-08-2024T01:05:45 - [MESSAGE][INFO] - Checking object

13-08-2024T01:05:45 - [MESSAGE][INFO] - Finding web element from Test Object's properties

13-08-2024T01:05:45 - [MESSAGE][INFO] - Checking timeout

13-08-2024T01:05:45 - [MESSAGE][INFO] - Finding web element with id: 'Object Repository/Login/img_Home' located by 'By.xpath: //a[@href="/" ]//img' in '30' second(s)

13-08-2024T01:05:45 - [MESSAGE][INFO] - Smart Wait Function is triggered

13-08-2024T01:05:48 - [MESSAGE][INFO] - Found 1 web elements with id: 'Object Repository/Login/img_Home' located by 'By.xpath: //a[@href="/" ]//img' in '30' second(s)

13-08-2024T01:05:48 - [MESSAGE][PASSED] - Object 'Object Repository/Login/img_Home' is visible

13-08-2024T01:05:48 - [TEST_STEP][PASSED] - click(findTestObject("Object Repository/Login/btn_Signup-Login")): Object: 'Object Repository/Login/btn_Signup-Login' is clicked on

13-08-2024T01:05:48 - [MESSAGE][INFO] - Finding Test Object 'Object Repository/Login/btn_Signup-Login'

13-08-2024T01:05:48 - [MESSAGE][INFO] - Checking object

13-08-2024T01:05:48 - [MESSAGE][INFO] - Checking timeout

13-08-2024T01:05:48 - [MESSAGE][INFO] - Finding web element from Test Object's properties

13-08-2024T01:05:48 - [MESSAGE][INFO] - Checking timeout

13-08-2024T01:05:48 - [MESSAGE][INFO] - Finding web element with id: 'Object Repository/Login/btn_Signup-Login' located by 'By.xpath: //a[@href="/login" and contains(.,'Signup / Login')]' in '30' second(s)

13-08-2024T01:05:48 - [MESSAGE][INFO] - Smart Wait Function is triggered

13-08-2024T01:05:50 - [MESSAGE][INFO] - Found 1 web elements with id: 'Object Repository/Login/btn_Signup-Login' located by 'By.xpath: //a[@href="/login" and contains(.,'Signup / Login')]' in '30' second(s)

13-08-2024T01:05:50 - [MESSAGE][INFO] - Clicking on object: 'Object Repository/Login/btn_Signup-Login'

13-08-2024T01:05:52 - [MESSAGE][PASSED] - Object: 'Object Repository/Login/btn_Signup-Login' is clicked on

13-08-2024T01:05:52 - [TEST_STEP][PASSED] - verifyElementText(findTestObject("Object Repository/Login/Verify_Logintoyouraccount"), "Login to your account"): Actual text and expected text of test object 'Object Repository/Login/Verify_Logintoyouraccount' are matched.

13-08-2024T01:05:52 - [MESSAGE][INFO] - Finding Test Object 'Object Repository/Login/Verify_Logintoyouraccount'

13-08-2024T01:05:52 - [MESSAGE][INFO] - Checking object

13-08-2024T01:05:52 - [MESSAGE][INFO] - Finding web element from Test Object's properties

13-08-2024T01:05:52 - [MESSAGE][INFO] - Checking timeout

13-08-2024T01:05:52 - [MESSAGE][INFO] - Finding web element with id: 'Object Repository/Login/Verify_Logintoyouraccount' located by 'By.xpath: //h2[text()='Login to your account']' in '30' second(s)

13-08-2024T01:05:52 - [MESSAGE][INFO] - Smart Wait Function is triggered

13-08-2024T01:05:54 - [MESSAGE][INFO] - Found 1 web elements with id: 'Object Repository/Login/Verify_Logintoyouraccount' located by 'By.xpath: //h2[text()='Login to your account']' in '30' second(s)

13-08-2024T01:05:54 - [MESSAGE][PASSED] - Actual text and expected text of test object 'Object Repository/Login/Verify_Logintoyouraccount' are matched.

13-08-2024T01:05:54 - [TEST_STEP][PASSED] - setText(findTestObject("Object Repository/Login/txt_EmailAddress"), UserEmail): Text 'Test13082024@763.com' is set on object 'Object Repository/Login/txt_EmailAddress'

13-08-2024T01:05:54 - [MESSAGE][INFO] - Finding Test Object 'Object Repository/Login/txt_EmailAddress'

13-08-2024T01:05:54 - [MESSAGE][INFO] - Checking object

13-08-2024T01:05:54 - [MESSAGE][INFO] - Checking text

13-08-2024T01:05:54 - [MESSAGE][INFO] - Finding web element from Test Object's properties

13-08-2024T01:05:54 - [MESSAGE][INFO] - Checking timeout

13-08-2024T01:05:54 - [MESSAGE][INFO] - Finding web element with id: 'Object Repository/Login/txt_EmailAddress' located by 'By.xpath: //input[@data-qa='login-email']' in '30' second(s)

13-08-2024T01:05:54 - [MESSAGE][INFO] - Smart Wait Function is triggered

13-08-2024T01:05:56 - [MESSAGE][INFO] - Found 1 web elements with id: 'Object Repository/Login/txt_EmailAddress' located by 'By.xpath: //input[@data-qa='login-email']' in '30' second(s)

13-08-2024T01:05:56 - [MESSAGE][INFO] - Clearing text of object 'Object Repository/Login/txt_EmailAddress'

13-08-2024T01:05:56 - [MESSAGE][INFO] - Finding web element from Test Object's properties

13-08-2024T01:05:56 - [MESSAGE][INFO] - Checking timeout

13-08-2024T01:05:56 - [MESSAGE][INFO] - Finding web element with id: 'Object Repository/Login/txt_EmailAddress' located by 'By.xpath: //input[@data-qa='login-email']' in '30' second(s)

13-08-2024T01:05:56 - [MESSAGE][INFO] - Smart Wait Function is triggered

13-08-2024T01:05:59 - [MESSAGE][INFO] - Found 1 web elements with id: 'Object Repository/Login/txt_EmailAddress' located by 'By.xpath: //input[@data-qa='login-email']' in '30' second(s)

13-08-2024T01:05:59 - [MESSAGE][INFO] - Setting text of object 'Object Repository/Login/txt_EmailAddress' to value 'Test13082024@763.com'

13-08-2024T01:05:59 - [MESSAGE][PASSED] - Text 'Test13082024@763.com' is set on object 'Object Repository/Login/txt_EmailAddress'

13-08-2024T01:05:59 - [TEST_STEP][PASSED] - setText(findTestObject("Object Repository/Login/txt_password"), Password): Text 'Test13082024@763' is set on object 'Object Repository/Login/txt_password'

13-08-2024T01:05:59 - [MESSAGE][INFO] - Finding Test Object 'Object Repository/Login/txt_password'

13-08-2024T01:05:59 - [MESSAGE][INFO] - Checking object

13-08-2024T01:05:59 - [MESSAGE][INFO] - Checking text

13-08-2024T01:05:59 - [MESSAGE][INFO] - Finding web element from Test Object's properties

13-08-2024T01:05:59 - [MESSAGE][INFO] - Checking timeout

13-08-2024T01:05:59 - [MESSAGE][INFO] - Finding web element with id: 'Object Repository/Login/txt_password' located by 'By.xpath: //input[@data-qa='login-password']' in '30' second(s)

13-08-2024T01:05:59 - [MESSAGE][INFO] - Smart Wait Function is triggered

13-08-2024T01:06:01 - [MESSAGE][INFO] - Found 1 web elements with id: 'Object Repository/Login/txt_password' located by 'By.xpath: //input[@data-qa='login-password']' in '30' second(s)

13-08-2024T01:06:01 - [MESSAGE][INFO] - Clearing text of object 'Object Repository/Login/txt_password'

13-08-2024T01:06:01 - [MESSAGE][INFO] - Finding web element from Test Object's properties

13-08-2024T01:06:01 - [MESSAGE][INFO] - Checking timeout

13-08-2024T01:06:01 - [MESSAGE][INFO] - Finding web element with id: 'Object Repository/Login/txt_password' located by 'By.xpath: //input[@data-qa='login-password']' in '30' second(s)

13-08-2024T01:06:01 - [MESSAGE][INFO] - Smart Wait Function is triggered

13-08-2024T01:06:03 - [MESSAGE][INFO] - Found 1 web elements with id: 'Object Repository/Login/txt_password' located by 'By.xpath: //input[@data-qa='login-password']' in '30' second(s)

13-08-2024T01:06:03 - [MESSAGE][INFO] - Setting text of object 'Object Repository/Login/txt_password' to value 'Test13082024@763'

13-08-2024T01:06:03 - [MESSAGE][PASSED] - Text 'Test13082024@763' is set on object 'Object Repository/Login/txt_password'

13-08-2024T01:06:03 - [TEST_STEP][PASSED] - click(findTestObject("Object Repository/Login/btn_Login")): Object: 'Object Repository/Login/btn_Login' is clicked on

13-08-2024T01:06:03 - [MESSAGE][INFO] - Finding Test Object 'Object Repository/Login/btn_Login'

13-08-2024T01:06:03 - [MESSAGE][INFO] - Checking object

13-08-2024T01:06:03 - [MESSAGE][INFO] - Checking timeout

13-08-2024T01:06:03 - [MESSAGE][INFO] - Finding web element from Test Object's properties

13-08-2024T01:06:03 - [MESSAGE][INFO] - Checking timeout

13-08-2024T01:06:03 - [MESSAGE][INFO] - Finding web element with id: 'Object Repository/Login/btn_Login' located by 'By.xpath: //button[@data-qa='login-button']' in '30' second(s)

13-08-2024T01:06:03 - [MESSAGE][INFO] - Smart Wait Function is triggered

13-08-2024T01:06:05 - [MESSAGE][INFO] - Found 1 web elements with id: 'Object Repository/Login/btn_Login' located by 'By.xpath: //button[@data-qa='login-button']' in '30' second(s)

13-08-2024T01:06:05 - [MESSAGE][INFO] - Clicking on object: 'Object Repository/Login/btn_Login'

13-08-2024T01:06:10 - [MESSAGE][PASSED] - Object: 'Object Repository/Login/btn_Login' is clicked on

13-08-2024T01:06:10 - [TEST_STEP][PASSED] - verifyElementText(findTestObject("Object Repository/Account Info/verify_loggedinUser"), "KBC Automation"): Actual text and expected text of test object 'Object Repository/Account Info/verify_loggedinUser' are matched.

13-08-2024T01:06:10 - [MESSAGE][INFO] - Finding Test Object 'Object Repository/Account Info/verify_loggedinUser'

13-08-2024T01:06:10 - [MESSAGE][INFO] - Checking object

13-08-2024T01:06:10 - [MESSAGE][INFO] - Finding web element from Test Object's properties

13-08-2024T01:06:10 - [MESSAGE][INFO] - Checking timeout

13-08-2024T01:06:10 - [MESSAGE][INFO] - Finding web element with id: 'Object Repository/Account Info/verify_loggedinUser' located by 'By.xpath: //a[text()=' Logged in as ']/b' in '30' second(s)

13-08-2024T01:06:10 - [MESSAGE][INFO] - Smart Wait Function is triggered

13-08-2024T01:06:12 - [MESSAGE][INFO] - Found 1 web elements with id: 'Object Repository/Account Info/verify_loggedinUser' located by 'By.xpath: //a[text()=' Logged in as ']/b' in '30' second(s)

13-08-2024T01:06:12 - [MESSAGE][PASSED] - Actual text and expected text of test object 'Object Repository/Account Info/verify_loggedinUser' are matched.

13-08-2024T01:06:12 - [TEST_STEP][PASSED] - closeBrowser(): Browser is closed

13-08-2024T01:06:12 - [MESSAGE][INFO] - Closing browser

13-08-2024T01:06:12 - [MESSAGE][PASSED] - Browser is closed

13-08-2024T01:06:12 - [MESSAGE][PASSED] - Call Test Case 'Test Cases/Login/L002_Login' successfully

13-08-2024T01:06:12 - [TEST_STEP][FAILED] - verifyElementText(findTestObject("Object Repository/Login/verify_invalidcreds"), "Your email or password is incorrect!", CONTINUE_ON_FAILURE): Verify element text of test object 'Object Repository/Login/verify_invalidcreds' FAILED. (Root cause: com.kms.katalon.core.exception.StepFailedException: Verify element text of test object 'Object Repository/Login/verify_invalidcreds' FAILED.
	at com.kms.katalon.core.webui.keyword.internal.WebUIKeywordMain.stepFailed(WebUIKeywordMain.groovy:64)
	at com.kms.katalon.core.webui.keyword.internal.WebUIKeywordMain.runKeyword(WebUIKeywordMain.groovy:26)
	at com.kms.katalon.core.webui.keyword.builtin.VerifyElementTextKeyword.verifyElementText(VerifyElementTextKeyword.groovy:72)
	at com.kms.katalon.core.webui.keyword.builtin.VerifyElementTextKeyword.execute(VerifyElementTextKeyword.groovy:40)
	at com.kms.katalon.core.keyword.internal.KeywordExecutor.executeKeywordForPlatform(KeywordExecutor.groovy:74)
	at com.kms.katalon.core.webui.keyword.WebUiBuiltInKeywords.verifyElementText(WebUiBuiltInKeywords.groovy:4819)
	at L004_Login User with incorrect email and password.run(L004_Login User with incorrect email and password:25)
	at com.kms.katalon.core.main.ScriptEngine.run(ScriptEngine.java:194)
	at com.kms.katalon.core.main.ScriptEngine.runScriptAsRawText(ScriptEngine.java:119)
	at com.kms.katalon.core.main.TestCaseExecutor.runScript(TestCaseExecutor.java:448)
	at com.kms.katalon.core.main.TestCaseExecutor.doExecute(TestCaseExecutor.java:439)
	at com.kms.katalon.core.main.TestCaseExecutor.processExecutionPhase(TestCaseExecutor.java:418)
	at com.kms.katalon.core.main.TestCaseExecutor.accessMainPhase(TestCaseExecutor.java:410)
	at com.kms.katalon.core.main.TestCaseExecutor.execute(TestCaseExecutor.java:285)
	at com.kms.katalon.core.common.CommonExecutor.accessTestCaseMainPhase(CommonExecutor.java:65)
	at com.kms.katalon.core.main.TestSuiteExecutor.accessTestSuiteMainPhase(TestSuiteExecutor.java:150)
	at com.kms.katalon.core.main.TestSuiteExecutor.execute(TestSuiteExecutor.java:106)
	at com.kms.katalon.core.main.TestCaseMain.startTestSuite(TestCaseMain.java:180)
	at TempTestSuite1723491202827.run(TempTestSuite1723491202827.groovy:35)
	at java.base/jdk.internal.reflect.NativeMethodAccessorImpl.invoke0(Native Method)
	at java.base/jdk.internal.reflect.NativeMethodAccessorImpl.invoke(NativeMethodAccessorImpl.java:77)
	at java.base/jdk.internal.reflect.DelegatingMethodAccessorImpl.invoke(DelegatingMethodAccessorImpl.java:43)
Caused by: org.openqa.selenium.NoSuchSessionException: Session ID is null. Using WebDriver after calling quit()?
Build info: version: '3.141.59', revision: 'unknown', time: 'unknown'
System info: host: 'KRUPAL_CHAVDA', ip: '192.168.1.7', os.name: 'Windows 11', os.arch: 'amd64', os.version: '10.0', java.version: '17.0.7'
Driver info: driver.version: RemoteWebDriver
	at org.openqa.selenium.remote.HttpCommandExecutor.execute(HttpCommandExecutor.java:125)
	at org.openqa.selenium.remote.service.DriverCommandExecutor.execute(DriverCommandExecutor.java:83)
	at org.openqa.selenium.remote.RemoteWebDriver.execute(RemoteWebDriver.java:552)
	at com.kms.katalon.selenium.driver.CChromeDriver.execute(CChromeDriver.java:19)
	at org.openqa.selenium.remote.RemoteWebDriver.findElements(RemoteWebDriver.java:353)
	at org.openqa.selenium.remote.RemoteWebDriver.findElementsByXPath(RemoteWebDriver.java:432)
	at org.openqa.selenium.By$ByXPath.findElements(By.java:348)
	at org.openqa.selenium.remote.RemoteWebDriver.findElements(RemoteWebDriver.java:311)
	at com.kms.katalon.core.webui.common.WebUiCommonHelper.findElementByNormalMethods(WebUiCommonHelper.java:1036)
	at com.kms.katalon.core.webui.common.WebUiCommonHelper.findElementsBySelectedMethod(WebUiCommonHelper.java:921)
	at com.kms.katalon.core.webui.common.WebUiCommonHelper.findElementsBySelectedMethod(WebUiCommonHelper.java:902)
	at com.kms.katalon.core.webui.common.WebUiCommonHelper.findElementsBySelectedMethod(WebUiCommonHelper.java:897)
	at com.kms.katalon.core.webui.common.WebUiCommonHelper.findElementsByDefault(WebUiCommonHelper.java:893)
	at com.kms.katalon.core.webui.common.WebUiCommonHelper.findWebElements(WebUiCommonHelper.java:725)
	at com.kms.katalon.core.webui.common.WebUiCommonHelper.findWebElement(WebUiCommonHelper.java:1416)
	at com.kms.katalon.core.webui.keyword.internal.WebUIAbstractKeyword.findWebElement(WebUIAbstractKeyword.groovy:27)
	at com.kms.katalon.core.webui.keyword.builtin.VerifyElementTextKeyword$_verifyElementText_closure1.doCall(VerifyElementTextKeyword.groovy:52)
	at com.kms.katalon.core.webui.keyword.builtin.VerifyElementTextKeyword$_verifyElementText_closure1.call(VerifyElementTextKeyword.groovy)
	at com.kms.katalon.core.webui.keyword.internal.WebUIKeywordMain.runKeyword(WebUIKeywordMain.groovy:20)
	at com.kms.katalon.core.webui.keyword.builtin.VerifyElementTextKeyword.verifyElementText(VerifyElementTextKeyword.groovy:72)
	at com.kms.katalon.core.webui.keyword.builtin.VerifyElementTextKeyword.execute(VerifyElementTextKeyword.groovy:40)
	at com.kms.katalon.core.keyword.internal.KeywordExecutor.executeKeywordForPlatform(KeywordExecutor.groovy:74)
	at com.kms.katalon.core.webui.keyword.WebUiBuiltInKeywords.verifyElementText(WebUiBuiltInKeywords.groovy:4819)
	at Script1723488723876.run(Script1723488723876.groovy:25)
	... 15 more
)

13-08-2024T01:06:12 - [MESSAGE][INFO] - Finding Test Object 'Object Repository/Login/verify_invalidcreds'

13-08-2024T01:06:12 - [MESSAGE][INFO] - Checking object

13-08-2024T01:06:12 - [MESSAGE][INFO] - Finding web element from Test Object's properties

13-08-2024T01:06:12 - [MESSAGE][INFO] - Checking timeout

13-08-2024T01:06:12 - [MESSAGE][INFO] - Finding web element with id: 'Object Repository/Login/verify_invalidcreds' located by 'By.xpath: //p[text()='Your email or password is incorrect!']' in '30' second(s)

13-08-2024T01:06:12 - [MESSAGE][WARNING] - Cannot take screenshot

13-08-2024T01:06:12 - [MESSAGE][FAILED] - Verify element text of test object 'Object Repository/Login/verify_invalidcreds' FAILED. (Root cause: com.kms.katalon.core.exception.StepFailedException: Verify element text of test object 'Object Repository/Login/verify_invalidcreds' FAILED.
	at com.kms.katalon.core.webui.keyword.internal.WebUIKeywordMain.stepFailed(WebUIKeywordMain.groovy:64)
	at com.kms.katalon.core.webui.keyword.internal.WebUIKeywordMain.runKeyword(WebUIKeywordMain.groovy:26)
	at com.kms.katalon.core.webui.keyword.builtin.VerifyElementTextKeyword.verifyElementText(VerifyElementTextKeyword.groovy:72)
	at com.kms.katalon.core.webui.keyword.builtin.VerifyElementTextKeyword.execute(VerifyElementTextKeyword.groovy:40)
	at com.kms.katalon.core.keyword.internal.KeywordExecutor.executeKeywordForPlatform(KeywordExecutor.groovy:74)
	at com.kms.katalon.core.webui.keyword.WebUiBuiltInKeywords.verifyElementText(WebUiBuiltInKeywords.groovy:4819)
	at L004_Login User with incorrect email and password.run(L004_Login User with incorrect email and password:25)
	at com.kms.katalon.core.main.ScriptEngine.run(ScriptEngine.java:194)
	at com.kms.katalon.core.main.ScriptEngine.runScriptAsRawText(ScriptEngine.java:119)
	at com.kms.katalon.core.main.TestCaseExecutor.runScript(TestCaseExecutor.java:448)
	at com.kms.katalon.core.main.TestCaseExecutor.doExecute(TestCaseExecutor.java:439)
	at com.kms.katalon.core.main.TestCaseExecutor.processExecutionPhase(TestCaseExecutor.java:418)
	at com.kms.katalon.core.main.TestCaseExecutor.accessMainPhase(TestCaseExecutor.java:410)
	at com.kms.katalon.core.main.TestCaseExecutor.execute(TestCaseExecutor.java:285)
	at com.kms.katalon.core.common.CommonExecutor.accessTestCaseMainPhase(CommonExecutor.java:65)
	at com.kms.katalon.core.main.TestSuiteExecutor.accessTestSuiteMainPhase(TestSuiteExecutor.java:150)
	at com.kms.katalon.core.main.TestSuiteExecutor.execute(TestSuiteExecutor.java:106)
	at com.kms.katalon.core.main.TestCaseMain.startTestSuite(TestCaseMain.java:180)
	at TempTestSuite1723491202827.run(TempTestSuite1723491202827.groovy:35)
	at java.base/jdk.internal.reflect.NativeMethodAccessorImpl.invoke0(Native Method)
	at java.base/jdk.internal.reflect.NativeMethodAccessorImpl.invoke(NativeMethodAccessorImpl.java:77)
	at java.base/jdk.internal.reflect.DelegatingMethodAccessorImpl.invoke(DelegatingMethodAccessorImpl.java:43)
Caused by: org.openqa.selenium.NoSuchSessionException: Session ID is null. Using WebDriver after calling quit()?
Build info: version: '3.141.59', revision: 'unknown', time: 'unknown'
System info: host: 'KRUPAL_CHAVDA', ip: '192.168.1.7', os.name: 'Windows 11', os.arch: 'amd64', os.version: '10.0', java.version: '17.0.7'
Driver info: driver.version: RemoteWebDriver
	at org.openqa.selenium.remote.HttpCommandExecutor.execute(HttpCommandExecutor.java:125)
	at org.openqa.selenium.remote.service.DriverCommandExecutor.execute(DriverCommandExecutor.java:83)
	at org.openqa.selenium.remote.RemoteWebDriver.execute(RemoteWebDriver.java:552)
	at com.kms.katalon.selenium.driver.CChromeDriver.execute(CChromeDriver.java:19)
	at org.openqa.selenium.remote.RemoteWebDriver.findElements(RemoteWebDriver.java:353)
	at org.openqa.selenium.remote.RemoteWebDriver.findElementsByXPath(RemoteWebDriver.java:432)
	at org.openqa.selenium.By$ByXPath.findElements(By.java:348)
	at org.openqa.selenium.remote.RemoteWebDriver.findElements(RemoteWebDriver.java:311)
	at com.kms.katalon.core.webui.common.WebUiCommonHelper.findElementByNormalMethods(WebUiCommonHelper.java:1036)
	at com.kms.katalon.core.webui.common.WebUiCommonHelper.findElementsBySelectedMethod(WebUiCommonHelper.java:921)
	at com.kms.katalon.core.webui.common.WebUiCommonHelper.findElementsBySelectedMethod(WebUiCommonHelper.java:902)
	at com.kms.katalon.core.webui.common.WebUiCommonHelper.findElementsBySelectedMethod(WebUiCommonHelper.java:897)
	at com.kms.katalon.core.webui.common.WebUiCommonHelper.findElementsByDefault(WebUiCommonHelper.java:893)
	at com.kms.katalon.core.webui.common.WebUiCommonHelper.findWebElements(WebUiCommonHelper.java:725)
	at com.kms.katalon.core.webui.common.WebUiCommonHelper.findWebElement(WebUiCommonHelper.java:1416)
	at com.kms.katalon.core.webui.keyword.internal.WebUIAbstractKeyword.findWebElement(WebUIAbstractKeyword.groovy:27)
	at com.kms.katalon.core.webui.keyword.builtin.VerifyElementTextKeyword$_verifyElementText_closure1.doCall(VerifyElementTextKeyword.groovy:52)
	at com.kms.katalon.core.webui.keyword.builtin.VerifyElementTextKeyword$_verifyElementText_closure1.call(VerifyElementTextKeyword.groovy)
	at com.kms.katalon.core.webui.keyword.internal.WebUIKeywordMain.runKeyword(WebUIKeywordMain.groovy:20)
	at com.kms.katalon.core.webui.keyword.builtin.VerifyElementTextKeyword.verifyElementText(VerifyElementTextKeyword.groovy:72)
	at com.kms.katalon.core.webui.keyword.builtin.VerifyElementTextKeyword.execute(VerifyElementTextKeyword.groovy:40)
	at com.kms.katalon.core.keyword.internal.KeywordExecutor.executeKeywordForPlatform(KeywordExecutor.groovy:74)
	at com.kms.katalon.core.webui.keyword.WebUiBuiltInKeywords.verifyElementText(WebUiBuiltInKeywords.groovy:4819)
	at Script1723488723876.run(Script1723488723876.groovy:25)
	... 15 more
)

13-08-2024T01:06:12 - [TEST_STEP][FAILED] - click(findTestObject("Object Repository/Login/btn_Login")): Unable to click on object 'Object Repository/Login/btn_Login' (Root cause: com.kms.katalon.core.exception.StepFailedException: Unable to click on object 'Object Repository/Login/btn_Login'
	at com.kms.katalon.core.webui.keyword.internal.WebUIKeywordMain.stepFailed(WebUIKeywordMain.groovy:64)
	at com.kms.katalon.core.webui.keyword.internal.WebUIKeywordMain.runKeyword(WebUIKeywordMain.groovy:26)
	at com.kms.katalon.core.webui.keyword.builtin.ClickKeyword.click(ClickKeyword.groovy:74)
	at com.kms.katalon.core.webui.keyword.builtin.ClickKeyword.execute(ClickKeyword.groovy:40)
	at com.kms.katalon.core.keyword.internal.KeywordExecutor.executeKeywordForPlatform(KeywordExecutor.groovy:74)
	at com.kms.katalon.core.webui.keyword.WebUiBuiltInKeywords.click(WebUiBuiltInKeywords.groovy:659)
	at L004_Login User with incorrect email and password.run(L004_Login User with incorrect email and password:28)
	at com.kms.katalon.core.main.ScriptEngine.run(ScriptEngine.java:194)
	at com.kms.katalon.core.main.ScriptEngine.runScriptAsRawText(ScriptEngine.java:119)
	at com.kms.katalon.core.main.TestCaseExecutor.runScript(TestCaseExecutor.java:448)
	at com.kms.katalon.core.main.TestCaseExecutor.doExecute(TestCaseExecutor.java:439)
	at com.kms.katalon.core.main.TestCaseExecutor.processExecutionPhase(TestCaseExecutor.java:418)
	at com.kms.katalon.core.main.TestCaseExecutor.accessMainPhase(TestCaseExecutor.java:410)
	at com.kms.katalon.core.main.TestCaseExecutor.execute(TestCaseExecutor.java:285)
	at com.kms.katalon.core.common.CommonExecutor.accessTestCaseMainPhase(CommonExecutor.java:65)
	at com.kms.katalon.core.main.TestSuiteExecutor.accessTestSuiteMainPhase(TestSuiteExecutor.java:150)
	at com.kms.katalon.core.main.TestSuiteExecutor.execute(TestSuiteExecutor.java:106)
	at com.kms.katalon.core.main.TestCaseMain.startTestSuite(TestCaseMain.java:180)
	at TempTestSuite1723491202827.run(TempTestSuite1723491202827.groovy:35)
	at java.base/jdk.internal.reflect.NativeMethodAccessorImpl.invoke0(Native Method)
	at java.base/jdk.internal.reflect.NativeMethodAccessorImpl.invoke(NativeMethodAccessorImpl.java:77)
	at java.base/jdk.internal.reflect.DelegatingMethodAccessorImpl.invoke(DelegatingMethodAccessorImpl.java:43)
Caused by: org.openqa.selenium.NoSuchSessionException: Session ID is null. Using WebDriver after calling quit()?
Build info: version: '3.141.59', revision: 'unknown', time: 'unknown'
System info: host: 'KRUPAL_CHAVDA', ip: '192.168.1.7', os.name: 'Windows 11', os.arch: 'amd64', os.version: '10.0', java.version: '17.0.7'
Driver info: driver.version: RemoteWebDriver
	at org.openqa.selenium.remote.HttpCommandExecutor.execute(HttpCommandExecutor.java:125)
	at org.openqa.selenium.remote.service.DriverCommandExecutor.execute(DriverCommandExecutor.java:83)
	at org.openqa.selenium.remote.RemoteWebDriver.execute(RemoteWebDriver.java:552)
	at com.kms.katalon.selenium.driver.CChromeDriver.execute(CChromeDriver.java:19)
	at org.openqa.selenium.remote.RemoteWebDriver.findElements(RemoteWebDriver.java:353)
	at org.openqa.selenium.remote.RemoteWebDriver.findElementsByXPath(RemoteWebDriver.java:432)
	at org.openqa.selenium.By$ByXPath.findElements(By.java:348)
	at org.openqa.selenium.remote.RemoteWebDriver.findElements(RemoteWebDriver.java:311)
	at com.kms.katalon.core.webui.common.WebUiCommonHelper.findElementByNormalMethods(WebUiCommonHelper.java:1036)
	at com.kms.katalon.core.webui.common.WebUiCommonHelper.findElementsBySelectedMethod(WebUiCommonHelper.java:921)
	at com.kms.katalon.core.webui.common.WebUiCommonHelper.findElementsBySelectedMethod(WebUiCommonHelper.java:902)
	at com.kms.katalon.core.webui.common.WebUiCommonHelper.findElementsBySelectedMethod(WebUiCommonHelper.java:897)
	at com.kms.katalon.core.webui.common.WebUiCommonHelper.findElementsByDefault(WebUiCommonHelper.java:893)
	at com.kms.katalon.core.webui.common.WebUiCommonHelper.findWebElements(WebUiCommonHelper.java:725)
	at com.kms.katalon.core.webui.common.WebUiCommonHelper.findWebElement(WebUiCommonHelper.java:1416)
	at com.kms.katalon.core.webui.keyword.internal.WebUIAbstractKeyword.findWebElement(WebUIAbstractKeyword.groovy:27)
	at com.kms.katalon.core.webui.keyword.builtin.ClickKeyword$_click_closure1.doCall(ClickKeyword.groovy:65)
	at com.kms.katalon.core.webui.keyword.builtin.ClickKeyword$_click_closure1.call(ClickKeyword.groovy)
	at com.kms.katalon.core.webui.keyword.internal.WebUIKeywordMain.runKeyword(WebUIKeywordMain.groovy:20)
	at com.kms.katalon.core.webui.keyword.builtin.ClickKeyword.click(ClickKeyword.groovy:74)
	at com.kms.katalon.core.webui.keyword.builtin.ClickKeyword.execute(ClickKeyword.groovy:40)
	at com.kms.katalon.core.keyword.internal.KeywordExecutor.executeKeywordForPlatform(KeywordExecutor.groovy:74)
	at com.kms.katalon.core.webui.keyword.WebUiBuiltInKeywords.click(WebUiBuiltInKeywords.groovy:659)
	at Script1723488723876.run(Script1723488723876.groovy:28)
	... 15 more
)

13-08-2024T01:06:12 - [MESSAGE][INFO] - Finding Test Object 'Object Repository/Login/btn_Login'

13-08-2024T01:06:12 - [MESSAGE][INFO] - Checking object

13-08-2024T01:06:12 - [MESSAGE][INFO] - Checking timeout

13-08-2024T01:06:12 - [MESSAGE][INFO] - Finding web element from Test Object's properties

13-08-2024T01:06:12 - [MESSAGE][INFO] - Checking timeout

13-08-2024T01:06:12 - [MESSAGE][INFO] - Finding web element with id: 'Object Repository/Login/btn_Login' located by 'By.xpath: //button[@data-qa='login-button']' in '30' second(s)

13-08-2024T01:06:12 - [MESSAGE][WARNING] - Cannot take screenshot

13-08-2024T01:06:12 - [MESSAGE][FAILED] - Unable to click on object 'Object Repository/Login/btn_Login' (Root cause: com.kms.katalon.core.exception.StepFailedException: Unable to click on object 'Object Repository/Login/btn_Login'
	at com.kms.katalon.core.webui.keyword.internal.WebUIKeywordMain.stepFailed(WebUIKeywordMain.groovy:64)
	at com.kms.katalon.core.webui.keyword.internal.WebUIKeywordMain.runKeyword(WebUIKeywordMain.groovy:26)
	at com.kms.katalon.core.webui.keyword.builtin.ClickKeyword.click(ClickKeyword.groovy:74)
	at com.kms.katalon.core.webui.keyword.builtin.ClickKeyword.execute(ClickKeyword.groovy:40)
	at com.kms.katalon.core.keyword.internal.KeywordExecutor.executeKeywordForPlatform(KeywordExecutor.groovy:74)
	at com.kms.katalon.core.webui.keyword.WebUiBuiltInKeywords.click(WebUiBuiltInKeywords.groovy:659)
	at L004_Login User with incorrect email and password.run(L004_Login User with incorrect email and password:28)
	at com.kms.katalon.core.main.ScriptEngine.run(ScriptEngine.java:194)
	at com.kms.katalon.core.main.ScriptEngine.runScriptAsRawText(ScriptEngine.java:119)
	at com.kms.katalon.core.main.TestCaseExecutor.runScript(TestCaseExecutor.java:448)
	at com.kms.katalon.core.main.TestCaseExecutor.doExecute(TestCaseExecutor.java:439)
	at com.kms.katalon.core.main.TestCaseExecutor.processExecutionPhase(TestCaseExecutor.java:418)
	at com.kms.katalon.core.main.TestCaseExecutor.accessMainPhase(TestCaseExecutor.java:410)
	at com.kms.katalon.core.main.TestCaseExecutor.execute(TestCaseExecutor.java:285)
	at com.kms.katalon.core.common.CommonExecutor.accessTestCaseMainPhase(CommonExecutor.java:65)
	at com.kms.katalon.core.main.TestSuiteExecutor.accessTestSuiteMainPhase(TestSuiteExecutor.java:150)
	at com.kms.katalon.core.main.TestSuiteExecutor.execute(TestSuiteExecutor.java:106)
	at com.kms.katalon.core.main.TestCaseMain.startTestSuite(TestCaseMain.java:180)
	at TempTestSuite1723491202827.run(TempTestSuite1723491202827.groovy:35)
	at java.base/jdk.internal.reflect.NativeMethodAccessorImpl.invoke0(Native Method)
	at java.base/jdk.internal.reflect.NativeMethodAccessorImpl.invoke(NativeMethodAccessorImpl.java:77)
	at java.base/jdk.internal.reflect.DelegatingMethodAccessorImpl.invoke(DelegatingMethodAccessorImpl.java:43)
Caused by: org.openqa.selenium.NoSuchSessionException: Session ID is null. Using WebDriver after calling quit()?
Build info: version: '3.141.59', revision: 'unknown', time: 'unknown'
System info: host: 'KRUPAL_CHAVDA', ip: '192.168.1.7', os.name: 'Windows 11', os.arch: 'amd64', os.version: '10.0', java.version: '17.0.7'
Driver info: driver.version: RemoteWebDriver
	at org.openqa.selenium.remote.HttpCommandExecutor.execute(HttpCommandExecutor.java:125)
	at org.openqa.selenium.remote.service.DriverCommandExecutor.execute(DriverCommandExecutor.java:83)
	at org.openqa.selenium.remote.RemoteWebDriver.execute(RemoteWebDriver.java:552)
	at com.kms.katalon.selenium.driver.CChromeDriver.execute(CChromeDriver.java:19)
	at org.openqa.selenium.remote.RemoteWebDriver.findElements(RemoteWebDriver.java:353)
	at org.openqa.selenium.remote.RemoteWebDriver.findElementsByXPath(RemoteWebDriver.java:432)
	at org.openqa.selenium.By$ByXPath.findElements(By.java:348)
	at org.openqa.selenium.remote.RemoteWebDriver.findElements(RemoteWebDriver.java:311)
	at com.kms.katalon.core.webui.common.WebUiCommonHelper.findElementByNormalMethods(WebUiCommonHelper.java:1036)
	at com.kms.katalon.core.webui.common.WebUiCommonHelper.findElementsBySelectedMethod(WebUiCommonHelper.java:921)
	at com.kms.katalon.core.webui.common.WebUiCommonHelper.findElementsBySelectedMethod(WebUiCommonHelper.java:902)
	at com.kms.katalon.core.webui.common.WebUiCommonHelper.findElementsBySelectedMethod(WebUiCommonHelper.java:897)
	at com.kms.katalon.core.webui.common.WebUiCommonHelper.findElementsByDefault(WebUiCommonHelper.java:893)
	at com.kms.katalon.core.webui.common.WebUiCommonHelper.findWebElements(WebUiCommonHelper.java:725)
	at com.kms.katalon.core.webui.common.WebUiCommonHelper.findWebElement(WebUiCommonHelper.java:1416)
	at com.kms.katalon.core.webui.keyword.internal.WebUIAbstractKeyword.findWebElement(WebUIAbstractKeyword.groovy:27)
	at com.kms.katalon.core.webui.keyword.builtin.ClickKeyword$_click_closure1.doCall(ClickKeyword.groovy:65)
	at com.kms.katalon.core.webui.keyword.builtin.ClickKeyword$_click_closure1.call(ClickKeyword.groovy)
	at com.kms.katalon.core.webui.keyword.internal.WebUIKeywordMain.runKeyword(WebUIKeywordMain.groovy:20)
	at com.kms.katalon.core.webui.keyword.builtin.ClickKeyword.click(ClickKeyword.groovy:74)
	at com.kms.katalon.core.webui.keyword.builtin.ClickKeyword.execute(ClickKeyword.groovy:40)
	at com.kms.katalon.core.keyword.internal.KeywordExecutor.executeKeywordForPlatform(KeywordExecutor.groovy:74)
	at com.kms.katalon.core.webui.keyword.WebUiBuiltInKeywords.click(WebUiBuiltInKeywords.groovy:659)
	at Script1723488723876.run(Script1723488723876.groovy:28)
	... 15 more
)]]></system-out>
         <system-err><![CDATA[13-08-2024T01:05:36 - [TEST_CASE][FAILED] - Test Cases/Login/L004_Login User with incorrect email and password: Test Cases/Login/L004_Login User with incorrect email and password FAILED.
Reason:
com.kms.katalon.core.exception.StepFailedException: Verify element text of test object 'Object Repository/Login/verify_invalidcreds' FAILED. (Root cause: com.kms.katalon.core.exception.StepFailedException: Verify element text of test object 'Object Repository/Login/verify_invalidcreds' FAILED.
	at com.kms.katalon.core.webui.keyword.internal.WebUIKeywordMain.stepFailed(WebUIKeywordMain.groovy:64)
	at com.kms.katalon.core.webui.keyword.internal.WebUIKeywordMain.runKeyword(WebUIKeywordMain.groovy:26)
	at com.kms.katalon.core.webui.keyword.builtin.VerifyElementTextKeyword.verifyElementText(VerifyElementTextKeyword.groovy:72)
	at com.kms.katalon.core.webui.keyword.builtin.VerifyElementTextKeyword.execute(VerifyElementTextKeyword.groovy:40)
	at com.kms.katalon.core.keyword.internal.KeywordExecutor.executeKeywordForPlatform(KeywordExecutor.groovy:74)
	at com.kms.katalon.core.webui.keyword.WebUiBuiltInKeywords.verifyElementText(WebUiBuiltInKeywords.groovy:4819)
	at L004_Login User with incorrect email and password.run(L004_Login User with incorrect email and password:25)
	at com.kms.katalon.core.main.ScriptEngine.run(ScriptEngine.java:194)
	at com.kms.katalon.core.main.ScriptEngine.runScriptAsRawText(ScriptEngine.java:119)
	at com.kms.katalon.core.main.TestCaseExecutor.runScript(TestCaseExecutor.java:448)
	at com.kms.katalon.core.main.TestCaseExecutor.doExecute(TestCaseExecutor.java:439)
	at com.kms.katalon.core.main.TestCaseExecutor.processExecutionPhase(TestCaseExecutor.java:418)
	at com.kms.katalon.core.main.TestCaseExecutor.accessMainPhase(TestCaseExecutor.java:410)
	at com.kms.katalon.core.main.TestCaseExecutor.execute(TestCaseExecutor.java:285)
	at com.kms.katalon.core.common.CommonExecutor.accessTestCaseMainPhase(CommonExecutor.java:65)
	at com.kms.katalon.core.main.TestSuiteExecutor.accessTestSuiteMainPhase(TestSuiteExecutor.java:150)
	at com.kms.katalon.core.main.TestSuiteExecutor.execute(TestSuiteExecutor.java:106)
	at com.kms.katalon.core.main.TestCaseMain.startTestSuite(TestCaseMain.java:180)
	at TempTestSuite1723491202827.run(TempTestSuite1723491202827.groovy:35)
	at java.base/jdk.internal.reflect.NativeMethodAccessorImpl.invoke0(Native Method)
	at java.base/jdk.internal.reflect.NativeMethodAccessorImpl.invoke(NativeMethodAccessorImpl.java:77)
	at java.base/jdk.internal.reflect.DelegatingMethodAccessorImpl.invoke(DelegatingMethodAccessorImpl.java:43)
Caused by: org.openqa.selenium.NoSuchSessionException: Session ID is null. Using WebDriver after calling quit()?
Build info: version: '3.141.59', revision: 'unknown', time: 'unknown'
System info: host: 'KRUPAL_CHAVDA', ip: '192.168.1.7', os.name: 'Windows 11', os.arch: 'amd64', os.version: '10.0', java.version: '17.0.7'
Driver info: driver.version: RemoteWebDriver
	at org.openqa.selenium.remote.HttpCommandExecutor.execute(HttpCommandExecutor.java:125)
	at org.openqa.selenium.remote.service.DriverCommandExecutor.execute(DriverCommandExecutor.java:83)
	at org.openqa.selenium.remote.RemoteWebDriver.execute(RemoteWebDriver.java:552)
	at com.kms.katalon.selenium.driver.CChromeDriver.execute(CChromeDriver.java:19)
	at org.openqa.selenium.remote.RemoteWebDriver.findElements(RemoteWebDriver.java:353)
	at org.openqa.selenium.remote.RemoteWebDriver.findElementsByXPath(RemoteWebDriver.java:432)
	at org.openqa.selenium.By$ByXPath.findElements(By.java:348)
	at org.openqa.selenium.remote.RemoteWebDriver.findElements(RemoteWebDriver.java:311)
	at com.kms.katalon.core.webui.common.WebUiCommonHelper.findElementByNormalMethods(WebUiCommonHelper.java:1036)
	at com.kms.katalon.core.webui.common.WebUiCommonHelper.findElementsBySelectedMethod(WebUiCommonHelper.java:921)
	at com.kms.katalon.core.webui.common.WebUiCommonHelper.findElementsBySelectedMethod(WebUiCommonHelper.java:902)
	at com.kms.katalon.core.webui.common.WebUiCommonHelper.findElementsBySelectedMethod(WebUiCommonHelper.java:897)
	at com.kms.katalon.core.webui.common.WebUiCommonHelper.findElementsByDefault(WebUiCommonHelper.java:893)
	at com.kms.katalon.core.webui.common.WebUiCommonHelper.findWebElements(WebUiCommonHelper.java:725)
	at com.kms.katalon.core.webui.common.WebUiCommonHelper.findWebElement(WebUiCommonHelper.java:1416)
	at com.kms.katalon.core.webui.keyword.internal.WebUIAbstractKeyword.findWebElement(WebUIAbstractKeyword.groovy:27)
	at com.kms.katalon.core.webui.keyword.builtin.VerifyElementTextKeyword$_verifyElementText_closure1.doCall(VerifyElementTextKeyword.groovy:52)
	at com.kms.katalon.core.webui.keyword.builtin.VerifyElementTextKeyword$_verifyElementText_closure1.call(VerifyElementTextKeyword.groovy)
	at com.kms.katalon.core.webui.keyword.internal.WebUIKeywordMain.runKeyword(WebUIKeywordMain.groovy:20)
	at com.kms.katalon.core.webui.keyword.builtin.VerifyElementTextKeyword.verifyElementText(VerifyElementTextKeyword.groovy:72)
	at com.kms.katalon.core.webui.keyword.builtin.VerifyElementTextKeyword.execute(VerifyElementTextKeyword.groovy:40)
	at com.kms.katalon.core.keyword.internal.KeywordExecutor.executeKeywordForPlatform(KeywordExecutor.groovy:74)
	at com.kms.katalon.core.webui.keyword.WebUiBuiltInKeywords.verifyElementText(WebUiBuiltInKeywords.groovy:4819)
	at Script1723488723876.run(Script1723488723876.groovy:25)
	... 15 more
)
	at com.kms.katalon.core.keyword.internal.KeywordMain.stepFailed(KeywordMain.groovy:39)
	at com.kms.katalon.core.webui.keyword.internal.WebUIKeywordMain.stepFailed(WebUIKeywordMain.groovy:64)
	at com.kms.katalon.core.webui.keyword.internal.WebUIKeywordMain.runKeyword(WebUIKeywordMain.groovy:26)
	at com.kms.katalon.core.webui.keyword.builtin.VerifyElementTextKeyword.verifyElementText(VerifyElementTextKeyword.groovy:72)
	at com.kms.katalon.core.webui.keyword.builtin.VerifyElementTextKeyword.execute(VerifyElementTextKeyword.groovy:40)
	at com.kms.katalon.core.keyword.internal.KeywordExecutor.executeKeywordForPlatform(KeywordExecutor.groovy:74)
	at com.kms.katalon.core.webui.keyword.WebUiBuiltInKeywords.verifyElementText(WebUiBuiltInKeywords.groovy:4819)
	at L004_Login User with incorrect email and password.run(L004_Login User with incorrect email and password:25)
	at com.kms.katalon.core.main.ScriptEngine.run(ScriptEngine.java:194)
	at com.kms.katalon.core.main.ScriptEngine.runScriptAsRawText(ScriptEngine.java:119)
	at com.kms.katalon.core.main.TestCaseExecutor.runScript(TestCaseExecutor.java:448)
	at com.kms.katalon.core.main.TestCaseExecutor.doExecute(TestCaseExecutor.java:439)
	at com.kms.katalon.core.main.TestCaseExecutor.processExecutionPhase(TestCaseExecutor.java:418)
	at com.kms.katalon.core.main.TestCaseExecutor.accessMainPhase(TestCaseExecutor.java:410)
	at com.kms.katalon.core.main.TestCaseExecutor.execute(TestCaseExecutor.java:285)
	at com.kms.katalon.core.common.CommonExecutor.accessTestCaseMainPhase(CommonExecutor.java:65)
	at com.kms.katalon.core.main.TestSuiteExecutor.accessTestSuiteMainPhase(TestSuiteExecutor.java:150)
	at com.kms.katalon.core.main.TestSuiteExecutor.execute(TestSuiteExecutor.java:106)
	at com.kms.katalon.core.main.TestCaseMain.startTestSuite(TestCaseMain.java:180)
	at TempTestSuite1723491202827.run(TempTestSuite1723491202827.groovy:35)
	at java.base/jdk.internal.reflect.NativeMethodAccessorImpl.invoke0(Native Method)
	at java.base/jdk.internal.reflect.NativeMethodAccessorImpl.invoke(NativeMethodAccessorImpl.java:77)
	at java.base/jdk.internal.reflect.DelegatingMethodAccessorImpl.invoke(DelegatingMethodAccessorImpl.java:43)
Caused by: com.kms.katalon.core.exception.StepFailedException: Verify element text of test object 'Object Repository/Login/verify_invalidcreds' FAILED.
	... 22 more
Caused by: org.openqa.selenium.NoSuchSessionException: Session ID is null. Using WebDriver after calling quit()?
Build info: version: '3.141.59', revision: 'unknown', time: 'unknown'
System info: host: 'KRUPAL_CHAVDA', ip: '192.168.1.7', os.name: 'Windows 11', os.arch: 'amd64', os.version: '10.0', java.version: '17.0.7'
Driver info: driver.version: RemoteWebDriver
	at org.openqa.selenium.remote.HttpCommandExecutor.execute(HttpCommandExecutor.java:125)
	at org.openqa.selenium.remote.service.DriverCommandExecutor.execute(DriverCommandExecutor.java:83)
	at org.openqa.selenium.remote.RemoteWebDriver.execute(RemoteWebDriver.java:552)
	at com.kms.katalon.selenium.driver.CChromeDriver.execute(CChromeDriver.java:19)
	at org.openqa.selenium.remote.RemoteWebDriver.findElements(RemoteWebDriver.java:353)
	at org.openqa.selenium.remote.RemoteWebDriver.findElementsByXPath(RemoteWebDriver.java:432)
	at org.openqa.selenium.By$ByXPath.findElements(By.java:348)
	at org.openqa.selenium.remote.RemoteWebDriver.findElements(RemoteWebDriver.java:311)
	at com.kms.katalon.core.webui.common.WebUiCommonHelper.findElementByNormalMethods(WebUiCommonHelper.java:1036)
	at com.kms.katalon.core.webui.common.WebUiCommonHelper.findElementsBySelectedMethod(WebUiCommonHelper.java:921)
	at com.kms.katalon.core.webui.common.WebUiCommonHelper.findElementsBySelectedMethod(WebUiCommonHelper.java:902)
	at com.kms.katalon.core.webui.common.WebUiCommonHelper.findElementsBySelectedMethod(WebUiCommonHelper.java:897)
	at com.kms.katalon.core.webui.common.WebUiCommonHelper.findElementsByDefault(WebUiCommonHelper.java:893)
	at com.kms.katalon.core.webui.common.WebUiCommonHelper.findWebElements(WebUiCommonHelper.java:725)
	at com.kms.katalon.core.webui.common.WebUiCommonHelper.findWebElement(WebUiCommonHelper.java:1416)
	at com.kms.katalon.core.webui.keyword.internal.WebUIAbstractKeyword.findWebElement(WebUIAbstractKeyword.groovy:27)
	at com.kms.katalon.core.webui.keyword.builtin.VerifyElementTextKeyword$_verifyElementText_closure1.doCall(VerifyElementTextKeyword.groovy:52)
	at com.kms.katalon.core.webui.keyword.builtin.VerifyElementTextKeyword$_verifyElementText_closure1.call(VerifyElementTextKeyword.groovy)
	at com.kms.katalon.core.webui.keyword.internal.WebUIKeywordMain.runKeyword(WebUIKeywordMain.groovy:20)
	... 20 more]]></system-err>
      </testcase>
      <system-out><![CDATA[13-08-2024T01:03:30 - [TEST_SUITE][FAILED] - Login Scenarios: Test Cases/Login/L005_Logout FAILED.
Reason:
com.kms.katalon.core.exception.StepFailedException: Unable to click on object 'Object Repository/Login/btn_Logout'
	at com.kms.katalon.core.webui.keyword.internal.WebUIKeywordMain.stepFailed(WebUIKeywordMain.groovy:64)
	at com.kms.katalon.core.webui.keyword.internal.WebUIKeywordMain.runKeyword(WebUIKeywordMain.groovy:26)
	at com.kms.katalon.core.webui.keyword.builtin.ClickKeyword.click(ClickKeyword.groovy:74)
	at com.kms.katalon.core.webui.keyword.builtin.ClickKeyword.execute(ClickKeyword.groovy:40)
	at com.kms.katalon.core.keyword.internal.KeywordExecutor.executeKeywordForPlatform(KeywordExecutor.groovy:74)
	at com.kms.katalon.core.webui.keyword.WebUiBuiltInKeywords.click(WebUiBuiltInKeywords.groovy:659)
	at L005_Logout.run(L005_Logout:36)
	at com.kms.katalon.core.main.ScriptEngine.run(ScriptEngine.java:194)
	at com.kms.katalon.core.main.ScriptEngine.runScriptAsRawText(ScriptEngine.java:119)
	at com.kms.katalon.core.main.TestCaseExecutor.runScript(TestCaseExecutor.java:448)
	at com.kms.katalon.core.main.TestCaseExecutor.doExecute(TestCaseExecutor.java:439)
	at com.kms.katalon.core.main.TestCaseExecutor.processExecutionPhase(TestCaseExecutor.java:418)
	at com.kms.katalon.core.main.TestCaseExecutor.accessMainPhase(TestCaseExecutor.java:410)
	at com.kms.katalon.core.main.TestCaseExecutor.execute(TestCaseExecutor.java:285)
	at com.kms.katalon.core.common.CommonExecutor.accessTestCaseMainPhase(CommonExecutor.java:65)
	at com.kms.katalon.core.main.TestSuiteExecutor.accessTestSuiteMainPhase(TestSuiteExecutor.java:150)
	at com.kms.katalon.core.main.TestSuiteExecutor.execute(TestSuiteExecutor.java:106)
	at com.kms.katalon.core.main.TestCaseMain.startTestSuite(TestCaseMain.java:180)
	at TempTestSuite1723491202827.run(TempTestSuite1723491202827.groovy:35)
	at java.base/jdk.internal.reflect.NativeMethodAccessorImpl.invoke0(Native Method)
	at java.base/jdk.internal.reflect.NativeMethodAccessorImpl.invoke(NativeMethodAccessorImpl.java:77)
	at java.base/jdk.internal.reflect.DelegatingMethodAccessorImpl.invoke(DelegatingMethodAccessorImpl.java:43)
Caused by: org.openqa.selenium.NoSuchSessionException: Session ID is null. Using WebDriver after calling quit()?
Build info: version: '3.141.59', revision: 'unknown', time: 'unknown'
System info: host: 'KRUPAL_CHAVDA', ip: '192.168.1.7', os.name: 'Windows 11', os.arch: 'amd64', os.version: '10.0', java.version: '17.0.7'
Driver info: driver.version: RemoteWebDriver
	at org.openqa.selenium.remote.HttpCommandExecutor.execute(HttpCommandExecutor.java:125)
	at org.openqa.selenium.remote.service.DriverCommandExecutor.execute(DriverCommandExecutor.java:83)
	at org.openqa.selenium.remote.RemoteWebDriver.execute(RemoteWebDriver.java:552)
	at com.kms.katalon.selenium.driver.CChromeDriver.execute(CChromeDriver.java:19)
	at org.openqa.selenium.remote.RemoteWebDriver.findElements(RemoteWebDriver.java:353)
	at org.openqa.selenium.remote.RemoteWebDriver.findElementsByXPath(RemoteWebDriver.java:432)
	at org.openqa.selenium.By$ByXPath.findElements(By.java:348)
	at org.openqa.selenium.remote.RemoteWebDriver.findElements(RemoteWebDriver.java:311)
	at com.kms.katalon.core.webui.common.WebUiCommonHelper.findElementByNormalMethods(WebUiCommonHelper.java:1036)
	at com.kms.katalon.core.webui.common.WebUiCommonHelper.findElementsBySelectedMethod(WebUiCommonHelper.java:921)
	at com.kms.katalon.core.webui.common.WebUiCommonHelper.findElementsBySelectedMethod(WebUiCommonHelper.java:902)
	at com.kms.katalon.core.webui.common.WebUiCommonHelper.findElementsBySelectedMethod(WebUiCommonHelper.java:897)
	at com.kms.katalon.core.webui.common.WebUiCommonHelper.findElementsByDefault(WebUiCommonHelper.java:893)
	at com.kms.katalon.core.webui.common.WebUiCommonHelper.findWebElements(WebUiCommonHelper.java:725)
	at com.kms.katalon.core.webui.common.WebUiCommonHelper.findWebElement(WebUiCommonHelper.java:1416)
	at com.kms.katalon.core.webui.keyword.internal.WebUIAbstractKeyword.findWebElement(WebUIAbstractKeyword.groovy:27)
	at com.kms.katalon.core.webui.keyword.builtin.ClickKeyword$_click_closure1.doCall(ClickKeyword.groovy:65)
	at com.kms.katalon.core.webui.keyword.builtin.ClickKeyword$_click_closure1.call(ClickKeyword.groovy)
	at com.kms.katalon.core.webui.keyword.internal.WebUIKeywordMain.runKeyword(WebUIKeywordMain.groovy:20)
	... 20 more]]></system-out>
      <system-err><![CDATA[13-08-2024T01:03:30 - [TEST_SUITE][FAILED] - Login Scenarios: Test Cases/Login/L005_Logout FAILED.
Reason:
com.kms.katalon.core.exception.StepFailedException: Unable to click on object 'Object Repository/Login/btn_Logout'
	at com.kms.katalon.core.webui.keyword.internal.WebUIKeywordMain.stepFailed(WebUIKeywordMain.groovy:64)
	at com.kms.katalon.core.webui.keyword.internal.WebUIKeywordMain.runKeyword(WebUIKeywordMain.groovy:26)
	at com.kms.katalon.core.webui.keyword.builtin.ClickKeyword.click(ClickKeyword.groovy:74)
	at com.kms.katalon.core.webui.keyword.builtin.ClickKeyword.execute(ClickKeyword.groovy:40)
	at com.kms.katalon.core.keyword.internal.KeywordExecutor.executeKeywordForPlatform(KeywordExecutor.groovy:74)
	at com.kms.katalon.core.webui.keyword.WebUiBuiltInKeywords.click(WebUiBuiltInKeywords.groovy:659)
	at L005_Logout.run(L005_Logout:36)
	at com.kms.katalon.core.main.ScriptEngine.run(ScriptEngine.java:194)
	at com.kms.katalon.core.main.ScriptEngine.runScriptAsRawText(ScriptEngine.java:119)
	at com.kms.katalon.core.main.TestCaseExecutor.runScript(TestCaseExecutor.java:448)
	at com.kms.katalon.core.main.TestCaseExecutor.doExecute(TestCaseExecutor.java:439)
	at com.kms.katalon.core.main.TestCaseExecutor.processExecutionPhase(TestCaseExecutor.java:418)
	at com.kms.katalon.core.main.TestCaseExecutor.accessMainPhase(TestCaseExecutor.java:410)
	at com.kms.katalon.core.main.TestCaseExecutor.execute(TestCaseExecutor.java:285)
	at com.kms.katalon.core.common.CommonExecutor.accessTestCaseMainPhase(CommonExecutor.java:65)
	at com.kms.katalon.core.main.TestSuiteExecutor.accessTestSuiteMainPhase(TestSuiteExecutor.java:150)
	at com.kms.katalon.core.main.TestSuiteExecutor.execute(TestSuiteExecutor.java:106)
	at com.kms.katalon.core.main.TestCaseMain.startTestSuite(TestCaseMain.java:180)
	at TempTestSuite1723491202827.run(TempTestSuite1723491202827.groovy:35)
	at java.base/jdk.internal.reflect.NativeMethodAccessorImpl.invoke0(Native Method)
	at java.base/jdk.internal.reflect.NativeMethodAccessorImpl.invoke(NativeMethodAccessorImpl.java:77)
	at java.base/jdk.internal.reflect.DelegatingMethodAccessorImpl.invoke(DelegatingMethodAccessorImpl.java:43)
Caused by: org.openqa.selenium.NoSuchSessionException: Session ID is null. Using WebDriver after calling quit()?
Build info: version: '3.141.59', revision: 'unknown', time: 'unknown'
System info: host: 'KRUPAL_CHAVDA', ip: '192.168.1.7', os.name: 'Windows 11', os.arch: 'amd64', os.version: '10.0', java.version: '17.0.7'
Driver info: driver.version: RemoteWebDriver
	at org.openqa.selenium.remote.HttpCommandExecutor.execute(HttpCommandExecutor.java:125)
	at org.openqa.selenium.remote.service.DriverCommandExecutor.execute(DriverCommandExecutor.java:83)
	at org.openqa.selenium.remote.RemoteWebDriver.execute(RemoteWebDriver.java:552)
	at com.kms.katalon.selenium.driver.CChromeDriver.execute(CChromeDriver.java:19)
	at org.openqa.selenium.remote.RemoteWebDriver.findElements(RemoteWebDriver.java:353)
	at org.openqa.selenium.remote.RemoteWebDriver.findElementsByXPath(RemoteWebDriver.java:432)
	at org.openqa.selenium.By$ByXPath.findElements(By.java:348)
	at org.openqa.selenium.remote.RemoteWebDriver.findElements(RemoteWebDriver.java:311)
	at com.kms.katalon.core.webui.common.WebUiCommonHelper.findElementByNormalMethods(WebUiCommonHelper.java:1036)
	at com.kms.katalon.core.webui.common.WebUiCommonHelper.findElementsBySelectedMethod(WebUiCommonHelper.java:921)
	at com.kms.katalon.core.webui.common.WebUiCommonHelper.findElementsBySelectedMethod(WebUiCommonHelper.java:902)
	at com.kms.katalon.core.webui.common.WebUiCommonHelper.findElementsBySelectedMethod(WebUiCommonHelper.java:897)
	at com.kms.katalon.core.webui.common.WebUiCommonHelper.findElementsByDefault(WebUiCommonHelper.java:893)
	at com.kms.katalon.core.webui.common.WebUiCommonHelper.findWebElements(WebUiCommonHelper.java:725)
	at com.kms.katalon.core.webui.common.WebUiCommonHelper.findWebElement(WebUiCommonHelper.java:1416)
	at com.kms.katalon.core.webui.keyword.internal.WebUIAbstractKeyword.findWebElement(WebUIAbstractKeyword.groovy:27)
	at com.kms.katalon.core.webui.keyword.builtin.ClickKeyword$_click_closure1.doCall(ClickKeyword.groovy:65)
	at com.kms.katalon.core.webui.keyword.builtin.ClickKeyword$_click_closure1.call(ClickKeyword.groovy)
	at com.kms.katalon.core.webui.keyword.internal.WebUIKeywordMain.runKeyword(WebUIKeywordMain.groovy:20)
	... 20 more]]></system-err>
   </testsuite>
</testsuites>
