<?xml version="1.0" encoding="UTF-8"?>
<testsuites name="Login Scenarios" time="83.849" tests="2" failures="1" errors="0">
   <testsuite name="Login Scenarios" tests="2" failures="1" errors="0" time="83.849" skipped="0" timestamp="12-08-2024T23:42:57" hostname="krupa - Krupal_Chavda.bbrouter" id="Test Suites/Login Scenarios">
      <properties>
         <property name="deviceName" value=""/>
         <property name="devicePlatform"/>
         <property name="logFolder" value="K:\\Krupal_QA\\Katalon\\Projects\\Git Katalon Projects\\KatalonProject01\\Reports\\20240812_234250\\Login Scenarios\\20240812_234251"/>
         <property name="logFiles" value="K:\\Krupal_QA\\Katalon\\Projects\\Git Katalon Projects\\KatalonProject01\\Reports\\20240812_234250\\Login Scenarios\\20240812_234251\\execution0.log"/>
         <property name="attachments" value="K:\\Krupal_QA\\Katalon\\Projects\\Git Katalon Projects\\KatalonProject01\\Reports\\20240812_234250\\Login Scenarios\\20240812_234251\\1723486461406.png, K:\\Krupal_QA\\Katalon\\Projects\\Git Katalon Projects\\KatalonProject01\\Reports\\20240812_234250\\Login Scenarios\\20240812_234251\\1723486461576.png"/>
         <property name="hostName" value="krupa - Krupal_Chavda.bbrouter"/>
         <property name="os" value="Windows 11 64bit"/>
         <property name="katalonVersion" value="9.5.0.217"/>
         <property name="browser" value="Chrome 127.0.0.0"/>
         <property name="hostAddress" value="192.168.1.7"/>
         <property name="sessionId" value="0952145b8e917071e4b37f8691cf6b54"/>
         <property name="seleniumVersion" value="3.141.59"/>
         <property name="proxyInformation" value="ProxyInformation { proxyOption=NO_PROXY, proxyServerType=HTTP, username=, password=********, proxyServerAddress=, proxyServerPort=0, executionList=&quot;&quot;, isApplyToDesiredCapabilities=true }"/>
         <property name="platform" value="Windows 11"/>
      </properties>
      <testcase name="Test Cases/Login/L001_Register User" time="39.142" classname="Test Cases/Login/L001_Register User" status="PASSED">
         <system-out><![CDATA[12-08-2024T23:42:58 - [TEST_CASE][PASSED] - Test Cases/Login/L001_Register User: Test Cases/Login/L001_Register User

12-08-2024T23:42:58 - [TEST_STEP][PASSED] - file = new java.io.FileInputStream(new java.io.File((java.lang.System.getProperty(user.dir) + \Data Files\dataFile.xlsx))): null

12-08-2024T23:42:58 - [TEST_STEP][PASSED] - workbook = new org.apache.poi.xssf.usermodel.XSSFWorkbook(file): null

12-08-2024T23:42:59 - [TEST_STEP][PASSED] - sheet = workbook.getSheetAt(0): null

12-08-2024T23:42:59 - [TEST_STEP][PASSED] - openBrowser(""): Browser is opened with url: ''

12-08-2024T23:42:59 - [MESSAGE][INFO] - Opening browser

12-08-2024T23:42:59 - [MESSAGE][INFO] - Starting 'Chrome' driver

12-08-2024T23:42:59 - [MESSAGE][INFO] - User set preference: ['args', '[--incognit, --start-maximized]']

12-08-2024T23:42:59 - [MESSAGE][INFO] - Action delay is set to 0 milliseconds

12-08-2024T23:43:01 - [MESSAGE][PASSED] - Browser is opened with url: ''

12-08-2024T23:43:01 - [TEST_STEP][PASSED] - navigateToUrl("http://automationexercise.com/"): Navigate to 'http://automationexercise.com/' successfully

12-08-2024T23:43:01 - [MESSAGE][INFO] - Checking url

12-08-2024T23:43:01 - [MESSAGE][INFO] - Navigating to 'http://automationexercise.com/'

12-08-2024T23:43:05 - [MESSAGE][PASSED] - Navigate to 'http://automationexercise.com/' successfully

12-08-2024T23:43:05 - [TEST_STEP][PASSED] - waitForElementVisible(findTestObject("Object Repository/Login/Menu_Home"), Long_Timeout): Object 'Object Repository/Login/Menu_Home' is visible

12-08-2024T23:43:05 - [MESSAGE][INFO] - Finding Test Object 'Object Repository/Login/Menu_Home'

12-08-2024T23:43:05 - [MESSAGE][INFO] - Checking object

12-08-2024T23:43:05 - [MESSAGE][INFO] - Checking timeout

12-08-2024T23:43:05 - [MESSAGE][INFO] - Finding web element from Test Object's properties

12-08-2024T23:43:05 - [MESSAGE][INFO] - Checking timeout

12-08-2024T23:43:05 - [MESSAGE][INFO] - Finding web element with id: 'Object Repository/Login/Menu_Home' located by 'By.xpath: //a[@href="/" and contains(.,'Home')]' in '60' second(s)

12-08-2024T23:43:05 - [MESSAGE][INFO] - Smart Wait Function is triggered

12-08-2024T23:43:06 - [MESSAGE][INFO] - Found 1 web elements with id: 'Object Repository/Login/Menu_Home' located by 'By.xpath: //a[@href="/" and contains(.,'Home')]' in '60' second(s)

12-08-2024T23:43:06 - [MESSAGE][PASSED] - Object 'Object Repository/Login/Menu_Home' is visible

12-08-2024T23:43:06 - [TEST_STEP][PASSED] - verifyElementAttributeValue(findTestObject("Object Repository/Login/Menu_Home"), "style", "color: orange;", Short_Timeout): Object 'Object Repository/Login/Menu_Home' has attribute 'style' with value 'color: orange;'

12-08-2024T23:43:06 - [MESSAGE][INFO] - Finding Test Object 'Object Repository/Login/Menu_Home'

12-08-2024T23:43:06 - [MESSAGE][INFO] - Checking object

12-08-2024T23:43:06 - [MESSAGE][INFO] - Checking attribute name

12-08-2024T23:43:06 - [MESSAGE][INFO] - Checking timeout

12-08-2024T23:43:06 - [MESSAGE][INFO] - Finding web element from Test Object's properties

12-08-2024T23:43:06 - [MESSAGE][INFO] - Checking timeout

12-08-2024T23:43:06 - [MESSAGE][INFO] - Finding web element with id: 'Object Repository/Login/Menu_Home' located by 'By.xpath: //a[@href="/" and contains(.,'Home')]' in '30' second(s)

12-08-2024T23:43:06 - [MESSAGE][INFO] - Smart Wait Function is triggered

12-08-2024T23:43:06 - [MESSAGE][INFO] - Found 1 web elements with id: 'Object Repository/Login/Menu_Home' located by 'By.xpath: //a[@href="/" and contains(.,'Home')]' in '30' second(s)

12-08-2024T23:43:07 - [MESSAGE][PASSED] - Object 'Object Repository/Login/Menu_Home' has attribute 'style' with value 'color: orange;'

12-08-2024T23:43:07 - [TEST_STEP][PASSED] - verifyElementVisible(findTestObject("Object Repository/Login/img_Home"), OPTIONAL): Object 'Object Repository/Login/img_Home' is visible

12-08-2024T23:43:07 - [MESSAGE][INFO] - Finding Test Object 'Object Repository/Login/img_Home'

12-08-2024T23:43:07 - [MESSAGE][INFO] - Checking object

12-08-2024T23:43:07 - [MESSAGE][INFO] - Finding web element from Test Object's properties

12-08-2024T23:43:07 - [MESSAGE][INFO] - Checking timeout

12-08-2024T23:43:07 - [MESSAGE][INFO] - Finding web element with id: 'Object Repository/Login/img_Home' located by 'By.xpath: //a[@href="/" ]//img' in '30' second(s)

12-08-2024T23:43:07 - [MESSAGE][INFO] - Smart Wait Function is triggered

12-08-2024T23:43:07 - [MESSAGE][INFO] - Found 1 web elements with id: 'Object Repository/Login/img_Home' located by 'By.xpath: //a[@href="/" ]//img' in '30' second(s)

12-08-2024T23:43:07 - [MESSAGE][PASSED] - Object 'Object Repository/Login/img_Home' is visible

12-08-2024T23:43:07 - [TEST_STEP][PASSED] - click(findTestObject("Object Repository/Login/btn_Signup-Login")): Object: 'Object Repository/Login/btn_Signup-Login' is clicked on

12-08-2024T23:43:07 - [MESSAGE][INFO] - Finding Test Object 'Object Repository/Login/btn_Signup-Login'

12-08-2024T23:43:07 - [MESSAGE][INFO] - Checking object

12-08-2024T23:43:07 - [MESSAGE][INFO] - Checking timeout

12-08-2024T23:43:07 - [MESSAGE][INFO] - Finding web element from Test Object's properties

12-08-2024T23:43:07 - [MESSAGE][INFO] - Checking timeout

12-08-2024T23:43:07 - [MESSAGE][INFO] - Finding web element with id: 'Object Repository/Login/btn_Signup-Login' located by 'By.xpath: //a[@href="/login" and contains(.,'Signup / Login')]' in '30' second(s)

12-08-2024T23:43:07 - [MESSAGE][INFO] - Smart Wait Function is triggered

12-08-2024T23:43:07 - [MESSAGE][INFO] - Found 1 web elements with id: 'Object Repository/Login/btn_Signup-Login' located by 'By.xpath: //a[@href="/login" and contains(.,'Signup / Login')]' in '30' second(s)

12-08-2024T23:43:07 - [MESSAGE][INFO] - Clicking on object: 'Object Repository/Login/btn_Signup-Login'

12-08-2024T23:43:09 - [MESSAGE][PASSED] - Object: 'Object Repository/Login/btn_Signup-Login' is clicked on

12-08-2024T23:43:09 - [TEST_STEP][PASSED] - verifyElementText(findTestObject("Object Repository/Login/Verify_NewUserSignup"), "New User Signup!"): Actual text and expected text of test object 'Object Repository/Login/Verify_NewUserSignup' are matched.

12-08-2024T23:43:09 - [MESSAGE][INFO] - Finding Test Object 'Object Repository/Login/Verify_NewUserSignup'

12-08-2024T23:43:09 - [MESSAGE][INFO] - Checking object

12-08-2024T23:43:09 - [MESSAGE][INFO] - Finding web element from Test Object's properties

12-08-2024T23:43:09 - [MESSAGE][INFO] - Checking timeout

12-08-2024T23:43:09 - [MESSAGE][INFO] - Finding web element with id: 'Object Repository/Login/Verify_NewUserSignup' located by 'By.xpath: //h2[text()='New User Signup!']' in '30' second(s)

12-08-2024T23:43:09 - [MESSAGE][INFO] - Smart Wait Function is triggered

12-08-2024T23:43:09 - [MESSAGE][INFO] - Found 1 web elements with id: 'Object Repository/Login/Verify_NewUserSignup' located by 'By.xpath: //h2[text()='New User Signup!']' in '30' second(s)

12-08-2024T23:43:09 - [MESSAGE][PASSED] - Actual text and expected text of test object 'Object Repository/Login/Verify_NewUserSignup' are matched.

12-08-2024T23:43:10 - [TEST_STEP][PASSED] - setText(findTestObject("Object Repository/Login/txt_Name"), "KBC Automation"): Text 'KBC Automation' is set on object 'Object Repository/Login/txt_Name'

12-08-2024T23:43:10 - [MESSAGE][INFO] - Finding Test Object 'Object Repository/Login/txt_Name'

12-08-2024T23:43:10 - [MESSAGE][INFO] - Checking object

12-08-2024T23:43:10 - [MESSAGE][INFO] - Checking text

12-08-2024T23:43:10 - [MESSAGE][INFO] - Finding web element from Test Object's properties

12-08-2024T23:43:10 - [MESSAGE][INFO] - Checking timeout

12-08-2024T23:43:10 - [MESSAGE][INFO] - Finding web element with id: 'Object Repository/Login/txt_Name' located by 'By.xpath: //input[@name='name']' in '30' second(s)

12-08-2024T23:43:10 - [MESSAGE][INFO] - Smart Wait Function is triggered

12-08-2024T23:43:10 - [MESSAGE][INFO] - Found 1 web elements with id: 'Object Repository/Login/txt_Name' located by 'By.xpath: //input[@name='name']' in '30' second(s)

12-08-2024T23:43:10 - [MESSAGE][INFO] - Clearing text of object 'Object Repository/Login/txt_Name'

12-08-2024T23:43:10 - [MESSAGE][INFO] - Finding web element from Test Object's properties

12-08-2024T23:43:10 - [MESSAGE][INFO] - Checking timeout

12-08-2024T23:43:10 - [MESSAGE][INFO] - Finding web element with id: 'Object Repository/Login/txt_Name' located by 'By.xpath: //input[@name='name']' in '30' second(s)

12-08-2024T23:43:10 - [MESSAGE][INFO] - Smart Wait Function is triggered

12-08-2024T23:43:10 - [MESSAGE][INFO] - Found 1 web elements with id: 'Object Repository/Login/txt_Name' located by 'By.xpath: //input[@name='name']' in '30' second(s)

12-08-2024T23:43:10 - [MESSAGE][INFO] - Setting text of object 'Object Repository/Login/txt_Name' to value 'KBC Automation'

12-08-2024T23:43:11 - [MESSAGE][PASSED] - Text 'KBC Automation' is set on object 'Object Repository/Login/txt_Name'

12-08-2024T23:43:11 - [TEST_STEP][PASSED] - random = Math.random() * 1000: null

12-08-2024T23:43:11 - [TEST_STEP][PASSED] - myDateObj = LocalDateTime.now(): null

12-08-2024T23:43:11 - [TEST_STEP][PASSED] - out.println("Before formatting: " + myDateObj): null

12-08-2024T23:43:11 - [TEST_STEP][PASSED] - myFormatObj = DateTimeFormatter.ofPattern("ddMMyyyy"): null

12-08-2024T23:43:11 - [TEST_STEP][PASSED] - formattedDate = myDateObj.format(myFormatObj): null

12-08-2024T23:43:11 - [TEST_STEP][PASSED] - setText(findTestObject("Object Repository/Login/txt_Email"), "Test" + formattedDate + "@" + random + ".com"): Text 'Test12082024@221.com' is set on object 'Object Repository/Login/txt_Email'

12-08-2024T23:43:11 - [MESSAGE][INFO] - Finding Test Object 'Object Repository/Login/txt_Email'

12-08-2024T23:43:11 - [MESSAGE][INFO] - Checking object

12-08-2024T23:43:11 - [MESSAGE][INFO] - Checking text

12-08-2024T23:43:11 - [MESSAGE][INFO] - Finding web element from Test Object's properties

12-08-2024T23:43:11 - [MESSAGE][INFO] - Checking timeout

12-08-2024T23:43:11 - [MESSAGE][INFO] - Finding web element with id: 'Object Repository/Login/txt_Email' located by 'By.xpath: //input[@name='email' and @data-qa='signup-email']' in '30' second(s)

12-08-2024T23:43:11 - [MESSAGE][INFO] - Smart Wait Function is triggered

12-08-2024T23:43:11 - [MESSAGE][INFO] - Found 1 web elements with id: 'Object Repository/Login/txt_Email' located by 'By.xpath: //input[@name='email' and @data-qa='signup-email']' in '30' second(s)

12-08-2024T23:43:11 - [MESSAGE][INFO] - Clearing text of object 'Object Repository/Login/txt_Email'

12-08-2024T23:43:11 - [MESSAGE][INFO] - Finding web element from Test Object's properties

12-08-2024T23:43:11 - [MESSAGE][INFO] - Checking timeout

12-08-2024T23:43:11 - [MESSAGE][INFO] - Finding web element with id: 'Object Repository/Login/txt_Email' located by 'By.xpath: //input[@name='email' and @data-qa='signup-email']' in '30' second(s)

12-08-2024T23:43:11 - [MESSAGE][INFO] - Smart Wait Function is triggered

12-08-2024T23:43:11 - [MESSAGE][INFO] - Found 1 web elements with id: 'Object Repository/Login/txt_Email' located by 'By.xpath: //input[@name='email' and @data-qa='signup-email']' in '30' second(s)

12-08-2024T23:43:11 - [MESSAGE][INFO] - Setting text of object 'Object Repository/Login/txt_Email' to value 'Test12082024@221.com'

12-08-2024T23:43:12 - [MESSAGE][PASSED] - Text 'Test12082024@221.com' is set on object 'Object Repository/Login/txt_Email'

12-08-2024T23:43:12 - [TEST_STEP][PASSED] - createCell(0).setCellValue("Test" + formattedDate + "@" + random + ".com"): null

12-08-2024T23:43:12 - [TEST_STEP][PASSED] - click(findTestObject("Object Repository/Login/btn_SignUp")): Object: 'Object Repository/Login/btn_SignUp' is clicked on

12-08-2024T23:43:12 - [MESSAGE][INFO] - Finding Test Object 'Object Repository/Login/btn_SignUp'

12-08-2024T23:43:12 - [MESSAGE][INFO] - Checking object

12-08-2024T23:43:12 - [MESSAGE][INFO] - Checking timeout

12-08-2024T23:43:12 - [MESSAGE][INFO] - Finding web element from Test Object's properties

12-08-2024T23:43:12 - [MESSAGE][INFO] - Checking timeout

12-08-2024T23:43:12 - [MESSAGE][INFO] - Finding web element with id: 'Object Repository/Login/btn_SignUp' located by 'By.xpath: //button[@data-qa='signup-button']' in '30' second(s)

12-08-2024T23:43:12 - [MESSAGE][INFO] - Smart Wait Function is triggered

12-08-2024T23:43:12 - [MESSAGE][INFO] - Found 1 web elements with id: 'Object Repository/Login/btn_SignUp' located by 'By.xpath: //button[@data-qa='signup-button']' in '30' second(s)

12-08-2024T23:43:12 - [MESSAGE][INFO] - Clicking on object: 'Object Repository/Login/btn_SignUp'

12-08-2024T23:43:14 - [MESSAGE][PASSED] - Object: 'Object Repository/Login/btn_SignUp' is clicked on

12-08-2024T23:43:14 - [TEST_STEP][PASSED] - verifyElementAttributeValue(findTestObject("Object Repository/Login/txt_Name"), "value", "KBC Automation", Short_Timeout): Object 'Object Repository/Login/txt_Name' has attribute 'value' with value 'KBC Automation'

12-08-2024T23:43:14 - [MESSAGE][INFO] - Finding Test Object 'Object Repository/Login/txt_Name'

12-08-2024T23:43:14 - [MESSAGE][INFO] - Checking object

12-08-2024T23:43:14 - [MESSAGE][INFO] - Checking attribute name

12-08-2024T23:43:14 - [MESSAGE][INFO] - Checking timeout

12-08-2024T23:43:14 - [MESSAGE][INFO] - Finding web element from Test Object's properties

12-08-2024T23:43:14 - [MESSAGE][INFO] - Checking timeout

12-08-2024T23:43:14 - [MESSAGE][INFO] - Finding web element with id: 'Object Repository/Login/txt_Name' located by 'By.xpath: //input[@name='name']' in '30' second(s)

12-08-2024T23:43:14 - [MESSAGE][INFO] - Smart Wait Function is triggered

12-08-2024T23:43:14 - [MESSAGE][INFO] - Found 1 web elements with id: 'Object Repository/Login/txt_Name' located by 'By.xpath: //input[@name='name']' in '30' second(s)

12-08-2024T23:43:14 - [MESSAGE][PASSED] - Object 'Object Repository/Login/txt_Name' has attribute 'value' with value 'KBC Automation'

12-08-2024T23:43:14 - [TEST_STEP][PASSED] - verifyElementAttributeValue(findTestObject("Object Repository/Account Info/verify_Email"), "value", "Test" + formattedDate + "@" + random + ".com", Short_Timeout): Object 'Object Repository/Account Info/verify_Email' has attribute 'value' with value 'Test12082024@221.com'

12-08-2024T23:43:14 - [MESSAGE][INFO] - Finding Test Object 'Object Repository/Account Info/verify_Email'

12-08-2024T23:43:14 - [MESSAGE][INFO] - Checking object

12-08-2024T23:43:14 - [MESSAGE][INFO] - Checking attribute name

12-08-2024T23:43:14 - [MESSAGE][INFO] - Checking timeout

12-08-2024T23:43:14 - [MESSAGE][INFO] - Finding web element from Test Object's properties

12-08-2024T23:43:14 - [MESSAGE][INFO] - Checking timeout

12-08-2024T23:43:14 - [MESSAGE][INFO] - Finding web element with id: 'Object Repository/Account Info/verify_Email' located by 'By.xpath: //input[@name='email']' in '30' second(s)

12-08-2024T23:43:14 - [MESSAGE][INFO] - Smart Wait Function is triggered

12-08-2024T23:43:15 - [MESSAGE][INFO] - Found 1 web elements with id: 'Object Repository/Account Info/verify_Email' located by 'By.xpath: //input[@name='email']' in '30' second(s)

12-08-2024T23:43:15 - [MESSAGE][PASSED] - Object 'Object Repository/Account Info/verify_Email' has attribute 'value' with value 'Test12082024@221.com'

12-08-2024T23:43:15 - [TEST_STEP][PASSED] - check(findTestObject("Object Repository/Account Info/radiobtn_Title")): Object 'Object Repository/Account Info/radiobtn_Title' is checked

12-08-2024T23:43:15 - [MESSAGE][INFO] - Finding Test Object 'Object Repository/Account Info/radiobtn_Title'

12-08-2024T23:43:15 - [MESSAGE][INFO] - Checking object

12-08-2024T23:43:15 - [MESSAGE][INFO] - Finding web element from Test Object's properties

12-08-2024T23:43:15 - [MESSAGE][INFO] - Checking timeout

12-08-2024T23:43:15 - [MESSAGE][INFO] - Finding web element with id: 'Object Repository/Account Info/radiobtn_Title' located by 'By.xpath: //input[@id='id_gender1']' in '30' second(s)

12-08-2024T23:43:15 - [MESSAGE][INFO] - Smart Wait Function is triggered

12-08-2024T23:43:15 - [MESSAGE][INFO] - Found 1 web elements with id: 'Object Repository/Account Info/radiobtn_Title' located by 'By.xpath: //input[@id='id_gender1']' in '30' second(s)

12-08-2024T23:43:15 - [MESSAGE][INFO] - Checking on bject 'Object Repository/Account Info/radiobtn_Title'

12-08-2024T23:43:15 - [MESSAGE][PASSED] - Object 'Object Repository/Account Info/radiobtn_Title' is checked

12-08-2024T23:43:15 - [TEST_STEP][PASSED] - setText(findTestObject("Object Repository/Account Info/txt_Password"), "Test" + formattedDate + "@" + random): Text 'Test12082024@221' is set on object 'Object Repository/Account Info/txt_Password'

12-08-2024T23:43:15 - [MESSAGE][INFO] - Finding Test Object 'Object Repository/Account Info/txt_Password'

12-08-2024T23:43:15 - [MESSAGE][INFO] - Checking object

12-08-2024T23:43:15 - [MESSAGE][INFO] - Checking text

12-08-2024T23:43:15 - [MESSAGE][INFO] - Finding web element from Test Object's properties

12-08-2024T23:43:15 - [MESSAGE][INFO] - Checking timeout

12-08-2024T23:43:15 - [MESSAGE][INFO] - Finding web element with id: 'Object Repository/Account Info/txt_Password' located by 'By.xpath: //input[@name="password"]' in '30' second(s)

12-08-2024T23:43:15 - [MESSAGE][INFO] - Smart Wait Function is triggered

12-08-2024T23:43:16 - [MESSAGE][INFO] - Found 1 web elements with id: 'Object Repository/Account Info/txt_Password' located by 'By.xpath: //input[@name="password"]' in '30' second(s)

12-08-2024T23:43:16 - [MESSAGE][INFO] - Clearing text of object 'Object Repository/Account Info/txt_Password'

12-08-2024T23:43:16 - [MESSAGE][INFO] - Finding web element from Test Object's properties

12-08-2024T23:43:16 - [MESSAGE][INFO] - Checking timeout

12-08-2024T23:43:16 - [MESSAGE][INFO] - Finding web element with id: 'Object Repository/Account Info/txt_Password' located by 'By.xpath: //input[@name="password"]' in '30' second(s)

12-08-2024T23:43:16 - [MESSAGE][INFO] - Smart Wait Function is triggered

12-08-2024T23:43:16 - [MESSAGE][INFO] - Found 1 web elements with id: 'Object Repository/Account Info/txt_Password' located by 'By.xpath: //input[@name="password"]' in '30' second(s)

12-08-2024T23:43:16 - [MESSAGE][INFO] - Setting text of object 'Object Repository/Account Info/txt_Password' to value 'Test12082024@221'

12-08-2024T23:43:16 - [MESSAGE][PASSED] - Text 'Test12082024@221' is set on object 'Object Repository/Account Info/txt_Password'

12-08-2024T23:43:16 - [TEST_STEP][PASSED] - createCell(1).setCellValue("Test" + formattedDate + "@" + random): null

12-08-2024T23:43:16 - [TEST_STEP][PASSED] - selectOptionByValue(findTestObject("Object Repository/Account Info/drp_days"), "21", false): All options with value '21' are selected in object 'Object Repository/Account Info/drp_days' 

12-08-2024T23:43:16 - [MESSAGE][INFO] - Finding Test Object 'Object Repository/Account Info/drp_days'

12-08-2024T23:43:16 - [MESSAGE][INFO] - Checking object

12-08-2024T23:43:16 - [MESSAGE][INFO] - Checking value parameter

12-08-2024T23:43:16 - [MESSAGE][INFO] - Finding web element from Test Object's properties

12-08-2024T23:43:16 - [MESSAGE][INFO] - Checking timeout

12-08-2024T23:43:16 - [MESSAGE][INFO] - Finding web element with id: 'Object Repository/Account Info/drp_days' located by 'By.xpath: //select[@name="days"]' in '30' second(s)

12-08-2024T23:43:16 - [MESSAGE][INFO] - Smart Wait Function is triggered

12-08-2024T23:43:16 - [MESSAGE][INFO] - Found 1 web elements with id: 'Object Repository/Account Info/drp_days' located by 'By.xpath: //select[@name="days"]' in '30' second(s)

12-08-2024T23:43:16 - [MESSAGE][INFO] - Selecting options on object 'Object Repository/Account Info/drp_days' with value '21'

12-08-2024T23:43:16 - [MESSAGE][INFO] - Smart Wait Function is triggered

12-08-2024T23:43:17 - [MESSAGE][PASSED] - All options with value '21' are selected in object 'Object Repository/Account Info/drp_days' 

12-08-2024T23:43:17 - [TEST_STEP][PASSED] - waitForElementVisible(findTestObject("Object Repository/Account Info/drp_Month"), Short_Timeout): Object 'Object Repository/Account Info/drp_Month' is visible

12-08-2024T23:43:17 - [MESSAGE][INFO] - Finding Test Object 'Object Repository/Account Info/drp_Month'

12-08-2024T23:43:17 - [MESSAGE][INFO] - Checking object

12-08-2024T23:43:17 - [MESSAGE][INFO] - Checking timeout

12-08-2024T23:43:17 - [MESSAGE][INFO] - Finding web element from Test Object's properties

12-08-2024T23:43:17 - [MESSAGE][INFO] - Checking timeout

12-08-2024T23:43:17 - [MESSAGE][INFO] - Finding web element with id: 'Object Repository/Account Info/drp_Month' located by 'By.xpath: //select[@name="months"]' in '30' second(s)

12-08-2024T23:43:17 - [MESSAGE][INFO] - Smart Wait Function is triggered

12-08-2024T23:43:17 - [MESSAGE][INFO] - Found 1 web elements with id: 'Object Repository/Account Info/drp_Month' located by 'By.xpath: //select[@name="months"]' in '30' second(s)

12-08-2024T23:43:17 - [MESSAGE][PASSED] - Object 'Object Repository/Account Info/drp_Month' is visible

12-08-2024T23:43:17 - [TEST_STEP][PASSED] - selectOptionByValue(findTestObject("Object Repository/Account Info/drp_Month"), "3", false): All options with value '3' are selected in object 'Object Repository/Account Info/drp_Month' 

12-08-2024T23:43:17 - [MESSAGE][INFO] - Finding Test Object 'Object Repository/Account Info/drp_Month'

12-08-2024T23:43:17 - [MESSAGE][INFO] - Checking object

12-08-2024T23:43:17 - [MESSAGE][INFO] - Checking value parameter

12-08-2024T23:43:17 - [MESSAGE][INFO] - Finding web element from Test Object's properties

12-08-2024T23:43:17 - [MESSAGE][INFO] - Checking timeout

12-08-2024T23:43:17 - [MESSAGE][INFO] - Finding web element with id: 'Object Repository/Account Info/drp_Month' located by 'By.xpath: //select[@name="months"]' in '30' second(s)

12-08-2024T23:43:17 - [MESSAGE][INFO] - Smart Wait Function is triggered

12-08-2024T23:43:17 - [MESSAGE][INFO] - Found 1 web elements with id: 'Object Repository/Account Info/drp_Month' located by 'By.xpath: //select[@name="months"]' in '30' second(s)

12-08-2024T23:43:17 - [MESSAGE][INFO] - Selecting options on object 'Object Repository/Account Info/drp_Month' with value '3'

12-08-2024T23:43:17 - [MESSAGE][INFO] - Smart Wait Function is triggered

12-08-2024T23:43:18 - [MESSAGE][PASSED] - All options with value '3' are selected in object 'Object Repository/Account Info/drp_Month' 

12-08-2024T23:43:18 - [TEST_STEP][PASSED] - selectOptionByValue(findTestObject("Object Repository/Account Info/drp_Year"), "2002", false): All options with value '2002' are selected in object 'Object Repository/Account Info/drp_Year' 

12-08-2024T23:43:18 - [MESSAGE][INFO] - Finding Test Object 'Object Repository/Account Info/drp_Year'

12-08-2024T23:43:18 - [MESSAGE][INFO] - Checking object

12-08-2024T23:43:18 - [MESSAGE][INFO] - Checking value parameter

12-08-2024T23:43:18 - [MESSAGE][INFO] - Finding web element from Test Object's properties

12-08-2024T23:43:18 - [MESSAGE][INFO] - Checking timeout

12-08-2024T23:43:18 - [MESSAGE][INFO] - Finding web element with id: 'Object Repository/Account Info/drp_Year' located by 'By.xpath: //select[@name="years"]' in '30' second(s)

12-08-2024T23:43:18 - [MESSAGE][INFO] - Smart Wait Function is triggered

12-08-2024T23:43:18 - [MESSAGE][INFO] - Found 1 web elements with id: 'Object Repository/Account Info/drp_Year' located by 'By.xpath: //select[@name="years"]' in '30' second(s)

12-08-2024T23:43:18 - [MESSAGE][INFO] - Selecting options on object 'Object Repository/Account Info/drp_Year' with value '2002'

12-08-2024T23:43:18 - [MESSAGE][INFO] - Smart Wait Function is triggered

12-08-2024T23:43:18 - [MESSAGE][PASSED] - All options with value '2002' are selected in object 'Object Repository/Account Info/drp_Year' 

12-08-2024T23:43:18 - [TEST_STEP][PASSED] - scrollToElement(findTestObject("Object Repository/Account Info/checkbox_signUpNews"), Short_Timeout): Scroll to object 'Object Repository/Account Info/checkbox_signUpNews' successfully

12-08-2024T23:43:18 - [MESSAGE][INFO] - Finding Test Object 'Object Repository/Account Info/checkbox_signUpNews'

12-08-2024T23:43:18 - [MESSAGE][INFO] - Checking object

12-08-2024T23:43:18 - [MESSAGE][INFO] - Checking timeout

12-08-2024T23:43:18 - [MESSAGE][INFO] - Finding web element from Test Object's properties

12-08-2024T23:43:18 - [MESSAGE][INFO] - Checking timeout

12-08-2024T23:43:18 - [MESSAGE][INFO] - Finding web element with id: 'Object Repository/Account Info/checkbox_signUpNews' located by 'By.xpath: //label[@for="newsletter"]' in '30' second(s)

12-08-2024T23:43:18 - [MESSAGE][INFO] - Smart Wait Function is triggered

12-08-2024T23:43:19 - [MESSAGE][INFO] - Found 1 web elements with id: 'Object Repository/Account Info/checkbox_signUpNews' located by 'By.xpath: //label[@for="newsletter"]' in '30' second(s)

12-08-2024T23:43:19 - [MESSAGE][INFO] - Scrolling to object 'Object Repository/Account Info/checkbox_signUpNews'

12-08-2024T23:43:19 - [MESSAGE][PASSED] - Scroll to object 'Object Repository/Account Info/checkbox_signUpNews' successfully

12-08-2024T23:43:19 - [TEST_STEP][PASSED] - click(findTestObject("Object Repository/Account Info/checkbox_signUpNews")): Object: 'Object Repository/Account Info/checkbox_signUpNews' is clicked on

12-08-2024T23:43:19 - [MESSAGE][INFO] - Finding Test Object 'Object Repository/Account Info/checkbox_signUpNews'

12-08-2024T23:43:19 - [MESSAGE][INFO] - Checking object

12-08-2024T23:43:19 - [MESSAGE][INFO] - Checking timeout

12-08-2024T23:43:19 - [MESSAGE][INFO] - Finding web element from Test Object's properties

12-08-2024T23:43:19 - [MESSAGE][INFO] - Checking timeout

12-08-2024T23:43:19 - [MESSAGE][INFO] - Finding web element with id: 'Object Repository/Account Info/checkbox_signUpNews' located by 'By.xpath: //label[@for="newsletter"]' in '30' second(s)

12-08-2024T23:43:19 - [MESSAGE][INFO] - Smart Wait Function is triggered

12-08-2024T23:43:19 - [MESSAGE][INFO] - Found 1 web elements with id: 'Object Repository/Account Info/checkbox_signUpNews' located by 'By.xpath: //label[@for="newsletter"]' in '30' second(s)

12-08-2024T23:43:19 - [MESSAGE][INFO] - Clicking on object: 'Object Repository/Account Info/checkbox_signUpNews'

12-08-2024T23:43:19 - [MESSAGE][PASSED] - Object: 'Object Repository/Account Info/checkbox_signUpNews' is clicked on

12-08-2024T23:43:19 - [TEST_STEP][PASSED] - click(findTestObject("Object Repository/Account Info/checkbox_option")): Object: 'Object Repository/Account Info/checkbox_option' is clicked on

12-08-2024T23:43:19 - [MESSAGE][INFO] - Finding Test Object 'Object Repository/Account Info/checkbox_option'

12-08-2024T23:43:19 - [MESSAGE][INFO] - Checking object

12-08-2024T23:43:19 - [MESSAGE][INFO] - Checking timeout

12-08-2024T23:43:19 - [MESSAGE][INFO] - Finding web element from Test Object's properties

12-08-2024T23:43:19 - [MESSAGE][INFO] - Checking timeout

12-08-2024T23:43:19 - [MESSAGE][INFO] - Finding web element with id: 'Object Repository/Account Info/checkbox_option' located by 'By.xpath: //label[@for="optin"]' in '30' second(s)

12-08-2024T23:43:19 - [MESSAGE][INFO] - Smart Wait Function is triggered

12-08-2024T23:43:19 - [MESSAGE][INFO] - Found 1 web elements with id: 'Object Repository/Account Info/checkbox_option' located by 'By.xpath: //label[@for="optin"]' in '30' second(s)

12-08-2024T23:43:19 - [MESSAGE][INFO] - Clicking on object: 'Object Repository/Account Info/checkbox_option'

12-08-2024T23:43:20 - [MESSAGE][PASSED] - Object: 'Object Repository/Account Info/checkbox_option' is clicked on

12-08-2024T23:43:20 - [TEST_STEP][PASSED] - scrollToElement(findTestObject("Object Repository/Account Info/txt_first_name"), Short_Timeout): Scroll to object 'Object Repository/Account Info/txt_first_name' successfully

12-08-2024T23:43:20 - [MESSAGE][INFO] - Finding Test Object 'Object Repository/Account Info/txt_first_name'

12-08-2024T23:43:20 - [MESSAGE][INFO] - Checking object

12-08-2024T23:43:20 - [MESSAGE][INFO] - Checking timeout

12-08-2024T23:43:20 - [MESSAGE][INFO] - Finding web element from Test Object's properties

12-08-2024T23:43:20 - [MESSAGE][INFO] - Checking timeout

12-08-2024T23:43:20 - [MESSAGE][INFO] - Finding web element with id: 'Object Repository/Account Info/txt_first_name' located by 'By.xpath: //input[@name="first_name"]' in '30' second(s)

12-08-2024T23:43:20 - [MESSAGE][INFO] - Smart Wait Function is triggered

12-08-2024T23:43:20 - [MESSAGE][INFO] - Found 1 web elements with id: 'Object Repository/Account Info/txt_first_name' located by 'By.xpath: //input[@name="first_name"]' in '30' second(s)

12-08-2024T23:43:20 - [MESSAGE][INFO] - Scrolling to object 'Object Repository/Account Info/txt_first_name'

12-08-2024T23:43:20 - [MESSAGE][PASSED] - Scroll to object 'Object Repository/Account Info/txt_first_name' successfully

12-08-2024T23:43:20 - [TEST_STEP][PASSED] - setText(findTestObject("Object Repository/Account Info/txt_first_name"), "KBC"): Text 'KBC' is set on object 'Object Repository/Account Info/txt_first_name'

12-08-2024T23:43:20 - [MESSAGE][INFO] - Finding Test Object 'Object Repository/Account Info/txt_first_name'

12-08-2024T23:43:20 - [MESSAGE][INFO] - Checking object

12-08-2024T23:43:20 - [MESSAGE][INFO] - Checking text

12-08-2024T23:43:20 - [MESSAGE][INFO] - Finding web element from Test Object's properties

12-08-2024T23:43:20 - [MESSAGE][INFO] - Checking timeout

12-08-2024T23:43:20 - [MESSAGE][INFO] - Finding web element with id: 'Object Repository/Account Info/txt_first_name' located by 'By.xpath: //input[@name="first_name"]' in '30' second(s)

12-08-2024T23:43:20 - [MESSAGE][INFO] - Smart Wait Function is triggered

12-08-2024T23:43:20 - [MESSAGE][INFO] - Found 1 web elements with id: 'Object Repository/Account Info/txt_first_name' located by 'By.xpath: //input[@name="first_name"]' in '30' second(s)

12-08-2024T23:43:20 - [MESSAGE][INFO] - Clearing text of object 'Object Repository/Account Info/txt_first_name'

12-08-2024T23:43:20 - [MESSAGE][INFO] - Finding web element from Test Object's properties

12-08-2024T23:43:20 - [MESSAGE][INFO] - Checking timeout

12-08-2024T23:43:20 - [MESSAGE][INFO] - Finding web element with id: 'Object Repository/Account Info/txt_first_name' located by 'By.xpath: //input[@name="first_name"]' in '30' second(s)

12-08-2024T23:43:20 - [MESSAGE][INFO] - Smart Wait Function is triggered

12-08-2024T23:43:21 - [MESSAGE][INFO] - Found 1 web elements with id: 'Object Repository/Account Info/txt_first_name' located by 'By.xpath: //input[@name="first_name"]' in '30' second(s)

12-08-2024T23:43:21 - [MESSAGE][INFO] - Setting text of object 'Object Repository/Account Info/txt_first_name' to value 'KBC'

12-08-2024T23:43:21 - [MESSAGE][PASSED] - Text 'KBC' is set on object 'Object Repository/Account Info/txt_first_name'

12-08-2024T23:43:21 - [TEST_STEP][PASSED] - setText(findTestObject("Object Repository/Account Info/txt_last_name"), "Automation"): Text 'Automation' is set on object 'Object Repository/Account Info/txt_last_name'

12-08-2024T23:43:21 - [MESSAGE][INFO] - Finding Test Object 'Object Repository/Account Info/txt_last_name'

12-08-2024T23:43:21 - [MESSAGE][INFO] - Checking object

12-08-2024T23:43:21 - [MESSAGE][INFO] - Checking text

12-08-2024T23:43:21 - [MESSAGE][INFO] - Finding web element from Test Object's properties

12-08-2024T23:43:21 - [MESSAGE][INFO] - Checking timeout

12-08-2024T23:43:21 - [MESSAGE][INFO] - Finding web element with id: 'Object Repository/Account Info/txt_last_name' located by 'By.xpath: //input[@name="last_name"]' in '30' second(s)

12-08-2024T23:43:21 - [MESSAGE][INFO] - Smart Wait Function is triggered

12-08-2024T23:43:21 - [MESSAGE][INFO] - Found 1 web elements with id: 'Object Repository/Account Info/txt_last_name' located by 'By.xpath: //input[@name="last_name"]' in '30' second(s)

12-08-2024T23:43:21 - [MESSAGE][INFO] - Clearing text of object 'Object Repository/Account Info/txt_last_name'

12-08-2024T23:43:21 - [MESSAGE][INFO] - Finding web element from Test Object's properties

12-08-2024T23:43:21 - [MESSAGE][INFO] - Checking timeout

12-08-2024T23:43:21 - [MESSAGE][INFO] - Finding web element with id: 'Object Repository/Account Info/txt_last_name' located by 'By.xpath: //input[@name="last_name"]' in '30' second(s)

12-08-2024T23:43:21 - [MESSAGE][INFO] - Smart Wait Function is triggered

12-08-2024T23:43:21 - [MESSAGE][INFO] - Found 1 web elements with id: 'Object Repository/Account Info/txt_last_name' located by 'By.xpath: //input[@name="last_name"]' in '30' second(s)

12-08-2024T23:43:21 - [MESSAGE][INFO] - Setting text of object 'Object Repository/Account Info/txt_last_name' to value 'Automation'

12-08-2024T23:43:22 - [MESSAGE][PASSED] - Text 'Automation' is set on object 'Object Repository/Account Info/txt_last_name'

12-08-2024T23:43:22 - [TEST_STEP][PASSED] - setText(findTestObject("Object Repository/Account Info/txt_Company"), "Automation"): Text 'Automation' is set on object 'Object Repository/Account Info/txt_Company'

12-08-2024T23:43:22 - [MESSAGE][INFO] - Finding Test Object 'Object Repository/Account Info/txt_Company'

12-08-2024T23:43:22 - [MESSAGE][INFO] - Checking object

12-08-2024T23:43:22 - [MESSAGE][INFO] - Checking text

12-08-2024T23:43:22 - [MESSAGE][INFO] - Finding web element from Test Object's properties

12-08-2024T23:43:22 - [MESSAGE][INFO] - Checking timeout

12-08-2024T23:43:22 - [MESSAGE][INFO] - Finding web element with id: 'Object Repository/Account Info/txt_Company' located by 'By.xpath: //input[@name="company"]' in '30' second(s)

12-08-2024T23:43:22 - [MESSAGE][INFO] - Smart Wait Function is triggered

12-08-2024T23:43:22 - [MESSAGE][INFO] - Found 1 web elements with id: 'Object Repository/Account Info/txt_Company' located by 'By.xpath: //input[@name="company"]' in '30' second(s)

12-08-2024T23:43:22 - [MESSAGE][INFO] - Clearing text of object 'Object Repository/Account Info/txt_Company'

12-08-2024T23:43:22 - [MESSAGE][INFO] - Finding web element from Test Object's properties

12-08-2024T23:43:22 - [MESSAGE][INFO] - Checking timeout

12-08-2024T23:43:22 - [MESSAGE][INFO] - Finding web element with id: 'Object Repository/Account Info/txt_Company' located by 'By.xpath: //input[@name="company"]' in '30' second(s)

12-08-2024T23:43:22 - [MESSAGE][INFO] - Smart Wait Function is triggered

12-08-2024T23:43:22 - [MESSAGE][INFO] - Found 1 web elements with id: 'Object Repository/Account Info/txt_Company' located by 'By.xpath: //input[@name="company"]' in '30' second(s)

12-08-2024T23:43:22 - [MESSAGE][INFO] - Setting text of object 'Object Repository/Account Info/txt_Company' to value 'Automation'

12-08-2024T23:43:23 - [MESSAGE][PASSED] - Text 'Automation' is set on object 'Object Repository/Account Info/txt_Company'

12-08-2024T23:43:23 - [TEST_STEP][PASSED] - setText(findTestObject("Object Repository/Account Info/txt_Address"), "Test near test"): Text 'Test near test' is set on object 'Object Repository/Account Info/txt_Address'

12-08-2024T23:43:23 - [MESSAGE][INFO] - Finding Test Object 'Object Repository/Account Info/txt_Address'

12-08-2024T23:43:23 - [MESSAGE][INFO] - Checking object

12-08-2024T23:43:23 - [MESSAGE][INFO] - Checking text

12-08-2024T23:43:23 - [MESSAGE][INFO] - Finding web element from Test Object's properties

12-08-2024T23:43:23 - [MESSAGE][INFO] - Checking timeout

12-08-2024T23:43:23 - [MESSAGE][INFO] - Finding web element with id: 'Object Repository/Account Info/txt_Address' located by 'By.xpath: //input[@name="address1"]' in '30' second(s)

12-08-2024T23:43:23 - [MESSAGE][INFO] - Smart Wait Function is triggered

12-08-2024T23:43:23 - [MESSAGE][INFO] - Found 1 web elements with id: 'Object Repository/Account Info/txt_Address' located by 'By.xpath: //input[@name="address1"]' in '30' second(s)

12-08-2024T23:43:23 - [MESSAGE][INFO] - Clearing text of object 'Object Repository/Account Info/txt_Address'

12-08-2024T23:43:23 - [MESSAGE][INFO] - Finding web element from Test Object's properties

12-08-2024T23:43:23 - [MESSAGE][INFO] - Checking timeout

12-08-2024T23:43:23 - [MESSAGE][INFO] - Finding web element with id: 'Object Repository/Account Info/txt_Address' located by 'By.xpath: //input[@name="address1"]' in '30' second(s)

12-08-2024T23:43:23 - [MESSAGE][INFO] - Smart Wait Function is triggered

12-08-2024T23:43:23 - [MESSAGE][INFO] - Found 1 web elements with id: 'Object Repository/Account Info/txt_Address' located by 'By.xpath: //input[@name="address1"]' in '30' second(s)

12-08-2024T23:43:23 - [MESSAGE][INFO] - Setting text of object 'Object Repository/Account Info/txt_Address' to value 'Test near test'

12-08-2024T23:43:23 - [MESSAGE][PASSED] - Text 'Test near test' is set on object 'Object Repository/Account Info/txt_Address'

12-08-2024T23:43:23 - [TEST_STEP][PASSED] - setText(findTestObject("Object Repository/Account Info/txt_Address2"), "Address 2"): Text 'Address 2' is set on object 'Object Repository/Account Info/txt_Address2'

12-08-2024T23:43:23 - [MESSAGE][INFO] - Finding Test Object 'Object Repository/Account Info/txt_Address2'

12-08-2024T23:43:23 - [MESSAGE][INFO] - Checking object

12-08-2024T23:43:23 - [MESSAGE][INFO] - Checking text

12-08-2024T23:43:23 - [MESSAGE][INFO] - Finding web element from Test Object's properties

12-08-2024T23:43:23 - [MESSAGE][INFO] - Checking timeout

12-08-2024T23:43:23 - [MESSAGE][INFO] - Finding web element with id: 'Object Repository/Account Info/txt_Address2' located by 'By.xpath: //input[@name="address2"]' in '30' second(s)

12-08-2024T23:43:23 - [MESSAGE][INFO] - Smart Wait Function is triggered

12-08-2024T23:43:24 - [MESSAGE][INFO] - Found 1 web elements with id: 'Object Repository/Account Info/txt_Address2' located by 'By.xpath: //input[@name="address2"]' in '30' second(s)

12-08-2024T23:43:24 - [MESSAGE][INFO] - Clearing text of object 'Object Repository/Account Info/txt_Address2'

12-08-2024T23:43:24 - [MESSAGE][INFO] - Finding web element from Test Object's properties

12-08-2024T23:43:24 - [MESSAGE][INFO] - Checking timeout

12-08-2024T23:43:24 - [MESSAGE][INFO] - Finding web element with id: 'Object Repository/Account Info/txt_Address2' located by 'By.xpath: //input[@name="address2"]' in '30' second(s)

12-08-2024T23:43:24 - [MESSAGE][INFO] - Smart Wait Function is triggered

12-08-2024T23:43:24 - [MESSAGE][INFO] - Found 1 web elements with id: 'Object Repository/Account Info/txt_Address2' located by 'By.xpath: //input[@name="address2"]' in '30' second(s)

12-08-2024T23:43:24 - [MESSAGE][INFO] - Setting text of object 'Object Repository/Account Info/txt_Address2' to value 'Address 2'

12-08-2024T23:43:24 - [MESSAGE][PASSED] - Text 'Address 2' is set on object 'Object Repository/Account Info/txt_Address2'

12-08-2024T23:43:24 - [TEST_STEP][PASSED] - selectOptionByLabel(findTestObject("Object Repository/Account Info/drp_Country"), "Australia", false): All options with label 'Australia' are selected in object 'Object Repository/Account Info/drp_Country' 

12-08-2024T23:43:24 - [MESSAGE][INFO] - Finding Test Object 'Object Repository/Account Info/drp_Country'

12-08-2024T23:43:24 - [MESSAGE][INFO] - Checking object

12-08-2024T23:43:24 - [MESSAGE][INFO] - Checking label parameter

12-08-2024T23:43:24 - [MESSAGE][INFO] - Finding web element from Test Object's properties

12-08-2024T23:43:24 - [MESSAGE][INFO] - Checking timeout

12-08-2024T23:43:24 - [MESSAGE][INFO] - Finding web element with id: 'Object Repository/Account Info/drp_Country' located by 'By.xpath: //select[@name="country"]' in '30' second(s)

12-08-2024T23:43:24 - [MESSAGE][INFO] - Smart Wait Function is triggered

12-08-2024T23:43:25 - [MESSAGE][INFO] - Found 1 web elements with id: 'Object Repository/Account Info/drp_Country' located by 'By.xpath: //select[@name="country"]' in '30' second(s)

12-08-2024T23:43:25 - [MESSAGE][INFO] - Selecting options on object 'Object Repository/Account Info/drp_Country' with label 'Australia' 

12-08-2024T23:43:25 - [MESSAGE][INFO] - Smart Wait Function is triggered

12-08-2024T23:43:25 - [MESSAGE][PASSED] - All options with label 'Australia' are selected in object 'Object Repository/Account Info/drp_Country' 

12-08-2024T23:43:25 - [TEST_STEP][PASSED] - scrollToElement(findTestObject("Object Repository/Account Info/txt_State"), Short_Timeout): Scroll to object 'Object Repository/Account Info/txt_State' successfully

12-08-2024T23:43:25 - [MESSAGE][INFO] - Finding Test Object 'Object Repository/Account Info/txt_State'

12-08-2024T23:43:25 - [MESSAGE][INFO] - Checking object

12-08-2024T23:43:25 - [MESSAGE][INFO] - Checking timeout

12-08-2024T23:43:25 - [MESSAGE][INFO] - Finding web element from Test Object's properties

12-08-2024T23:43:25 - [MESSAGE][INFO] - Checking timeout

12-08-2024T23:43:25 - [MESSAGE][INFO] - Finding web element with id: 'Object Repository/Account Info/txt_State' located by 'By.xpath: //input[@name="state"]' in '30' second(s)

12-08-2024T23:43:25 - [MESSAGE][INFO] - Smart Wait Function is triggered

12-08-2024T23:43:25 - [MESSAGE][INFO] - Found 1 web elements with id: 'Object Repository/Account Info/txt_State' located by 'By.xpath: //input[@name="state"]' in '30' second(s)

12-08-2024T23:43:25 - [MESSAGE][INFO] - Scrolling to object 'Object Repository/Account Info/txt_State'

12-08-2024T23:43:25 - [MESSAGE][PASSED] - Scroll to object 'Object Repository/Account Info/txt_State' successfully

12-08-2024T23:43:25 - [TEST_STEP][PASSED] - setText(findTestObject("Object Repository/Account Info/txt_State"), "ACT"): Text 'ACT' is set on object 'Object Repository/Account Info/txt_State'

12-08-2024T23:43:25 - [MESSAGE][INFO] - Finding Test Object 'Object Repository/Account Info/txt_State'

12-08-2024T23:43:25 - [MESSAGE][INFO] - Checking object

12-08-2024T23:43:25 - [MESSAGE][INFO] - Checking text

12-08-2024T23:43:25 - [MESSAGE][INFO] - Finding web element from Test Object's properties

12-08-2024T23:43:25 - [MESSAGE][INFO] - Checking timeout

12-08-2024T23:43:25 - [MESSAGE][INFO] - Finding web element with id: 'Object Repository/Account Info/txt_State' located by 'By.xpath: //input[@name="state"]' in '30' second(s)

12-08-2024T23:43:25 - [MESSAGE][INFO] - Smart Wait Function is triggered

12-08-2024T23:43:26 - [MESSAGE][INFO] - Found 1 web elements with id: 'Object Repository/Account Info/txt_State' located by 'By.xpath: //input[@name="state"]' in '30' second(s)

12-08-2024T23:43:26 - [MESSAGE][INFO] - Clearing text of object 'Object Repository/Account Info/txt_State'

12-08-2024T23:43:26 - [MESSAGE][INFO] - Finding web element from Test Object's properties

12-08-2024T23:43:26 - [MESSAGE][INFO] - Checking timeout

12-08-2024T23:43:26 - [MESSAGE][INFO] - Finding web element with id: 'Object Repository/Account Info/txt_State' located by 'By.xpath: //input[@name="state"]' in '30' second(s)

12-08-2024T23:43:26 - [MESSAGE][INFO] - Smart Wait Function is triggered

12-08-2024T23:43:26 - [MESSAGE][INFO] - Found 1 web elements with id: 'Object Repository/Account Info/txt_State' located by 'By.xpath: //input[@name="state"]' in '30' second(s)

12-08-2024T23:43:26 - [MESSAGE][INFO] - Setting text of object 'Object Repository/Account Info/txt_State' to value 'ACT'

12-08-2024T23:43:26 - [MESSAGE][PASSED] - Text 'ACT' is set on object 'Object Repository/Account Info/txt_State'

12-08-2024T23:43:26 - [TEST_STEP][PASSED] - setText(findTestObject("Object Repository/Account Info/txt_City"), "Melbourne"): Text 'Melbourne' is set on object 'Object Repository/Account Info/txt_City'

12-08-2024T23:43:26 - [MESSAGE][INFO] - Finding Test Object 'Object Repository/Account Info/txt_City'

12-08-2024T23:43:26 - [MESSAGE][INFO] - Checking object

12-08-2024T23:43:26 - [MESSAGE][INFO] - Checking text

12-08-2024T23:43:26 - [MESSAGE][INFO] - Finding web element from Test Object's properties

12-08-2024T23:43:26 - [MESSAGE][INFO] - Checking timeout

12-08-2024T23:43:26 - [MESSAGE][INFO] - Finding web element with id: 'Object Repository/Account Info/txt_City' located by 'By.xpath: //input[@name="city"]' in '30' second(s)

12-08-2024T23:43:26 - [MESSAGE][INFO] - Smart Wait Function is triggered

12-08-2024T23:43:26 - [MESSAGE][INFO] - Found 1 web elements with id: 'Object Repository/Account Info/txt_City' located by 'By.xpath: //input[@name="city"]' in '30' second(s)

12-08-2024T23:43:26 - [MESSAGE][INFO] - Clearing text of object 'Object Repository/Account Info/txt_City'

12-08-2024T23:43:26 - [MESSAGE][INFO] - Finding web element from Test Object's properties

12-08-2024T23:43:26 - [MESSAGE][INFO] - Checking timeout

12-08-2024T23:43:26 - [MESSAGE][INFO] - Finding web element with id: 'Object Repository/Account Info/txt_City' located by 'By.xpath: //input[@name="city"]' in '30' second(s)

12-08-2024T23:43:26 - [MESSAGE][INFO] - Smart Wait Function is triggered

12-08-2024T23:43:27 - [MESSAGE][INFO] - Found 1 web elements with id: 'Object Repository/Account Info/txt_City' located by 'By.xpath: //input[@name="city"]' in '30' second(s)

12-08-2024T23:43:27 - [MESSAGE][INFO] - Setting text of object 'Object Repository/Account Info/txt_City' to value 'Melbourne'

12-08-2024T23:43:27 - [MESSAGE][PASSED] - Text 'Melbourne' is set on object 'Object Repository/Account Info/txt_City'

12-08-2024T23:43:27 - [TEST_STEP][PASSED] - setText(findTestObject("Object Repository/Account Info/txt_zipcode"), "2900"): Text '2900' is set on object 'Object Repository/Account Info/txt_zipcode'

12-08-2024T23:43:27 - [MESSAGE][INFO] - Finding Test Object 'Object Repository/Account Info/txt_zipcode'

12-08-2024T23:43:27 - [MESSAGE][INFO] - Checking object

12-08-2024T23:43:27 - [MESSAGE][INFO] - Checking text

12-08-2024T23:43:27 - [MESSAGE][INFO] - Finding web element from Test Object's properties

12-08-2024T23:43:27 - [MESSAGE][INFO] - Checking timeout

12-08-2024T23:43:27 - [MESSAGE][INFO] - Finding web element with id: 'Object Repository/Account Info/txt_zipcode' located by 'By.xpath: //input[@name="zipcode"]' in '30' second(s)

12-08-2024T23:43:27 - [MESSAGE][INFO] - Smart Wait Function is triggered

12-08-2024T23:43:27 - [MESSAGE][INFO] - Found 1 web elements with id: 'Object Repository/Account Info/txt_zipcode' located by 'By.xpath: //input[@name="zipcode"]' in '30' second(s)

12-08-2024T23:43:27 - [MESSAGE][INFO] - Clearing text of object 'Object Repository/Account Info/txt_zipcode'

12-08-2024T23:43:27 - [MESSAGE][INFO] - Finding web element from Test Object's properties

12-08-2024T23:43:27 - [MESSAGE][INFO] - Checking timeout

12-08-2024T23:43:27 - [MESSAGE][INFO] - Finding web element with id: 'Object Repository/Account Info/txt_zipcode' located by 'By.xpath: //input[@name="zipcode"]' in '30' second(s)

12-08-2024T23:43:27 - [MESSAGE][INFO] - Smart Wait Function is triggered

12-08-2024T23:43:28 - [MESSAGE][INFO] - Found 1 web elements with id: 'Object Repository/Account Info/txt_zipcode' located by 'By.xpath: //input[@name="zipcode"]' in '30' second(s)

12-08-2024T23:43:28 - [MESSAGE][INFO] - Setting text of object 'Object Repository/Account Info/txt_zipcode' to value '2900'

12-08-2024T23:43:28 - [MESSAGE][PASSED] - Text '2900' is set on object 'Object Repository/Account Info/txt_zipcode'

12-08-2024T23:43:28 - [TEST_STEP][PASSED] - setText(findTestObject("Object Repository/Account Info/num_Mobile"), "1236123612"): Text '1236123612' is set on object 'Object Repository/Account Info/num_Mobile'

12-08-2024T23:43:28 - [MESSAGE][INFO] - Finding Test Object 'Object Repository/Account Info/num_Mobile'

12-08-2024T23:43:28 - [MESSAGE][INFO] - Checking object

12-08-2024T23:43:28 - [MESSAGE][INFO] - Checking text

12-08-2024T23:43:28 - [MESSAGE][INFO] - Finding web element from Test Object's properties

12-08-2024T23:43:28 - [MESSAGE][INFO] - Checking timeout

12-08-2024T23:43:28 - [MESSAGE][INFO] - Finding web element with id: 'Object Repository/Account Info/num_Mobile' located by 'By.xpath: //input[@name="mobile_number"]' in '30' second(s)

12-08-2024T23:43:28 - [MESSAGE][INFO] - Smart Wait Function is triggered

12-08-2024T23:43:28 - [MESSAGE][INFO] - Found 1 web elements with id: 'Object Repository/Account Info/num_Mobile' located by 'By.xpath: //input[@name="mobile_number"]' in '30' second(s)

12-08-2024T23:43:28 - [MESSAGE][INFO] - Clearing text of object 'Object Repository/Account Info/num_Mobile'

12-08-2024T23:43:28 - [MESSAGE][INFO] - Finding web element from Test Object's properties

12-08-2024T23:43:28 - [MESSAGE][INFO] - Checking timeout

12-08-2024T23:43:28 - [MESSAGE][INFO] - Finding web element with id: 'Object Repository/Account Info/num_Mobile' located by 'By.xpath: //input[@name="mobile_number"]' in '30' second(s)

12-08-2024T23:43:28 - [MESSAGE][INFO] - Smart Wait Function is triggered

12-08-2024T23:43:28 - [MESSAGE][INFO] - Found 1 web elements with id: 'Object Repository/Account Info/num_Mobile' located by 'By.xpath: //input[@name="mobile_number"]' in '30' second(s)

12-08-2024T23:43:28 - [MESSAGE][INFO] - Setting text of object 'Object Repository/Account Info/num_Mobile' to value '1236123612'

12-08-2024T23:43:29 - [MESSAGE][PASSED] - Text '1236123612' is set on object 'Object Repository/Account Info/num_Mobile'

12-08-2024T23:43:29 - [TEST_STEP][PASSED] - scrollToElement(findTestObject("Object Repository/Account Info/btn_CreateAcc"), Short_Timeout): Scroll to object 'Object Repository/Account Info/btn_CreateAcc' successfully

12-08-2024T23:43:29 - [MESSAGE][INFO] - Finding Test Object 'Object Repository/Account Info/btn_CreateAcc'

12-08-2024T23:43:29 - [MESSAGE][INFO] - Checking object

12-08-2024T23:43:29 - [MESSAGE][INFO] - Checking timeout

12-08-2024T23:43:29 - [MESSAGE][INFO] - Finding web element from Test Object's properties

12-08-2024T23:43:29 - [MESSAGE][INFO] - Checking timeout

12-08-2024T23:43:29 - [MESSAGE][INFO] - Finding web element with id: 'Object Repository/Account Info/btn_CreateAcc' located by 'By.xpath: //button[@data-qa="create-account"]' in '30' second(s)

12-08-2024T23:43:29 - [MESSAGE][INFO] - Smart Wait Function is triggered

12-08-2024T23:43:29 - [MESSAGE][INFO] - Found 1 web elements with id: 'Object Repository/Account Info/btn_CreateAcc' located by 'By.xpath: //button[@data-qa="create-account"]' in '30' second(s)

12-08-2024T23:43:29 - [MESSAGE][INFO] - Scrolling to object 'Object Repository/Account Info/btn_CreateAcc'

12-08-2024T23:43:29 - [MESSAGE][PASSED] - Scroll to object 'Object Repository/Account Info/btn_CreateAcc' successfully

12-08-2024T23:43:29 - [TEST_STEP][PASSED] - click(findTestObject("Object Repository/Account Info/btn_CreateAcc")): Object: 'Object Repository/Account Info/btn_CreateAcc' is clicked on

12-08-2024T23:43:29 - [MESSAGE][INFO] - Finding Test Object 'Object Repository/Account Info/btn_CreateAcc'

12-08-2024T23:43:29 - [MESSAGE][INFO] - Checking object

12-08-2024T23:43:29 - [MESSAGE][INFO] - Checking timeout

12-08-2024T23:43:29 - [MESSAGE][INFO] - Finding web element from Test Object's properties

12-08-2024T23:43:29 - [MESSAGE][INFO] - Checking timeout

12-08-2024T23:43:29 - [MESSAGE][INFO] - Finding web element with id: 'Object Repository/Account Info/btn_CreateAcc' located by 'By.xpath: //button[@data-qa="create-account"]' in '30' second(s)

12-08-2024T23:43:29 - [MESSAGE][INFO] - Smart Wait Function is triggered

12-08-2024T23:43:29 - [MESSAGE][INFO] - Found 1 web elements with id: 'Object Repository/Account Info/btn_CreateAcc' located by 'By.xpath: //button[@data-qa="create-account"]' in '30' second(s)

12-08-2024T23:43:29 - [MESSAGE][INFO] - Clicking on object: 'Object Repository/Account Info/btn_CreateAcc'

12-08-2024T23:43:32 - [MESSAGE][PASSED] - Object: 'Object Repository/Account Info/btn_CreateAcc' is clicked on

12-08-2024T23:43:32 - [TEST_STEP][PASSED] - verifyElementText(findTestObject("Object Repository/Account Info/verify_AccountCreated"), "ACCOUNT CREATED!"): Actual text and expected text of test object 'Object Repository/Account Info/verify_AccountCreated' are matched.

12-08-2024T23:43:32 - [MESSAGE][INFO] - Finding Test Object 'Object Repository/Account Info/verify_AccountCreated'

12-08-2024T23:43:32 - [MESSAGE][INFO] - Checking object

12-08-2024T23:43:32 - [MESSAGE][INFO] - Finding web element from Test Object's properties

12-08-2024T23:43:32 - [MESSAGE][INFO] - Checking timeout

12-08-2024T23:43:32 - [MESSAGE][INFO] - Finding web element with id: 'Object Repository/Account Info/verify_AccountCreated' located by 'By.xpath: //b[text()='Account Created!']' in '30' second(s)

12-08-2024T23:43:32 - [MESSAGE][INFO] - Smart Wait Function is triggered

12-08-2024T23:43:32 - [MESSAGE][INFO] - Found 1 web elements with id: 'Object Repository/Account Info/verify_AccountCreated' located by 'By.xpath: //b[text()='Account Created!']' in '30' second(s)

12-08-2024T23:43:32 - [MESSAGE][PASSED] - Actual text and expected text of test object 'Object Repository/Account Info/verify_AccountCreated' are matched.

12-08-2024T23:43:32 - [TEST_STEP][PASSED] - click(findTestObject("Object Repository/Account Info/btn_Continue")): Object: 'Object Repository/Account Info/btn_Continue' is clicked on

12-08-2024T23:43:32 - [MESSAGE][INFO] - Finding Test Object 'Object Repository/Account Info/btn_Continue'

12-08-2024T23:43:32 - [MESSAGE][INFO] - Checking object

12-08-2024T23:43:32 - [MESSAGE][INFO] - Checking timeout

12-08-2024T23:43:33 - [MESSAGE][INFO] - Finding web element from Test Object's properties

12-08-2024T23:43:33 - [MESSAGE][INFO] - Checking timeout

12-08-2024T23:43:33 - [MESSAGE][INFO] - Finding web element with id: 'Object Repository/Account Info/btn_Continue' located by 'By.xpath: //a[text()='Continue']' in '30' second(s)

12-08-2024T23:43:33 - [MESSAGE][INFO] - Smart Wait Function is triggered

12-08-2024T23:43:33 - [MESSAGE][INFO] - Found 1 web elements with id: 'Object Repository/Account Info/btn_Continue' located by 'By.xpath: //a[text()='Continue']' in '30' second(s)

12-08-2024T23:43:33 - [MESSAGE][INFO] - Clicking on object: 'Object Repository/Account Info/btn_Continue'

12-08-2024T23:43:36 - [MESSAGE][PASSED] - Object: 'Object Repository/Account Info/btn_Continue' is clicked on

12-08-2024T23:43:36 - [TEST_STEP][PASSED] - verifyElementText(findTestObject("Object Repository/Account Info/verify_loggedinUser"), "KBC Automation"): Actual text and expected text of test object 'Object Repository/Account Info/verify_loggedinUser' are matched.

12-08-2024T23:43:36 - [MESSAGE][INFO] - Finding Test Object 'Object Repository/Account Info/verify_loggedinUser'

12-08-2024T23:43:36 - [MESSAGE][INFO] - Checking object

12-08-2024T23:43:36 - [MESSAGE][INFO] - Finding web element from Test Object's properties

12-08-2024T23:43:36 - [MESSAGE][INFO] - Checking timeout

12-08-2024T23:43:36 - [MESSAGE][INFO] - Finding web element with id: 'Object Repository/Account Info/verify_loggedinUser' located by 'By.xpath: //a[text()=' Logged in as ']/b' in '30' second(s)

12-08-2024T23:43:36 - [MESSAGE][INFO] - Smart Wait Function is triggered

12-08-2024T23:43:36 - [MESSAGE][INFO] - Found 1 web elements with id: 'Object Repository/Account Info/verify_loggedinUser' located by 'By.xpath: //a[text()=' Logged in as ']/b' in '30' second(s)

12-08-2024T23:43:36 - [MESSAGE][PASSED] - Actual text and expected text of test object 'Object Repository/Account Info/verify_loggedinUser' are matched.

12-08-2024T23:43:36 - [TEST_STEP][PASSED] - file.close(): null

12-08-2024T23:43:36 - [TEST_STEP][PASSED] - outFile = new java.io.FileOutputStream(new java.io.File((java.lang.System.getProperty(user.dir) + \Data Files\dataFile.xlsx))): null

12-08-2024T23:43:36 - [TEST_STEP][PASSED] - workbook.write(outFile): null

12-08-2024T23:43:36 - [TEST_STEP][PASSED] - outFile.close(): null

12-08-2024T23:43:36 - [TEST_STEP][PASSED] - closeBrowser(): Browser is closed

12-08-2024T23:43:37 - [MESSAGE][INFO] - Closing browser

12-08-2024T23:43:37 - [MESSAGE][PASSED] - Browser is closed]]></system-out>
         <system-err><![CDATA[]]></system-err>
      </testcase>
      <testcase name="Test Cases/Login/L004_Logout" time="44.44" classname="Test Cases/Login/L004_Logout" status="FAILED">
         <failure type="FAILED" message="Test Cases/Login/L004_Logout FAILED.&#xa;Reason:&#xa;com.kms.katalon.core.exception.StepFailedException: Call Test Case 'Test Cases/Login/L002_Login User with correct email and password' failed&#xa;	at com.kms.katalon.core.keyword.builtin.CallTestCaseKeyword$_callTestCase_closure1.doCall(CallTestCaseKeyword.groovy:63)&#xa;	at com.kms.katalon.core.keyword.builtin.CallTestCaseKeyword$_callTestCase_closure1.call(CallTestCaseKeyword.groovy)&#xa;	at com.kms.katalon.core.keyword.internal.KeywordMain.runKeyword(KeywordMain.groovy:75)&#xa;	at com.kms.katalon.core.keyword.builtin.CallTestCaseKeyword.callTestCase(CallTestCaseKeyword.groovy:81)&#xa;	at com.kms.katalon.core.keyword.builtin.CallTestCaseKeyword.execute(CallTestCaseKeyword.groovy:44)&#xa;	at com.kms.katalon.core.keyword.internal.KeywordExecutor.executeKeywordForPlatform(KeywordExecutor.groovy:74)&#xa;	at com.kms.katalon.core.keyword.BuiltinKeywords.callTestCase(BuiltinKeywords.groovy:310)&#xa;	at java.base/jdk.internal.reflect.NativeMethodAccessorImpl.invoke0(Native Method)&#xa;	at java.base/jdk.internal.reflect.NativeMethodAccessorImpl.invoke(NativeMethodAccessorImpl.java:77)&#xa;	at java.base/jdk.internal.reflect.DelegatingMethodAccessorImpl.invoke(DelegatingMethodAccessorImpl.java:43)&#xa;	at L004_Logout.run(L004_Logout:20)&#xa;	at com.kms.katalon.core.main.ScriptEngine.run(ScriptEngine.java:194)&#xa;	at com.kms.katalon.core.main.ScriptEngine.runScriptAsRawText(ScriptEngine.java:119)&#xa;	at com.kms.katalon.core.main.TestCaseExecutor.runScript(TestCaseExecutor.java:448)&#xa;	at com.kms.katalon.core.main.TestCaseExecutor.doExecute(TestCaseExecutor.java:439)&#xa;	at com.kms.katalon.core.main.TestCaseExecutor.processExecutionPhase(TestCaseExecutor.java:418)&#xa;	at com.kms.katalon.core.main.TestCaseExecutor.accessMainPhase(TestCaseExecutor.java:410)&#xa;	at com.kms.katalon.core.main.TestCaseExecutor.execute(TestCaseExecutor.java:285)&#xa;	at com.kms.katalon.core.common.CommonExecutor.accessTestCaseMainPhase(CommonExecutor.java:65)&#xa;	at com.kms.katalon.core.main.TestSuiteExecutor.accessTestSuiteMainPhase(TestSuiteExecutor.java:150)&#xa;	at com.kms.katalon.core.main.TestSuiteExecutor.execute(TestSuiteExecutor.java:106)&#xa;	at com.kms.katalon.core.main.TestCaseMain.startTestSuite(TestCaseMain.java:180)&#xa;	at TempTestSuite1723486371794.run(TempTestSuite1723486371794.groovy:35)&#xa;	at java.base/jdk.internal.reflect.NativeMethodAccessorImpl.invoke0(Native Method)&#xa;	at java.base/jdk.internal.reflect.NativeMethodAccessorImpl.invoke(NativeMethodAccessorImpl.java:77)&#xa;	at java.base/jdk.internal.reflect.DelegatingMethodAccessorImpl.invoke(DelegatingMethodAccessorImpl.java:43)&#xa;Caused by: com.kms.katalon.core.exception.StepFailedException: Verify element text of test object 'Object Repository/Account Info/verify_loggedinUser' FAILED.&#xa;	at com.kms.katalon.core.webui.keyword.internal.WebUIKeywordMain.stepFailed(WebUIKeywordMain.groovy:64)&#xa;	at com.kms.katalon.core.webui.keyword.internal.WebUIKeywordMain.runKeyword(WebUIKeywordMain.groovy:26)&#xa;	at com.kms.katalon.core.webui.keyword.builtin.VerifyElementTextKeyword.verifyElementText(VerifyElementTextKeyword.groovy:72)&#xa;	at com.kms.katalon.core.webui.keyword.builtin.VerifyElementTextKeyword.execute(VerifyElementTextKeyword.groovy:40)&#xa;	at com.kms.katalon.core.keyword.internal.KeywordExecutor.executeKeywordForPlatform(KeywordExecutor.groovy:74)&#xa;	at com.kms.katalon.core.webui.keyword.WebUiBuiltInKeywords.verifyElementText(WebUiBuiltInKeywords.groovy:4835)&#xa;	at L002_Login User with correct email and password.run(L002_Login User with correct email and password:50)&#xa;	at com.kms.katalon.core.main.ScriptEngine.run(ScriptEngine.java:194)&#xa;	at com.kms.katalon.core.main.ScriptEngine.runScriptAsRawText(ScriptEngine.java:119)&#xa;	at com.kms.katalon.core.main.TestCaseExecutor.runScript(TestCaseExecutor.java:448)&#xa;	at com.kms.katalon.core.main.TestCaseExecutor.doExecute(TestCaseExecutor.java:439)&#xa;	at com.kms.katalon.core.main.TestCaseExecutor.processExecutionPhase(TestCaseExecutor.java:418)&#xa;	at com.kms.katalon.core.main.TestCaseExecutor.accessMainPhase(TestCaseExecutor.java:410)&#xa;	at com.kms.katalon.core.main.TestCaseExecutor.execute(TestCaseExecutor.java:285)&#xa;	at com.kms.katalon.core.main.TestCaseMain.runTestCase(TestCaseMain.java:137)&#xa;	at com.kms.katalon.core.keyword.builtin.CallTestCaseKeyword$_callTestCase_closure1.doCall(CallTestCaseKeyword.groovy:59)&#xa;	... 25 more&#xa;Caused by: com.kms.katalon.core.exception.StepFailedException: com.kms.katalon.core.webui.exception.WebElementNotFoundException: Web element with id: 'Object Repository/Account Info/verify_loggedinUser' located by '//a[text()=' Logged in as ']/b' not found&#xa;	at com.kms.katalon.core.webui.keyword.internal.WebUIKeywordMain.stepFailed(WebUIKeywordMain.groovy:64)&#xa;	at com.kms.katalon.core.webui.keyword.builtin.VerifyElementTextKeyword$_verifyElementText_closure1.doCall(VerifyElementTextKeyword.groovy:64)&#xa;	at com.kms.katalon.core.webui.keyword.builtin.VerifyElementTextKeyword$_verifyElementText_closure1.call(VerifyElementTextKeyword.groovy)&#xa;	at com.kms.katalon.core.webui.keyword.internal.WebUIKeywordMain.runKeyword(WebUIKeywordMain.groovy:20)&#xa;	... 39 more&#xa;"/>
         <system-out><![CDATA[12-08-2024T23:43:37 - [TEST_CASE][FAILED] - Test Cases/Login/L004_Logout: Test Cases/Login/L004_Logout FAILED.
Reason:
com.kms.katalon.core.exception.StepFailedException: Call Test Case 'Test Cases/Login/L002_Login User with correct email and password' failed
	at com.kms.katalon.core.keyword.builtin.CallTestCaseKeyword$_callTestCase_closure1.doCall(CallTestCaseKeyword.groovy:63)
	at com.kms.katalon.core.keyword.builtin.CallTestCaseKeyword$_callTestCase_closure1.call(CallTestCaseKeyword.groovy)
	at com.kms.katalon.core.keyword.internal.KeywordMain.runKeyword(KeywordMain.groovy:75)
	at com.kms.katalon.core.keyword.builtin.CallTestCaseKeyword.callTestCase(CallTestCaseKeyword.groovy:81)
	at com.kms.katalon.core.keyword.builtin.CallTestCaseKeyword.execute(CallTestCaseKeyword.groovy:44)
	at com.kms.katalon.core.keyword.internal.KeywordExecutor.executeKeywordForPlatform(KeywordExecutor.groovy:74)
	at com.kms.katalon.core.keyword.BuiltinKeywords.callTestCase(BuiltinKeywords.groovy:310)
	at java.base/jdk.internal.reflect.NativeMethodAccessorImpl.invoke0(Native Method)
	at java.base/jdk.internal.reflect.NativeMethodAccessorImpl.invoke(NativeMethodAccessorImpl.java:77)
	at java.base/jdk.internal.reflect.DelegatingMethodAccessorImpl.invoke(DelegatingMethodAccessorImpl.java:43)
	at L004_Logout.run(L004_Logout:20)
	at com.kms.katalon.core.main.ScriptEngine.run(ScriptEngine.java:194)
	at com.kms.katalon.core.main.ScriptEngine.runScriptAsRawText(ScriptEngine.java:119)
	at com.kms.katalon.core.main.TestCaseExecutor.runScript(TestCaseExecutor.java:448)
	at com.kms.katalon.core.main.TestCaseExecutor.doExecute(TestCaseExecutor.java:439)
	at com.kms.katalon.core.main.TestCaseExecutor.processExecutionPhase(TestCaseExecutor.java:418)
	at com.kms.katalon.core.main.TestCaseExecutor.accessMainPhase(TestCaseExecutor.java:410)
	at com.kms.katalon.core.main.TestCaseExecutor.execute(TestCaseExecutor.java:285)
	at com.kms.katalon.core.common.CommonExecutor.accessTestCaseMainPhase(CommonExecutor.java:65)
	at com.kms.katalon.core.main.TestSuiteExecutor.accessTestSuiteMainPhase(TestSuiteExecutor.java:150)
	at com.kms.katalon.core.main.TestSuiteExecutor.execute(TestSuiteExecutor.java:106)
	at com.kms.katalon.core.main.TestCaseMain.startTestSuite(TestCaseMain.java:180)
	at TempTestSuite1723486371794.run(TempTestSuite1723486371794.groovy:35)
	at java.base/jdk.internal.reflect.NativeMethodAccessorImpl.invoke0(Native Method)
	at java.base/jdk.internal.reflect.NativeMethodAccessorImpl.invoke(NativeMethodAccessorImpl.java:77)
	at java.base/jdk.internal.reflect.DelegatingMethodAccessorImpl.invoke(DelegatingMethodAccessorImpl.java:43)
Caused by: com.kms.katalon.core.exception.StepFailedException: Verify element text of test object 'Object Repository/Account Info/verify_loggedinUser' FAILED.
	at com.kms.katalon.core.webui.keyword.internal.WebUIKeywordMain.stepFailed(WebUIKeywordMain.groovy:64)
	at com.kms.katalon.core.webui.keyword.internal.WebUIKeywordMain.runKeyword(WebUIKeywordMain.groovy:26)
	at com.kms.katalon.core.webui.keyword.builtin.VerifyElementTextKeyword.verifyElementText(VerifyElementTextKeyword.groovy:72)
	at com.kms.katalon.core.webui.keyword.builtin.VerifyElementTextKeyword.execute(VerifyElementTextKeyword.groovy:40)
	at com.kms.katalon.core.keyword.internal.KeywordExecutor.executeKeywordForPlatform(KeywordExecutor.groovy:74)
	at com.kms.katalon.core.webui.keyword.WebUiBuiltInKeywords.verifyElementText(WebUiBuiltInKeywords.groovy:4835)
	at L002_Login User with correct email and password.run(L002_Login User with correct email and password:50)
	at com.kms.katalon.core.main.ScriptEngine.run(ScriptEngine.java:194)
	at com.kms.katalon.core.main.ScriptEngine.runScriptAsRawText(ScriptEngine.java:119)
	at com.kms.katalon.core.main.TestCaseExecutor.runScript(TestCaseExecutor.java:448)
	at com.kms.katalon.core.main.TestCaseExecutor.doExecute(TestCaseExecutor.java:439)
	at com.kms.katalon.core.main.TestCaseExecutor.processExecutionPhase(TestCaseExecutor.java:418)
	at com.kms.katalon.core.main.TestCaseExecutor.accessMainPhase(TestCaseExecutor.java:410)
	at com.kms.katalon.core.main.TestCaseExecutor.execute(TestCaseExecutor.java:285)
	at com.kms.katalon.core.main.TestCaseMain.runTestCase(TestCaseMain.java:137)
	at com.kms.katalon.core.keyword.builtin.CallTestCaseKeyword$_callTestCase_closure1.doCall(CallTestCaseKeyword.groovy:59)
	... 25 more
Caused by: com.kms.katalon.core.exception.StepFailedException: com.kms.katalon.core.webui.exception.WebElementNotFoundException: Web element with id: 'Object Repository/Account Info/verify_loggedinUser' located by '//a[text()=' Logged in as ']/b' not found
	at com.kms.katalon.core.webui.keyword.internal.WebUIKeywordMain.stepFailed(WebUIKeywordMain.groovy:64)
	at com.kms.katalon.core.webui.keyword.builtin.VerifyElementTextKeyword$_verifyElementText_closure1.doCall(VerifyElementTextKeyword.groovy:64)
	at com.kms.katalon.core.webui.keyword.builtin.VerifyElementTextKeyword$_verifyElementText_closure1.call(VerifyElementTextKeyword.groovy)
	at com.kms.katalon.core.webui.keyword.internal.WebUIKeywordMain.runKeyword(WebUIKeywordMain.groovy:20)
	... 39 more


12-08-2024T23:43:37 - [TEST_STEP][FAILED] - callTestCase(findTestCase("Login/L002_Login User with correct email and password"), ["userEmail":userEmail, "password":password], STOP_ON_FAILURE): Unable to call Test Case 'Test Cases/Login/L002_Login User with correct email and password' (Root cause: com.kms.katalon.core.exception.StepFailedException: Call Test Case 'Test Cases/Login/L002_Login User with correct email and password' failed
	at com.kms.katalon.core.keyword.builtin.CallTestCaseKeyword$_callTestCase_closure1.doCall(CallTestCaseKeyword.groovy:63)
	at com.kms.katalon.core.keyword.builtin.CallTestCaseKeyword$_callTestCase_closure1.call(CallTestCaseKeyword.groovy)
	at com.kms.katalon.core.keyword.internal.KeywordMain.runKeyword(KeywordMain.groovy:75)
	at com.kms.katalon.core.keyword.builtin.CallTestCaseKeyword.callTestCase(CallTestCaseKeyword.groovy:81)
	at com.kms.katalon.core.keyword.builtin.CallTestCaseKeyword.execute(CallTestCaseKeyword.groovy:44)
	at com.kms.katalon.core.keyword.internal.KeywordExecutor.executeKeywordForPlatform(KeywordExecutor.groovy:74)
	at com.kms.katalon.core.keyword.BuiltinKeywords.callTestCase(BuiltinKeywords.groovy:310)
	at java.base/jdk.internal.reflect.NativeMethodAccessorImpl.invoke0(Native Method)
	at java.base/jdk.internal.reflect.NativeMethodAccessorImpl.invoke(NativeMethodAccessorImpl.java:77)
	at java.base/jdk.internal.reflect.DelegatingMethodAccessorImpl.invoke(DelegatingMethodAccessorImpl.java:43)
	at L004_Logout.run(L004_Logout:20)
	at com.kms.katalon.core.main.ScriptEngine.run(ScriptEngine.java:194)
	at com.kms.katalon.core.main.ScriptEngine.runScriptAsRawText(ScriptEngine.java:119)
	at com.kms.katalon.core.main.TestCaseExecutor.runScript(TestCaseExecutor.java:448)
	at com.kms.katalon.core.main.TestCaseExecutor.doExecute(TestCaseExecutor.java:439)
	at com.kms.katalon.core.main.TestCaseExecutor.processExecutionPhase(TestCaseExecutor.java:418)
	at com.kms.katalon.core.main.TestCaseExecutor.accessMainPhase(TestCaseExecutor.java:410)
	at com.kms.katalon.core.main.TestCaseExecutor.execute(TestCaseExecutor.java:285)
	at com.kms.katalon.core.common.CommonExecutor.accessTestCaseMainPhase(CommonExecutor.java:65)
	at com.kms.katalon.core.main.TestSuiteExecutor.accessTestSuiteMainPhase(TestSuiteExecutor.java:150)
	at com.kms.katalon.core.main.TestSuiteExecutor.execute(TestSuiteExecutor.java:106)
	at com.kms.katalon.core.main.TestCaseMain.startTestSuite(TestCaseMain.java:180)
	at TempTestSuite1723486371794.run(TempTestSuite1723486371794.groovy:35)
	at java.base/jdk.internal.reflect.NativeMethodAccessorImpl.invoke0(Native Method)
	at java.base/jdk.internal.reflect.NativeMethodAccessorImpl.invoke(NativeMethodAccessorImpl.java:77)
	at java.base/jdk.internal.reflect.DelegatingMethodAccessorImpl.invoke(DelegatingMethodAccessorImpl.java:43)
Caused by: com.kms.katalon.core.exception.StepFailedException: Verify element text of test object 'Object Repository/Account Info/verify_loggedinUser' FAILED.
	at com.kms.katalon.core.webui.keyword.internal.WebUIKeywordMain.stepFailed(WebUIKeywordMain.groovy:64)
	at com.kms.katalon.core.webui.keyword.internal.WebUIKeywordMain.runKeyword(WebUIKeywordMain.groovy:26)
	at com.kms.katalon.core.webui.keyword.builtin.VerifyElementTextKeyword.verifyElementText(VerifyElementTextKeyword.groovy:72)
	at com.kms.katalon.core.webui.keyword.builtin.VerifyElementTextKeyword.execute(VerifyElementTextKeyword.groovy:40)
	at com.kms.katalon.core.keyword.internal.KeywordExecutor.executeKeywordForPlatform(KeywordExecutor.groovy:74)
	at com.kms.katalon.core.webui.keyword.WebUiBuiltInKeywords.verifyElementText(WebUiBuiltInKeywords.groovy:4835)
	at L002_Login User with correct email and password.run(L002_Login User with correct email and password:50)
	at com.kms.katalon.core.main.ScriptEngine.run(ScriptEngine.java:194)
	at com.kms.katalon.core.main.ScriptEngine.runScriptAsRawText(ScriptEngine.java:119)
	at com.kms.katalon.core.main.TestCaseExecutor.runScript(TestCaseExecutor.java:448)
	at com.kms.katalon.core.main.TestCaseExecutor.doExecute(TestCaseExecutor.java:439)
	at com.kms.katalon.core.main.TestCaseExecutor.processExecutionPhase(TestCaseExecutor.java:418)
	at com.kms.katalon.core.main.TestCaseExecutor.accessMainPhase(TestCaseExecutor.java:410)
	at com.kms.katalon.core.main.TestCaseExecutor.execute(TestCaseExecutor.java:285)
	at com.kms.katalon.core.main.TestCaseMain.runTestCase(TestCaseMain.java:137)
	at com.kms.katalon.core.keyword.builtin.CallTestCaseKeyword$_callTestCase_closure1.doCall(CallTestCaseKeyword.groovy:59)
	... 25 more
Caused by: com.kms.katalon.core.exception.StepFailedException: com.kms.katalon.core.webui.exception.WebElementNotFoundException: Web element with id: 'Object Repository/Account Info/verify_loggedinUser' located by '//a[text()=' Logged in as ']/b' not found
	at com.kms.katalon.core.webui.keyword.internal.WebUIKeywordMain.stepFailed(WebUIKeywordMain.groovy:64)
	at com.kms.katalon.core.webui.keyword.builtin.VerifyElementTextKeyword$_verifyElementText_closure1.doCall(VerifyElementTextKeyword.groovy:64)
	at com.kms.katalon.core.webui.keyword.builtin.VerifyElementTextKeyword$_verifyElementText_closure1.call(VerifyElementTextKeyword.groovy)
	at com.kms.katalon.core.webui.keyword.internal.WebUIKeywordMain.runKeyword(WebUIKeywordMain.groovy:20)
	... 39 more
)

12-08-2024T23:43:37 - [MESSAGE][INFO] - Checking called Test Case

12-08-2024T23:43:37 - [MESSAGE][INFO] - Starting to call Test Case 'Test Cases/Login/L002_Login User with correct email and password'

12-08-2024T23:43:37 - [TEST_CASE][FAILED] - Test Cases/Login/L002_Login User with correct email and password: Test Cases/Login/L002_Login User with correct email and password FAILED.
Reason:
com.kms.katalon.core.exception.StepFailedException: Verify element text of test object 'Object Repository/Account Info/verify_loggedinUser' FAILED.
	at com.kms.katalon.core.webui.keyword.internal.WebUIKeywordMain.stepFailed(WebUIKeywordMain.groovy:64)
	at com.kms.katalon.core.webui.keyword.internal.WebUIKeywordMain.runKeyword(WebUIKeywordMain.groovy:26)
	at com.kms.katalon.core.webui.keyword.builtin.VerifyElementTextKeyword.verifyElementText(VerifyElementTextKeyword.groovy:72)
	at com.kms.katalon.core.webui.keyword.builtin.VerifyElementTextKeyword.execute(VerifyElementTextKeyword.groovy:40)
	at com.kms.katalon.core.keyword.internal.KeywordExecutor.executeKeywordForPlatform(KeywordExecutor.groovy:74)
	at com.kms.katalon.core.webui.keyword.WebUiBuiltInKeywords.verifyElementText(WebUiBuiltInKeywords.groovy:4835)
	at L002_Login User with correct email and password.run(L002_Login User with correct email and password:50)
	at com.kms.katalon.core.main.ScriptEngine.run(ScriptEngine.java:194)
	at com.kms.katalon.core.main.ScriptEngine.runScriptAsRawText(ScriptEngine.java:119)
	at com.kms.katalon.core.main.TestCaseExecutor.runScript(TestCaseExecutor.java:448)
	at com.kms.katalon.core.main.TestCaseExecutor.doExecute(TestCaseExecutor.java:439)
	at com.kms.katalon.core.main.TestCaseExecutor.processExecutionPhase(TestCaseExecutor.java:418)
	at com.kms.katalon.core.main.TestCaseExecutor.accessMainPhase(TestCaseExecutor.java:410)
	at com.kms.katalon.core.main.TestCaseExecutor.execute(TestCaseExecutor.java:285)
	at com.kms.katalon.core.main.TestCaseMain.runTestCase(TestCaseMain.java:137)
	at com.kms.katalon.core.keyword.builtin.CallTestCaseKeyword$_callTestCase_closure1.doCall(CallTestCaseKeyword.groovy:59)
	at com.kms.katalon.core.keyword.builtin.CallTestCaseKeyword$_callTestCase_closure1.call(CallTestCaseKeyword.groovy)
	at com.kms.katalon.core.keyword.internal.KeywordMain.runKeyword(KeywordMain.groovy:75)
	at com.kms.katalon.core.keyword.builtin.CallTestCaseKeyword.callTestCase(CallTestCaseKeyword.groovy:81)
	at com.kms.katalon.core.keyword.builtin.CallTestCaseKeyword.execute(CallTestCaseKeyword.groovy:44)
	at com.kms.katalon.core.keyword.internal.KeywordExecutor.executeKeywordForPlatform(KeywordExecutor.groovy:74)
	at com.kms.katalon.core.keyword.BuiltinKeywords.callTestCase(BuiltinKeywords.groovy:310)
	at java.base/jdk.internal.reflect.NativeMethodAccessorImpl.invoke0(Native Method)
	at java.base/jdk.internal.reflect.NativeMethodAccessorImpl.invoke(NativeMethodAccessorImpl.java:77)
	at java.base/jdk.internal.reflect.DelegatingMethodAccessorImpl.invoke(DelegatingMethodAccessorImpl.java:43)
	at L004_Logout.run(L004_Logout:20)
	at com.kms.katalon.core.main.ScriptEngine.run(ScriptEngine.java:194)
	at com.kms.katalon.core.main.ScriptEngine.runScriptAsRawText(ScriptEngine.java:119)
	at com.kms.katalon.core.main.TestCaseExecutor.runScript(TestCaseExecutor.java:448)
	at com.kms.katalon.core.main.TestCaseExecutor.doExecute(TestCaseExecutor.java:439)
	at com.kms.katalon.core.main.TestCaseExecutor.processExecutionPhase(TestCaseExecutor.java:418)
	at com.kms.katalon.core.main.TestCaseExecutor.accessMainPhase(TestCaseExecutor.java:410)
	at com.kms.katalon.core.main.TestCaseExecutor.execute(TestCaseExecutor.java:285)
	at com.kms.katalon.core.common.CommonExecutor.accessTestCaseMainPhase(CommonExecutor.java:65)
	at com.kms.katalon.core.main.TestSuiteExecutor.accessTestSuiteMainPhase(TestSuiteExecutor.java:150)
	at com.kms.katalon.core.main.TestSuiteExecutor.execute(TestSuiteExecutor.java:106)
	at com.kms.katalon.core.main.TestCaseMain.startTestSuite(TestCaseMain.java:180)
	at TempTestSuite1723486371794.run(TempTestSuite1723486371794.groovy:35)
	at java.base/jdk.internal.reflect.NativeMethodAccessorImpl.invoke0(Native Method)
	at java.base/jdk.internal.reflect.NativeMethodAccessorImpl.invoke(NativeMethodAccessorImpl.java:77)
	at java.base/jdk.internal.reflect.DelegatingMethodAccessorImpl.invoke(DelegatingMethodAccessorImpl.java:43)
Caused by: com.kms.katalon.core.exception.StepFailedException: com.kms.katalon.core.webui.exception.WebElementNotFoundException: Web element with id: 'Object Repository/Account Info/verify_loggedinUser' located by '//a[text()=' Logged in as ']/b' not found
	at com.kms.katalon.core.webui.keyword.internal.WebUIKeywordMain.stepFailed(WebUIKeywordMain.groovy:64)
	at com.kms.katalon.core.webui.keyword.builtin.VerifyElementTextKeyword$_verifyElementText_closure1.doCall(VerifyElementTextKeyword.groovy:64)
	at com.kms.katalon.core.webui.keyword.builtin.VerifyElementTextKeyword$_verifyElementText_closure1.call(VerifyElementTextKeyword.groovy)
	at com.kms.katalon.core.webui.keyword.internal.WebUIKeywordMain.runKeyword(WebUIKeywordMain.groovy:20)
	... 39 more


12-08-2024T23:43:37 - [TEST_STEP][PASSED] - openBrowser(""): Browser is opened with url: ''

12-08-2024T23:43:37 - [MESSAGE][INFO] - Opening browser

12-08-2024T23:43:37 - [MESSAGE][INFO] - Starting 'Chrome' driver

12-08-2024T23:43:37 - [MESSAGE][INFO] - User set preference: ['args', '[--incognit, --start-maximized]']

12-08-2024T23:43:37 - [MESSAGE][INFO] - Action delay is set to 0 milliseconds

12-08-2024T23:43:38 - [MESSAGE][PASSED] - Browser is opened with url: ''

12-08-2024T23:43:38 - [TEST_STEP][PASSED] - navigateToUrl("http://automationexercise.com/"): Navigate to 'http://automationexercise.com/' successfully

12-08-2024T23:43:38 - [MESSAGE][INFO] - Checking url

12-08-2024T23:43:38 - [MESSAGE][INFO] - Navigating to 'http://automationexercise.com/'

12-08-2024T23:43:42 - [MESSAGE][PASSED] - Navigate to 'http://automationexercise.com/' successfully

12-08-2024T23:43:42 - [TEST_STEP][PASSED] - waitForElementVisible(findTestObject("Object Repository/Login/Menu_Home"), Long_Timeout): Object 'Object Repository/Login/Menu_Home' is visible

12-08-2024T23:43:42 - [MESSAGE][INFO] - Finding Test Object 'Object Repository/Login/Menu_Home'

12-08-2024T23:43:42 - [MESSAGE][INFO] - Checking object

12-08-2024T23:43:42 - [MESSAGE][INFO] - Checking timeout

12-08-2024T23:43:42 - [MESSAGE][INFO] - Finding web element from Test Object's properties

12-08-2024T23:43:42 - [MESSAGE][INFO] - Checking timeout

12-08-2024T23:43:42 - [MESSAGE][INFO] - Finding web element with id: 'Object Repository/Login/Menu_Home' located by 'By.xpath: //a[@href="/" and contains(.,'Home')]' in '60' second(s)

12-08-2024T23:43:42 - [MESSAGE][INFO] - Smart Wait Function is triggered

12-08-2024T23:43:43 - [MESSAGE][INFO] - Found 1 web elements with id: 'Object Repository/Login/Menu_Home' located by 'By.xpath: //a[@href="/" and contains(.,'Home')]' in '60' second(s)

12-08-2024T23:43:43 - [MESSAGE][PASSED] - Object 'Object Repository/Login/Menu_Home' is visible

12-08-2024T23:43:43 - [TEST_STEP][PASSED] - verifyElementAttributeValue(findTestObject("Object Repository/Login/Menu_Home"), "style", "color: orange;", Short_Timeout): Object 'Object Repository/Login/Menu_Home' has attribute 'style' with value 'color: orange;'

12-08-2024T23:43:43 - [MESSAGE][INFO] - Finding Test Object 'Object Repository/Login/Menu_Home'

12-08-2024T23:43:43 - [MESSAGE][INFO] - Checking object

12-08-2024T23:43:43 - [MESSAGE][INFO] - Checking attribute name

12-08-2024T23:43:43 - [MESSAGE][INFO] - Checking timeout

12-08-2024T23:43:43 - [MESSAGE][INFO] - Finding web element from Test Object's properties

12-08-2024T23:43:43 - [MESSAGE][INFO] - Checking timeout

12-08-2024T23:43:43 - [MESSAGE][INFO] - Finding web element with id: 'Object Repository/Login/Menu_Home' located by 'By.xpath: //a[@href="/" and contains(.,'Home')]' in '30' second(s)

12-08-2024T23:43:43 - [MESSAGE][INFO] - Smart Wait Function is triggered

12-08-2024T23:43:43 - [MESSAGE][INFO] - Found 1 web elements with id: 'Object Repository/Login/Menu_Home' located by 'By.xpath: //a[@href="/" and contains(.,'Home')]' in '30' second(s)

12-08-2024T23:43:43 - [MESSAGE][PASSED] - Object 'Object Repository/Login/Menu_Home' has attribute 'style' with value 'color: orange;'

12-08-2024T23:43:43 - [TEST_STEP][PASSED] - verifyElementVisible(findTestObject("Object Repository/Login/img_Home"), OPTIONAL): Object 'Object Repository/Login/img_Home' is visible

12-08-2024T23:43:43 - [MESSAGE][INFO] - Finding Test Object 'Object Repository/Login/img_Home'

12-08-2024T23:43:43 - [MESSAGE][INFO] - Checking object

12-08-2024T23:43:43 - [MESSAGE][INFO] - Finding web element from Test Object's properties

12-08-2024T23:43:43 - [MESSAGE][INFO] - Checking timeout

12-08-2024T23:43:43 - [MESSAGE][INFO] - Finding web element with id: 'Object Repository/Login/img_Home' located by 'By.xpath: //a[@href="/" ]//img' in '30' second(s)

12-08-2024T23:43:43 - [MESSAGE][INFO] - Smart Wait Function is triggered

12-08-2024T23:43:44 - [MESSAGE][INFO] - Found 1 web elements with id: 'Object Repository/Login/img_Home' located by 'By.xpath: //a[@href="/" ]//img' in '30' second(s)

12-08-2024T23:43:44 - [MESSAGE][PASSED] - Object 'Object Repository/Login/img_Home' is visible

12-08-2024T23:43:44 - [TEST_STEP][PASSED] - click(findTestObject("Object Repository/Login/btn_Signup-Login")): Object: 'Object Repository/Login/btn_Signup-Login' is clicked on

12-08-2024T23:43:44 - [MESSAGE][INFO] - Finding Test Object 'Object Repository/Login/btn_Signup-Login'

12-08-2024T23:43:44 - [MESSAGE][INFO] - Checking object

12-08-2024T23:43:44 - [MESSAGE][INFO] - Checking timeout

12-08-2024T23:43:44 - [MESSAGE][INFO] - Finding web element from Test Object's properties

12-08-2024T23:43:44 - [MESSAGE][INFO] - Checking timeout

12-08-2024T23:43:44 - [MESSAGE][INFO] - Finding web element with id: 'Object Repository/Login/btn_Signup-Login' located by 'By.xpath: //a[@href="/login" and contains(.,'Signup / Login')]' in '30' second(s)

12-08-2024T23:43:44 - [MESSAGE][INFO] - Smart Wait Function is triggered

12-08-2024T23:43:44 - [MESSAGE][INFO] - Found 1 web elements with id: 'Object Repository/Login/btn_Signup-Login' located by 'By.xpath: //a[@href="/login" and contains(.,'Signup / Login')]' in '30' second(s)

12-08-2024T23:43:44 - [MESSAGE][INFO] - Clicking on object: 'Object Repository/Login/btn_Signup-Login'

12-08-2024T23:43:45 - [MESSAGE][PASSED] - Object: 'Object Repository/Login/btn_Signup-Login' is clicked on

12-08-2024T23:43:45 - [TEST_STEP][PASSED] - verifyElementText(findTestObject("Object Repository/Login/Verify_Logintoyouraccount"), "Login to your account"): Actual text and expected text of test object 'Object Repository/Login/Verify_Logintoyouraccount' are matched.

12-08-2024T23:43:45 - [MESSAGE][INFO] - Finding Test Object 'Object Repository/Login/Verify_Logintoyouraccount'

12-08-2024T23:43:45 - [MESSAGE][INFO] - Checking object

12-08-2024T23:43:45 - [MESSAGE][INFO] - Finding web element from Test Object's properties

12-08-2024T23:43:45 - [MESSAGE][INFO] - Checking timeout

12-08-2024T23:43:45 - [MESSAGE][INFO] - Finding web element with id: 'Object Repository/Login/Verify_Logintoyouraccount' located by 'By.xpath: //h2[text()='Login to your account']' in '30' second(s)

12-08-2024T23:43:45 - [MESSAGE][INFO] - Smart Wait Function is triggered

12-08-2024T23:43:46 - [MESSAGE][INFO] - Found 1 web elements with id: 'Object Repository/Login/Verify_Logintoyouraccount' located by 'By.xpath: //h2[text()='Login to your account']' in '30' second(s)

12-08-2024T23:43:46 - [MESSAGE][PASSED] - Actual text and expected text of test object 'Object Repository/Login/Verify_Logintoyouraccount' are matched.

12-08-2024T23:43:46 - [TEST_STEP][PASSED] - setText(findTestObject("Object Repository/Login/txt_EmailAddress"), userEmail): Text 'Test11082024@125.com' is set on object 'Object Repository/Login/txt_EmailAddress'

12-08-2024T23:43:46 - [MESSAGE][INFO] - Finding Test Object 'Object Repository/Login/txt_EmailAddress'

12-08-2024T23:43:46 - [MESSAGE][INFO] - Checking object

12-08-2024T23:43:46 - [MESSAGE][INFO] - Checking text

12-08-2024T23:43:46 - [MESSAGE][INFO] - Finding web element from Test Object's properties

12-08-2024T23:43:46 - [MESSAGE][INFO] - Checking timeout

12-08-2024T23:43:46 - [MESSAGE][INFO] - Finding web element with id: 'Object Repository/Login/txt_EmailAddress' located by 'By.xpath: //input[@data-qa='login-email']' in '30' second(s)

12-08-2024T23:43:46 - [MESSAGE][INFO] - Smart Wait Function is triggered

12-08-2024T23:43:46 - [MESSAGE][INFO] - Found 1 web elements with id: 'Object Repository/Login/txt_EmailAddress' located by 'By.xpath: //input[@data-qa='login-email']' in '30' second(s)

12-08-2024T23:43:46 - [MESSAGE][INFO] - Clearing text of object 'Object Repository/Login/txt_EmailAddress'

12-08-2024T23:43:46 - [MESSAGE][INFO] - Finding web element from Test Object's properties

12-08-2024T23:43:46 - [MESSAGE][INFO] - Checking timeout

12-08-2024T23:43:46 - [MESSAGE][INFO] - Finding web element with id: 'Object Repository/Login/txt_EmailAddress' located by 'By.xpath: //input[@data-qa='login-email']' in '30' second(s)

12-08-2024T23:43:46 - [MESSAGE][INFO] - Smart Wait Function is triggered

12-08-2024T23:43:47 - [MESSAGE][INFO] - Found 1 web elements with id: 'Object Repository/Login/txt_EmailAddress' located by 'By.xpath: //input[@data-qa='login-email']' in '30' second(s)

12-08-2024T23:43:47 - [MESSAGE][INFO] - Setting text of object 'Object Repository/Login/txt_EmailAddress' to value 'Test11082024@125.com'

12-08-2024T23:43:47 - [MESSAGE][PASSED] - Text 'Test11082024@125.com' is set on object 'Object Repository/Login/txt_EmailAddress'

12-08-2024T23:43:47 - [TEST_STEP][PASSED] - setText(findTestObject("Object Repository/Login/txt_password"), password): Text 'Test11082024@125' is set on object 'Object Repository/Login/txt_password'

12-08-2024T23:43:47 - [MESSAGE][INFO] - Finding Test Object 'Object Repository/Login/txt_password'

12-08-2024T23:43:47 - [MESSAGE][INFO] - Checking object

12-08-2024T23:43:47 - [MESSAGE][INFO] - Checking text

12-08-2024T23:43:47 - [MESSAGE][INFO] - Finding web element from Test Object's properties

12-08-2024T23:43:47 - [MESSAGE][INFO] - Checking timeout

12-08-2024T23:43:47 - [MESSAGE][INFO] - Finding web element with id: 'Object Repository/Login/txt_password' located by 'By.xpath: //input[@data-qa='login-password']' in '30' second(s)

12-08-2024T23:43:47 - [MESSAGE][INFO] - Smart Wait Function is triggered

12-08-2024T23:43:47 - [MESSAGE][INFO] - Found 1 web elements with id: 'Object Repository/Login/txt_password' located by 'By.xpath: //input[@data-qa='login-password']' in '30' second(s)

12-08-2024T23:43:47 - [MESSAGE][INFO] - Clearing text of object 'Object Repository/Login/txt_password'

12-08-2024T23:43:47 - [MESSAGE][INFO] - Finding web element from Test Object's properties

12-08-2024T23:43:47 - [MESSAGE][INFO] - Checking timeout

12-08-2024T23:43:47 - [MESSAGE][INFO] - Finding web element with id: 'Object Repository/Login/txt_password' located by 'By.xpath: //input[@data-qa='login-password']' in '30' second(s)

12-08-2024T23:43:47 - [MESSAGE][INFO] - Smart Wait Function is triggered

12-08-2024T23:43:48 - [MESSAGE][INFO] - Found 1 web elements with id: 'Object Repository/Login/txt_password' located by 'By.xpath: //input[@data-qa='login-password']' in '30' second(s)

12-08-2024T23:43:48 - [MESSAGE][INFO] - Setting text of object 'Object Repository/Login/txt_password' to value 'Test11082024@125'

12-08-2024T23:43:48 - [MESSAGE][PASSED] - Text 'Test11082024@125' is set on object 'Object Repository/Login/txt_password'

12-08-2024T23:43:48 - [TEST_STEP][PASSED] - click(findTestObject("Object Repository/Login/btn_Login")): Object: 'Object Repository/Login/btn_Login' is clicked on

12-08-2024T23:43:48 - [MESSAGE][INFO] - Finding Test Object 'Object Repository/Login/btn_Login'

12-08-2024T23:43:48 - [MESSAGE][INFO] - Checking object

12-08-2024T23:43:48 - [MESSAGE][INFO] - Checking timeout

12-08-2024T23:43:48 - [MESSAGE][INFO] - Finding web element from Test Object's properties

12-08-2024T23:43:48 - [MESSAGE][INFO] - Checking timeout

12-08-2024T23:43:48 - [MESSAGE][INFO] - Finding web element with id: 'Object Repository/Login/btn_Login' located by 'By.xpath: //button[@data-qa='login-button']' in '30' second(s)

12-08-2024T23:43:48 - [MESSAGE][INFO] - Smart Wait Function is triggered

12-08-2024T23:43:48 - [MESSAGE][INFO] - Found 1 web elements with id: 'Object Repository/Login/btn_Login' located by 'By.xpath: //button[@data-qa='login-button']' in '30' second(s)

12-08-2024T23:43:48 - [MESSAGE][INFO] - Clicking on object: 'Object Repository/Login/btn_Login'

12-08-2024T23:43:50 - [MESSAGE][PASSED] - Object: 'Object Repository/Login/btn_Login' is clicked on

12-08-2024T23:43:50 - [TEST_STEP][FAILED] - verifyElementText(findTestObject("Object Repository/Account Info/verify_loggedinUser"), "KBC Automation"): Verify element text of test object 'Object Repository/Account Info/verify_loggedinUser' FAILED. (Root cause: com.kms.katalon.core.exception.StepFailedException: Verify element text of test object 'Object Repository/Account Info/verify_loggedinUser' FAILED.
	at com.kms.katalon.core.webui.keyword.internal.WebUIKeywordMain.stepFailed(WebUIKeywordMain.groovy:64)
	at com.kms.katalon.core.webui.keyword.internal.WebUIKeywordMain.runKeyword(WebUIKeywordMain.groovy:26)
	at com.kms.katalon.core.webui.keyword.builtin.VerifyElementTextKeyword.verifyElementText(VerifyElementTextKeyword.groovy:72)
	at com.kms.katalon.core.webui.keyword.builtin.VerifyElementTextKeyword.execute(VerifyElementTextKeyword.groovy:40)
	at com.kms.katalon.core.keyword.internal.KeywordExecutor.executeKeywordForPlatform(KeywordExecutor.groovy:74)
	at com.kms.katalon.core.webui.keyword.WebUiBuiltInKeywords.verifyElementText(WebUiBuiltInKeywords.groovy:4835)
	at L002_Login User with correct email and password.run(L002_Login User with correct email and password:50)
	at com.kms.katalon.core.main.ScriptEngine.run(ScriptEngine.java:194)
	at com.kms.katalon.core.main.ScriptEngine.runScriptAsRawText(ScriptEngine.java:119)
	at com.kms.katalon.core.main.TestCaseExecutor.runScript(TestCaseExecutor.java:448)
	at com.kms.katalon.core.main.TestCaseExecutor.doExecute(TestCaseExecutor.java:439)
	at com.kms.katalon.core.main.TestCaseExecutor.processExecutionPhase(TestCaseExecutor.java:418)
	at com.kms.katalon.core.main.TestCaseExecutor.accessMainPhase(TestCaseExecutor.java:410)
	at com.kms.katalon.core.main.TestCaseExecutor.execute(TestCaseExecutor.java:285)
	at com.kms.katalon.core.main.TestCaseMain.runTestCase(TestCaseMain.java:137)
	at com.kms.katalon.core.keyword.builtin.CallTestCaseKeyword$_callTestCase_closure1.doCall(CallTestCaseKeyword.groovy:59)
	at com.kms.katalon.core.keyword.builtin.CallTestCaseKeyword$_callTestCase_closure1.call(CallTestCaseKeyword.groovy)
	at com.kms.katalon.core.keyword.internal.KeywordMain.runKeyword(KeywordMain.groovy:75)
	at com.kms.katalon.core.keyword.builtin.CallTestCaseKeyword.callTestCase(CallTestCaseKeyword.groovy:81)
	at com.kms.katalon.core.keyword.builtin.CallTestCaseKeyword.execute(CallTestCaseKeyword.groovy:44)
	at com.kms.katalon.core.keyword.internal.KeywordExecutor.executeKeywordForPlatform(KeywordExecutor.groovy:74)
	at com.kms.katalon.core.keyword.BuiltinKeywords.callTestCase(BuiltinKeywords.groovy:310)
	at java.base/jdk.internal.reflect.NativeMethodAccessorImpl.invoke0(Native Method)
	at java.base/jdk.internal.reflect.NativeMethodAccessorImpl.invoke(NativeMethodAccessorImpl.java:77)
	at java.base/jdk.internal.reflect.DelegatingMethodAccessorImpl.invoke(DelegatingMethodAccessorImpl.java:43)
	at L004_Logout.run(L004_Logout:20)
	at com.kms.katalon.core.main.ScriptEngine.run(ScriptEngine.java:194)
	at com.kms.katalon.core.main.ScriptEngine.runScriptAsRawText(ScriptEngine.java:119)
	at com.kms.katalon.core.main.TestCaseExecutor.runScript(TestCaseExecutor.java:448)
	at com.kms.katalon.core.main.TestCaseExecutor.doExecute(TestCaseExecutor.java:439)
	at com.kms.katalon.core.main.TestCaseExecutor.processExecutionPhase(TestCaseExecutor.java:418)
	at com.kms.katalon.core.main.TestCaseExecutor.accessMainPhase(TestCaseExecutor.java:410)
	at com.kms.katalon.core.main.TestCaseExecutor.execute(TestCaseExecutor.java:285)
	at com.kms.katalon.core.common.CommonExecutor.accessTestCaseMainPhase(CommonExecutor.java:65)
	at com.kms.katalon.core.main.TestSuiteExecutor.accessTestSuiteMainPhase(TestSuiteExecutor.java:150)
	at com.kms.katalon.core.main.TestSuiteExecutor.execute(TestSuiteExecutor.java:106)
	at com.kms.katalon.core.main.TestCaseMain.startTestSuite(TestCaseMain.java:180)
	at TempTestSuite1723486371794.run(TempTestSuite1723486371794.groovy:35)
	at java.base/jdk.internal.reflect.NativeMethodAccessorImpl.invoke0(Native Method)
	at java.base/jdk.internal.reflect.NativeMethodAccessorImpl.invoke(NativeMethodAccessorImpl.java:77)
	at java.base/jdk.internal.reflect.DelegatingMethodAccessorImpl.invoke(DelegatingMethodAccessorImpl.java:43)
Caused by: com.kms.katalon.core.exception.StepFailedException: com.kms.katalon.core.webui.exception.WebElementNotFoundException: Web element with id: 'Object Repository/Account Info/verify_loggedinUser' located by '//a[text()=' Logged in as ']/b' not found
	at com.kms.katalon.core.webui.keyword.internal.WebUIKeywordMain.stepFailed(WebUIKeywordMain.groovy:64)
	at com.kms.katalon.core.webui.keyword.builtin.VerifyElementTextKeyword$_verifyElementText_closure1.doCall(VerifyElementTextKeyword.groovy:64)
	at com.kms.katalon.core.webui.keyword.builtin.VerifyElementTextKeyword$_verifyElementText_closure1.call(VerifyElementTextKeyword.groovy)
	at com.kms.katalon.core.webui.keyword.internal.WebUIKeywordMain.runKeyword(WebUIKeywordMain.groovy:20)
	... 39 more
)

12-08-2024T23:43:50 - [MESSAGE][INFO] - Finding Test Object 'Object Repository/Account Info/verify_loggedinUser'

12-08-2024T23:43:50 - [MESSAGE][INFO] - Checking object

12-08-2024T23:43:50 - [MESSAGE][INFO] - Finding web element from Test Object's properties

12-08-2024T23:43:50 - [MESSAGE][INFO] - Checking timeout

12-08-2024T23:43:50 - [MESSAGE][INFO] - Finding web element with id: 'Object Repository/Account Info/verify_loggedinUser' located by 'By.xpath: //a[text()=' Logged in as ']/b' in '30' second(s)

12-08-2024T23:43:50 - [MESSAGE][INFO] - Smart Wait Function is triggered

12-08-2024T23:43:50 - [MESSAGE][INFO] - Smart Wait Function is triggered

12-08-2024T23:43:51 - [MESSAGE][INFO] - Smart Wait Function is triggered

12-08-2024T23:43:51 - [MESSAGE][INFO] - Smart Wait Function is triggered

12-08-2024T23:43:51 - [MESSAGE][INFO] - Smart Wait Function is triggered

12-08-2024T23:43:52 - [MESSAGE][INFO] - Smart Wait Function is triggered

12-08-2024T23:43:52 - [MESSAGE][INFO] - Smart Wait Function is triggered

12-08-2024T23:43:52 - [MESSAGE][INFO] - Smart Wait Function is triggered

12-08-2024T23:43:52 - [MESSAGE][INFO] - Smart Wait Function is triggered

12-08-2024T23:43:53 - [MESSAGE][INFO] - Smart Wait Function is triggered

12-08-2024T23:43:53 - [MESSAGE][INFO] - Smart Wait Function is triggered

12-08-2024T23:43:53 - [MESSAGE][INFO] - Smart Wait Function is triggered

12-08-2024T23:43:53 - [MESSAGE][INFO] - Smart Wait Function is triggered

12-08-2024T23:43:54 - [MESSAGE][INFO] - Smart Wait Function is triggered

12-08-2024T23:43:54 - [MESSAGE][INFO] - Smart Wait Function is triggered

12-08-2024T23:43:54 - [MESSAGE][INFO] - Smart Wait Function is triggered

12-08-2024T23:43:54 - [MESSAGE][INFO] - Smart Wait Function is triggered

12-08-2024T23:43:55 - [MESSAGE][INFO] - Smart Wait Function is triggered

12-08-2024T23:43:55 - [MESSAGE][INFO] - Smart Wait Function is triggered

12-08-2024T23:43:55 - [MESSAGE][INFO] - Smart Wait Function is triggered

12-08-2024T23:43:55 - [MESSAGE][INFO] - Smart Wait Function is triggered

12-08-2024T23:43:56 - [MESSAGE][INFO] - Smart Wait Function is triggered

12-08-2024T23:43:56 - [MESSAGE][INFO] - Smart Wait Function is triggered

12-08-2024T23:43:56 - [MESSAGE][INFO] - Smart Wait Function is triggered

12-08-2024T23:43:56 - [MESSAGE][INFO] - Smart Wait Function is triggered

12-08-2024T23:43:57 - [MESSAGE][INFO] - Smart Wait Function is triggered

12-08-2024T23:43:57 - [MESSAGE][INFO] - Smart Wait Function is triggered

12-08-2024T23:43:57 - [MESSAGE][INFO] - Smart Wait Function is triggered

12-08-2024T23:43:58 - [MESSAGE][INFO] - Smart Wait Function is triggered

12-08-2024T23:43:58 - [MESSAGE][INFO] - Smart Wait Function is triggered

12-08-2024T23:43:58 - [MESSAGE][INFO] - Smart Wait Function is triggered

12-08-2024T23:43:58 - [MESSAGE][INFO] - Smart Wait Function is triggered

12-08-2024T23:43:59 - [MESSAGE][INFO] - Smart Wait Function is triggered

12-08-2024T23:43:59 - [MESSAGE][INFO] - Smart Wait Function is triggered

12-08-2024T23:43:59 - [MESSAGE][INFO] - Smart Wait Function is triggered

12-08-2024T23:43:59 - [MESSAGE][INFO] - Smart Wait Function is triggered

12-08-2024T23:44:00 - [MESSAGE][INFO] - Smart Wait Function is triggered

12-08-2024T23:44:00 - [MESSAGE][INFO] - Smart Wait Function is triggered

12-08-2024T23:44:00 - [MESSAGE][INFO] - Smart Wait Function is triggered

12-08-2024T23:44:00 - [MESSAGE][INFO] - Smart Wait Function is triggered

12-08-2024T23:44:01 - [MESSAGE][INFO] - Smart Wait Function is triggered

12-08-2024T23:44:01 - [MESSAGE][INFO] - Smart Wait Function is triggered

12-08-2024T23:44:01 - [MESSAGE][INFO] - Smart Wait Function is triggered

12-08-2024T23:44:01 - [MESSAGE][INFO] - Smart Wait Function is triggered

12-08-2024T23:44:02 - [MESSAGE][INFO] - Smart Wait Function is triggered

12-08-2024T23:44:02 - [MESSAGE][INFO] - Smart Wait Function is triggered

12-08-2024T23:44:02 - [MESSAGE][INFO] - Smart Wait Function is triggered

12-08-2024T23:44:02 - [MESSAGE][INFO] - Smart Wait Function is triggered

12-08-2024T23:44:03 - [MESSAGE][INFO] - Smart Wait Function is triggered

12-08-2024T23:44:03 - [MESSAGE][INFO] - Smart Wait Function is triggered

12-08-2024T23:44:03 - [MESSAGE][INFO] - Smart Wait Function is triggered

12-08-2024T23:44:04 - [MESSAGE][INFO] - Smart Wait Function is triggered

12-08-2024T23:44:04 - [MESSAGE][INFO] - Smart Wait Function is triggered

12-08-2024T23:44:04 - [MESSAGE][INFO] - Smart Wait Function is triggered

12-08-2024T23:44:04 - [MESSAGE][INFO] - Smart Wait Function is triggered

12-08-2024T23:44:05 - [MESSAGE][INFO] - Smart Wait Function is triggered

12-08-2024T23:44:05 - [MESSAGE][INFO] - Smart Wait Function is triggered

12-08-2024T23:44:05 - [MESSAGE][INFO] - Smart Wait Function is triggered

12-08-2024T23:44:06 - [MESSAGE][INFO] - Smart Wait Function is triggered

12-08-2024T23:44:06 - [MESSAGE][INFO] - Smart Wait Function is triggered

12-08-2024T23:44:06 - [MESSAGE][INFO] - Smart Wait Function is triggered

12-08-2024T23:44:06 - [MESSAGE][INFO] - Smart Wait Function is triggered

12-08-2024T23:44:07 - [MESSAGE][INFO] - Smart Wait Function is triggered

12-08-2024T23:44:07 - [MESSAGE][INFO] - Smart Wait Function is triggered

12-08-2024T23:44:07 - [MESSAGE][INFO] - Smart Wait Function is triggered

12-08-2024T23:44:07 - [MESSAGE][INFO] - Smart Wait Function is triggered

12-08-2024T23:44:08 - [MESSAGE][INFO] - Smart Wait Function is triggered

12-08-2024T23:44:08 - [MESSAGE][INFO] - Smart Wait Function is triggered

12-08-2024T23:44:08 - [MESSAGE][INFO] - Smart Wait Function is triggered

12-08-2024T23:44:08 - [MESSAGE][INFO] - Smart Wait Function is triggered

12-08-2024T23:44:09 - [MESSAGE][INFO] - Smart Wait Function is triggered

12-08-2024T23:44:09 - [MESSAGE][INFO] - Smart Wait Function is triggered

12-08-2024T23:44:09 - [MESSAGE][INFO] - Smart Wait Function is triggered

12-08-2024T23:44:10 - [MESSAGE][INFO] - Smart Wait Function is triggered

12-08-2024T23:44:10 - [MESSAGE][INFO] - Smart Wait Function is triggered

12-08-2024T23:44:10 - [MESSAGE][INFO] - Smart Wait Function is triggered

12-08-2024T23:44:10 - [MESSAGE][INFO] - Smart Wait Function is triggered

12-08-2024T23:44:11 - [MESSAGE][INFO] - Smart Wait Function is triggered

12-08-2024T23:44:11 - [MESSAGE][INFO] - Smart Wait Function is triggered

12-08-2024T23:44:11 - [MESSAGE][INFO] - Smart Wait Function is triggered

12-08-2024T23:44:11 - [MESSAGE][INFO] - Smart Wait Function is triggered

12-08-2024T23:44:12 - [MESSAGE][INFO] - Smart Wait Function is triggered

12-08-2024T23:44:12 - [MESSAGE][INFO] - Smart Wait Function is triggered

12-08-2024T23:44:12 - [MESSAGE][INFO] - Smart Wait Function is triggered

12-08-2024T23:44:13 - [MESSAGE][INFO] - Smart Wait Function is triggered

12-08-2024T23:44:13 - [MESSAGE][INFO] - Smart Wait Function is triggered

12-08-2024T23:44:13 - [MESSAGE][INFO] - Smart Wait Function is triggered

12-08-2024T23:44:13 - [MESSAGE][INFO] - Smart Wait Function is triggered

12-08-2024T23:44:14 - [MESSAGE][INFO] - Smart Wait Function is triggered

12-08-2024T23:44:20 - [MESSAGE][INFO] - Smart Wait Function is triggered

12-08-2024T23:44:21 - [MESSAGE][INFO] - Unable to find the element located by 'By.xpath: //a[text()=' Logged in as ']/b'. Please recheck the objects properties to make sure the desired element is located. 

12-08-2024T23:44:21 - [MESSAGE][FAILED] - com.kms.katalon.core.webui.exception.WebElementNotFoundException: Web element with id: 'Object Repository/Account Info/verify_loggedinUser' located by '//a[text()=' Logged in as ']/b' not found (Root cause: com.kms.katalon.core.exception.StepFailedException: com.kms.katalon.core.webui.exception.WebElementNotFoundException: Web element with id: 'Object Repository/Account Info/verify_loggedinUser' located by '//a[text()=' Logged in as ']/b' not found
	at com.kms.katalon.core.webui.keyword.internal.WebUIKeywordMain.stepFailed(WebUIKeywordMain.groovy:64)
	at com.kms.katalon.core.webui.keyword.builtin.VerifyElementTextKeyword$_verifyElementText_closure1.doCall(VerifyElementTextKeyword.groovy:64)
	at com.kms.katalon.core.webui.keyword.builtin.VerifyElementTextKeyword$_verifyElementText_closure1.call(VerifyElementTextKeyword.groovy)
	at com.kms.katalon.core.webui.keyword.internal.WebUIKeywordMain.runKeyword(WebUIKeywordMain.groovy:20)
	at com.kms.katalon.core.webui.keyword.builtin.VerifyElementTextKeyword.verifyElementText(VerifyElementTextKeyword.groovy:72)
	at com.kms.katalon.core.webui.keyword.builtin.VerifyElementTextKeyword.execute(VerifyElementTextKeyword.groovy:40)
	at com.kms.katalon.core.keyword.internal.KeywordExecutor.executeKeywordForPlatform(KeywordExecutor.groovy:74)
	at com.kms.katalon.core.webui.keyword.WebUiBuiltInKeywords.verifyElementText(WebUiBuiltInKeywords.groovy:4835)
	at L002_Login User with correct email and password.run(L002_Login User with correct email and password:50)
	at com.kms.katalon.core.main.ScriptEngine.run(ScriptEngine.java:194)
	at com.kms.katalon.core.main.ScriptEngine.runScriptAsRawText(ScriptEngine.java:119)
	at com.kms.katalon.core.main.TestCaseExecutor.runScript(TestCaseExecutor.java:448)
	at com.kms.katalon.core.main.TestCaseExecutor.doExecute(TestCaseExecutor.java:439)
	at com.kms.katalon.core.main.TestCaseExecutor.processExecutionPhase(TestCaseExecutor.java:418)
	at com.kms.katalon.core.main.TestCaseExecutor.accessMainPhase(TestCaseExecutor.java:410)
	at com.kms.katalon.core.main.TestCaseExecutor.execute(TestCaseExecutor.java:285)
	at com.kms.katalon.core.main.TestCaseMain.runTestCase(TestCaseMain.java:137)
	at com.kms.katalon.core.keyword.builtin.CallTestCaseKeyword$_callTestCase_closure1.doCall(CallTestCaseKeyword.groovy:59)
	at com.kms.katalon.core.keyword.builtin.CallTestCaseKeyword$_callTestCase_closure1.call(CallTestCaseKeyword.groovy)
	at com.kms.katalon.core.keyword.internal.KeywordMain.runKeyword(KeywordMain.groovy:75)
	at com.kms.katalon.core.keyword.builtin.CallTestCaseKeyword.callTestCase(CallTestCaseKeyword.groovy:81)
	at com.kms.katalon.core.keyword.builtin.CallTestCaseKeyword.execute(CallTestCaseKeyword.groovy:44)
	at com.kms.katalon.core.keyword.internal.KeywordExecutor.executeKeywordForPlatform(KeywordExecutor.groovy:74)
	at com.kms.katalon.core.keyword.BuiltinKeywords.callTestCase(BuiltinKeywords.groovy:310)
	at java.base/jdk.internal.reflect.NativeMethodAccessorImpl.invoke0(Native Method)
	at java.base/jdk.internal.reflect.NativeMethodAccessorImpl.invoke(NativeMethodAccessorImpl.java:77)
	at java.base/jdk.internal.reflect.DelegatingMethodAccessorImpl.invoke(DelegatingMethodAccessorImpl.java:43)
	at L004_Logout.run(L004_Logout:20)
	at com.kms.katalon.core.main.ScriptEngine.run(ScriptEngine.java:194)
	at com.kms.katalon.core.main.ScriptEngine.runScriptAsRawText(ScriptEngine.java:119)
	at com.kms.katalon.core.main.TestCaseExecutor.runScript(TestCaseExecutor.java:448)
	at com.kms.katalon.core.main.TestCaseExecutor.doExecute(TestCaseExecutor.java:439)
	at com.kms.katalon.core.main.TestCaseExecutor.processExecutionPhase(TestCaseExecutor.java:418)
	at com.kms.katalon.core.main.TestCaseExecutor.accessMainPhase(TestCaseExecutor.java:410)
	at com.kms.katalon.core.main.TestCaseExecutor.execute(TestCaseExecutor.java:285)
	at com.kms.katalon.core.common.CommonExecutor.accessTestCaseMainPhase(CommonExecutor.java:65)
	at com.kms.katalon.core.main.TestSuiteExecutor.accessTestSuiteMainPhase(TestSuiteExecutor.java:150)
	at com.kms.katalon.core.main.TestSuiteExecutor.execute(TestSuiteExecutor.java:106)
	at com.kms.katalon.core.main.TestCaseMain.startTestSuite(TestCaseMain.java:180)
	at TempTestSuite1723486371794.run(TempTestSuite1723486371794.groovy:35)
	at java.base/jdk.internal.reflect.NativeMethodAccessorImpl.invoke0(Native Method)
	at java.base/jdk.internal.reflect.NativeMethodAccessorImpl.invoke(NativeMethodAccessorImpl.java:77)
	at java.base/jdk.internal.reflect.DelegatingMethodAccessorImpl.invoke(DelegatingMethodAccessorImpl.java:43)
)
[[ATTACHMENT|K:\\Krupal_QA\\Katalon\\Projects\\Git Katalon Projects\\KatalonProject01\\Reports\\20240812_234250\\Login Scenarios\\20240812_234251\\1723486461406.png]]

12-08-2024T23:44:21 - [MESSAGE][FAILED] - Verify element text of test object 'Object Repository/Account Info/verify_loggedinUser' FAILED. (Root cause: com.kms.katalon.core.exception.StepFailedException: Verify element text of test object 'Object Repository/Account Info/verify_loggedinUser' FAILED.
	at com.kms.katalon.core.webui.keyword.internal.WebUIKeywordMain.stepFailed(WebUIKeywordMain.groovy:64)
	at com.kms.katalon.core.webui.keyword.internal.WebUIKeywordMain.runKeyword(WebUIKeywordMain.groovy:26)
	at com.kms.katalon.core.webui.keyword.builtin.VerifyElementTextKeyword.verifyElementText(VerifyElementTextKeyword.groovy:72)
	at com.kms.katalon.core.webui.keyword.builtin.VerifyElementTextKeyword.execute(VerifyElementTextKeyword.groovy:40)
	at com.kms.katalon.core.keyword.internal.KeywordExecutor.executeKeywordForPlatform(KeywordExecutor.groovy:74)
	at com.kms.katalon.core.webui.keyword.WebUiBuiltInKeywords.verifyElementText(WebUiBuiltInKeywords.groovy:4835)
	at L002_Login User with correct email and password.run(L002_Login User with correct email and password:50)
	at com.kms.katalon.core.main.ScriptEngine.run(ScriptEngine.java:194)
	at com.kms.katalon.core.main.ScriptEngine.runScriptAsRawText(ScriptEngine.java:119)
	at com.kms.katalon.core.main.TestCaseExecutor.runScript(TestCaseExecutor.java:448)
	at com.kms.katalon.core.main.TestCaseExecutor.doExecute(TestCaseExecutor.java:439)
	at com.kms.katalon.core.main.TestCaseExecutor.processExecutionPhase(TestCaseExecutor.java:418)
	at com.kms.katalon.core.main.TestCaseExecutor.accessMainPhase(TestCaseExecutor.java:410)
	at com.kms.katalon.core.main.TestCaseExecutor.execute(TestCaseExecutor.java:285)
	at com.kms.katalon.core.main.TestCaseMain.runTestCase(TestCaseMain.java:137)
	at com.kms.katalon.core.keyword.builtin.CallTestCaseKeyword$_callTestCase_closure1.doCall(CallTestCaseKeyword.groovy:59)
	at com.kms.katalon.core.keyword.builtin.CallTestCaseKeyword$_callTestCase_closure1.call(CallTestCaseKeyword.groovy)
	at com.kms.katalon.core.keyword.internal.KeywordMain.runKeyword(KeywordMain.groovy:75)
	at com.kms.katalon.core.keyword.builtin.CallTestCaseKeyword.callTestCase(CallTestCaseKeyword.groovy:81)
	at com.kms.katalon.core.keyword.builtin.CallTestCaseKeyword.execute(CallTestCaseKeyword.groovy:44)
	at com.kms.katalon.core.keyword.internal.KeywordExecutor.executeKeywordForPlatform(KeywordExecutor.groovy:74)
	at com.kms.katalon.core.keyword.BuiltinKeywords.callTestCase(BuiltinKeywords.groovy:310)
	at java.base/jdk.internal.reflect.NativeMethodAccessorImpl.invoke0(Native Method)
	at java.base/jdk.internal.reflect.NativeMethodAccessorImpl.invoke(NativeMethodAccessorImpl.java:77)
	at java.base/jdk.internal.reflect.DelegatingMethodAccessorImpl.invoke(DelegatingMethodAccessorImpl.java:43)
	at L004_Logout.run(L004_Logout:20)
	at com.kms.katalon.core.main.ScriptEngine.run(ScriptEngine.java:194)
	at com.kms.katalon.core.main.ScriptEngine.runScriptAsRawText(ScriptEngine.java:119)
	at com.kms.katalon.core.main.TestCaseExecutor.runScript(TestCaseExecutor.java:448)
	at com.kms.katalon.core.main.TestCaseExecutor.doExecute(TestCaseExecutor.java:439)
	at com.kms.katalon.core.main.TestCaseExecutor.processExecutionPhase(TestCaseExecutor.java:418)
	at com.kms.katalon.core.main.TestCaseExecutor.accessMainPhase(TestCaseExecutor.java:410)
	at com.kms.katalon.core.main.TestCaseExecutor.execute(TestCaseExecutor.java:285)
	at com.kms.katalon.core.common.CommonExecutor.accessTestCaseMainPhase(CommonExecutor.java:65)
	at com.kms.katalon.core.main.TestSuiteExecutor.accessTestSuiteMainPhase(TestSuiteExecutor.java:150)
	at com.kms.katalon.core.main.TestSuiteExecutor.execute(TestSuiteExecutor.java:106)
	at com.kms.katalon.core.main.TestCaseMain.startTestSuite(TestCaseMain.java:180)
	at TempTestSuite1723486371794.run(TempTestSuite1723486371794.groovy:35)
	at java.base/jdk.internal.reflect.NativeMethodAccessorImpl.invoke0(Native Method)
	at java.base/jdk.internal.reflect.NativeMethodAccessorImpl.invoke(NativeMethodAccessorImpl.java:77)
	at java.base/jdk.internal.reflect.DelegatingMethodAccessorImpl.invoke(DelegatingMethodAccessorImpl.java:43)
Caused by: com.kms.katalon.core.exception.StepFailedException: com.kms.katalon.core.webui.exception.WebElementNotFoundException: Web element with id: 'Object Repository/Account Info/verify_loggedinUser' located by '//a[text()=' Logged in as ']/b' not found
	at com.kms.katalon.core.webui.keyword.internal.WebUIKeywordMain.stepFailed(WebUIKeywordMain.groovy:64)
	at com.kms.katalon.core.webui.keyword.builtin.VerifyElementTextKeyword$_verifyElementText_closure1.doCall(VerifyElementTextKeyword.groovy:64)
	at com.kms.katalon.core.webui.keyword.builtin.VerifyElementTextKeyword$_verifyElementText_closure1.call(VerifyElementTextKeyword.groovy)
	at com.kms.katalon.core.webui.keyword.internal.WebUIKeywordMain.runKeyword(WebUIKeywordMain.groovy:20)
	... 39 more
)
[[ATTACHMENT|K:\\Krupal_QA\\Katalon\\Projects\\Git Katalon Projects\\KatalonProject01\\Reports\\20240812_234250\\Login Scenarios\\20240812_234251\\1723486461576.png]]

12-08-2024T23:44:21 - [MESSAGE][FAILED] - Unable to call Test Case 'Test Cases/Login/L002_Login User with correct email and password' (Root cause: com.kms.katalon.core.exception.StepFailedException: Call Test Case 'Test Cases/Login/L002_Login User with correct email and password' failed
	at com.kms.katalon.core.keyword.builtin.CallTestCaseKeyword$_callTestCase_closure1.doCall(CallTestCaseKeyword.groovy:63)
	at com.kms.katalon.core.keyword.builtin.CallTestCaseKeyword$_callTestCase_closure1.call(CallTestCaseKeyword.groovy)
	at com.kms.katalon.core.keyword.internal.KeywordMain.runKeyword(KeywordMain.groovy:75)
	at com.kms.katalon.core.keyword.builtin.CallTestCaseKeyword.callTestCase(CallTestCaseKeyword.groovy:81)
	at com.kms.katalon.core.keyword.builtin.CallTestCaseKeyword.execute(CallTestCaseKeyword.groovy:44)
	at com.kms.katalon.core.keyword.internal.KeywordExecutor.executeKeywordForPlatform(KeywordExecutor.groovy:74)
	at com.kms.katalon.core.keyword.BuiltinKeywords.callTestCase(BuiltinKeywords.groovy:310)
	at java.base/jdk.internal.reflect.NativeMethodAccessorImpl.invoke0(Native Method)
	at java.base/jdk.internal.reflect.NativeMethodAccessorImpl.invoke(NativeMethodAccessorImpl.java:77)
	at java.base/jdk.internal.reflect.DelegatingMethodAccessorImpl.invoke(DelegatingMethodAccessorImpl.java:43)
	at L004_Logout.run(L004_Logout:20)
	at com.kms.katalon.core.main.ScriptEngine.run(ScriptEngine.java:194)
	at com.kms.katalon.core.main.ScriptEngine.runScriptAsRawText(ScriptEngine.java:119)
	at com.kms.katalon.core.main.TestCaseExecutor.runScript(TestCaseExecutor.java:448)
	at com.kms.katalon.core.main.TestCaseExecutor.doExecute(TestCaseExecutor.java:439)
	at com.kms.katalon.core.main.TestCaseExecutor.processExecutionPhase(TestCaseExecutor.java:418)
	at com.kms.katalon.core.main.TestCaseExecutor.accessMainPhase(TestCaseExecutor.java:410)
	at com.kms.katalon.core.main.TestCaseExecutor.execute(TestCaseExecutor.java:285)
	at com.kms.katalon.core.common.CommonExecutor.accessTestCaseMainPhase(CommonExecutor.java:65)
	at com.kms.katalon.core.main.TestSuiteExecutor.accessTestSuiteMainPhase(TestSuiteExecutor.java:150)
	at com.kms.katalon.core.main.TestSuiteExecutor.execute(TestSuiteExecutor.java:106)
	at com.kms.katalon.core.main.TestCaseMain.startTestSuite(TestCaseMain.java:180)
	at TempTestSuite1723486371794.run(TempTestSuite1723486371794.groovy:35)
	at java.base/jdk.internal.reflect.NativeMethodAccessorImpl.invoke0(Native Method)
	at java.base/jdk.internal.reflect.NativeMethodAccessorImpl.invoke(NativeMethodAccessorImpl.java:77)
	at java.base/jdk.internal.reflect.DelegatingMethodAccessorImpl.invoke(DelegatingMethodAccessorImpl.java:43)
Caused by: com.kms.katalon.core.exception.StepFailedException: Verify element text of test object 'Object Repository/Account Info/verify_loggedinUser' FAILED.
	at com.kms.katalon.core.webui.keyword.internal.WebUIKeywordMain.stepFailed(WebUIKeywordMain.groovy:64)
	at com.kms.katalon.core.webui.keyword.internal.WebUIKeywordMain.runKeyword(WebUIKeywordMain.groovy:26)
	at com.kms.katalon.core.webui.keyword.builtin.VerifyElementTextKeyword.verifyElementText(VerifyElementTextKeyword.groovy:72)
	at com.kms.katalon.core.webui.keyword.builtin.VerifyElementTextKeyword.execute(VerifyElementTextKeyword.groovy:40)
	at com.kms.katalon.core.keyword.internal.KeywordExecutor.executeKeywordForPlatform(KeywordExecutor.groovy:74)
	at com.kms.katalon.core.webui.keyword.WebUiBuiltInKeywords.verifyElementText(WebUiBuiltInKeywords.groovy:4835)
	at L002_Login User with correct email and password.run(L002_Login User with correct email and password:50)
	at com.kms.katalon.core.main.ScriptEngine.run(ScriptEngine.java:194)
	at com.kms.katalon.core.main.ScriptEngine.runScriptAsRawText(ScriptEngine.java:119)
	at com.kms.katalon.core.main.TestCaseExecutor.runScript(TestCaseExecutor.java:448)
	at com.kms.katalon.core.main.TestCaseExecutor.doExecute(TestCaseExecutor.java:439)
	at com.kms.katalon.core.main.TestCaseExecutor.processExecutionPhase(TestCaseExecutor.java:418)
	at com.kms.katalon.core.main.TestCaseExecutor.accessMainPhase(TestCaseExecutor.java:410)
	at com.kms.katalon.core.main.TestCaseExecutor.execute(TestCaseExecutor.java:285)
	at com.kms.katalon.core.main.TestCaseMain.runTestCase(TestCaseMain.java:137)
	at com.kms.katalon.core.keyword.builtin.CallTestCaseKeyword$_callTestCase_closure1.doCall(CallTestCaseKeyword.groovy:59)
	... 25 more
Caused by: com.kms.katalon.core.exception.StepFailedException: com.kms.katalon.core.webui.exception.WebElementNotFoundException: Web element with id: 'Object Repository/Account Info/verify_loggedinUser' located by '//a[text()=' Logged in as ']/b' not found
	at com.kms.katalon.core.webui.keyword.internal.WebUIKeywordMain.stepFailed(WebUIKeywordMain.groovy:64)
	at com.kms.katalon.core.webui.keyword.builtin.VerifyElementTextKeyword$_verifyElementText_closure1.doCall(VerifyElementTextKeyword.groovy:64)
	at com.kms.katalon.core.webui.keyword.builtin.VerifyElementTextKeyword$_verifyElementText_closure1.call(VerifyElementTextKeyword.groovy)
	at com.kms.katalon.core.webui.keyword.internal.WebUIKeywordMain.runKeyword(WebUIKeywordMain.groovy:20)
	... 39 more
)]]></system-out>
         <system-err><![CDATA[12-08-2024T23:43:37 - [TEST_CASE][FAILED] - Test Cases/Login/L004_Logout: Test Cases/Login/L004_Logout FAILED.
Reason:
com.kms.katalon.core.exception.StepFailedException: Call Test Case 'Test Cases/Login/L002_Login User with correct email and password' failed
	at com.kms.katalon.core.keyword.builtin.CallTestCaseKeyword$_callTestCase_closure1.doCall(CallTestCaseKeyword.groovy:63)
	at com.kms.katalon.core.keyword.builtin.CallTestCaseKeyword$_callTestCase_closure1.call(CallTestCaseKeyword.groovy)
	at com.kms.katalon.core.keyword.internal.KeywordMain.runKeyword(KeywordMain.groovy:75)
	at com.kms.katalon.core.keyword.builtin.CallTestCaseKeyword.callTestCase(CallTestCaseKeyword.groovy:81)
	at com.kms.katalon.core.keyword.builtin.CallTestCaseKeyword.execute(CallTestCaseKeyword.groovy:44)
	at com.kms.katalon.core.keyword.internal.KeywordExecutor.executeKeywordForPlatform(KeywordExecutor.groovy:74)
	at com.kms.katalon.core.keyword.BuiltinKeywords.callTestCase(BuiltinKeywords.groovy:310)
	at java.base/jdk.internal.reflect.NativeMethodAccessorImpl.invoke0(Native Method)
	at java.base/jdk.internal.reflect.NativeMethodAccessorImpl.invoke(NativeMethodAccessorImpl.java:77)
	at java.base/jdk.internal.reflect.DelegatingMethodAccessorImpl.invoke(DelegatingMethodAccessorImpl.java:43)
	at L004_Logout.run(L004_Logout:20)
	at com.kms.katalon.core.main.ScriptEngine.run(ScriptEngine.java:194)
	at com.kms.katalon.core.main.ScriptEngine.runScriptAsRawText(ScriptEngine.java:119)
	at com.kms.katalon.core.main.TestCaseExecutor.runScript(TestCaseExecutor.java:448)
	at com.kms.katalon.core.main.TestCaseExecutor.doExecute(TestCaseExecutor.java:439)
	at com.kms.katalon.core.main.TestCaseExecutor.processExecutionPhase(TestCaseExecutor.java:418)
	at com.kms.katalon.core.main.TestCaseExecutor.accessMainPhase(TestCaseExecutor.java:410)
	at com.kms.katalon.core.main.TestCaseExecutor.execute(TestCaseExecutor.java:285)
	at com.kms.katalon.core.common.CommonExecutor.accessTestCaseMainPhase(CommonExecutor.java:65)
	at com.kms.katalon.core.main.TestSuiteExecutor.accessTestSuiteMainPhase(TestSuiteExecutor.java:150)
	at com.kms.katalon.core.main.TestSuiteExecutor.execute(TestSuiteExecutor.java:106)
	at com.kms.katalon.core.main.TestCaseMain.startTestSuite(TestCaseMain.java:180)
	at TempTestSuite1723486371794.run(TempTestSuite1723486371794.groovy:35)
	at java.base/jdk.internal.reflect.NativeMethodAccessorImpl.invoke0(Native Method)
	at java.base/jdk.internal.reflect.NativeMethodAccessorImpl.invoke(NativeMethodAccessorImpl.java:77)
	at java.base/jdk.internal.reflect.DelegatingMethodAccessorImpl.invoke(DelegatingMethodAccessorImpl.java:43)
Caused by: com.kms.katalon.core.exception.StepFailedException: Verify element text of test object 'Object Repository/Account Info/verify_loggedinUser' FAILED.
	at com.kms.katalon.core.webui.keyword.internal.WebUIKeywordMain.stepFailed(WebUIKeywordMain.groovy:64)
	at com.kms.katalon.core.webui.keyword.internal.WebUIKeywordMain.runKeyword(WebUIKeywordMain.groovy:26)
	at com.kms.katalon.core.webui.keyword.builtin.VerifyElementTextKeyword.verifyElementText(VerifyElementTextKeyword.groovy:72)
	at com.kms.katalon.core.webui.keyword.builtin.VerifyElementTextKeyword.execute(VerifyElementTextKeyword.groovy:40)
	at com.kms.katalon.core.keyword.internal.KeywordExecutor.executeKeywordForPlatform(KeywordExecutor.groovy:74)
	at com.kms.katalon.core.webui.keyword.WebUiBuiltInKeywords.verifyElementText(WebUiBuiltInKeywords.groovy:4835)
	at L002_Login User with correct email and password.run(L002_Login User with correct email and password:50)
	at com.kms.katalon.core.main.ScriptEngine.run(ScriptEngine.java:194)
	at com.kms.katalon.core.main.ScriptEngine.runScriptAsRawText(ScriptEngine.java:119)
	at com.kms.katalon.core.main.TestCaseExecutor.runScript(TestCaseExecutor.java:448)
	at com.kms.katalon.core.main.TestCaseExecutor.doExecute(TestCaseExecutor.java:439)
	at com.kms.katalon.core.main.TestCaseExecutor.processExecutionPhase(TestCaseExecutor.java:418)
	at com.kms.katalon.core.main.TestCaseExecutor.accessMainPhase(TestCaseExecutor.java:410)
	at com.kms.katalon.core.main.TestCaseExecutor.execute(TestCaseExecutor.java:285)
	at com.kms.katalon.core.main.TestCaseMain.runTestCase(TestCaseMain.java:137)
	at com.kms.katalon.core.keyword.builtin.CallTestCaseKeyword$_callTestCase_closure1.doCall(CallTestCaseKeyword.groovy:59)
	... 25 more
Caused by: com.kms.katalon.core.exception.StepFailedException: com.kms.katalon.core.webui.exception.WebElementNotFoundException: Web element with id: 'Object Repository/Account Info/verify_loggedinUser' located by '//a[text()=' Logged in as ']/b' not found
	at com.kms.katalon.core.webui.keyword.internal.WebUIKeywordMain.stepFailed(WebUIKeywordMain.groovy:64)
	at com.kms.katalon.core.webui.keyword.builtin.VerifyElementTextKeyword$_verifyElementText_closure1.doCall(VerifyElementTextKeyword.groovy:64)
	at com.kms.katalon.core.webui.keyword.builtin.VerifyElementTextKeyword$_verifyElementText_closure1.call(VerifyElementTextKeyword.groovy)
	at com.kms.katalon.core.webui.keyword.internal.WebUIKeywordMain.runKeyword(WebUIKeywordMain.groovy:20)
	... 39 more]]></system-err>
      </testcase>
      <system-out><![CDATA[12-08-2024T23:42:57 - [TEST_SUITE][FAILED] - Login Scenarios: Test Cases/Login/L004_Logout FAILED.
Reason:
com.kms.katalon.core.exception.StepFailedException: Call Test Case 'Test Cases/Login/L002_Login User with correct email and password' failed
	at com.kms.katalon.core.keyword.builtin.CallTestCaseKeyword$_callTestCase_closure1.doCall(CallTestCaseKeyword.groovy:63)
	at com.kms.katalon.core.keyword.builtin.CallTestCaseKeyword$_callTestCase_closure1.call(CallTestCaseKeyword.groovy)
	at com.kms.katalon.core.keyword.internal.KeywordMain.runKeyword(KeywordMain.groovy:75)
	at com.kms.katalon.core.keyword.builtin.CallTestCaseKeyword.callTestCase(CallTestCaseKeyword.groovy:81)
	at com.kms.katalon.core.keyword.builtin.CallTestCaseKeyword.execute(CallTestCaseKeyword.groovy:44)
	at com.kms.katalon.core.keyword.internal.KeywordExecutor.executeKeywordForPlatform(KeywordExecutor.groovy:74)
	at com.kms.katalon.core.keyword.BuiltinKeywords.callTestCase(BuiltinKeywords.groovy:310)
	at java.base/jdk.internal.reflect.NativeMethodAccessorImpl.invoke0(Native Method)
	at java.base/jdk.internal.reflect.NativeMethodAccessorImpl.invoke(NativeMethodAccessorImpl.java:77)
	at java.base/jdk.internal.reflect.DelegatingMethodAccessorImpl.invoke(DelegatingMethodAccessorImpl.java:43)
	at L004_Logout.run(L004_Logout:20)
	at com.kms.katalon.core.main.ScriptEngine.run(ScriptEngine.java:194)
	at com.kms.katalon.core.main.ScriptEngine.runScriptAsRawText(ScriptEngine.java:119)
	at com.kms.katalon.core.main.TestCaseExecutor.runScript(TestCaseExecutor.java:448)
	at com.kms.katalon.core.main.TestCaseExecutor.doExecute(TestCaseExecutor.java:439)
	at com.kms.katalon.core.main.TestCaseExecutor.processExecutionPhase(TestCaseExecutor.java:418)
	at com.kms.katalon.core.main.TestCaseExecutor.accessMainPhase(TestCaseExecutor.java:410)
	at com.kms.katalon.core.main.TestCaseExecutor.execute(TestCaseExecutor.java:285)
	at com.kms.katalon.core.common.CommonExecutor.accessTestCaseMainPhase(CommonExecutor.java:65)
	at com.kms.katalon.core.main.TestSuiteExecutor.accessTestSuiteMainPhase(TestSuiteExecutor.java:150)
	at com.kms.katalon.core.main.TestSuiteExecutor.execute(TestSuiteExecutor.java:106)
	at com.kms.katalon.core.main.TestCaseMain.startTestSuite(TestCaseMain.java:180)
	at TempTestSuite1723486371794.run(TempTestSuite1723486371794.groovy:35)
	at java.base/jdk.internal.reflect.NativeMethodAccessorImpl.invoke0(Native Method)
	at java.base/jdk.internal.reflect.NativeMethodAccessorImpl.invoke(NativeMethodAccessorImpl.java:77)
	at java.base/jdk.internal.reflect.DelegatingMethodAccessorImpl.invoke(DelegatingMethodAccessorImpl.java:43)
Caused by: com.kms.katalon.core.exception.StepFailedException: Verify element text of test object 'Object Repository/Account Info/verify_loggedinUser' FAILED.
	at com.kms.katalon.core.webui.keyword.internal.WebUIKeywordMain.stepFailed(WebUIKeywordMain.groovy:64)
	at com.kms.katalon.core.webui.keyword.internal.WebUIKeywordMain.runKeyword(WebUIKeywordMain.groovy:26)
	at com.kms.katalon.core.webui.keyword.builtin.VerifyElementTextKeyword.verifyElementText(VerifyElementTextKeyword.groovy:72)
	at com.kms.katalon.core.webui.keyword.builtin.VerifyElementTextKeyword.execute(VerifyElementTextKeyword.groovy:40)
	at com.kms.katalon.core.keyword.internal.KeywordExecutor.executeKeywordForPlatform(KeywordExecutor.groovy:74)
	at com.kms.katalon.core.webui.keyword.WebUiBuiltInKeywords.verifyElementText(WebUiBuiltInKeywords.groovy:4835)
	at L002_Login User with correct email and password.run(L002_Login User with correct email and password:50)
	at com.kms.katalon.core.main.ScriptEngine.run(ScriptEngine.java:194)
	at com.kms.katalon.core.main.ScriptEngine.runScriptAsRawText(ScriptEngine.java:119)
	at com.kms.katalon.core.main.TestCaseExecutor.runScript(TestCaseExecutor.java:448)
	at com.kms.katalon.core.main.TestCaseExecutor.doExecute(TestCaseExecutor.java:439)
	at com.kms.katalon.core.main.TestCaseExecutor.processExecutionPhase(TestCaseExecutor.java:418)
	at com.kms.katalon.core.main.TestCaseExecutor.accessMainPhase(TestCaseExecutor.java:410)
	at com.kms.katalon.core.main.TestCaseExecutor.execute(TestCaseExecutor.java:285)
	at com.kms.katalon.core.main.TestCaseMain.runTestCase(TestCaseMain.java:137)
	at com.kms.katalon.core.keyword.builtin.CallTestCaseKeyword$_callTestCase_closure1.doCall(CallTestCaseKeyword.groovy:59)
	... 25 more
Caused by: com.kms.katalon.core.exception.StepFailedException: com.kms.katalon.core.webui.exception.WebElementNotFoundException: Web element with id: 'Object Repository/Account Info/verify_loggedinUser' located by '//a[text()=' Logged in as ']/b' not found
	at com.kms.katalon.core.webui.keyword.internal.WebUIKeywordMain.stepFailed(WebUIKeywordMain.groovy:64)
	at com.kms.katalon.core.webui.keyword.builtin.VerifyElementTextKeyword$_verifyElementText_closure1.doCall(VerifyElementTextKeyword.groovy:64)
	at com.kms.katalon.core.webui.keyword.builtin.VerifyElementTextKeyword$_verifyElementText_closure1.call(VerifyElementTextKeyword.groovy)
	at com.kms.katalon.core.webui.keyword.internal.WebUIKeywordMain.runKeyword(WebUIKeywordMain.groovy:20)
	... 39 more]]></system-out>
      <system-err><![CDATA[12-08-2024T23:42:57 - [TEST_SUITE][FAILED] - Login Scenarios: Test Cases/Login/L004_Logout FAILED.
Reason:
com.kms.katalon.core.exception.StepFailedException: Call Test Case 'Test Cases/Login/L002_Login User with correct email and password' failed
	at com.kms.katalon.core.keyword.builtin.CallTestCaseKeyword$_callTestCase_closure1.doCall(CallTestCaseKeyword.groovy:63)
	at com.kms.katalon.core.keyword.builtin.CallTestCaseKeyword$_callTestCase_closure1.call(CallTestCaseKeyword.groovy)
	at com.kms.katalon.core.keyword.internal.KeywordMain.runKeyword(KeywordMain.groovy:75)
	at com.kms.katalon.core.keyword.builtin.CallTestCaseKeyword.callTestCase(CallTestCaseKeyword.groovy:81)
	at com.kms.katalon.core.keyword.builtin.CallTestCaseKeyword.execute(CallTestCaseKeyword.groovy:44)
	at com.kms.katalon.core.keyword.internal.KeywordExecutor.executeKeywordForPlatform(KeywordExecutor.groovy:74)
	at com.kms.katalon.core.keyword.BuiltinKeywords.callTestCase(BuiltinKeywords.groovy:310)
	at java.base/jdk.internal.reflect.NativeMethodAccessorImpl.invoke0(Native Method)
	at java.base/jdk.internal.reflect.NativeMethodAccessorImpl.invoke(NativeMethodAccessorImpl.java:77)
	at java.base/jdk.internal.reflect.DelegatingMethodAccessorImpl.invoke(DelegatingMethodAccessorImpl.java:43)
	at L004_Logout.run(L004_Logout:20)
	at com.kms.katalon.core.main.ScriptEngine.run(ScriptEngine.java:194)
	at com.kms.katalon.core.main.ScriptEngine.runScriptAsRawText(ScriptEngine.java:119)
	at com.kms.katalon.core.main.TestCaseExecutor.runScript(TestCaseExecutor.java:448)
	at com.kms.katalon.core.main.TestCaseExecutor.doExecute(TestCaseExecutor.java:439)
	at com.kms.katalon.core.main.TestCaseExecutor.processExecutionPhase(TestCaseExecutor.java:418)
	at com.kms.katalon.core.main.TestCaseExecutor.accessMainPhase(TestCaseExecutor.java:410)
	at com.kms.katalon.core.main.TestCaseExecutor.execute(TestCaseExecutor.java:285)
	at com.kms.katalon.core.common.CommonExecutor.accessTestCaseMainPhase(CommonExecutor.java:65)
	at com.kms.katalon.core.main.TestSuiteExecutor.accessTestSuiteMainPhase(TestSuiteExecutor.java:150)
	at com.kms.katalon.core.main.TestSuiteExecutor.execute(TestSuiteExecutor.java:106)
	at com.kms.katalon.core.main.TestCaseMain.startTestSuite(TestCaseMain.java:180)
	at TempTestSuite1723486371794.run(TempTestSuite1723486371794.groovy:35)
	at java.base/jdk.internal.reflect.NativeMethodAccessorImpl.invoke0(Native Method)
	at java.base/jdk.internal.reflect.NativeMethodAccessorImpl.invoke(NativeMethodAccessorImpl.java:77)
	at java.base/jdk.internal.reflect.DelegatingMethodAccessorImpl.invoke(DelegatingMethodAccessorImpl.java:43)
Caused by: com.kms.katalon.core.exception.StepFailedException: Verify element text of test object 'Object Repository/Account Info/verify_loggedinUser' FAILED.
	at com.kms.katalon.core.webui.keyword.internal.WebUIKeywordMain.stepFailed(WebUIKeywordMain.groovy:64)
	at com.kms.katalon.core.webui.keyword.internal.WebUIKeywordMain.runKeyword(WebUIKeywordMain.groovy:26)
	at com.kms.katalon.core.webui.keyword.builtin.VerifyElementTextKeyword.verifyElementText(VerifyElementTextKeyword.groovy:72)
	at com.kms.katalon.core.webui.keyword.builtin.VerifyElementTextKeyword.execute(VerifyElementTextKeyword.groovy:40)
	at com.kms.katalon.core.keyword.internal.KeywordExecutor.executeKeywordForPlatform(KeywordExecutor.groovy:74)
	at com.kms.katalon.core.webui.keyword.WebUiBuiltInKeywords.verifyElementText(WebUiBuiltInKeywords.groovy:4835)
	at L002_Login User with correct email and password.run(L002_Login User with correct email and password:50)
	at com.kms.katalon.core.main.ScriptEngine.run(ScriptEngine.java:194)
	at com.kms.katalon.core.main.ScriptEngine.runScriptAsRawText(ScriptEngine.java:119)
	at com.kms.katalon.core.main.TestCaseExecutor.runScript(TestCaseExecutor.java:448)
	at com.kms.katalon.core.main.TestCaseExecutor.doExecute(TestCaseExecutor.java:439)
	at com.kms.katalon.core.main.TestCaseExecutor.processExecutionPhase(TestCaseExecutor.java:418)
	at com.kms.katalon.core.main.TestCaseExecutor.accessMainPhase(TestCaseExecutor.java:410)
	at com.kms.katalon.core.main.TestCaseExecutor.execute(TestCaseExecutor.java:285)
	at com.kms.katalon.core.main.TestCaseMain.runTestCase(TestCaseMain.java:137)
	at com.kms.katalon.core.keyword.builtin.CallTestCaseKeyword$_callTestCase_closure1.doCall(CallTestCaseKeyword.groovy:59)
	... 25 more
Caused by: com.kms.katalon.core.exception.StepFailedException: com.kms.katalon.core.webui.exception.WebElementNotFoundException: Web element with id: 'Object Repository/Account Info/verify_loggedinUser' located by '//a[text()=' Logged in as ']/b' not found
	at com.kms.katalon.core.webui.keyword.internal.WebUIKeywordMain.stepFailed(WebUIKeywordMain.groovy:64)
	at com.kms.katalon.core.webui.keyword.builtin.VerifyElementTextKeyword$_verifyElementText_closure1.doCall(VerifyElementTextKeyword.groovy:64)
	at com.kms.katalon.core.webui.keyword.builtin.VerifyElementTextKeyword$_verifyElementText_closure1.call(VerifyElementTextKeyword.groovy)
	at com.kms.katalon.core.webui.keyword.internal.WebUIKeywordMain.runKeyword(WebUIKeywordMain.groovy:20)
	... 39 more]]></system-err>
   </testsuite>
</testsuites>
